0. 9344 com.chenjw.knife.server.Main1
1. 12156 
input [0-1] to choose vm! 
connected!
[DEBUG] reset currentClassLoader parent :sun.misc.Launcher$AppClassLoader@53004901
[DEBUG] [ByteCodeManager] backup class com.sun.corba.se.spi.presentation.rmi.StubAdapter(3997)
[DEBUG] [ByteCodeManager] getNewDefineByteCode class com.sun.corba.se.spi.presentation.rmi.StubAdapter(3997)
[DEBUG] [ByteCodeManager] backup class java.lang.Object(1475)
[DEBUG] [ByteCodeManager] getNewDefineByteCode class java.lang.Object(1475)
[DEBUG] [ByteCodeManager] backup class java.lang.String(15604)
[DEBUG] [ByteCodeManager] getNewDefineByteCode class java.lang.String(15604)
[DEBUG] [ByteCodeManager] backup class sun.awt.image.ImageWatched(1394)
[DEBUG] [ByteCodeManager] getNewDefineByteCode class sun.awt.image.ImageWatched(1394)
[DEBUG] [ByteCodeManager] backup class sun.awt.image.ImageWatched$Link(576)
[DEBUG] [ByteCodeManager] getNewDefineByteCode class sun.awt.image.ImageWatched$Link(576)
[DEBUG] [ByteCodeManager] tryRedefineClass class com.sun.corba.se.spi.presentation.rmi.StubAdapter(4331)
[DEBUG] [ByteCodeManager] commited com.sun.corba.se.spi.presentation.rmi.StubAdapter(4331)(3997)
[DEBUG] [ByteCodeManager] backup class com.chenjw.knife.server.test.impl.ApplyServiceImpl(3121)
[DEBUG] [ByteCodeManager] getNewDefineByteCode class com.chenjw.knife.server.test.impl.ApplyServiceImpl(3121)
[DEBUG] [ByteCodeManager] backup interface com.chenjw.knife.server.test.ApplyService(238)
[DEBUG] [ByteCodeManager] getNewDefineByteCode interface com.chenjw.knife.server.test.ApplyService(238)
[DEBUG] [ByteCodeManager] getNewDefineByteCode class java.lang.Object(1475)
[DEBUG] [ByteCodeManager] backup interface com.chenjw.knife.server.test.CheckService(245)
[DEBUG] [ByteCodeManager] getNewDefineByteCode interface com.chenjw.knife.server.test.CheckService(245)
[DEBUG] [ByteCodeManager] getNewDefineByteCode class com.sun.corba.se.spi.presentation.rmi.StubAdapter(4331)
[DEBUG] [ByteCodeManager] backup class com.chenjw.knife.server.test.ResultModel(650)
[DEBUG] [ByteCodeManager] getNewDefineByteCode class com.chenjw.knife.server.test.ResultModel(650)
[DEBUG] [ByteCodeManager] backup class java.lang.Exception(544)
[DEBUG] [ByteCodeManager] getNewDefineByteCode class java.lang.Exception(544)
[DEBUG] [ByteCodeManager] backup class java.lang.Throwable(4273)
[DEBUG] [ByteCodeManager] getNewDefineByteCode class java.lang.Throwable(4273)
[DEBUG] not support trace when edit method : java.lang.Exception.getLocalizedMessage 1
[DEBUG] [ByteCodeManager] backup class com.chenjw.knife.server.test.ApplyModel(697)
[DEBUG] [ByteCodeManager] getNewDefineByteCode class com.chenjw.knife.server.test.ApplyModel(697)
[DEBUG] [ByteCodeManager] backup class java.lang.Integer(8659)
[DEBUG] [ByteCodeManager] getNewDefineByteCode class java.lang.Integer(8659)
[DEBUG] not support trace when edit method : java.lang.Integer.intValue 1
[DEBUG] [ByteCodeManager] backup interface com.chenjw.knife.server.test.DataService(275)
[DEBUG] [ByteCodeManager] getNewDefineByteCode interface com.chenjw.knife.server.test.DataService(275)
[DEBUG] [ByteCodeManager] getNewDefineByteCode class java.lang.String(15604)
[DEBUG] [ByteCodeManager] backup class java.lang.Number(529)
[DEBUG] [ByteCodeManager] getNewDefineByteCode class java.lang.Number(529)
[DEBUG] [ByteCodeManager] tryRedefineClass class com.chenjw.knife.server.test.impl.ApplyServiceImpl(7610)
[DEBUG] [ByteCodeManager] commited com.chenjw.knife.server.test.impl.ApplyServiceImpl(7610)(3121)
[DEBUG] [ByteCodeManager] getNewDefineByteCode class com.chenjw.knife.server.test.impl.ApplyServiceImpl(7610)
[DEBUG] [ByteCodeManager] getNewDefineByteCode interface com.chenjw.knife.server.test.ApplyService(238)
[DEBUG] [ByteCodeManager] getNewDefineByteCode class java.lang.Object(1475)
[DEBUG] [ByteCodeManager] getNewDefineByteCode class com.sun.corba.se.spi.presentation.rmi.StubAdapter(4331)
[DEBUG] [ByteCodeManager] getNewDefineByteCode class java.lang.Throwable(4273)
[DEBUG] [ByteCodeManager] getNewDefineByteCode class com.chenjw.knife.server.test.ResultModel(650)
[DEBUG] [ByteCodeManager] getNewDefineByteCode class java.lang.String(15604)
[DEBUG] [ByteCodeManager] getNewDefineByteCode class com.chenjw.knife.server.test.ApplyModel(697)
[DEBUG] [ByteCodeManager] getNewDefineByteCode interface com.chenjw.knife.server.test.CheckService(245)
[DEBUG] [ByteCodeManager] getNewDefineByteCode class java.lang.Integer(8659)
[DEBUG] [ByteCodeManager] getNewDefineByteCode class java.lang.Number(529)
[DEBUG] [ByteCodeManager] getNewDefineByteCode interface com.chenjw.knife.server.test.DataService(275)
[DEBUG] [ByteCodeManager] tryRedefineClass class com.chenjw.knife.server.test.impl.ApplyServiceImpl(7918)
[DEBUG] [ByteCodeManager] commited com.chenjw.knife.server.test.impl.ApplyServiceImpl(7918)(3121)
[DEBUG] [ByteCodeManager] backup class com.chenjw.knife.server.test.impl.CheckServiceImpl$$EnhancerByCGLIB$$2d51509(10643)
[DEBUG] [ByteCodeManager] getNewDefineByteCode class com.chenjw.knife.server.test.impl.CheckServiceImpl$$EnhancerByCGLIB$$2d51509(10643)
[DEBUG] [ByteCodeManager] backup interface org.springframework.aop.SpringProxy(127)
[DEBUG] [ByteCodeManager] getNewDefineByteCode interface org.springframework.aop.SpringProxy(127)
[DEBUG] [ByteCodeManager] getNewDefineByteCode class java.lang.Object(1475)
[DEBUG] [ByteCodeManager] backup interface org.springframework.aop.framework.Advised(1362)
[DEBUG] [ByteCodeManager] getNewDefineByteCode interface org.springframework.aop.framework.Advised(1362)
[DEBUG] [ByteCodeManager] backup interface org.springframework.aop.TargetClassAware(184)
[DEBUG] [ByteCodeManager] getNewDefineByteCode interface org.springframework.aop.TargetClassAware(184)
[DEBUG] [ByteCodeManager] backup interface net.sf.cglib.proxy.Factory(579)
[DEBUG] [ByteCodeManager] getNewDefineByteCode interface net.sf.cglib.proxy.Factory(579)
[DEBUG] [ByteCodeManager] backup class com.chenjw.knife.server.test.impl.CheckServiceImpl(898)
[DEBUG] [ByteCodeManager] getNewDefineByteCode class com.chenjw.knife.server.test.impl.CheckServiceImpl(898)
[DEBUG] [ByteCodeManager] getNewDefineByteCode interface com.chenjw.knife.server.test.CheckService(245)
[DEBUG] [ByteCodeManager] getNewDefineByteCode class com.sun.corba.se.spi.presentation.rmi.StubAdapter(4331)
[DEBUG] [ByteCodeManager] backup class java.lang.Class(25263)
[DEBUG] [ByteCodeManager] getNewDefineByteCode class java.lang.Class(25263)
[DEBUG] [ByteCodeManager] backup interface net.sf.cglib.proxy.MethodInterceptor(355)
[DEBUG] [ByteCodeManager] getNewDefineByteCode interface net.sf.cglib.proxy.MethodInterceptor(355)
[DEBUG] [ByteCodeManager] tryRedefineClass class com.chenjw.knife.server.test.impl.CheckServiceImpl$$EnhancerByCGLIB$$2d51509(12178)
[DEBUG] [ByteCodeManager] commited com.chenjw.knife.server.test.impl.CheckServiceImpl$$EnhancerByCGLIB$$2d51509(12178)(10643)
[DEBUG] [ByteCodeManager] backup class org.springframework.aop.framework.Cglib2AopProxy$DynamicAdvisedInterceptor(3192)
[DEBUG] [ByteCodeManager] getNewDefineByteCode class org.springframework.aop.framework.Cglib2AopProxy$DynamicAdvisedInterceptor(3192)
[DEBUG] [ByteCodeManager] getNewDefineByteCode interface net.sf.cglib.proxy.MethodInterceptor(355)
[DEBUG] [ByteCodeManager] backup interface net.sf.cglib.proxy.Callback(116)
[DEBUG] [ByteCodeManager] getNewDefineByteCode interface net.sf.cglib.proxy.Callback(116)
[DEBUG] [ByteCodeManager] getNewDefineByteCode class java.lang.Object(1475)
[DEBUG] [ByteCodeManager] backup interface java.io.Serializable(113)
[DEBUG] [ByteCodeManager] getNewDefineByteCode interface java.io.Serializable(113)
[DEBUG] [ByteCodeManager] backup class org.springframework.aop.framework.AopContext(1032)
[DEBUG] [ByteCodeManager] getNewDefineByteCode class org.springframework.aop.framework.AopContext(1032)
[DEBUG] [ByteCodeManager] getNewDefineByteCode class com.sun.corba.se.spi.presentation.rmi.StubAdapter(4331)
[DEBUG] [ByteCodeManager] getNewDefineByteCode class java.lang.Class(25263)
[DEBUG] not support trace when edit method : java.lang.Object.getClass 273
[DEBUG] [ByteCodeManager] backup class org.springframework.aop.framework.AdvisedSupport(11502)
[DEBUG] [ByteCodeManager] getNewDefineByteCode class org.springframework.aop.framework.AdvisedSupport(11502)
[DEBUG] [ByteCodeManager] backup interface java.util.List(1427)
[DEBUG] [ByteCodeManager] getNewDefineByteCode interface java.util.List(1427)
[DEBUG] not support trace when edit method : java.util.List.isEmpty 1025
[DEBUG] [ByteCodeManager] backup class java.lang.reflect.Method(9620)
[DEBUG] [ByteCodeManager] getNewDefineByteCode class java.lang.reflect.Method(9620)
[DEBUG] not support trace when edit method : java.lang.reflect.Method.getModifiers 1
[DEBUG] [ByteCodeManager] backup class java.lang.reflect.Modifier(2808)
[DEBUG] [ByteCodeManager] getNewDefineByteCode class java.lang.reflect.Modifier(2808)
[DEBUG] not support trace when edit method : java.lang.reflect.Modifier.isPublic 9
[DEBUG] [ByteCodeManager] backup class net.sf.cglib.proxy.MethodProxy(4373)
[DEBUG] [ByteCodeManager] getNewDefineByteCode class net.sf.cglib.proxy.MethodProxy(4373)
[DEBUG] [ByteCodeManager] backup interface org.aopalliance.intercept.MethodInvocation(234)
[DEBUG] [ByteCodeManager] getNewDefineByteCode interface org.aopalliance.intercept.MethodInvocation(234)
[DEBUG] [ByteCodeManager] backup interface org.aopalliance.intercept.Invocation(217)
[DEBUG] [ByteCodeManager] getNewDefineByteCode interface org.aopalliance.intercept.Invocation(217)
[DEBUG] [ByteCodeManager] backup interface org.aopalliance.intercept.Joinpoint(297)
[DEBUG] [ByteCodeManager] getNewDefineByteCode interface org.aopalliance.intercept.Joinpoint(297)
[DEBUG] [ByteCodeManager] backup class org.springframework.aop.framework.Cglib2AopProxy(11479)
[DEBUG] [ByteCodeManager] getNewDefineByteCode class org.springframework.aop.framework.Cglib2AopProxy(11479)
[DEBUG] [ByteCodeManager] tryRedefineClass class org.springframework.aop.framework.Cglib2AopProxy$DynamicAdvisedInterceptor(6400)
[DEBUG] [ByteCodeManager] commited org.springframework.aop.framework.Cglib2AopProxy$DynamicAdvisedInterceptor(6400)(3192)
[DEBUG] [ByteCodeManager] getNewDefineByteCode class org.springframework.aop.framework.Cglib2AopProxy$DynamicAdvisedInterceptor(6400)
[DEBUG] [ByteCodeManager] getNewDefineByteCode interface net.sf.cglib.proxy.MethodInterceptor(355)
[DEBUG] [ByteCodeManager] getNewDefineByteCode interface net.sf.cglib.proxy.Callback(116)
[DEBUG] [ByteCodeManager] getNewDefineByteCode class java.lang.Object(1475)
[DEBUG] [ByteCodeManager] getNewDefineByteCode interface java.io.Serializable(113)
[DEBUG] [ByteCodeManager] getNewDefineByteCode class org.springframework.aop.framework.AdvisedSupport(11502)
[DEBUG] [ByteCodeManager] getNewDefineByteCode class com.sun.corba.se.spi.presentation.rmi.StubAdapter(4331)
[DEBUG] [ByteCodeManager] backup interface org.springframework.aop.TargetSource(398)
[DEBUG] [ByteCodeManager] getNewDefineByteCode interface org.springframework.aop.TargetSource(398)
[DEBUG] [ByteCodeManager] tryRedefineClass class org.springframework.aop.framework.Cglib2AopProxy$DynamicAdvisedInterceptor(6999)
[DEBUG] [ByteCodeManager] commited org.springframework.aop.framework.Cglib2AopProxy$DynamicAdvisedInterceptor(6999)(3192)
[DEBUG] [ByteCodeManager] getNewDefineByteCode class org.springframework.aop.framework.AdvisedSupport(11502)
[DEBUG] [ByteCodeManager] getNewDefineByteCode interface org.springframework.aop.framework.Advised(1362)
[DEBUG] [ByteCodeManager] getNewDefineByteCode interface org.springframework.aop.TargetClassAware(184)
[DEBUG] [ByteCodeManager] getNewDefineByteCode class java.lang.Object(1475)
[DEBUG] [ByteCodeManager] backup class org.springframework.aop.framework.ProxyConfig(2015)
[DEBUG] [ByteCodeManager] getNewDefineByteCode class org.springframework.aop.framework.ProxyConfig(2015)
[DEBUG] [ByteCodeManager] getNewDefineByteCode interface java.io.Serializable(113)
[DEBUG] [ByteCodeManager] getNewDefineByteCode class org.springframework.aop.framework.AdvisedSupport(11502)
[DEBUG] [ByteCodeManager] tryRedefineClass class org.springframework.aop.framework.AdvisedSupport(11502)
[DEBUG] [ByteCodeManager] commited org.springframework.aop.framework.AdvisedSupport(11502)(11502)
[DEBUG] [ByteCodeManager] backup class org.springframework.aop.target.SingletonTargetSource(1607)
[DEBUG] [ByteCodeManager] getNewDefineByteCode class org.springframework.aop.target.SingletonTargetSource(1607)
[DEBUG] [ByteCodeManager] getNewDefineByteCode interface org.springframework.aop.TargetSource(398)
[DEBUG] [ByteCodeManager] getNewDefineByteCode interface org.springframework.aop.TargetClassAware(184)
[DEBUG] [ByteCodeManager] getNewDefineByteCode class java.lang.Object(1475)
[DEBUG] [ByteCodeManager] getNewDefineByteCode interface java.io.Serializable(113)
[DEBUG] [ByteCodeManager] getNewDefineByteCode class org.springframework.aop.target.SingletonTargetSource(1607)
[DEBUG] [ByteCodeManager] tryRedefineClass class org.springframework.aop.target.SingletonTargetSource(1607)
[DEBUG] [ByteCodeManager] commited org.springframework.aop.target.SingletonTargetSource(1607)(1607)
[DEBUG] [ByteCodeManager] getNewDefineByteCode class org.springframework.aop.framework.AdvisedSupport(11502)
[DEBUG] [ByteCodeManager] getNewDefineByteCode interface org.springframework.aop.framework.Advised(1362)
[DEBUG] [ByteCodeManager] getNewDefineByteCode interface org.springframework.aop.TargetClassAware(184)
[DEBUG] [ByteCodeManager] getNewDefineByteCode class java.lang.Object(1475)
[DEBUG] [ByteCodeManager] getNewDefineByteCode class org.springframework.aop.framework.ProxyConfig(2015)
[DEBUG] [ByteCodeManager] getNewDefineByteCode interface java.io.Serializable(113)
[DEBUG] [ByteCodeManager] backup interface java.util.Map(935)
[DEBUG] [ByteCodeManager] getNewDefineByteCode interface java.util.Map(935)
[DEBUG] not support trace when edit method : java.util.Map.get 1025
[DEBUG] [ByteCodeManager] backup interface org.springframework.aop.framework.AdvisorChainFactory(314)
[DEBUG] [ByteCodeManager] getNewDefineByteCode interface org.springframework.aop.framework.AdvisorChainFactory(314)
[DEBUG] [ByteCodeManager] getNewDefineByteCode class com.sun.corba.se.spi.presentation.rmi.StubAdapter(4331)
[DEBUG] not support trace when edit method : java.util.Map.put 1025
[DEBUG] [ByteCodeManager] tryRedefineClass class org.springframework.aop.framework.AdvisedSupport(12051)
[DEBUG] [ByteCodeManager] commited org.springframework.aop.framework.AdvisedSupport(12051)(11502)
[DEBUG] [ByteCodeManager] backup class org.springframework.aop.framework.ReflectiveMethodInvocation(4652)
[DEBUG] [ByteCodeManager] getNewDefineByteCode class org.springframework.aop.framework.ReflectiveMethodInvocation(4652)
[DEBUG] [ByteCodeManager] backup interface org.springframework.aop.ProxyMethodInvocation(574)
[DEBUG] [ByteCodeManager] getNewDefineByteCode interface org.springframework.aop.ProxyMethodInvocation(574)
[DEBUG] [ByteCodeManager] getNewDefineByteCode interface org.aopalliance.intercept.MethodInvocation(234)
[DEBUG] [ByteCodeManager] getNewDefineByteCode interface org.aopalliance.intercept.Invocation(217)
[DEBUG] [ByteCodeManager] getNewDefineByteCode interface org.aopalliance.intercept.Joinpoint(297)
[DEBUG] [ByteCodeManager] getNewDefineByteCode class java.lang.Object(1475)
[DEBUG] [ByteCodeManager] backup interface java.lang.Cloneable(109)
[DEBUG] [ByteCodeManager] getNewDefineByteCode interface java.lang.Cloneable(109)
[DEBUG] [ByteCodeManager] getNewDefineByteCode interface java.util.List(1427)
[DEBUG] not support trace when edit method : java.util.List.size 1025
[DEBUG] [ByteCodeManager] getNewDefineByteCode class com.sun.corba.se.spi.presentation.rmi.StubAdapter(4331)
[DEBUG] not support trace when edit method : java.util.List.get 1025
[DEBUG] [ByteCodeManager] backup interface org.springframework.aop.MethodMatcher(568)
[DEBUG] [ByteCodeManager] getNewDefineByteCode interface org.springframework.aop.MethodMatcher(568)
[DEBUG] [ByteCodeManager] backup interface org.aopalliance.intercept.MethodInterceptor(318)
[DEBUG] [ByteCodeManager] getNewDefineByteCode interface org.aopalliance.intercept.MethodInterceptor(318)
[DEBUG] [ByteCodeManager] tryRedefineClass class org.springframework.aop.framework.ReflectiveMethodInvocation(6509)
[DEBUG] [ByteCodeManager] commited org.springframework.aop.framework.ReflectiveMethodInvocation(6509)(4652)
[DEBUG] [ByteCodeManager] backup class org.springframework.aop.interceptor.ExposeInvocationInterceptor(2323)
[DEBUG] [ByteCodeManager] getNewDefineByteCode class org.springframework.aop.interceptor.ExposeInvocationInterceptor(2323)
[DEBUG] [ByteCodeManager] getNewDefineByteCode interface org.aopalliance.intercept.MethodInterceptor(318)
[DEBUG] [ByteCodeManager] backup interface org.aopalliance.intercept.Interceptor(163)
[DEBUG] [ByteCodeManager] getNewDefineByteCode interface org.aopalliance.intercept.Interceptor(163)
[DEBUG] [ByteCodeManager] backup interface org.aopalliance.aop.Advice(113)
[DEBUG] [ByteCodeManager] getNewDefineByteCode interface org.aopalliance.aop.Advice(113)
[DEBUG] [ByteCodeManager] getNewDefineByteCode class java.lang.Object(1475)
[DEBUG] [ByteCodeManager] getNewDefineByteCode interface java.io.Serializable(113)
[DEBUG] [ByteCodeManager] backup class java.lang.ThreadLocal(2741)
[DEBUG] [ByteCodeManager] getNewDefineByteCode class java.lang.ThreadLocal(2741)
[DEBUG] not support trace when edit method : java.lang.ThreadLocal.get 1
[DEBUG] not support trace when edit method : java.lang.ThreadLocal.set 1
[DEBUG] [ByteCodeManager] getNewDefineByteCode interface org.aopalliance.intercept.MethodInvocation(234)
[DEBUG] [ByteCodeManager] getNewDefineByteCode interface org.aopalliance.intercept.Invocation(217)
[DEBUG] [ByteCodeManager] getNewDefineByteCode interface org.aopalliance.intercept.Joinpoint(297)
[DEBUG] [ByteCodeManager] getNewDefineByteCode class com.sun.corba.se.spi.presentation.rmi.StubAdapter(4331)
[DEBUG] not support trace when edit method : java.lang.ThreadLocal.set 1
[DEBUG] [ByteCodeManager] tryRedefineClass class org.springframework.aop.interceptor.ExposeInvocationInterceptor(2829)
[DEBUG] [ByteCodeManager] commited org.springframework.aop.interceptor.ExposeInvocationInterceptor(2829)(2323)
[DEBUG] [ByteCodeManager] backup class org.springframework.aop.framework.adapter.MethodBeforeAdviceInterceptor(1333)
[DEBUG] [ByteCodeManager] getNewDefineByteCode class org.springframework.aop.framework.adapter.MethodBeforeAdviceInterceptor(1333)
[DEBUG] [ByteCodeManager] getNewDefineByteCode interface org.aopalliance.intercept.MethodInterceptor(318)
[DEBUG] [ByteCodeManager] getNewDefineByteCode interface org.aopalliance.intercept.Interceptor(163)
[DEBUG] [ByteCodeManager] getNewDefineByteCode interface org.aopalliance.aop.Advice(113)
[DEBUG] [ByteCodeManager] getNewDefineByteCode class java.lang.Object(1475)
[DEBUG] [ByteCodeManager] getNewDefineByteCode interface java.io.Serializable(113)
[DEBUG] [ByteCodeManager] getNewDefineByteCode interface org.aopalliance.intercept.MethodInvocation(234)
[DEBUG] [ByteCodeManager] getNewDefineByteCode class com.sun.corba.se.spi.presentation.rmi.StubAdapter(4331)
[DEBUG] [ByteCodeManager] getNewDefineByteCode interface org.aopalliance.intercept.Invocation(217)
[DEBUG] [ByteCodeManager] getNewDefineByteCode interface org.aopalliance.intercept.Joinpoint(297)
[DEBUG] [ByteCodeManager] backup interface org.springframework.aop.MethodBeforeAdvice(319)
[DEBUG] [ByteCodeManager] getNewDefineByteCode interface org.springframework.aop.MethodBeforeAdvice(319)
[DEBUG] [ByteCodeManager] tryRedefineClass class org.springframework.aop.framework.adapter.MethodBeforeAdviceInterceptor(3127)
[DEBUG] [ByteCodeManager] commited org.springframework.aop.framework.adapter.MethodBeforeAdviceInterceptor(3127)(1333)
[DEBUG] [ByteCodeManager] getNewDefineByteCode class org.springframework.aop.framework.ReflectiveMethodInvocation(6509)
[DEBUG] [ByteCodeManager] getNewDefineByteCode interface org.springframework.aop.ProxyMethodInvocation(574)
[DEBUG] [ByteCodeManager] getNewDefineByteCode interface org.aopalliance.intercept.MethodInvocation(234)
[DEBUG] [ByteCodeManager] getNewDefineByteCode interface org.aopalliance.intercept.Invocation(217)
[DEBUG] [ByteCodeManager] getNewDefineByteCode interface org.aopalliance.intercept.Joinpoint(297)
[DEBUG] [ByteCodeManager] getNewDefineByteCode class java.lang.Object(1475)
[DEBUG] [ByteCodeManager] getNewDefineByteCode interface java.lang.Cloneable(109)
[DEBUG] [ByteCodeManager] getNewDefineByteCode class org.springframework.aop.framework.ReflectiveMethodInvocation(6509)
[DEBUG] [ByteCodeManager] tryRedefineClass class org.springframework.aop.framework.ReflectiveMethodInvocation(6509)
[DEBUG] [ByteCodeManager] commited org.springframework.aop.framework.ReflectiveMethodInvocation(6509)(4652)
[DEBUG] [ByteCodeManager] getNewDefineByteCode class org.springframework.aop.framework.ReflectiveMethodInvocation(6509)
[DEBUG] [ByteCodeManager] getNewDefineByteCode interface org.springframework.aop.ProxyMethodInvocation(574)
[DEBUG] [ByteCodeManager] getNewDefineByteCode interface org.aopalliance.intercept.MethodInvocation(234)
[DEBUG] [ByteCodeManager] getNewDefineByteCode interface org.aopalliance.intercept.Invocation(217)
[DEBUG] [ByteCodeManager] getNewDefineByteCode interface org.aopalliance.intercept.Joinpoint(297)
[DEBUG] [ByteCodeManager] getNewDefineByteCode class java.lang.Object(1475)
[DEBUG] [ByteCodeManager] getNewDefineByteCode interface java.lang.Cloneable(109)
[DEBUG] [ByteCodeManager] getNewDefineByteCode class org.springframework.aop.framework.ReflectiveMethodInvocation(6509)
[DEBUG] [ByteCodeManager] tryRedefineClass class org.springframework.aop.framework.ReflectiveMethodInvocation(6509)
[DEBUG] [ByteCodeManager] commited org.springframework.aop.framework.ReflectiveMethodInvocation(6509)(4652)
[DEBUG] [ByteCodeManager] getNewDefineByteCode class org.springframework.aop.framework.ReflectiveMethodInvocation(6509)
[DEBUG] [ByteCodeManager] getNewDefineByteCode interface org.springframework.aop.ProxyMethodInvocation(574)
[DEBUG] [ByteCodeManager] getNewDefineByteCode interface org.aopalliance.intercept.MethodInvocation(234)
[DEBUG] [ByteCodeManager] getNewDefineByteCode interface org.aopalliance.intercept.Invocation(217)
[DEBUG] [ByteCodeManager] getNewDefineByteCode interface org.aopalliance.intercept.Joinpoint(297)
[DEBUG] [ByteCodeManager] getNewDefineByteCode class java.lang.Object(1475)
[DEBUG] [ByteCodeManager] getNewDefineByteCode interface java.lang.Cloneable(109)
[DEBUG] [ByteCodeManager] getNewDefineByteCode class org.springframework.aop.framework.ReflectiveMethodInvocation(6509)
[DEBUG] [ByteCodeManager] tryRedefineClass class org.springframework.aop.framework.ReflectiveMethodInvocation(6509)
[DEBUG] [ByteCodeManager] commited org.springframework.aop.framework.ReflectiveMethodInvocation(6509)(4652)
[DEBUG] [ByteCodeManager] backup class org.springframework.aop.aspectj.AspectJMethodBeforeAdvice(1351)
[DEBUG] [ByteCodeManager] getNewDefineByteCode class org.springframework.aop.aspectj.AspectJMethodBeforeAdvice(1351)
[DEBUG] [ByteCodeManager] getNewDefineByteCode interface org.springframework.aop.MethodBeforeAdvice(319)
[DEBUG] [ByteCodeManager] backup interface org.springframework.aop.BeforeAdvice(163)
[DEBUG] [ByteCodeManager] getNewDefineByteCode interface org.springframework.aop.BeforeAdvice(163)
[DEBUG] [ByteCodeManager] getNewDefineByteCode interface org.aopalliance.aop.Advice(113)
[DEBUG] [ByteCodeManager] getNewDefineByteCode class java.lang.Object(1475)
[DEBUG] [ByteCodeManager] backup class org.springframework.aop.aspectj.AbstractAspectJAdvice(15761)
[DEBUG] [ByteCodeManager] getNewDefineByteCode class org.springframework.aop.aspectj.AbstractAspectJAdvice(15761)
[DEBUG] [ByteCodeManager] backup interface org.springframework.aop.aspectj.AspectJPrecedenceInformation(347)
[DEBUG] [ByteCodeManager] getNewDefineByteCode interface org.springframework.aop.aspectj.AspectJPrecedenceInformation(347)
[DEBUG] [ByteCodeManager] backup interface org.springframework.core.Ordered(248)
[DEBUG] [ByteCodeManager] getNewDefineByteCode interface org.springframework.core.Ordered(248)
[DEBUG] [ByteCodeManager] getNewDefineByteCode class com.sun.corba.se.spi.presentation.rmi.StubAdapter(4331)
[DEBUG] [ByteCodeManager] tryRedefineClass class org.springframework.aop.aspectj.AspectJMethodBeforeAdvice(2186)
[DEBUG] [ByteCodeManager] commited org.springframework.aop.aspectj.AspectJMethodBeforeAdvice(2186)(1351)
[DEBUG] [ByteCodeManager] backup class org.springframework.aop.framework.Cglib2AopProxy$CglibMethodInvocation(1559)
[DEBUG] [ByteCodeManager] getNewDefineByteCode class org.springframework.aop.framework.Cglib2AopProxy$CglibMethodInvocation(1559)
[DEBUG] [ByteCodeManager] getNewDefineByteCode class org.springframework.aop.framework.ReflectiveMethodInvocation(6509)
[DEBUG] [ByteCodeManager] getNewDefineByteCode interface org.springframework.aop.ProxyMethodInvocation(574)
[DEBUG] [ByteCodeManager] getNewDefineByteCode interface org.aopalliance.intercept.MethodInvocation(234)
[DEBUG] [ByteCodeManager] getNewDefineByteCode interface org.aopalliance.intercept.Invocation(217)
[DEBUG] [ByteCodeManager] getNewDefineByteCode interface org.aopalliance.intercept.Joinpoint(297)
[DEBUG] [ByteCodeManager] getNewDefineByteCode class java.lang.Object(1475)
[DEBUG] [ByteCodeManager] getNewDefineByteCode interface java.lang.Cloneable(109)
[DEBUG] [ByteCodeManager] getNewDefineByteCode class com.sun.corba.se.spi.presentation.rmi.StubAdapter(4331)
[DEBUG] [ByteCodeManager] getNewDefineByteCode class net.sf.cglib.proxy.MethodProxy(4373)
[DEBUG] [ByteCodeManager] tryRedefineClass class org.springframework.aop.framework.Cglib2AopProxy$CglibMethodInvocation(2389)
[DEBUG] [ByteCodeManager] commited org.springframework.aop.framework.Cglib2AopProxy$CglibMethodInvocation(2389)(1559)
[DEBUG] [ByteCodeManager] getNewDefineByteCode class org.springframework.aop.framework.ReflectiveMethodInvocation(6509)
[DEBUG] [ByteCodeManager] getNewDefineByteCode interface org.springframework.aop.ProxyMethodInvocation(574)
[DEBUG] [ByteCodeManager] getNewDefineByteCode interface org.aopalliance.intercept.MethodInvocation(234)
[DEBUG] [ByteCodeManager] getNewDefineByteCode interface org.aopalliance.intercept.Invocation(217)
[DEBUG] [ByteCodeManager] getNewDefineByteCode interface org.aopalliance.intercept.Joinpoint(297)
[DEBUG] [ByteCodeManager] getNewDefineByteCode class java.lang.Object(1475)
[DEBUG] [ByteCodeManager] getNewDefineByteCode interface java.lang.Cloneable(109)
[DEBUG] [ByteCodeManager] backup class org.springframework.aop.support.AopUtils(6296)
[DEBUG] [ByteCodeManager] getNewDefineByteCode class org.springframework.aop.support.AopUtils(6296)
[DEBUG] [ByteCodeManager] getNewDefineByteCode class com.sun.corba.se.spi.presentation.rmi.StubAdapter(4331)
[DEBUG] [ByteCodeManager] getNewDefineByteCode class java.lang.Class(25263)
[DEBUG] [ByteCodeManager] tryRedefineClass class org.springframework.aop.framework.ReflectiveMethodInvocation(6979)
[DEBUG] [ByteCodeManager] commited org.springframework.aop.framework.ReflectiveMethodInvocation(6979)(4652)
[DEBUG] [ByteCodeManager] getNewDefineByteCode class net.sf.cglib.proxy.MethodProxy(4373)
[DEBUG] [ByteCodeManager] getNewDefineByteCode class java.lang.Object(1475)
[DEBUG] [ByteCodeManager] backup class net.sf.cglib.reflect.FastClass(4629)
[DEBUG] [ByteCodeManager] getNewDefineByteCode class net.sf.cglib.reflect.FastClass(4629)
[DEBUG] [ByteCodeManager] getNewDefineByteCode class com.sun.corba.se.spi.presentation.rmi.StubAdapter(4331)
[DEBUG] [ByteCodeManager] backup class java.lang.reflect.InvocationTargetException(782)
[DEBUG] [ByteCodeManager] getNewDefineByteCode class java.lang.reflect.InvocationTargetException(782)
[DEBUG] not support trace when edit method : java.lang.reflect.InvocationTargetException.getTargetException 1
[DEBUG] [ByteCodeManager] tryRedefineClass class net.sf.cglib.proxy.MethodProxy(4965)
[DEBUG] [ByteCodeManager] commited net.sf.cglib.proxy.MethodProxy(4965)(4373)
[DEBUG] [ByteCodeManager] getNewDefineByteCode class net.sf.cglib.reflect.FastClass(4629)
[DEBUG] [ByteCodeManager] getNewDefineByteCode class java.lang.Object(1475)
[DEBUG] [ByteCodeManager] getNewDefineByteCode class com.sun.corba.se.spi.presentation.rmi.StubAdapter(4331)
[DEBUG] [ByteCodeManager] tryRedefineClass class net.sf.cglib.reflect.FastClass(5556)
[DEBUG] [ByteCodeManager] commited net.sf.cglib.reflect.FastClass(5556)(4629)
[DEBUG] [ByteCodeManager] backup class com.chenjw.knife.server.test.impl.CheckServiceImpl$$FastClassByCGLIB$$b8dbad5b(3238)
[DEBUG] [ByteCodeManager] getNewDefineByteCode class com.chenjw.knife.server.test.impl.CheckServiceImpl$$FastClassByCGLIB$$b8dbad5b(3238)
[DEBUG] [ByteCodeManager] getNewDefineByteCode class net.sf.cglib.reflect.FastClass(5556)
[DEBUG] [ByteCodeManager] getNewDefineByteCode class java.lang.Object(1475)
[DEBUG] [ByteCodeManager] getNewDefineByteCode class com.chenjw.knife.server.test.impl.CheckServiceImpl(898)
[DEBUG] [ByteCodeManager] getNewDefineByteCode class com.sun.corba.se.spi.presentation.rmi.StubAdapter(4331)
[DEBUG] [ByteCodeManager] getNewDefineByteCode class java.lang.Number(529)
[DEBUG] not support trace when edit method : java.lang.Number.longValue 1025
[DEBUG] not support trace when edit method : java.lang.Object.wait 273
[DEBUG] not support trace when edit method : java.lang.Object.wait 17
[DEBUG] not support trace when edit method : java.lang.Number.longValue 1025
[DEBUG] not support trace when edit method : java.lang.Number.intValue 1025
[DEBUG] not support trace when edit method : java.lang.Object.wait 17
[DEBUG] not support trace when edit method : java.lang.Object.equals 1
[DEBUG] not support trace when edit method : java.lang.Object.toString 1
[DEBUG] not support trace when edit method : java.lang.Object.hashCode 257
[DEBUG] not support trace when edit method : java.lang.Object.getClass 273
[DEBUG] not support trace when edit method : java.lang.Object.notify 273
[DEBUG] not support trace when edit method : java.lang.Object.notifyAll 273
[DEBUG] [ByteCodeManager] tryRedefineClass class com.chenjw.knife.server.test.impl.CheckServiceImpl$$FastClassByCGLIB$$b8dbad5b(3792)
[DEBUG] [ByteCodeManager] commited com.chenjw.knife.server.test.impl.CheckServiceImpl$$FastClassByCGLIB$$b8dbad5b(3792)(3238)
[DEBUG] [ByteCodeManager] getNewDefineByteCode class net.sf.cglib.reflect.FastClass(5556)
[DEBUG] [ByteCodeManager] getNewDefineByteCode class java.lang.Object(1475)
[DEBUG] [ByteCodeManager] getNewDefineByteCode class net.sf.cglib.reflect.FastClass(5556)
[DEBUG] [ByteCodeManager] tryRedefineClass class net.sf.cglib.reflect.FastClass(5556)
[DEBUG] [ByteCodeManager] commited net.sf.cglib.reflect.FastClass(5556)(4629)
[DEBUG] [ByteCodeManager] getNewDefineByteCode class com.chenjw.knife.server.test.impl.CheckServiceImpl(898)
[DEBUG] [ByteCodeManager] getNewDefineByteCode interface com.chenjw.knife.server.test.CheckService(245)
[DEBUG] [ByteCodeManager] getNewDefineByteCode class java.lang.Object(1475)
[DEBUG] [ByteCodeManager] getNewDefineByteCode class com.chenjw.knife.server.test.ApplyModel(697)
[DEBUG] [ByteCodeManager] getNewDefineByteCode class com.sun.corba.se.spi.presentation.rmi.StubAdapter(4331)
[DEBUG] [ByteCodeManager] getNewDefineByteCode class java.lang.Throwable(4273)
[DEBUG] [ByteCodeManager] tryRedefineClass class com.chenjw.knife.server.test.impl.CheckServiceImpl(1767)
[DEBUG] [ByteCodeManager] commited com.chenjw.knife.server.test.impl.CheckServiceImpl(1767)(898)
[DEBUG] [ByteCodeManager] getNewDefineByteCode class com.chenjw.knife.server.test.ApplyModel(697)
[DEBUG] [ByteCodeManager] getNewDefineByteCode class java.lang.Object(1475)
[DEBUG] [ByteCodeManager] getNewDefineByteCode class com.chenjw.knife.server.test.ApplyModel(697)
[DEBUG] [ByteCodeManager] tryRedefineClass class com.chenjw.knife.server.test.ApplyModel(697)
[DEBUG] [ByteCodeManager] commited com.chenjw.knife.server.test.ApplyModel(697)(697)
[DEBUG] [ByteCodeManager] getNewDefineByteCode class com.chenjw.knife.server.test.ApplyModel(697)
[DEBUG] [ByteCodeManager] getNewDefineByteCode class java.lang.Object(1475)
[DEBUG] [ByteCodeManager] getNewDefineByteCode class com.chenjw.knife.server.test.ApplyModel(697)
[DEBUG] [ByteCodeManager] tryRedefineClass class com.chenjw.knife.server.test.ApplyModel(697)
[DEBUG] [ByteCodeManager] commited com.chenjw.knife.server.test.ApplyModel(697)(697)
[DEBUG] [ByteCodeManager] getNewDefineByteCode class org.springframework.aop.framework.Cglib2AopProxy$DynamicAdvisedInterceptor(6999)
[DEBUG] [ByteCodeManager] getNewDefineByteCode interface net.sf.cglib.proxy.MethodInterceptor(355)
[DEBUG] [ByteCodeManager] getNewDefineByteCode interface net.sf.cglib.proxy.Callback(116)
[DEBUG] [ByteCodeManager] getNewDefineByteCode class java.lang.Object(1475)
[DEBUG] [ByteCodeManager] getNewDefineByteCode interface java.io.Serializable(113)
[DEBUG] [ByteCodeManager] getNewDefineByteCode class org.springframework.aop.framework.AdvisedSupport(12051)
[DEBUG] [ByteCodeManager] getNewDefineByteCode class com.sun.corba.se.spi.presentation.rmi.StubAdapter(4331)
[DEBUG] [ByteCodeManager] getNewDefineByteCode interface org.springframework.aop.TargetSource(398)
[DEBUG] [ByteCodeManager] tryRedefineClass class org.springframework.aop.framework.Cglib2AopProxy$DynamicAdvisedInterceptor(7583)
[DEBUG] [ByteCodeManager] commited org.springframework.aop.framework.Cglib2AopProxy$DynamicAdvisedInterceptor(7583)(3192)
[DEBUG] [ByteCodeManager] getNewDefineByteCode class org.springframework.aop.target.SingletonTargetSource(1607)
[DEBUG] [ByteCodeManager] getNewDefineByteCode interface org.springframework.aop.TargetSource(398)
[DEBUG] [ByteCodeManager] getNewDefineByteCode interface org.springframework.aop.TargetClassAware(184)
[DEBUG] [ByteCodeManager] getNewDefineByteCode class java.lang.Object(1475)
[DEBUG] [ByteCodeManager] getNewDefineByteCode interface java.io.Serializable(113)
[DEBUG] [ByteCodeManager] getNewDefineByteCode class org.springframework.aop.target.SingletonTargetSource(1607)
[DEBUG] [ByteCodeManager] tryRedefineClass class org.springframework.aop.target.SingletonTargetSource(1607)
[DEBUG] [ByteCodeManager] commited org.springframework.aop.target.SingletonTargetSource(1607)(1607)
[DEBUG] [ByteCodeManager] getNewDefineByteCode class com.chenjw.knife.server.test.ResultModel(650)
[DEBUG] [ByteCodeManager] getNewDefineByteCode class java.lang.Object(1475)
[DEBUG] [ByteCodeManager] getNewDefineByteCode class com.chenjw.knife.server.test.ResultModel(650)
[DEBUG] [ByteCodeManager] tryRedefineClass class com.chenjw.knife.server.test.ResultModel(650)
[DEBUG] [ByteCodeManager] commited com.chenjw.knife.server.test.ResultModel(650)(650)
[DEBUG] [ByteCodeManager] getNewDefineByteCode class com.chenjw.knife.server.test.ResultModel(650)
[DEBUG] [ByteCodeManager] getNewDefineByteCode class java.lang.Object(1475)
[DEBUG] [ByteCodeManager] getNewDefineByteCode class com.chenjw.knife.server.test.ResultModel(650)
[DEBUG] [ByteCodeManager] tryRedefineClass class com.chenjw.knife.server.test.ResultModel(650)
[DEBUG] [ByteCodeManager] commited com.chenjw.knife.server.test.ResultModel(650)(650)
