#
# A fatal error has been detected by the Java Runtime Environment:
#
#  SIGSEGV (0xb) at pc=0x00007f80c16211f8, pid=23592, tid=140190244988672
#
# JRE version: 6.0_29-b11
# Java VM: Java HotSpot(TM) 64-Bit Server VM (20.4-b02 mixed mode linux-amd64 compressed oops)
# Problematic frame:
# V  [libjvm.so+0x50a1f8]  unsigned+0xf8
#
# If you would like to submit a bug report, please visit:
#   http://java.sun.com/webapps/bugreport/crash.jsp
#

---------------  T H R E A D  ---------------

Current thread (0x00007f8078008800):  JavaThread "agent-server" daemon [_thread_in_vm, id=23637, stack(0x00007f8095b0e000,0x00007f8095c0f000)]

siginfo:si_signo=SIGSEGV: si_errno=0, si_code=1 (SEGV_MAPERR), si_addr=0x00000001024e389c

Registers:
RAX=0x0000000000000000, RBX=0x000000001f00227c, RCX=0x00007f80c1baab73, RDX=0x00000000e34e1620
RSP=0x00007f8095c0d3b0, RBP=0x00007f8095c0d3f0, RSI=0x00000000e34e1620, RDI=0x00000000a189a098
R8 =0x0000000000000ffc, R9 =0x00007f80c1bb0ff0, R10=0x00007f80c1bb4e58, R11=0x00007f80c1b9c530
R12=0x00001fe01f00227c, R13=0x00007f80c1bb1000, R14=0x00007f8095c0d568, R15=0x00007f80780089d0
RIP=0x00007f80c16211f8, EFLAGS=0x0000000000010246, CSGSFS=0x0000000000000033, ERR=0x0000000000000004
  TRAPNO=0x000000000000000e

Top of Stack: (sp=0x00007f8095c0d3b0)
0x00007f8095c0d3b0:   00007f8078008800 0000000000000000
0x00007f8095c0d3c0:   00007f8078008800 0000000000000000
0x00007f8095c0d3d0:   00007f80780089d0 00007f807c0089f0
0x00007f8095c0d3e0:   00007f807c000a70 00007f807c033280
0x00007f8095c0d3f0:   00007f8095c0d568 00007f809590bf32
0x00007f8095c0d400:   00007f807c0089f0 00007f807c000a70
0x00007f8095c0d410:   00007f807c033280 00007f80780089d0
0x00007f8095c0d420:   00007f8095c0d568 00007f809590c4b6
0x00007f8095c0d430:   00007f8095b0d338 00007f807c008a30
0x00007f8095c0d440:   0000000000000000 0000000000000000
0x00007f8095c0d450:   00007f8095b0d338 00007f809590c99c
0x00007f8095c0d460:   00007f8095c0d560 00007f8095c0d568
0x00007f8095c0d470:   00007f80780089d0 00007f8095c0d558
0x00007f8095c0d480:   00007f8095c0d470 00007f807c008a10
0x00007f8095c0d490:   00007f807c01ad70 0000000ca19b6ca0
0x00007f8095c0d4a0:   0000000000000000 00000000a2268aa0
0x00007f8095c0d4b0:   00007f8095c0d538 0000000000000000
0x00007f8095c0d4c0:   00000000a2268aa0 00007f8095c0d568
0x00007f8095c0d4d0:   00007f8078008800 00007f80b9010d6e
0x00007f8095c0d4e0:   00000000e236e5b0 0000000000000001
0x00007f8095c0d4f0:   0000000000000000 00007f8095c0d4f8
0x00007f8095c0d500:   0000000000000000 00007f8095c0d568
0x00007f8095c0d510:   00000000a2269008 0000000000000000
0x00007f8095c0d520:   00000000a2268aa0 0000000000000000
0x00007f8095c0d530:   00007f8095c0d558 00007f8095c0d5b0
0x00007f8095c0d540:   00007f80b9005929 00000000a2268f88
0x00007f8095c0d550:   00007f80b900df5b 00000000a1821688
0x00007f8095c0d560:   00000000a2271be8 00000000e34e1620
0x00007f8095c0d570:   00007f8095c0d570 00000000a226879b
0x00007f8095c0d580:   00007f8095c0d5f0 00000000a2269008
0x00007f8095c0d590:   0000000000000000 00000000a22687f8
0x00007f8095c0d5a0:   00007f8095c0d558 00007f8095c0d5f0 

Instructions: (pc=0x00007f80c16211f8)
0x00007f80c16211d8:   8b 0d 1a 15 6c 00 4d 89 ec 49 c1 ec 02 80 39 00
0x00007f80c16211e8:   0f 85 a9 00 00 00 49 63 dc 4c 8b 2d f0 f3 6b 00
0x00007f80c16211f8:   dd 04 33 48 8b 5d d0 dd 5d c8 c7 83 48 02 00 00
0x00007f80c1621208:   07 00 00 00 41 8b 55 00 83 fa 01 7e 1b 4c 8b 35 

Register to memory mapping:

RAX=0x0000000000000000 is an unknown value
RBX=0x000000001f00227c is an unknown value
RCX=0x00007f80c1baab73: <offset 0xa93b73> in /home/chenjw/software/jdk1.6.0_29/jre/lib/amd64/server/libjvm.so at 0x00007f80c1117000
RDX=0x00000000e34e1620 is an oop
java.lang.Double 
 - klass: 'java/lang/Double'
RSP=0x00007f8095c0d3b0 is pointing into the stack for thread: 0x00007f8078008800
RBP=0x00007f8095c0d3f0 is pointing into the stack for thread: 0x00007f8078008800
RSI=0x00000000e34e1620 is an oop
java.lang.Double 
 - klass: 'java/lang/Double'
RDI=0x00000000a189a098 is an oop
{instance class} 
 - klass: {other class}
R8 =0x0000000000000ffc is an unknown value
R9 =0x00007f80c1bb0ff0: <offset 0xa99ff0> in /home/chenjw/software/jdk1.6.0_29/jre/lib/amd64/server/libjvm.so at 0x00007f80c1117000
R10=0x00007f80c1bb4e58: <offset 0xa9de58> in /home/chenjw/software/jdk1.6.0_29/jre/lib/amd64/server/libjvm.so at 0x00007f80c1117000
R11=0x00007f80c1b9c530: <offset 0xa85530> in /home/chenjw/software/jdk1.6.0_29/jre/lib/amd64/server/libjvm.so at 0x00007f80c1117000
R12=0x00001fe01f00227c is an unknown value
R13=0x00007f80c1bb1000: <offset 0xa9a000> in /home/chenjw/software/jdk1.6.0_29/jre/lib/amd64/server/libjvm.so at 0x00007f80c1117000
R14=0x00007f8095c0d568 is pointing into the stack for thread: 0x00007f8078008800
R15=0x00007f80780089d0 is an unknown value


Stack: [0x00007f8095b0e000,0x00007f8095c0f000],  sp=0x00007f8095c0d3b0,  free space=1020k
Native frames: (J=compiled Java code, j=interpreted, Vv=VM code, C=native code)
V  [libjvm.so+0x50a1f8]  unsigned+0xf8
C  [libnativehelper.so.0.0.0+0xf32]  getDoubleField(JNIEnv_*, _jobject*, _jfieldID*)+0x12

Java frames: (J=compiled Java code, j=interpreted, Vv=VM code)
j  com.chenjw.knife.agent.NativeHelper.getFieldValue0(Ljava/lang/Object;Ljava/lang/String;Ljava/lang/Class;)Ljava/lang/Object;+0
j  com.chenjw.knife.agent.NativeHelper.getFieldValues(Ljava/lang/Object;)Ljava/util/Map;+51
j  com.chenjw.knife.agent.handler.LsCommandHandler.handle([Ljava/lang/String;)V+17
j  com.chenjw.knife.agent.AgentPacketListener.dispatch(Lcom/chenjw/knife/client/Command;)V+26
j  com.chenjw.knife.agent.AgentPacketListener.handle(Lcom/chenjw/knife/client/Packet;)V+15
j  com.chenjw.knife.agent.AgentServer.run()V+47
j  java.lang.Thread.run()V+11
v  ~StubRoutines::call_stub

---------------  P R O C E S S  ---------------

Java Threads: ( => current thread )
=>0x00007f8078008800 JavaThread "agent-server" daemon [_thread_in_vm, id=23637, stack(0x00007f8095b0e000,0x00007f8095c0f000)]
  0x00007f8090001000 JavaThread "Attach Listener" daemon [_thread_blocked, id=23636, stack(0x00007f8095f1a000,0x00007f809601b000)]
  0x00007f80bc090800 JavaThread "Low Memory Detector" daemon [_thread_blocked, id=23609, stack(0x00007f80b8228000,0x00007f80b8329000)]
  0x00007f80bc08e800 JavaThread "C2 CompilerThread1" daemon [_thread_blocked, id=23608, stack(0x00007f80b8329000,0x00007f80b842a000)]
  0x00007f80bc08b800 JavaThread "C2 CompilerThread0" daemon [_thread_blocked, id=23607, stack(0x00007f80b842a000,0x00007f80b852b000)]
  0x00007f80bc089800 JavaThread "Signal Dispatcher" daemon [_thread_blocked, id=23606, stack(0x00007f80b852b000,0x00007f80b862c000)]
  0x00007f80bc06d800 JavaThread "Finalizer" daemon [_thread_blocked, id=23604, stack(0x00007f80b862c000,0x00007f80b872d000)]
  0x00007f80bc06b800 JavaThread "Reference Handler" daemon [_thread_blocked, id=23603, stack(0x00007f80b872d000,0x00007f80b882e000)]
  0x00007f80bc007000 JavaThread "main" [_thread_blocked, id=23597, stack(0x00007f80c1016000,0x00007f80c1117000)]

Other Threads:
  0x00007f80bc064800 VMThread [stack: 0x00007f80b882e000,0x00007f80b892f000] [id=23602]
  0x00007f80bc09b800 WatcherThread [stack: 0x00007f80b8127000,0x00007f80b8228000] [id=23610]

VM state:not at safepoint (normal execution)

VM Mutex/Monitor currently owned by a thread: None

Heap
 PSYoungGen      total 26688K, used 18244K [0x00000000e2360000, 0x00000000e4120000, 0x0000000100000000)
  eden space 22912K, 79% used [0x00000000e2360000,0x00000000e35310e8,0x00000000e39c0000)
  from space 3776K, 0% used [0x00000000e3d70000,0x00000000e3d70000,0x00000000e4120000)
  to   space 3776K, 0% used [0x00000000e39c0000,0x00000000e39c0000,0x00000000e3d70000)
 PSOldGen        total 60992K, used 0K [0x00000000a6a00000, 0x00000000aa590000, 0x00000000e2360000)
  object space 60992K, 0% used [0x00000000a6a00000,0x00000000a6a00000,0x00000000aa590000)
 PSPermGen       total 21248K, used 10695K [0x00000000a1800000, 0x00000000a2cc0000, 0x00000000a6a00000)
  object space 21248K, 50% used [0x00000000a1800000,0x00000000a2271f68,0x00000000a2cc0000)

Code Cache  [0x00007f80b9000000, 0x00007f80b9270000, 0x00007f80bc000000)
 total_blobs=264 nmethods=33 adapters=185 free_code_cache=49823360 largest_free_block=17216

Dynamic libraries:
40000000-40009000 r-xp 00000000 08:06 395485                             /home/chenjw/software/jdk1.6.0_29/bin/java
40108000-4010a000 rwxp 00008000 08:06 395485                             /home/chenjw/software/jdk1.6.0_29/bin/java
410bf000-410e0000 rwxp 00000000 00:00 0                                  [heap]
a1800000-a2cc0000 rwxp 00000000 00:00 0 
a2cc0000-a6a00000 rwxp 00000000 00:00 0 
a6a00000-aa590000 rwxp 00000000 00:00 0 
aa590000-e2360000 rwxp 00000000 00:00 0 
e2360000-e4120000 rwxp 00000000 00:00 0 
e4120000-100000000 rwxp 00000000 00:00 0 
31ff600000-31ff620000 r-xp 00000000 08:06 4477                           /lib64/ld-2.12.so
31ff81f000-31ff820000 r-xp 0001f000 08:06 4477                           /lib64/ld-2.12.so
31ff820000-31ff821000 rwxp 00020000 08:06 4477                           /lib64/ld-2.12.so
31ff821000-31ff822000 rwxp 00000000 00:00 0 
31ffa00000-31ffb97000 r-xp 00000000 08:06 71859                          /lib64/libc-2.12.so
31ffb97000-31ffd97000 ---p 00197000 08:06 71859                          /lib64/libc-2.12.so
31ffd97000-31ffd9b000 r-xp 00197000 08:06 71859                          /lib64/libc-2.12.so
31ffd9b000-31ffd9c000 rwxp 0019b000 08:06 71859                          /lib64/libc-2.12.so
31ffd9c000-31ffda1000 rwxp 00000000 00:00 0 
31ffe00000-31ffe02000 r-xp 00000000 08:06 73879                          /lib64/libdl-2.12.so
31ffe02000-3200002000 ---p 00002000 08:06 73879                          /lib64/libdl-2.12.so
3200002000-3200003000 r-xp 00002000 08:06 73879                          /lib64/libdl-2.12.so
3200003000-3200004000 rwxp 00003000 08:06 73879                          /lib64/libdl-2.12.so
3200200000-3200217000 r-xp 00000000 08:06 71861                          /lib64/libpthread-2.12.so
3200217000-3200416000 ---p 00017000 08:06 71861                          /lib64/libpthread-2.12.so
3200416000-3200417000 r-xp 00016000 08:06 71861                          /lib64/libpthread-2.12.so
3200417000-3200418000 rwxp 00017000 08:06 71861                          /lib64/libpthread-2.12.so
3200418000-320041c000 rwxp 00000000 00:00 0 
3200600000-3200683000 r-xp 00000000 08:06 67022                          /lib64/libm-2.12.so
3200683000-3200882000 ---p 00083000 08:06 67022                          /lib64/libm-2.12.so
3200882000-3200883000 r-xp 00082000 08:06 67022                          /lib64/libm-2.12.so
3200883000-3200884000 rwxp 00083000 08:06 67022                          /lib64/libm-2.12.so
3200a00000-3200a07000 r-xp 00000000 08:06 71862                          /lib64/librt-2.12.so
3200a07000-3200c06000 ---p 00007000 08:06 71862                          /lib64/librt-2.12.so
3200c06000-3200c07000 r-xp 00006000 08:06 71862                          /lib64/librt-2.12.so
3200c07000-3200c08000 rwxp 00007000 08:06 71862                          /lib64/librt-2.12.so
3209a00000-3209a16000 r-xp 00000000 08:06 71933                          /lib64/libgcc_s-4.4.6-20110824.so.1
3209a16000-3209c15000 ---p 00016000 08:06 71933                          /lib64/libgcc_s-4.4.6-20110824.so.1
3209c15000-3209c16000 rwxp 00015000 08:06 71933                          /lib64/libgcc_s-4.4.6-20110824.so.1
320b200000-320b2e8000 r-xp 00000000 08:06 71934                          /usr/lib64/libstdc++.so.6.0.13
320b2e8000-320b4e8000 ---p 000e8000 08:06 71934                          /usr/lib64/libstdc++.so.6.0.13
320b4e8000-320b4ef000 r-xp 000e8000 08:06 71934                          /usr/lib64/libstdc++.so.6.0.13
320b4ef000-320b4f1000 rwxp 000ef000 08:06 71934                          /usr/lib64/libstdc++.so.6.0.13
320b4f1000-320b506000 rwxp 00000000 00:00 0 
320f600000-320f616000 r-xp 00000000 08:06 70947                          /lib64/libnsl-2.12.so
320f616000-320f815000 ---p 00016000 08:06 70947                          /lib64/libnsl-2.12.so
320f815000-320f816000 r-xp 00015000 08:06 70947                          /lib64/libnsl-2.12.so
320f816000-320f817000 rwxp 00016000 08:06 70947                          /lib64/libnsl-2.12.so
320f817000-320f819000 rwxp 00000000 00:00 0 
7f8078000000-7f8078035000 rwxp 00000000 00:00 0 
7f8078035000-7f807c000000 ---p 00000000 00:00 0 
7f807c000000-7f807c05c000 rwxp 00000000 00:00 0 
7f807c05c000-7f8080000000 ---p 00000000 00:00 0 
7f8080000000-7f8080021000 rwxp 00000000 00:00 0 
7f8080021000-7f8084000000 ---p 00000000 00:00 0 
7f8084000000-7f8084021000 rwxp 00000000 00:00 0 
7f8084021000-7f8088000000 ---p 00000000 00:00 0 
7f8088000000-7f80883b2000 rwxp 00000000 00:00 0 
7f80883b2000-7f808c000000 ---p 00000000 00:00 0 
7f808c000000-7f808c4ab000 rwxp 00000000 00:00 0 
7f808c4ab000-7f8090000000 ---p 00000000 00:00 0 
7f8090000000-7f8090021000 rwxp 00000000 00:00 0 
7f8090021000-7f8094000000 ---p 00000000 00:00 0 
7f809590b000-7f809590e000 r-xp 00000000 08:06 6298923                    /home/chenjw/my_workspace/knife/src/main/cpp/src/.libs/libnativehelper.so.0.0.0
7f809590e000-7f8095b0d000 ---p 00003000 08:06 6298923                    /home/chenjw/my_workspace/knife/src/main/cpp/src/.libs/libnativehelper.so.0.0.0
7f8095b0d000-7f8095b0e000 rwxp 00002000 08:06 6298923                    /home/chenjw/my_workspace/knife/src/main/cpp/src/.libs/libnativehelper.so.0.0.0
7f8095b0e000-7f8095b11000 ---p 00000000 00:00 0 
7f8095b11000-7f8095c0f000 rwxp 00000000 00:00 0 
7f8095c0f000-7f8095c18000 r-xp 00000000 08:06 396163                     /home/chenjw/software/jdk1.6.0_29/jre/lib/amd64/libinstrument.so
7f8095c18000-7f8095d17000 ---p 00009000 08:06 396163                     /home/chenjw/software/jdk1.6.0_29/jre/lib/amd64/libinstrument.so
7f8095d17000-7f8095d19000 rwxp 00008000 08:06 396163                     /home/chenjw/software/jdk1.6.0_29/jre/lib/amd64/libinstrument.so
7f8095d19000-7f8095d1a000 r-xp 00000000 08:06 5781554                    /home/chenjw/workspace/jvmtitest/src/.libs/libagent.so.0.0.0
7f8095d1a000-7f8095f19000 ---p 00001000 08:06 5781554                    /home/chenjw/workspace/jvmtitest/src/.libs/libagent.so.0.0.0
7f8095f19000-7f8095f1a000 rwxp 00000000 08:06 5781554                    /home/chenjw/workspace/jvmtitest/src/.libs/libagent.so.0.0.0
7f8095f1a000-7f8095f1d000 ---p 00000000 00:00 0 
7f8095f1d000-7f809601b000 rwxp 00000000 00:00 0 
7f809601b000-7f8096058000 r-xs 00294000 08:06 6163193                    /home/chenjw/my_workspace/knife/lib/sourceforge.spring-2.5.6.jar
7f8096058000-7f809606b000 r-xp 00000000 08:06 396123                     /home/chenjw/software/jdk1.6.0_29/jre/lib/amd64/libnet.so
7f809606b000-7f809616c000 ---p 00013000 08:06 396123                     /home/chenjw/software/jdk1.6.0_29/jre/lib/amd64/libnet.so
7f809616c000-7f809616f000 rwxp 00014000 08:06 396123                     /home/chenjw/software/jdk1.6.0_29/jre/lib/amd64/libnet.so
7f809616f000-7f809c000000 r-xp 00000000 08:06 44092                      /usr/lib/locale/locale-archive
7f809c000000-7f809c021000 rwxp 00000000 00:00 0 
7f809c021000-7f80a0000000 ---p 00000000 00:00 0 
7f80a0000000-7f80a0021000 rwxp 00000000 00:00 0 
7f80a0021000-7f80a4000000 ---p 00000000 00:00 0 
7f80a4000000-7f80a4021000 rwxp 00000000 00:00 0 
7f80a4021000-7f80a8000000 ---p 00000000 00:00 0 
7f80a8000000-7f80a8021000 rwxp 00000000 00:00 0 
7f80a8021000-7f80ac000000 ---p 00000000 00:00 0 
7f80ac000000-7f80ac021000 rwxp 00000000 00:00 0 
7f80ac021000-7f80b0000000 ---p 00000000 00:00 0 
7f80b0000000-7f80b0021000 rwxp 00000000 00:00 0 
7f80b0021000-7f80b4000000 ---p 00000000 00:00 0 
7f80b4000000-7f80b4021000 rwxp 00000000 00:00 0 
7f80b4021000-7f80b8000000 ---p 00000000 00:00 0 
7f80b800d000-7f80b8011000 r-xs 00203000 08:06 400115                     /home/chenjw/test/Test.jar
7f80b8011000-7f80b8020000 r-xs 00667000 08:06 396199                     /home/chenjw/software/jdk1.6.0_29/jre/lib/charsets.jar
7f80b8020000-7f80b8026000 r-xp 00000000 08:06 396170                     /home/chenjw/software/jdk1.6.0_29/jre/lib/amd64/libmanagement.so
7f80b8026000-7f80b8125000 ---p 00006000 08:06 396170                     /home/chenjw/software/jdk1.6.0_29/jre/lib/amd64/libmanagement.so
7f80b8125000-7f80b8127000 rwxp 00005000 08:06 396170                     /home/chenjw/software/jdk1.6.0_29/jre/lib/amd64/libmanagement.so
7f80b8127000-7f80b8128000 ---p 00000000 00:00 0 
7f80b8128000-7f80b8228000 rwxp 00000000 00:00 0 
7f80b8228000-7f80b822b000 ---p 00000000 00:00 0 
7f80b822b000-7f80b8329000 rwxp 00000000 00:00 0 
7f80b8329000-7f80b832c000 ---p 00000000 00:00 0 
7f80b832c000-7f80b842a000 rwxp 00000000 00:00 0 
7f80b842a000-7f80b842d000 ---p 00000000 00:00 0 
7f80b842d000-7f80b852b000 rwxp 00000000 00:00 0 
7f80b852b000-7f80b852e000 ---p 00000000 00:00 0 
7f80b852e000-7f80b862c000 rwxp 00000000 00:00 0 
7f80b862c000-7f80b862f000 ---p 00000000 00:00 0 
7f80b862f000-7f80b872d000 rwxp 00000000 00:00 0 
7f80b872d000-7f80b8730000 ---p 00000000 00:00 0 
7f80b8730000-7f80b882e000 rwxp 00000000 00:00 0 
7f80b882e000-7f80b882f000 ---p 00000000 00:00 0 
7f80b882f000-7f80b8e68000 rwxp 00000000 00:00 0 
7f80b8e68000-7f80b9000000 r-xs 0302d000 08:06 398556                     /home/chenjw/software/jdk1.6.0_29/jre/lib/rt.jar
7f80b9000000-7f80b9270000 rwxp 00000000 00:00 0 
7f80b9270000-7f80bc2ef000 rwxp 00000000 00:00 0 
7f80bc2ef000-7f80c0000000 ---p 00000000 00:00 0 
7f80c0002000-7f80c000a000 r-xs 00115000 08:06 396240                     /home/chenjw/software/jdk1.6.0_29/jre/lib/resources.jar
7f80c000a000-7f80c001c000 r-xs 00194000 08:06 6163195                    /home/chenjw/my_workspace/knife/lib/java.j2ee-1.4.jar
7f80c001c000-7f80c0050000 r-xs 002d2000 08:06 6163194                    /home/chenjw/my_workspace/knife/lib/sourceforge.spring-2.5.6-sources.jar
7f80c0050000-7f80c00b0000 r-xs 00bab000 08:06 396224                     /home/chenjw/software/jdk1.6.0_29/lib/tools.jar
7f80c00b0000-7f80c00b8000 r-xs 0008a000 08:06 6163182                    /home/chenjw/my_workspace/knife/lib/misc.javassist-3.9.0.GA.jar
7f80c00b8000-7f80c00e0000 rwxp 00000000 00:00 0 
7f80c00e0000-7f80c00e1000 ---p 00000000 00:00 0 
7f80c00e1000-7f80c01e1000 rwxp 00000000 00:00 0 
7f80c01e1000-7f80c01e2000 ---p 00000000 00:00 0 
7f80c01e2000-7f80c02e2000 rwxp 00000000 00:00 0 
7f80c02e2000-7f80c02e3000 ---p 00000000 00:00 0 
7f80c02e3000-7f80c03e3000 rwxp 00000000 00:00 0 
7f80c03e3000-7f80c03e4000 ---p 00000000 00:00 0 
7f80c03e4000-7f80c04ef000 rwxp 00000000 00:00 0 
7f80c04ef000-7f80c050d000 rwxp 00000000 00:00 0 
7f80c050d000-7f80c052b000 rwxp 00000000 00:00 0 
7f80c052b000-7f80c06ea000 rwxp 00000000 00:00 0 
7f80c06ea000-7f80c06f5000 rwxp 00000000 00:00 0 
7f80c06f5000-7f80c0713000 rwxp 00000000 00:00 0 
7f80c0713000-7f80c0731000 rwxp 00000000 00:00 0 
7f80c0731000-7f80c08ef000 rwxp 00000000 00:00 0 
7f80c08ef000-7f80c08ff000 rwxp 00000000 00:00 0 
7f80c08ff000-7f80c09de000 rwxp 00000000 00:00 0 
7f80c09de000-7f80c09e9000 rwxp 00000000 00:00 0 
7f80c09e9000-7f80c0a9f000 rwxp 00000000 00:00 0 
7f80c0a9f000-7f80c0aad000 r-xp 00000000 08:06 396134                     /home/chenjw/software/jdk1.6.0_29/jre/lib/amd64/libzip.so
7f80c0aad000-7f80c0baf000 ---p 0000e000 08:06 396134                     /home/chenjw/software/jdk1.6.0_29/jre/lib/amd64/libzip.so
7f80c0baf000-7f80c0bb2000 rwxp 00010000 08:06 396134                     /home/chenjw/software/jdk1.6.0_29/jre/lib/amd64/libzip.so
7f80c0bb2000-7f80c0bb3000 rwxp 00000000 00:00 0 
7f80c0bb3000-7f80c0bbf000 r-xp 00000000 08:06 33351                      /lib64/libnss_files-2.12.so
7f80c0bbf000-7f80c0dbf000 ---p 0000c000 08:06 33351                      /lib64/libnss_files-2.12.so
7f80c0dbf000-7f80c0dc0000 r-xp 0000c000 08:06 33351                      /lib64/libnss_files-2.12.so
7f80c0dc0000-7f80c0dc1000 rwxp 0000d000 08:06 33351                      /lib64/libnss_files-2.12.so
7f80c0dc4000-7f80c0dca000 r-xs 0006d000 08:06 6163185                    /home/chenjw/my_workspace/knife/lib/misc.javassist-3.9.0.GA-sources.jar
7f80c0dca000-7f80c0dd8000 r-xs 0007f000 08:06 6163176                    /home/chenjw/my_workspace/knife/lib/commons-collections-3.2.1.jar
7f80c0dd8000-7f80c0e01000 r-xp 00000000 08:06 396147                     /home/chenjw/software/jdk1.6.0_29/jre/lib/amd64/libjava.so
7f80c0e01000-7f80c0f00000 ---p 00029000 08:06 396147                     /home/chenjw/software/jdk1.6.0_29/jre/lib/amd64/libjava.so
7f80c0f00000-7f80c0f07000 rwxp 00028000 08:06 396147                     /home/chenjw/software/jdk1.6.0_29/jre/lib/amd64/libjava.so
7f80c0f07000-7f80c0f14000 r-xp 00000000 08:06 396129                     /home/chenjw/software/jdk1.6.0_29/jre/lib/amd64/libverify.so
7f80c0f14000-7f80c1013000 ---p 0000d000 08:06 396129                     /home/chenjw/software/jdk1.6.0_29/jre/lib/amd64/libverify.so
7f80c1013000-7f80c1016000 rwxp 0000c000 08:06 396129                     /home/chenjw/software/jdk1.6.0_29/jre/lib/amd64/libverify.so
7f80c1016000-7f80c1019000 ---p 00000000 00:00 0 
7f80c1019000-7f80c1117000 rwxp 00000000 00:00 0 
7f80c1117000-7f80c1a31000 r-xp 00000000 08:06 396154                     /home/chenjw/software/jdk1.6.0_29/jre/lib/amd64/server/libjvm.so
7f80c1a31000-7f80c1b33000 ---p 0091a000 08:06 396154                     /home/chenjw/software/jdk1.6.0_29/jre/lib/amd64/server/libjvm.so
7f80c1b33000-7f80c1ce8000 rwxp 0091c000 08:06 396154                     /home/chenjw/software/jdk1.6.0_29/jre/lib/amd64/server/libjvm.so
7f80c1ce8000-7f80c1d25000 rwxp 00000000 00:00 0 
7f80c1d25000-7f80c1d2c000 r-xp 00000000 08:06 396119                     /home/chenjw/software/jdk1.6.0_29/jre/lib/amd64/jli/libjli.so
7f80c1d2c000-7f80c1e2d000 ---p 00007000 08:06 396119                     /home/chenjw/software/jdk1.6.0_29/jre/lib/amd64/jli/libjli.so
7f80c1e2d000-7f80c1e2f000 rwxp 00008000 08:06 396119                     /home/chenjw/software/jdk1.6.0_29/jre/lib/amd64/jli/libjli.so
7f80c1e2f000-7f80c1e30000 rwxp 00000000 00:00 0 
7f80c1e30000-7f80c1e34000 r-xs 000cb000 08:06 396804                     /home/chenjw/software/jdk1.6.0_29/jre/lib/ext/localedata.jar
7f80c1e34000-7f80c1e36000 r-xs 0000d000 08:06 6163059                    /home/chenjw/my_workspace/knife/lib/commons-logging-1.1.1.jar
7f80c1e36000-7f80c1e3a000 r-xs 0003c000 08:06 6163160                    /home/chenjw/my_workspace/knife/lib/commons-lang-2.4.jar
7f80c1e3a000-7f80c1e3d000 r-xs 00018000 08:06 6163175                    /home/chenjw/my_workspace/knife/lib/commons-io-1.4.jar
7f80c1e3d000-7f80c1e45000 rwxs 00000000 08:06 2890007                    /tmp/hsperfdata_chenjw/23592
7f80c1e45000-7f80c1e46000 rwxp 00000000 00:00 0 
7f80c1e46000-7f80c1e47000 r-xp 00000000 00:00 0 
7f80c1e47000-7f80c1e48000 rwxp 00000000 00:00 0 
7fff6a6cd000-7fff6a6e2000 rwxp 00000000 00:00 0                          [stack]
7fff6a6f7000-7fff6a6f8000 r-xp 00000000 00:00 0                          [vdso]
ffffffffff600000-ffffffffff601000 r-xp 00000000 00:00 0                  [vsyscall]

VM Arguments:
jvm_args: -Dfile.encoding=UTF-8 
java_command: com.chenjw.knife.server.Main
Launcher Type: SUN_STANDARD

Environment Variables:
JAVA_HOME=/home/chenjw/software/jdk1.6.0_29
CLASSPATH=.:/home/chenjw/software/jdk1.6.0_29/lib:
PATH=/home/chenjw/software/jdk1.6.0_29/bin:/home/chenjw/software/apache-maven-2.2.1/bin:/home/chenjw/software/apache-ant-1.8.3/bin:/usr/lib64/qt-3.3/bin:/usr/local/bin:/usr/bin:/bin:/usr/local/sbin:/usr/sbin:/sbin:/home/chenjw/bin
USERNAME=chenjw
LD_LIBRARY_PATH=/home/chenjw/software/jdk1.6.0_29/jre/lib/amd64/server:/home/chenjw/software/jdk1.6.0_29/jre/lib/amd64:/home/chenjw/software/jdk1.6.0_29/jre/../lib/amd64
SHELL=/bin/bash
DISPLAY=:0.0

Signal Handlers:
SIGSEGV: [libjvm.so+0x85f780], sa_mask[0]=0x7ffbfeff, sa_flags=0x10000004
SIGBUS: [libjvm.so+0x85f780], sa_mask[0]=0x7ffbfeff, sa_flags=0x10000004
SIGFPE: [libjvm.so+0x70e3b0], sa_mask[0]=0x7ffbfeff, sa_flags=0x10000004
SIGPIPE: [libjvm.so+0x70e3b0], sa_mask[0]=0x7ffbfeff, sa_flags=0x10000004
SIGXFSZ: [libjvm.so+0x70e3b0], sa_mask[0]=0x7ffbfeff, sa_flags=0x10000004
SIGILL: [libjvm.so+0x70e3b0], sa_mask[0]=0x7ffbfeff, sa_flags=0x10000004
SIGUSR1: SIG_DFL, sa_mask[0]=0x00000000, sa_flags=0x00000000
SIGUSR2: [libjvm.so+0x7111c0], sa_mask[0]=0x00000004, sa_flags=0x10000004
SIGHUP: [libjvm.so+0x710dc0], sa_mask[0]=0x7ffbfeff, sa_flags=0x10000004
SIGINT: [libjvm.so+0x710dc0], sa_mask[0]=0x7ffbfeff, sa_flags=0x10000004
SIGTERM: [libjvm.so+0x710dc0], sa_mask[0]=0x7ffbfeff, sa_flags=0x10000004
SIGQUIT: [libjvm.so+0x710dc0], sa_mask[0]=0x7ffbfeff, sa_flags=0x10000004


---------------  S Y S T E M  ---------------

OS:CentOS release 6.2 (Final)

uname:Linux 2.6.32-220.4.1.el6.x86_64 #1 SMP Tue Jan 24 02:13:44 GMT 2012 x86_64
libc:glibc 2.12 NPTL 2.12 
rlimit: STACK 10240k, CORE 0k, NPROC 1024, NOFILE 1024, AS infinity
load average:0.19 0.12 0.09

/proc/meminfo:
MemTotal:        5851108 kB
MemFree:         1493508 kB
Buffers:          611740 kB
Cached:          1398420 kB
SwapCached:            0 kB
Active:          2660544 kB
Inactive:        1136284 kB
Active(anon):    1786988 kB
Inactive(anon):    10424 kB
Active(file):     873556 kB
Inactive(file):  1125860 kB
Unevictable:           0 kB
Mlocked:               0 kB
SwapTotal:       9375736 kB
SwapFree:        9375736 kB
Dirty:               144 kB
Writeback:             0 kB
AnonPages:       1786540 kB
Mapped:           153556 kB
Shmem:             10748 kB
Slab:             409356 kB
SReclaimable:     264608 kB
SUnreclaim:       144748 kB
KernelStack:        4400 kB
PageTables:        43524 kB
NFS_Unstable:          0 kB
Bounce:                0 kB
WritebackTmp:          0 kB
CommitLimit:    12301288 kB
Committed_AS:    3819164 kB
VmallocTotal:   34359738367 kB
VmallocUsed:      299640 kB
VmallocChunk:   34359431116 kB
HardwareCorrupted:     0 kB
AnonHugePages:   1103872 kB
HugePages_Total:       0
HugePages_Free:        0
HugePages_Rsvd:        0
HugePages_Surp:        0
Hugepagesize:       2048 kB
DirectMap4k:        6144 kB
DirectMap2M:     6211584 kB


CPU:total 4 (2 cores per cpu, 2 threads per core) family 6 model 37 stepping 5, cmov, cx8, fxsr, mmx, sse, sse2, sse3, ssse3, sse4.1, sse4.2, popcnt, ht

/proc/cpuinfo:
processor	: 0
vendor_id	: GenuineIntel
cpu family	: 6
model		: 37
model name	: Intel(R) Core(TM) i3 CPU       M 380  @ 2.53GHz
stepping	: 5
cpu MHz		: 933.000
cache size	: 3072 KB
physical id	: 0
siblings	: 4
core id		: 0
cpu cores	: 2
apicid		: 0
initial apicid	: 0
fpu		: yes
fpu_exception	: yes
cpuid level	: 11
wp		: yes
flags		: fpu vme de pse tsc msr pae mce cx8 apic mtrr pge mca cmov pat pse36 clflush dts acpi mmx fxsr sse sse2 ss ht tm pbe syscall nx rdtscp lm constant_tsc arch_perfmon pebs bts rep_good xtopology nonstop_tsc aperfmperf pni dtes64 monitor ds_cpl vmx est tm2 ssse3 cx16 xtpr pdcm sse4_1 sse4_2 popcnt lahf_lm arat dts tpr_shadow vnmi flexpriority ept vpid
bogomips	: 5053.44
clflush size	: 64
cache_alignment	: 64
address sizes	: 36 bits physical, 48 bits virtual
power management:

processor	: 1
vendor_id	: GenuineIntel
cpu family	: 6
model		: 37
model name	: Intel(R) Core(TM) i3 CPU       M 380  @ 2.53GHz
stepping	: 5
cpu MHz		: 2533.000
cache size	: 3072 KB
physical id	: 0
siblings	: 4
core id		: 2
cpu cores	: 2
apicid		: 4
initial apicid	: 4
fpu		: yes
fpu_exception	: yes
cpuid level	: 11
wp		: yes
flags		: fpu vme de pse tsc msr pae mce cx8 apic mtrr pge mca cmov pat pse36 clflush dts acpi mmx fxsr sse sse2 ss ht tm pbe syscall nx rdtscp lm constant_tsc arch_perfmon pebs bts rep_good xtopology nonstop_tsc aperfmperf pni dtes64 monitor ds_cpl vmx est tm2 ssse3 cx16 xtpr pdcm sse4_1 sse4_2 popcnt lahf_lm arat dts tpr_shadow vnmi flexpriority ept vpid
bogomips	: 5053.74
clflush size	: 64
cache_alignment	: 64
address sizes	: 36 bits physical, 48 bits virtual
power management:

processor	: 2
vendor_id	: GenuineIntel
cpu family	: 6
model		: 37
model name	: Intel(R) Core(TM) i3 CPU       M 380  @ 2.53GHz
stepping	: 5
cpu MHz		: 933.000
cache size	: 3072 KB
physical id	: 0
siblings	: 4
core id		: 0
cpu cores	: 2
apicid		: 1
initial apicid	: 1
fpu		: yes
fpu_exception	: yes
cpuid level	: 11
wp		: yes
flags		: fpu vme de pse tsc msr pae mce cx8 apic mtrr pge mca cmov pat pse36 clflush dts acpi mmx fxsr sse sse2 ss ht tm pbe syscall nx rdtscp lm constant_tsc arch_perfmon pebs bts rep_good xtopology nonstop_tsc aperfmperf pni dtes64 monitor ds_cpl vmx est tm2 ssse3 cx16 xtpr pdcm sse4_1 sse4_2 popcnt lahf_lm arat dts tpr_shadow vnmi flexpriority ept vpid
bogomips	: 5053.73
clflush size	: 64
cache_alignment	: 64
address sizes	: 36 bits physical, 48 bits virtual
power management:

processor	: 3
vendor_id	: GenuineIntel
cpu family	: 6
model		: 37
model name	: Intel(R) Core(TM) i3 CPU       M 380  @ 2.53GHz
stepping	: 5
cpu MHz		: 2533.000
cache size	: 3072 KB
physical id	: 0
siblings	: 4
core id		: 2
cpu cores	: 2
apicid		: 5
initial apicid	: 5
fpu		: yes
fpu_exception	: yes
cpuid level	: 11
wp		: yes
flags		: fpu vme de pse tsc msr pae mce cx8 apic mtrr pge mca cmov pat pse36 clflush dts acpi mmx fxsr sse sse2 ss ht tm pbe syscall nx rdtscp lm constant_tsc arch_perfmon pebs bts rep_good xtopology nonstop_tsc aperfmperf pni dtes64 monitor ds_cpl vmx est tm2 ssse3 cx16 xtpr pdcm sse4_1 sse4_2 popcnt lahf_lm arat dts tpr_shadow vnmi flexpriority ept vpid
bogomips	: 5053.73
clflush size	: 64
cache_alignment	: 64
address sizes	: 36 bits physical, 48 bits virtual
power management:



Memory: 4k page, physical 5851108k(1493508k free), swap 9375736k(9375736k free)

vm_info: Java HotSpot(TM) 64-Bit Server VM (20.4-b02) for linux-amd64 JRE (1.6.0_29-b11), built on Oct  3 2011 01:19:20 by "java_re" with gcc 3.2.2 (SuSE Linux)

time: Tue Jul 10 17:34:55 2012
elapsed time: 53 seconds

