#
# A fatal error has been detected by the Java Runtime Environment:
#
#  SIGSEGV (0xb) at pc=0x00007f81029e71f8, pid=21016, tid=140191907964672
#
# JRE version: 6.0_29-b11
# Java VM: Java HotSpot(TM) 64-Bit Server VM (20.4-b02 mixed mode linux-amd64 compressed oops)
# Problematic frame:
# V  [libjvm.so+0x50a1f8]  unsigned+0xf8
#
# If you would like to submit a bug report, please visit:
#   http://java.sun.com/webapps/bugreport/crash.jsp
#

---------------  T H R E A D  ---------------

Current thread (0x00007f80b8008800):  JavaThread "agent-server" daemon [_thread_in_vm, id=21074, stack(0x00007f80f8cfe000,0x00007f80f8dff000)]

siginfo:si_signo=SIGSEGV: si_errno=0, si_code=1 (SEGV_MAPERR), si_addr=0x00000001124f467c

Registers:
RAX=0x0000000000000000, RBX=0x000000002f010474, RCX=0x00007f8102f70b73, RDX=0x00000000e34e4208
RSP=0x00007f80f8dfd3b0, RBP=0x00007f80f8dfd3f0, RSI=0x00000000e34e4208, RDI=0x00000000a189a098
R8 =0x0000000000000ffc, R9 =0x00007f8102f76ff0, R10=0x00007f8102f7ae58, R11=0x00007f8102f62530
R12=0x00001fe02f010474, R13=0x00007f8102f77000, R14=0x00007f80f8dfd568, R15=0x00007f80b80089d0
RIP=0x00007f81029e71f8, EFLAGS=0x0000000000010246, CSGSFS=0x0000000000000033, ERR=0x0000000000000004
  TRAPNO=0x000000000000000e

Top of Stack: (sp=0x00007f80f8dfd3b0)
0x00007f80f8dfd3b0:   00007f80b8008800 0000000000000000
0x00007f80f8dfd3c0:   00007f80b8008800 0000000000000000
0x00007f80f8dfd3d0:   00007f80b80089d0 00007f80bc0411d0
0x00007f80f8dfd3e0:   00007f80bc000a70 00007f80bc033350
0x00007f80f8dfd3f0:   00007f80f8dfd568 00007f80f8afbf32
0x00007f80f8dfd400:   00007f80bc0411d0 00007f80bc000a70
0x00007f80f8dfd410:   00007f80bc033350 00007f80b80089d0
0x00007f80f8dfd420:   00007f80f8dfd568 00007f80f8afc4b6
0x00007f80f8dfd430:   00007f80f8cfd338 00007f80bc041210
0x00007f80f8dfd440:   0000000000000000 0000000000000000
0x00007f80f8dfd450:   00007f80f8cfd338 00007f80f8afc99c
0x00007f80f8dfd460:   00007f80f8dfd560 00007f80f8dfd568
0x00007f80f8dfd470:   00007f80b80089d0 00007f80f8dfd558
0x00007f80f8dfd480:   00007f80f8dfd4b0 00007f80bc0411f0
0x00007f80f8dfd490:   00007f80bc041040 0000000c0000000c
0x00007f80f8dfd4a0:   00000000e23611c8 00000000a2268b50
0x00007f80f8dfd4b0:   00007f80f8dfd538 0000000000000000
0x00007f80f8dfd4c0:   00000000a2268b50 00007f80f8dfd568
0x00007f80f8dfd4d0:   00007f80b8008800 00007f80f9010d6e
0x00007f80f8dfd4e0:   00000000a181d238 0000000000000000
0x00007f80f8dfd4f0:   00007f80f8dfd508 00007f80f8dfd4f8
0x00007f80f8dfd500:   0000000000000000 00007f80f8dfd568
0x00007f80f8dfd510:   00000000a22690b8 0000000000000000
0x00007f80f8dfd520:   00000000a2268b50 0000000000000000
0x00007f80f8dfd530:   00007f80f8dfd558 00007f80f8dfd5b0
0x00007f80f8dfd540:   00007f80f9005929 00000000a2269038
0x00007f80f8dfd550:   00007f80f900df5b 00000000a1821688
0x00007f80f8dfd560:   00000000a22720d8 00000000e34e4208
0x00007f80f8dfd570:   00007f80f8dfd570 00000000a226884c
0x00007f80f8dfd580:   00007f80f8dfd5f0 00000000a22690b8
0x00007f80f8dfd590:   0000000000000000 00000000a22688a8
0x00007f80f8dfd5a0:   00007f80f8dfd558 00007f80f8dfd5f0 

Instructions: (pc=0x00007f81029e71f8)
0x00007f81029e71d8:   8b 0d 1a 15 6c 00 4d 89 ec 49 c1 ec 02 80 39 00
0x00007f81029e71e8:   0f 85 a9 00 00 00 49 63 dc 4c 8b 2d f0 f3 6b 00
0x00007f81029e71f8:   dd 04 33 48 8b 5d d0 dd 5d c8 c7 83 48 02 00 00
0x00007f81029e7208:   07 00 00 00 41 8b 55 00 83 fa 01 7e 1b 4c 8b 35 

Register to memory mapping:

RAX=0x0000000000000000 is an unknown value
RBX=0x000000002f010474 is an unknown value
RCX=0x00007f8102f70b73: <offset 0xa93b73> in /home/chenjw/software/jdk1.6.0_29/jre/lib/amd64/server/libjvm.so at 0x00007f81024dd000
RDX=0x00000000e34e4208 is an oop
java.lang.Double 
 - klass: 'java/lang/Double'
RSP=0x00007f80f8dfd3b0 is pointing into the stack for thread: 0x00007f80b8008800
RBP=0x00007f80f8dfd3f0 is pointing into the stack for thread: 0x00007f80b8008800
RSI=0x00000000e34e4208 is an oop
java.lang.Double 
 - klass: 'java/lang/Double'
RDI=0x00000000a189a098 is an oop
{instance class} 
 - klass: {other class}
R8 =0x0000000000000ffc is an unknown value
R9 =0x00007f8102f76ff0: <offset 0xa99ff0> in /home/chenjw/software/jdk1.6.0_29/jre/lib/amd64/server/libjvm.so at 0x00007f81024dd000
R10=0x00007f8102f7ae58: <offset 0xa9de58> in /home/chenjw/software/jdk1.6.0_29/jre/lib/amd64/server/libjvm.so at 0x00007f81024dd000
R11=0x00007f8102f62530: <offset 0xa85530> in /home/chenjw/software/jdk1.6.0_29/jre/lib/amd64/server/libjvm.so at 0x00007f81024dd000
R12=0x00001fe02f010474 is an unknown value
R13=0x00007f8102f77000: <offset 0xa9a000> in /home/chenjw/software/jdk1.6.0_29/jre/lib/amd64/server/libjvm.so at 0x00007f81024dd000
R14=0x00007f80f8dfd568 is pointing into the stack for thread: 0x00007f80b8008800
R15=0x00007f80b80089d0 is an unknown value


Stack: [0x00007f80f8cfe000,0x00007f80f8dff000],  sp=0x00007f80f8dfd3b0,  free space=1020k
Native frames: (J=compiled Java code, j=interpreted, Vv=VM code, C=native code)
V  [libjvm.so+0x50a1f8]  unsigned+0xf8
C  [libnativehelper.so.0.0.0+0xf32]  getDoubleField(JNIEnv_*, _jobject*, _jfieldID*)+0x12

Java frames: (J=compiled Java code, j=interpreted, Vv=VM code)
j  com.chenjw.knife.agent.NativeHelper.getFieldValue0(Ljava/lang/Object;Ljava/lang/String;Ljava/lang/Class;)Ljava/lang/Object;+0
j  com.chenjw.knife.agent.NativeHelper.getFieldValues(Ljava/lang/Object;)Ljava/util/Map;+44
j  com.chenjw.knife.agent.handler.LsCommandHandler.handle([Ljava/lang/String;)V+17
j  com.chenjw.knife.agent.AgentPacketListener.dispatch(Lcom/chenjw/knife/client/Command;)V+26
j  com.chenjw.knife.agent.AgentPacketListener.handle(Lcom/chenjw/knife/client/Packet;)V+15
j  com.chenjw.knife.agent.AgentServer.run()V+47
j  java.lang.Thread.run()V+11
v  ~StubRoutines::call_stub

---------------  P R O C E S S  ---------------

Java Threads: ( => current thread )
=>0x00007f80b8008800 JavaThread "agent-server" daemon [_thread_in_vm, id=21074, stack(0x00007f80f8cfe000,0x00007f80f8dff000)]
  0x00007f80d0001000 JavaThread "Attach Listener" daemon [_thread_blocked, id=21073, stack(0x00007f8100185000,0x00007f8100286000)]
  0x00007f80fc090800 JavaThread "Low Memory Detector" daemon [_thread_blocked, id=21032, stack(0x00007f81006a6000,0x00007f81007a7000)]
  0x00007f80fc08e800 JavaThread "C2 CompilerThread1" daemon [_thread_blocked, id=21031, stack(0x00007f81007a7000,0x00007f81008a8000)]
  0x00007f80fc08b800 JavaThread "C2 CompilerThread0" daemon [_thread_blocked, id=21030, stack(0x00007f81008a8000,0x00007f81009a9000)]
  0x00007f80fc089800 JavaThread "Signal Dispatcher" daemon [_thread_blocked, id=21029, stack(0x00007f81009a9000,0x00007f8100aaa000)]
  0x00007f80fc06d800 JavaThread "Finalizer" daemon [_thread_blocked, id=21028, stack(0x00007f8100aaa000,0x00007f8100bab000)]
  0x00007f80fc06b800 JavaThread "Reference Handler" daemon [_thread_blocked, id=21027, stack(0x00007f8100bab000,0x00007f8100cac000)]
  0x00007f80fc007000 JavaThread "main" [_thread_blocked, id=21018, stack(0x00007f81023dc000,0x00007f81024dd000)]

Other Threads:
  0x00007f80fc064800 VMThread [stack: 0x00007f8100cac000,0x00007f8100dad000] [id=21026]
  0x00007f80fc0a3800 WatcherThread [stack: 0x00007f81005a5000,0x00007f81006a6000] [id=21033]

VM state:not at safepoint (normal execution)

VM Mutex/Monitor currently owned by a thread: None

Heap
 PSYoungGen      total 26688K, used 18178K [0x00000000e2360000, 0x00000000e4120000, 0x0000000100000000)
  eden space 22912K, 79% used [0x00000000e2360000,0x00000000e35209d8,0x00000000e39c0000)
  from space 3776K, 0% used [0x00000000e3d70000,0x00000000e3d70000,0x00000000e4120000)
  to   space 3776K, 0% used [0x00000000e39c0000,0x00000000e39c0000,0x00000000e3d70000)
 PSOldGen        total 60992K, used 0K [0x00000000a6a00000, 0x00000000aa590000, 0x00000000e2360000)
  object space 60992K, 0% used [0x00000000a6a00000,0x00000000a6a00000,0x00000000aa590000)
 PSPermGen       total 21248K, used 10696K [0x00000000a1800000, 0x00000000a2cc0000, 0x00000000a6a00000)
  object space 21248K, 50% used [0x00000000a1800000,0x00000000a2272398,0x00000000a2cc0000)

Code Cache  [0x00007f80f9000000, 0x00007f80f9270000, 0x00007f80fc000000)
 total_blobs=264 nmethods=33 adapters=185 free_code_cache=49823680 largest_free_block=13056

Dynamic libraries:
40000000-40009000 r-xp 00000000 08:06 395485                             /home/chenjw/software/jdk1.6.0_29/bin/java
40108000-4010a000 rwxp 00008000 08:06 395485                             /home/chenjw/software/jdk1.6.0_29/bin/java
408e1000-40902000 rwxp 00000000 00:00 0                                  [heap]
a1800000-a2cc0000 rwxp 00000000 00:00 0 
a2cc0000-a6a00000 rwxp 00000000 00:00 0 
a6a00000-aa590000 rwxp 00000000 00:00 0 
aa590000-e2360000 rwxp 00000000 00:00 0 
e2360000-e4120000 rwxp 00000000 00:00 0 
e4120000-100000000 rwxp 00000000 00:00 0 
31ff600000-31ff620000 r-xp 00000000 08:06 4477                           /lib64/ld-2.12.so
31ff81f000-31ff820000 r-xp 0001f000 08:06 4477                           /lib64/ld-2.12.so
31ff820000-31ff821000 rwxp 00020000 08:06 4477                           /lib64/ld-2.12.so
31ff821000-31ff822000 rwxp 00000000 00:00 0 
31ffa00000-31ffb97000 r-xp 00000000 08:06 71859                          /lib64/libc-2.12.so
31ffb97000-31ffd97000 ---p 00197000 08:06 71859                          /lib64/libc-2.12.so
31ffd97000-31ffd9b000 r-xp 00197000 08:06 71859                          /lib64/libc-2.12.so
31ffd9b000-31ffd9c000 rwxp 0019b000 08:06 71859                          /lib64/libc-2.12.so
31ffd9c000-31ffda1000 rwxp 00000000 00:00 0 
31ffe00000-31ffe02000 r-xp 00000000 08:06 73879                          /lib64/libdl-2.12.so
31ffe02000-3200002000 ---p 00002000 08:06 73879                          /lib64/libdl-2.12.so
3200002000-3200003000 r-xp 00002000 08:06 73879                          /lib64/libdl-2.12.so
3200003000-3200004000 rwxp 00003000 08:06 73879                          /lib64/libdl-2.12.so
3200200000-3200217000 r-xp 00000000 08:06 71861                          /lib64/libpthread-2.12.so
3200217000-3200416000 ---p 00017000 08:06 71861                          /lib64/libpthread-2.12.so
3200416000-3200417000 r-xp 00016000 08:06 71861                          /lib64/libpthread-2.12.so
3200417000-3200418000 rwxp 00017000 08:06 71861                          /lib64/libpthread-2.12.so
3200418000-320041c000 rwxp 00000000 00:00 0 
3200600000-3200683000 r-xp 00000000 08:06 67022                          /lib64/libm-2.12.so
3200683000-3200882000 ---p 00083000 08:06 67022                          /lib64/libm-2.12.so
3200882000-3200883000 r-xp 00082000 08:06 67022                          /lib64/libm-2.12.so
3200883000-3200884000 rwxp 00083000 08:06 67022                          /lib64/libm-2.12.so
3200a00000-3200a07000 r-xp 00000000 08:06 71862                          /lib64/librt-2.12.so
3200a07000-3200c06000 ---p 00007000 08:06 71862                          /lib64/librt-2.12.so
3200c06000-3200c07000 r-xp 00006000 08:06 71862                          /lib64/librt-2.12.so
3200c07000-3200c08000 rwxp 00007000 08:06 71862                          /lib64/librt-2.12.so
3209a00000-3209a16000 r-xp 00000000 08:06 71933                          /lib64/libgcc_s-4.4.6-20110824.so.1
3209a16000-3209c15000 ---p 00016000 08:06 71933                          /lib64/libgcc_s-4.4.6-20110824.so.1
3209c15000-3209c16000 rwxp 00015000 08:06 71933                          /lib64/libgcc_s-4.4.6-20110824.so.1
320b200000-320b2e8000 r-xp 00000000 08:06 71934                          /usr/lib64/libstdc++.so.6.0.13
320b2e8000-320b4e8000 ---p 000e8000 08:06 71934                          /usr/lib64/libstdc++.so.6.0.13
320b4e8000-320b4ef000 r-xp 000e8000 08:06 71934                          /usr/lib64/libstdc++.so.6.0.13
320b4ef000-320b4f1000 rwxp 000ef000 08:06 71934                          /usr/lib64/libstdc++.so.6.0.13
320b4f1000-320b506000 rwxp 00000000 00:00 0 
320f600000-320f616000 r-xp 00000000 08:06 70947                          /lib64/libnsl-2.12.so
320f616000-320f815000 ---p 00016000 08:06 70947                          /lib64/libnsl-2.12.so
320f815000-320f816000 r-xp 00015000 08:06 70947                          /lib64/libnsl-2.12.so
320f816000-320f817000 rwxp 00016000 08:06 70947                          /lib64/libnsl-2.12.so
320f817000-320f819000 rwxp 00000000 00:00 0 
7f80b8000000-7f80b8035000 rwxp 00000000 00:00 0 
7f80b8035000-7f80bc000000 ---p 00000000 00:00 0 
7f80bc000000-7f80bc05d000 rwxp 00000000 00:00 0 
7f80bc05d000-7f80c0000000 ---p 00000000 00:00 0 
7f80c0000000-7f80c0021000 rwxp 00000000 00:00 0 
7f80c0021000-7f80c4000000 ---p 00000000 00:00 0 
7f80c4000000-7f80c4021000 rwxp 00000000 00:00 0 
7f80c4021000-7f80c8000000 ---p 00000000 00:00 0 
7f80c8000000-7f80c8372000 rwxp 00000000 00:00 0 
7f80c8372000-7f80cc000000 ---p 00000000 00:00 0 
7f80cc000000-7f80cc4b1000 rwxp 00000000 00:00 0 
7f80cc4b1000-7f80d0000000 ---p 00000000 00:00 0 
7f80d0000000-7f80d0021000 rwxp 00000000 00:00 0 
7f80d0021000-7f80d4000000 ---p 00000000 00:00 0 
7f80d616f000-7f80dc000000 r-xp 00000000 08:06 44092                      /usr/lib/locale/locale-archive
7f80dc000000-7f80dc021000 rwxp 00000000 00:00 0 
7f80dc021000-7f80e0000000 ---p 00000000 00:00 0 
7f80e0000000-7f80e0021000 rwxp 00000000 00:00 0 
7f80e0021000-7f80e4000000 ---p 00000000 00:00 0 
7f80e4000000-7f80e4021000 rwxp 00000000 00:00 0 
7f80e4021000-7f80e8000000 ---p 00000000 00:00 0 
7f80e8000000-7f80e8021000 rwxp 00000000 00:00 0 
7f80e8021000-7f80ec000000 ---p 00000000 00:00 0 
7f80ec000000-7f80ec021000 rwxp 00000000 00:00 0 
7f80ec021000-7f80f0000000 ---p 00000000 00:00 0 
7f80f0000000-7f80f0021000 rwxp 00000000 00:00 0 
7f80f0021000-7f80f4000000 ---p 00000000 00:00 0 
7f80f4000000-7f80f4021000 rwxp 00000000 00:00 0 
7f80f4021000-7f80f8000000 ---p 00000000 00:00 0 
7f80f8afb000-7f80f8afe000 r-xp 00000000 08:06 6298923                    /home/chenjw/my_workspace/knife/src/main/cpp/src/.libs/libnativehelper.so.0.0.0
7f80f8afe000-7f80f8cfd000 ---p 00003000 08:06 6298923                    /home/chenjw/my_workspace/knife/src/main/cpp/src/.libs/libnativehelper.so.0.0.0
7f80f8cfd000-7f80f8cfe000 rwxp 00002000 08:06 6298923                    /home/chenjw/my_workspace/knife/src/main/cpp/src/.libs/libnativehelper.so.0.0.0
7f80f8cfe000-7f80f8d01000 ---p 00000000 00:00 0 
7f80f8d01000-7f80f8dff000 rwxp 00000000 00:00 0 
7f80f8dff000-7f80f8e00000 r-xp 00000000 08:06 5781554                    /home/chenjw/workspace/jvmtitest/src/.libs/libagent.so.0.0.0
7f80f8e00000-7f80f8fff000 ---p 00001000 08:06 5781554                    /home/chenjw/workspace/jvmtitest/src/.libs/libagent.so.0.0.0
7f80f8fff000-7f80f9000000 rwxp 00000000 08:06 5781554                    /home/chenjw/workspace/jvmtitest/src/.libs/libagent.so.0.0.0
7f80f9000000-7f80f9270000 rwxp 00000000 00:00 0 
7f80f9270000-7f80fc2d7000 rwxp 00000000 00:00 0 
7f80fc2d7000-7f8100000000 ---p 00000000 00:00 0 
7f8100077000-7f810007b000 r-xs 00203000 08:06 400115                     /home/chenjw/test/Test.jar
7f810007b000-7f8100084000 r-xp 00000000 08:06 396163                     /home/chenjw/software/jdk1.6.0_29/jre/lib/amd64/libinstrument.so
7f8100084000-7f8100183000 ---p 00009000 08:06 396163                     /home/chenjw/software/jdk1.6.0_29/jre/lib/amd64/libinstrument.so
7f8100183000-7f8100185000 rwxp 00008000 08:06 396163                     /home/chenjw/software/jdk1.6.0_29/jre/lib/amd64/libinstrument.so
7f8100185000-7f8100188000 ---p 00000000 00:00 0 
7f8100188000-7f8100286000 rwxp 00000000 00:00 0 
7f8100286000-7f8100295000 r-xs 00667000 08:06 396199                     /home/chenjw/software/jdk1.6.0_29/jre/lib/charsets.jar
7f8100295000-7f810029d000 r-xs 00115000 08:06 396240                     /home/chenjw/software/jdk1.6.0_29/jre/lib/resources.jar
7f810029d000-7f81002a1000 r-xs 000cb000 08:06 396804                     /home/chenjw/software/jdk1.6.0_29/jre/lib/ext/localedata.jar
7f81002a1000-7f81002b3000 r-xs 00194000 08:06 6163195                    /home/chenjw/my_workspace/knife/lib/java.j2ee-1.4.jar
7f81002b3000-7f81002f0000 r-xs 00294000 08:06 6163193                    /home/chenjw/my_workspace/knife/lib/sourceforge.spring-2.5.6.jar
7f81002f0000-7f8100324000 r-xs 002d2000 08:06 6163194                    /home/chenjw/my_workspace/knife/lib/sourceforge.spring-2.5.6-sources.jar
7f8100324000-7f8100384000 r-xs 00bab000 08:06 396224                     /home/chenjw/software/jdk1.6.0_29/lib/tools.jar
7f8100384000-7f8100397000 r-xp 00000000 08:06 396123                     /home/chenjw/software/jdk1.6.0_29/jre/lib/amd64/libnet.so
7f8100397000-7f8100498000 ---p 00013000 08:06 396123                     /home/chenjw/software/jdk1.6.0_29/jre/lib/amd64/libnet.so
7f8100498000-7f810049b000 rwxp 00014000 08:06 396123                     /home/chenjw/software/jdk1.6.0_29/jre/lib/amd64/libnet.so
7f810049b000-7f81004a1000 r-xp 00000000 08:06 396170                     /home/chenjw/software/jdk1.6.0_29/jre/lib/amd64/libmanagement.so
7f81004a1000-7f81005a0000 ---p 00006000 08:06 396170                     /home/chenjw/software/jdk1.6.0_29/jre/lib/amd64/libmanagement.so
7f81005a0000-7f81005a2000 rwxp 00005000 08:06 396170                     /home/chenjw/software/jdk1.6.0_29/jre/lib/amd64/libmanagement.so
7f81005a2000-7f81005a5000 r-xs 00018000 08:06 6163175                    /home/chenjw/my_workspace/knife/lib/commons-io-1.4.jar
7f81005a5000-7f81005a6000 ---p 00000000 00:00 0 
7f81005a6000-7f81006a6000 rwxp 00000000 00:00 0 
7f81006a6000-7f81006a9000 ---p 00000000 00:00 0 
7f81006a9000-7f81007a7000 rwxp 00000000 00:00 0 
7f81007a7000-7f81007aa000 ---p 00000000 00:00 0 
7f81007aa000-7f81008a8000 rwxp 00000000 00:00 0 
7f81008a8000-7f81008ab000 ---p 00000000 00:00 0 
7f81008ab000-7f81009a9000 rwxp 00000000 00:00 0 
7f81009a9000-7f81009ac000 ---p 00000000 00:00 0 
7f81009ac000-7f8100aaa000 rwxp 00000000 00:00 0 
7f8100aaa000-7f8100aad000 ---p 00000000 00:00 0 
7f8100aad000-7f8100bab000 rwxp 00000000 00:00 0 
7f8100bab000-7f8100bae000 ---p 00000000 00:00 0 
7f8100bae000-7f8100cac000 rwxp 00000000 00:00 0 
7f8100cac000-7f8100cad000 ---p 00000000 00:00 0 
7f8100cad000-7f81012e6000 rwxp 00000000 00:00 0 
7f81012e6000-7f810147e000 r-xs 0302d000 08:06 398556                     /home/chenjw/software/jdk1.6.0_29/jre/lib/rt.jar
7f810147e000-7f81014a6000 rwxp 00000000 00:00 0 
7f81014a6000-7f81014a7000 ---p 00000000 00:00 0 
7f81014a7000-7f81015a7000 rwxp 00000000 00:00 0 
7f81015a7000-7f81015a8000 ---p 00000000 00:00 0 
7f81015a8000-7f81016a8000 rwxp 00000000 00:00 0 
7f81016a8000-7f81016a9000 ---p 00000000 00:00 0 
7f81016a9000-7f81017a9000 rwxp 00000000 00:00 0 
7f81017a9000-7f81017aa000 ---p 00000000 00:00 0 
7f81017aa000-7f81018b5000 rwxp 00000000 00:00 0 
7f81018b5000-7f81018d3000 rwxp 00000000 00:00 0 
7f81018d3000-7f81018f1000 rwxp 00000000 00:00 0 
7f81018f1000-7f8101ab0000 rwxp 00000000 00:00 0 
7f8101ab0000-7f8101abb000 rwxp 00000000 00:00 0 
7f8101abb000-7f8101ad9000 rwxp 00000000 00:00 0 
7f8101ad9000-7f8101af7000 rwxp 00000000 00:00 0 
7f8101af7000-7f8101cb5000 rwxp 00000000 00:00 0 
7f8101cb5000-7f8101cc5000 rwxp 00000000 00:00 0 
7f8101cc5000-7f8101da4000 rwxp 00000000 00:00 0 
7f8101da4000-7f8101daf000 rwxp 00000000 00:00 0 
7f8101daf000-7f8101e65000 rwxp 00000000 00:00 0 
7f8101e65000-7f8101e73000 r-xp 00000000 08:06 396134                     /home/chenjw/software/jdk1.6.0_29/jre/lib/amd64/libzip.so
7f8101e73000-7f8101f75000 ---p 0000e000 08:06 396134                     /home/chenjw/software/jdk1.6.0_29/jre/lib/amd64/libzip.so
7f8101f75000-7f8101f78000 rwxp 00010000 08:06 396134                     /home/chenjw/software/jdk1.6.0_29/jre/lib/amd64/libzip.so
7f8101f78000-7f8101f79000 rwxp 00000000 00:00 0 
7f8101f79000-7f8101f85000 r-xp 00000000 08:06 33351                      /lib64/libnss_files-2.12.so
7f8101f85000-7f8102185000 ---p 0000c000 08:06 33351                      /lib64/libnss_files-2.12.so
7f8102185000-7f8102186000 r-xp 0000c000 08:06 33351                      /lib64/libnss_files-2.12.so
7f8102186000-7f8102187000 rwxp 0000d000 08:06 33351                      /lib64/libnss_files-2.12.so
7f8102188000-7f810218a000 r-xs 0000d000 08:06 6163059                    /home/chenjw/my_workspace/knife/lib/commons-logging-1.1.1.jar
7f810218a000-7f8102190000 r-xs 0006d000 08:06 6163185                    /home/chenjw/my_workspace/knife/lib/misc.javassist-3.9.0.GA-sources.jar
7f8102190000-7f810219e000 r-xs 0007f000 08:06 6163176                    /home/chenjw/my_workspace/knife/lib/commons-collections-3.2.1.jar
7f810219e000-7f81021c7000 r-xp 00000000 08:06 396147                     /home/chenjw/software/jdk1.6.0_29/jre/lib/amd64/libjava.so
7f81021c7000-7f81022c6000 ---p 00029000 08:06 396147                     /home/chenjw/software/jdk1.6.0_29/jre/lib/amd64/libjava.so
7f81022c6000-7f81022cd000 rwxp 00028000 08:06 396147                     /home/chenjw/software/jdk1.6.0_29/jre/lib/amd64/libjava.so
7f81022cd000-7f81022da000 r-xp 00000000 08:06 396129                     /home/chenjw/software/jdk1.6.0_29/jre/lib/amd64/libverify.so
7f81022da000-7f81023d9000 ---p 0000d000 08:06 396129                     /home/chenjw/software/jdk1.6.0_29/jre/lib/amd64/libverify.so
7f81023d9000-7f81023dc000 rwxp 0000c000 08:06 396129                     /home/chenjw/software/jdk1.6.0_29/jre/lib/amd64/libverify.so
7f81023dc000-7f81023df000 ---p 00000000 00:00 0 
7f81023df000-7f81024dd000 rwxp 00000000 00:00 0 
7f81024dd000-7f8102df7000 r-xp 00000000 08:06 396154                     /home/chenjw/software/jdk1.6.0_29/jre/lib/amd64/server/libjvm.so
7f8102df7000-7f8102ef9000 ---p 0091a000 08:06 396154                     /home/chenjw/software/jdk1.6.0_29/jre/lib/amd64/server/libjvm.so
7f8102ef9000-7f81030ae000 rwxp 0091c000 08:06 396154                     /home/chenjw/software/jdk1.6.0_29/jre/lib/amd64/server/libjvm.so
7f81030ae000-7f81030eb000 rwxp 00000000 00:00 0 
7f81030eb000-7f81030f2000 r-xp 00000000 08:06 396119                     /home/chenjw/software/jdk1.6.0_29/jre/lib/amd64/jli/libjli.so
7f81030f2000-7f81031f3000 ---p 00007000 08:06 396119                     /home/chenjw/software/jdk1.6.0_29/jre/lib/amd64/jli/libjli.so
7f81031f3000-7f81031f5000 rwxp 00008000 08:06 396119                     /home/chenjw/software/jdk1.6.0_29/jre/lib/amd64/jli/libjli.so
7f81031f5000-7f81031f6000 rwxp 00000000 00:00 0 
7f81031f7000-7f81031ff000 r-xs 0008a000 08:06 6163182                    /home/chenjw/my_workspace/knife/lib/misc.javassist-3.9.0.GA.jar
7f81031ff000-7f8103203000 r-xs 0003c000 08:06 6163160                    /home/chenjw/my_workspace/knife/lib/commons-lang-2.4.jar
7f8103203000-7f810320b000 rwxs 00000000 08:06 2890007                    /tmp/hsperfdata_chenjw/21016
7f810320b000-7f810320c000 rwxp 00000000 00:00 0 
7f810320c000-7f810320d000 r-xp 00000000 00:00 0 
7f810320d000-7f810320e000 rwxp 00000000 00:00 0 
7fff53aaa000-7fff53abf000 rwxp 00000000 00:00 0                          [stack]
7fff53bff000-7fff53c00000 r-xp 00000000 00:00 0                          [vdso]
ffffffffff600000-ffffffffff601000 r-xp 00000000 00:00 0                  [vsyscall]

VM Arguments:
jvm_args: -Dfile.encoding=UTF-8 
java_command: com.chenjw.knife.server.Main
Launcher Type: SUN_STANDARD

Environment Variables:
JAVA_HOME=/home/chenjw/software/jdk1.6.0_29
CLASSPATH=.:/home/chenjw/software/jdk1.6.0_29/lib:
PATH=/home/chenjw/software/jdk1.6.0_29/bin:/home/chenjw/software/apache-maven-2.2.1/bin:/home/chenjw/software/apache-ant-1.8.3/bin:/usr/lib64/qt-3.3/bin:/usr/local/bin:/usr/bin:/bin:/usr/local/sbin:/usr/sbin:/sbin:/home/chenjw/bin
USERNAME=chenjw
LD_LIBRARY_PATH=/home/chenjw/software/jdk1.6.0_29/jre/lib/amd64/server:/home/chenjw/software/jdk1.6.0_29/jre/lib/amd64:/home/chenjw/software/jdk1.6.0_29/jre/../lib/amd64
SHELL=/bin/bash
DISPLAY=:0.0

Signal Handlers:
SIGSEGV: [libjvm.so+0x85f780], sa_mask[0]=0x7ffbfeff, sa_flags=0x10000004
SIGBUS: [libjvm.so+0x85f780], sa_mask[0]=0x7ffbfeff, sa_flags=0x10000004
SIGFPE: [libjvm.so+0x70e3b0], sa_mask[0]=0x7ffbfeff, sa_flags=0x10000004
SIGPIPE: [libjvm.so+0x70e3b0], sa_mask[0]=0x7ffbfeff, sa_flags=0x10000004
SIGXFSZ: [libjvm.so+0x70e3b0], sa_mask[0]=0x7ffbfeff, sa_flags=0x10000004
SIGILL: [libjvm.so+0x70e3b0], sa_mask[0]=0x7ffbfeff, sa_flags=0x10000004
SIGUSR1: SIG_DFL, sa_mask[0]=0x00000000, sa_flags=0x00000000
SIGUSR2: [libjvm.so+0x7111c0], sa_mask[0]=0x00000004, sa_flags=0x10000004
SIGHUP: [libjvm.so+0x710dc0], sa_mask[0]=0x7ffbfeff, sa_flags=0x10000004
SIGINT: [libjvm.so+0x710dc0], sa_mask[0]=0x7ffbfeff, sa_flags=0x10000004
SIGTERM: [libjvm.so+0x710dc0], sa_mask[0]=0x7ffbfeff, sa_flags=0x10000004
SIGQUIT: [libjvm.so+0x710dc0], sa_mask[0]=0x7ffbfeff, sa_flags=0x10000004


---------------  S Y S T E M  ---------------

OS:CentOS release 6.2 (Final)

uname:Linux 2.6.32-220.4.1.el6.x86_64 #1 SMP Tue Jan 24 02:13:44 GMT 2012 x86_64
libc:glibc 2.12 NPTL 2.12 
rlimit: STACK 10240k, CORE 0k, NPROC 1024, NOFILE 1024, AS infinity
load average:0.19 0.13 0.10

/proc/meminfo:
MemTotal:        5851108 kB
MemFree:         1521080 kB
Buffers:          610852 kB
Cached:          1397836 kB
SwapCached:            0 kB
Active:          2631124 kB
Inactive:        1138960 kB
Active(anon):    1761704 kB
Inactive(anon):    10420 kB
Active(file):     869420 kB
Inactive(file):  1128540 kB
Unevictable:           0 kB
Mlocked:               0 kB
SwapTotal:       9375736 kB
SwapFree:        9375736 kB
Dirty:               200 kB
Writeback:             4 kB
AnonPages:       1761304 kB
Mapped:           152232 kB
Shmem:             10744 kB
Slab:             409116 kB
SReclaimable:     264512 kB
SUnreclaim:       144604 kB
KernelStack:        4320 kB
PageTables:        42960 kB
NFS_Unstable:          0 kB
Bounce:                0 kB
WritebackTmp:          0 kB
CommitLimit:    12301288 kB
Committed_AS:    3798836 kB
VmallocTotal:   34359738367 kB
VmallocUsed:      299640 kB
VmallocChunk:   34359431116 kB
HardwareCorrupted:     0 kB
AnonHugePages:   1075200 kB
HugePages_Total:       0
HugePages_Free:        0
HugePages_Rsvd:        0
HugePages_Surp:        0
Hugepagesize:       2048 kB
DirectMap4k:        6144 kB
DirectMap2M:     6211584 kB


CPU:total 4 (2 cores per cpu, 2 threads per core) family 6 model 37 stepping 5, cmov, cx8, fxsr, mmx, sse, sse2, sse3, ssse3, sse4.1, sse4.2, popcnt, ht

/proc/cpuinfo:
processor	: 0
vendor_id	: GenuineIntel
cpu family	: 6
model		: 37
model name	: Intel(R) Core(TM) i3 CPU       M 380  @ 2.53GHz
stepping	: 5
cpu MHz		: 933.000
cache size	: 3072 KB
physical id	: 0
siblings	: 4
core id		: 0
cpu cores	: 2
apicid		: 0
initial apicid	: 0
fpu		: yes
fpu_exception	: yes
cpuid level	: 11
wp		: yes
flags		: fpu vme de pse tsc msr pae mce cx8 apic mtrr pge mca cmov pat pse36 clflush dts acpi mmx fxsr sse sse2 ss ht tm pbe syscall nx rdtscp lm constant_tsc arch_perfmon pebs bts rep_good xtopology nonstop_tsc aperfmperf pni dtes64 monitor ds_cpl vmx est tm2 ssse3 cx16 xtpr pdcm sse4_1 sse4_2 popcnt lahf_lm arat dts tpr_shadow vnmi flexpriority ept vpid
bogomips	: 5053.44
clflush size	: 64
cache_alignment	: 64
address sizes	: 36 bits physical, 48 bits virtual
power management:

processor	: 1
vendor_id	: GenuineIntel
cpu family	: 6
model		: 37
model name	: Intel(R) Core(TM) i3 CPU       M 380  @ 2.53GHz
stepping	: 5
cpu MHz		: 2533.000
cache size	: 3072 KB
physical id	: 0
siblings	: 4
core id		: 2
cpu cores	: 2
apicid		: 4
initial apicid	: 4
fpu		: yes
fpu_exception	: yes
cpuid level	: 11
wp		: yes
flags		: fpu vme de pse tsc msr pae mce cx8 apic mtrr pge mca cmov pat pse36 clflush dts acpi mmx fxsr sse sse2 ss ht tm pbe syscall nx rdtscp lm constant_tsc arch_perfmon pebs bts rep_good xtopology nonstop_tsc aperfmperf pni dtes64 monitor ds_cpl vmx est tm2 ssse3 cx16 xtpr pdcm sse4_1 sse4_2 popcnt lahf_lm arat dts tpr_shadow vnmi flexpriority ept vpid
bogomips	: 5053.74
clflush size	: 64
cache_alignment	: 64
address sizes	: 36 bits physical, 48 bits virtual
power management:

processor	: 2
vendor_id	: GenuineIntel
cpu family	: 6
model		: 37
model name	: Intel(R) Core(TM) i3 CPU       M 380  @ 2.53GHz
stepping	: 5
cpu MHz		: 933.000
cache size	: 3072 KB
physical id	: 0
siblings	: 4
core id		: 0
cpu cores	: 2
apicid		: 1
initial apicid	: 1
fpu		: yes
fpu_exception	: yes
cpuid level	: 11
wp		: yes
flags		: fpu vme de pse tsc msr pae mce cx8 apic mtrr pge mca cmov pat pse36 clflush dts acpi mmx fxsr sse sse2 ss ht tm pbe syscall nx rdtscp lm constant_tsc arch_perfmon pebs bts rep_good xtopology nonstop_tsc aperfmperf pni dtes64 monitor ds_cpl vmx est tm2 ssse3 cx16 xtpr pdcm sse4_1 sse4_2 popcnt lahf_lm arat dts tpr_shadow vnmi flexpriority ept vpid
bogomips	: 5053.73
clflush size	: 64
cache_alignment	: 64
address sizes	: 36 bits physical, 48 bits virtual
power management:

processor	: 3
vendor_id	: GenuineIntel
cpu family	: 6
model		: 37
model name	: Intel(R) Core(TM) i3 CPU       M 380  @ 2.53GHz
stepping	: 5
cpu MHz		: 2533.000
cache size	: 3072 KB
physical id	: 0
siblings	: 4
core id		: 2
cpu cores	: 2
apicid		: 5
initial apicid	: 5
fpu		: yes
fpu_exception	: yes
cpuid level	: 11
wp		: yes
flags		: fpu vme de pse tsc msr pae mce cx8 apic mtrr pge mca cmov pat pse36 clflush dts acpi mmx fxsr sse sse2 ss ht tm pbe syscall nx rdtscp lm constant_tsc arch_perfmon pebs bts rep_good xtopology nonstop_tsc aperfmperf pni dtes64 monitor ds_cpl vmx est tm2 ssse3 cx16 xtpr pdcm sse4_1 sse4_2 popcnt lahf_lm arat dts tpr_shadow vnmi flexpriority ept vpid
bogomips	: 5053.73
clflush size	: 64
cache_alignment	: 64
address sizes	: 36 bits physical, 48 bits virtual
power management:



Memory: 4k page, physical 5851108k(1521080k free), swap 9375736k(9375736k free)

vm_info: Java HotSpot(TM) 64-Bit Server VM (20.4-b02) for linux-amd64 JRE (1.6.0_29-b11), built on Oct  3 2011 01:19:20 by "java_re" with gcc 3.2.2 (SuSE Linux)

time: Tue Jul 10 17:20:37 2012
elapsed time: 76 seconds

