#
# A fatal error has been detected by the Java Runtime Environment:
#
#  SIGSEGV (0xb) at pc=0x00007fcac714d1f8, pid=23908, tid=140508854613760
#
# JRE version: 6.0_29-b11
# Java VM: Java HotSpot(TM) 64-Bit Server VM (20.4-b02 mixed mode linux-amd64 compressed oops)
# Problematic frame:
# V  [libjvm.so+0x50a1f8]  unsigned+0xf8
#
# If you would like to submit a bug report, please visit:
#   http://java.sun.com/webapps/bugreport/crash.jsp
#

---------------  T H R E A D  ---------------

Current thread (0x00007fca7c008800):  JavaThread "agent-server" daemon [_thread_in_vm, id=23953, stack(0x00007fcac44df000,0x00007fcac45e0000)]

siginfo:si_signo=SIGSEGV: si_errno=0, si_code=1 (SEGV_MAPERR), si_addr=0x00000000834d903c

Registers:
RAX=0x0000000000000000, RBX=0xffffffffa0003234, RCX=0x00007fcac76d6b73, RDX=0x00000000e34d5e08
RSP=0x00007fcac45de5b0, RBP=0x00007fcac45de5f0, RSI=0x00000000e34d5e08, RDI=0x00000000a189a098
R8 =0x0000000000000ffc, R9 =0x00007fcac76dcff0, R10=0x00007fcac76e0e58, R11=0x00007fcac76c8530
R12=0x00001ff2a0003234, R13=0x00007fcac76dd000, R14=0x00007fcac45de768, R15=0x00007fca7c0089d0
RIP=0x00007fcac714d1f8, EFLAGS=0x0000000000010246, CSGSFS=0x0000000000000033, ERR=0x0000000000000004
  TRAPNO=0x000000000000000e

Top of Stack: (sp=0x00007fcac45de5b0)
0x00007fcac45de5b0:   00007fca7c008800 0000000000000000
0x00007fcac45de5c0:   00007fca7c008800 0000000000000000
0x00007fcac45de5d0:   00007fca7c0089d0 00007fca8000c8d0
0x00007fcac45de5e0:   00007fca80000a70 00007fca80032e80
0x00007fcac45de5f0:   00007fcac45de768 00007fcac42dcf32
0x00007fcac45de600:   00007fca8000c8d0 00007fca80000a70
0x00007fcac45de610:   00007fca80032e80 00007fca7c0089d0
0x00007fcac45de620:   00007fcac45de768 00007fcac42dd4b6
0x00007fcac45de630:   00007fcac44de338 00007fca800377d0
0x00007fcac45de640:   0000000000000000 0000000000000000
0x00007fcac45de650:   00007fcac44de338 00007fcac42dd99c
0x00007fcac45de660:   00007fcac45de760 00007fcac45de768
0x00007fcac45de670:   00007fca7c0089d0 00007fcac45de758
0x00007fcac45de680:   00007fcac45de670 00007fca800377b0
0x00007fcac45de690:   00007fca8000dd00 0000000ca19b6ca0
0x00007fcac45de6a0:   0000000000000000 00000000a223a5c8
0x00007fcac45de6b0:   00007fcac45de738 0000000000000000
0x00007fcac45de6c0:   00000000a223a5c8 00007fcac45de768
0x00007fcac45de6d0:   00007fca7c008800 00007fcabd010d6e
0x00007fcac45de6e0:   00000000e236e5b0 0000000000000001
0x00007fcac45de6f0:   0000000000000000 00007fcac45de6f8
0x00007fcac45de700:   0000000000000000 00007fcac45de768
0x00007fcac45de710:   00000000a223ab30 0000000000000000
0x00007fcac45de720:   00000000a223a5c8 0000000000000000
0x00007fcac45de730:   00007fcac45de758 00007fcac45de7b0
0x00007fcac45de740:   00007fcabd005929 00000000a223aab0
0x00007fcac45de750:   00007fcabd00df5b 00000000a1821688
0x00007fcac45de760:   00000000a2271688 00000000e34d5e08
0x00007fcac45de770:   00007fcac45de770 00000000a223a2c3
0x00007fcac45de780:   00007fcac45de7f0 00000000a223ab30
0x00007fcac45de790:   0000000000000000 00000000a223a320
0x00007fcac45de7a0:   00007fcac45de758 00007fcac45de7f0 

Instructions: (pc=0x00007fcac714d1f8)
0x00007fcac714d1d8:   8b 0d 1a 15 6c 00 4d 89 ec 49 c1 ec 02 80 39 00
0x00007fcac714d1e8:   0f 85 a9 00 00 00 49 63 dc 4c 8b 2d f0 f3 6b 00
0x00007fcac714d1f8:   dd 04 33 48 8b 5d d0 dd 5d c8 c7 83 48 02 00 00
0x00007fcac714d208:   07 00 00 00 41 8b 55 00 83 fa 01 7e 1b 4c 8b 35 

Register to memory mapping:

RAX=0x0000000000000000 is an unknown value
RBX=0xffffffffa0003234 is an unknown value
RCX=0x00007fcac76d6b73: <offset 0xa93b73> in /home/chenjw/software/jdk1.6.0_29/jre/lib/amd64/server/libjvm.so at 0x00007fcac6c43000
RDX=0x00000000e34d5e08 is an oop
java.lang.Double 
 - klass: 'java/lang/Double'
RSP=0x00007fcac45de5b0 is pointing into the stack for thread: 0x00007fca7c008800
RBP=0x00007fcac45de5f0 is pointing into the stack for thread: 0x00007fca7c008800
RSI=0x00000000e34d5e08 is an oop
java.lang.Double 
 - klass: 'java/lang/Double'
RDI=0x00000000a189a098 is an oop
{instance class} 
 - klass: {other class}
R8 =0x0000000000000ffc is an unknown value
R9 =0x00007fcac76dcff0: <offset 0xa99ff0> in /home/chenjw/software/jdk1.6.0_29/jre/lib/amd64/server/libjvm.so at 0x00007fcac6c43000
R10=0x00007fcac76e0e58: <offset 0xa9de58> in /home/chenjw/software/jdk1.6.0_29/jre/lib/amd64/server/libjvm.so at 0x00007fcac6c43000
R11=0x00007fcac76c8530: <offset 0xa85530> in /home/chenjw/software/jdk1.6.0_29/jre/lib/amd64/server/libjvm.so at 0x00007fcac6c43000
R12=0x00001ff2a0003234 is an unknown value
R13=0x00007fcac76dd000: <offset 0xa9a000> in /home/chenjw/software/jdk1.6.0_29/jre/lib/amd64/server/libjvm.so at 0x00007fcac6c43000
R14=0x00007fcac45de768 is pointing into the stack for thread: 0x00007fca7c008800
R15=0x00007fca7c0089d0 is an unknown value


Stack: [0x00007fcac44df000,0x00007fcac45e0000],  sp=0x00007fcac45de5b0,  free space=1021k
Native frames: (J=compiled Java code, j=interpreted, Vv=VM code, C=native code)
V  [libjvm.so+0x50a1f8]  unsigned+0xf8
C  [libnativehelper.so.0.0.0+0xf32]  getDoubleField(JNIEnv_*, _jobject*, _jfieldID*)+0x12

Java frames: (J=compiled Java code, j=interpreted, Vv=VM code)
j  com.chenjw.knife.agent.NativeHelper.getFieldValue0(Ljava/lang/Object;Ljava/lang/String;Ljava/lang/Class;)Ljava/lang/Object;+0
j  com.chenjw.knife.agent.NativeHelper.getFieldValues(Ljava/lang/Object;)Ljava/util/Map;+51
j  com.chenjw.knife.agent.handler.LsCommandHandler.handle([Ljava/lang/String;)V+17
j  com.chenjw.knife.agent.AgentPacketListener.dispatch(Lcom/chenjw/knife/client/Command;)V+26
j  com.chenjw.knife.agent.AgentPacketListener.handle(Lcom/chenjw/knife/client/Packet;)V+15
j  com.chenjw.knife.agent.AgentServer.run()V+47
j  java.lang.Thread.run()V+11
v  ~StubRoutines::call_stub

---------------  P R O C E S S  ---------------

Java Threads: ( => current thread )
=>0x00007fca7c008800 JavaThread "agent-server" daemon [_thread_in_vm, id=23953, stack(0x00007fcac44df000,0x00007fcac45e0000)]
  0x00007fca8c001000 JavaThread "Attach Listener" daemon [_thread_blocked, id=23952, stack(0x00007fcac48eb000,0x00007fcac49ec000)]
  0x00007fcac0090800 JavaThread "Low Memory Detector" daemon [_thread_blocked, id=23925, stack(0x00007fcac4e0c000,0x00007fcac4f0d000)]
  0x00007fcac008e800 JavaThread "C2 CompilerThread1" daemon [_thread_blocked, id=23924, stack(0x00007fcac4f0d000,0x00007fcac500e000)]
  0x00007fcac008b800 JavaThread "C2 CompilerThread0" daemon [_thread_blocked, id=23923, stack(0x00007fcac500e000,0x00007fcac510f000)]
  0x00007fcac0089800 JavaThread "Signal Dispatcher" daemon [_thread_blocked, id=23922, stack(0x00007fcac510f000,0x00007fcac5210000)]
  0x00007fcac006d800 JavaThread "Finalizer" daemon [_thread_blocked, id=23920, stack(0x00007fcac5210000,0x00007fcac5311000)]
  0x00007fcac006b800 JavaThread "Reference Handler" daemon [_thread_blocked, id=23919, stack(0x00007fcac5311000,0x00007fcac5412000)]
  0x00007fcac0007000 JavaThread "main" [_thread_blocked, id=23913, stack(0x00007fcac6b42000,0x00007fcac6c43000)]

Other Threads:
  0x00007fcac0064800 VMThread [stack: 0x00007fcac5412000,0x00007fcac5513000] [id=23918]
  0x00007fcac009b800 WatcherThread [stack: 0x00007fcac4d0b000,0x00007fcac4e0c000] [id=23926]

VM state:not at safepoint (normal execution)

VM Mutex/Monitor currently owned by a thread: None

Heap
 PSYoungGen      total 26688K, used 18178K [0x00000000e2360000, 0x00000000e4120000, 0x0000000100000000)
  eden space 22912K, 79% used [0x00000000e2360000,0x00000000e35209d8,0x00000000e39c0000)
  from space 3776K, 0% used [0x00000000e3d70000,0x00000000e3d70000,0x00000000e4120000)
  to   space 3776K, 0% used [0x00000000e39c0000,0x00000000e39c0000,0x00000000e3d70000)
 PSOldGen        total 60992K, used 0K [0x00000000a6a00000, 0x00000000aa590000, 0x00000000e2360000)
  object space 60992K, 0% used [0x00000000a6a00000,0x00000000a6a00000,0x00000000aa590000)
 PSPermGen       total 21248K, used 10694K [0x00000000a1800000, 0x00000000a2cc0000, 0x00000000a6a00000)
  object space 21248K, 50% used [0x00000000a1800000,0x00000000a2271a08,0x00000000a2cc0000)

Code Cache  [0x00007fcabd000000, 0x00007fcabd270000, 0x00007fcac0000000)
 total_blobs=264 nmethods=33 adapters=185 free_code_cache=49823168 largest_free_block=11328

Dynamic libraries:
40000000-40009000 r-xp 00000000 08:06 395485                             /home/chenjw/software/jdk1.6.0_29/bin/java
40108000-4010a000 rwxp 00008000 08:06 395485                             /home/chenjw/software/jdk1.6.0_29/bin/java
407ae000-407cf000 rwxp 00000000 00:00 0                                  [heap]
a1800000-a2cc0000 rwxp 00000000 00:00 0 
a2cc0000-a6a00000 rwxp 00000000 00:00 0 
a6a00000-aa590000 rwxp 00000000 00:00 0 
aa590000-e2360000 rwxp 00000000 00:00 0 
e2360000-e4120000 rwxp 00000000 00:00 0 
e4120000-100000000 rwxp 00000000 00:00 0 
31ff600000-31ff620000 r-xp 00000000 08:06 4477                           /lib64/ld-2.12.so
31ff81f000-31ff820000 r-xp 0001f000 08:06 4477                           /lib64/ld-2.12.so
31ff820000-31ff821000 rwxp 00020000 08:06 4477                           /lib64/ld-2.12.so
31ff821000-31ff822000 rwxp 00000000 00:00 0 
31ffa00000-31ffb97000 r-xp 00000000 08:06 71859                          /lib64/libc-2.12.so
31ffb97000-31ffd97000 ---p 00197000 08:06 71859                          /lib64/libc-2.12.so
31ffd97000-31ffd9b000 r-xp 00197000 08:06 71859                          /lib64/libc-2.12.so
31ffd9b000-31ffd9c000 rwxp 0019b000 08:06 71859                          /lib64/libc-2.12.so
31ffd9c000-31ffda1000 rwxp 00000000 00:00 0 
31ffe00000-31ffe02000 r-xp 00000000 08:06 73879                          /lib64/libdl-2.12.so
31ffe02000-3200002000 ---p 00002000 08:06 73879                          /lib64/libdl-2.12.so
3200002000-3200003000 r-xp 00002000 08:06 73879                          /lib64/libdl-2.12.so
3200003000-3200004000 rwxp 00003000 08:06 73879                          /lib64/libdl-2.12.so
3200200000-3200217000 r-xp 00000000 08:06 71861                          /lib64/libpthread-2.12.so
3200217000-3200416000 ---p 00017000 08:06 71861                          /lib64/libpthread-2.12.so
3200416000-3200417000 r-xp 00016000 08:06 71861                          /lib64/libpthread-2.12.so
3200417000-3200418000 rwxp 00017000 08:06 71861                          /lib64/libpthread-2.12.so
3200418000-320041c000 rwxp 00000000 00:00 0 
3200600000-3200683000 r-xp 00000000 08:06 67022                          /lib64/libm-2.12.so
3200683000-3200882000 ---p 00083000 08:06 67022                          /lib64/libm-2.12.so
3200882000-3200883000 r-xp 00082000 08:06 67022                          /lib64/libm-2.12.so
3200883000-3200884000 rwxp 00083000 08:06 67022                          /lib64/libm-2.12.so
3200a00000-3200a07000 r-xp 00000000 08:06 71862                          /lib64/librt-2.12.so
3200a07000-3200c06000 ---p 00007000 08:06 71862                          /lib64/librt-2.12.so
3200c06000-3200c07000 r-xp 00006000 08:06 71862                          /lib64/librt-2.12.so
3200c07000-3200c08000 rwxp 00007000 08:06 71862                          /lib64/librt-2.12.so
3209a00000-3209a16000 r-xp 00000000 08:06 71933                          /lib64/libgcc_s-4.4.6-20110824.so.1
3209a16000-3209c15000 ---p 00016000 08:06 71933                          /lib64/libgcc_s-4.4.6-20110824.so.1
3209c15000-3209c16000 rwxp 00015000 08:06 71933                          /lib64/libgcc_s-4.4.6-20110824.so.1
320b200000-320b2e8000 r-xp 00000000 08:06 71934                          /usr/lib64/libstdc++.so.6.0.13
320b2e8000-320b4e8000 ---p 000e8000 08:06 71934                          /usr/lib64/libstdc++.so.6.0.13
320b4e8000-320b4ef000 r-xp 000e8000 08:06 71934                          /usr/lib64/libstdc++.so.6.0.13
320b4ef000-320b4f1000 rwxp 000ef000 08:06 71934                          /usr/lib64/libstdc++.so.6.0.13
320b4f1000-320b506000 rwxp 00000000 00:00 0 
320f600000-320f616000 r-xp 00000000 08:06 70947                          /lib64/libnsl-2.12.so
320f616000-320f815000 ---p 00016000 08:06 70947                          /lib64/libnsl-2.12.so
320f815000-320f816000 r-xp 00015000 08:06 70947                          /lib64/libnsl-2.12.so
320f816000-320f817000 rwxp 00016000 08:06 70947                          /lib64/libnsl-2.12.so
320f817000-320f819000 rwxp 00000000 00:00 0 
7fca7c000000-7fca7c035000 rwxp 00000000 00:00 0 
7fca7c035000-7fca80000000 ---p 00000000 00:00 0 
7fca80000000-7fca8005c000 rwxp 00000000 00:00 0 
7fca8005c000-7fca84000000 ---p 00000000 00:00 0 
7fca84000000-7fca84021000 rwxp 00000000 00:00 0 
7fca84021000-7fca88000000 ---p 00000000 00:00 0 
7fca88000000-7fca88021000 rwxp 00000000 00:00 0 
7fca88021000-7fca8c000000 ---p 00000000 00:00 0 
7fca8c000000-7fca8c021000 rwxp 00000000 00:00 0 
7fca8c021000-7fca90000000 ---p 00000000 00:00 0 
7fca90000000-7fca904fc000 rwxp 00000000 00:00 0 
7fca904fc000-7fca94000000 ---p 00000000 00:00 0 
7fca94000000-7fca943ae000 rwxp 00000000 00:00 0 
7fca943ae000-7fca98000000 ---p 00000000 00:00 0 
7fca9a16f000-7fcaa0000000 r-xp 00000000 08:06 44092                      /usr/lib/locale/locale-archive
7fcaa0000000-7fcaa0021000 rwxp 00000000 00:00 0 
7fcaa0021000-7fcaa4000000 ---p 00000000 00:00 0 
7fcaa4000000-7fcaa4021000 rwxp 00000000 00:00 0 
7fcaa4021000-7fcaa8000000 ---p 00000000 00:00 0 
7fcaa8000000-7fcaa8021000 rwxp 00000000 00:00 0 
7fcaa8021000-7fcaac000000 ---p 00000000 00:00 0 
7fcaac000000-7fcaac021000 rwxp 00000000 00:00 0 
7fcaac021000-7fcab0000000 ---p 00000000 00:00 0 
7fcab0000000-7fcab0021000 rwxp 00000000 00:00 0 
7fcab0021000-7fcab4000000 ---p 00000000 00:00 0 
7fcab4000000-7fcab4021000 rwxp 00000000 00:00 0 
7fcab4021000-7fcab8000000 ---p 00000000 00:00 0 
7fcab8000000-7fcab8021000 rwxp 00000000 00:00 0 
7fcab8021000-7fcabc000000 ---p 00000000 00:00 0 
7fcabd000000-7fcabd270000 rwxp 00000000 00:00 0 
7fcabd270000-7fcac02ef000 rwxp 00000000 00:00 0 
7fcac02ef000-7fcac4000000 ---p 00000000 00:00 0 
7fcac42d8000-7fcac42dc000 r-xs 00203000 08:06 400115                     /home/chenjw/test/Test.jar
7fcac42dc000-7fcac42df000 r-xp 00000000 08:06 6298923                    /home/chenjw/my_workspace/knife/src/main/cpp/src/.libs/libnativehelper.so.0.0.0
7fcac42df000-7fcac44de000 ---p 00003000 08:06 6298923                    /home/chenjw/my_workspace/knife/src/main/cpp/src/.libs/libnativehelper.so.0.0.0
7fcac44de000-7fcac44df000 rwxp 00002000 08:06 6298923                    /home/chenjw/my_workspace/knife/src/main/cpp/src/.libs/libnativehelper.so.0.0.0
7fcac44df000-7fcac44e2000 ---p 00000000 00:00 0 
7fcac44e2000-7fcac45e0000 rwxp 00000000 00:00 0 
7fcac45e0000-7fcac45e9000 r-xp 00000000 08:06 396163                     /home/chenjw/software/jdk1.6.0_29/jre/lib/amd64/libinstrument.so
7fcac45e9000-7fcac46e8000 ---p 00009000 08:06 396163                     /home/chenjw/software/jdk1.6.0_29/jre/lib/amd64/libinstrument.so
7fcac46e8000-7fcac46ea000 rwxp 00008000 08:06 396163                     /home/chenjw/software/jdk1.6.0_29/jre/lib/amd64/libinstrument.so
7fcac46ea000-7fcac46eb000 r-xp 00000000 08:06 5781554                    /home/chenjw/workspace/jvmtitest/src/.libs/libagent.so.0.0.0
7fcac46eb000-7fcac48ea000 ---p 00001000 08:06 5781554                    /home/chenjw/workspace/jvmtitest/src/.libs/libagent.so.0.0.0
7fcac48ea000-7fcac48eb000 rwxp 00000000 08:06 5781554                    /home/chenjw/workspace/jvmtitest/src/.libs/libagent.so.0.0.0
7fcac48eb000-7fcac48ee000 ---p 00000000 00:00 0 
7fcac48ee000-7fcac49ec000 rwxp 00000000 00:00 0 
7fcac49ec000-7fcac49fb000 r-xs 00667000 08:06 396199                     /home/chenjw/software/jdk1.6.0_29/jre/lib/charsets.jar
7fcac49fb000-7fcac4a03000 r-xs 00115000 08:06 396240                     /home/chenjw/software/jdk1.6.0_29/jre/lib/resources.jar
7fcac4a03000-7fcac4a07000 r-xs 000cb000 08:06 396804                     /home/chenjw/software/jdk1.6.0_29/jre/lib/ext/localedata.jar
7fcac4a07000-7fcac4a19000 r-xs 00194000 08:06 6163195                    /home/chenjw/my_workspace/knife/lib/java.j2ee-1.4.jar
7fcac4a19000-7fcac4a56000 r-xs 00294000 08:06 6163193                    /home/chenjw/my_workspace/knife/lib/sourceforge.spring-2.5.6.jar
7fcac4a56000-7fcac4a8a000 r-xs 002d2000 08:06 6163194                    /home/chenjw/my_workspace/knife/lib/sourceforge.spring-2.5.6-sources.jar
7fcac4a8a000-7fcac4aea000 r-xs 00bab000 08:06 396224                     /home/chenjw/software/jdk1.6.0_29/lib/tools.jar
7fcac4aea000-7fcac4afd000 r-xp 00000000 08:06 396123                     /home/chenjw/software/jdk1.6.0_29/jre/lib/amd64/libnet.so
7fcac4afd000-7fcac4bfe000 ---p 00013000 08:06 396123                     /home/chenjw/software/jdk1.6.0_29/jre/lib/amd64/libnet.so
7fcac4bfe000-7fcac4c01000 rwxp 00014000 08:06 396123                     /home/chenjw/software/jdk1.6.0_29/jre/lib/amd64/libnet.so
7fcac4c01000-7fcac4c07000 r-xp 00000000 08:06 396170                     /home/chenjw/software/jdk1.6.0_29/jre/lib/amd64/libmanagement.so
7fcac4c07000-7fcac4d06000 ---p 00006000 08:06 396170                     /home/chenjw/software/jdk1.6.0_29/jre/lib/amd64/libmanagement.so
7fcac4d06000-7fcac4d08000 rwxp 00005000 08:06 396170                     /home/chenjw/software/jdk1.6.0_29/jre/lib/amd64/libmanagement.so
7fcac4d08000-7fcac4d0b000 r-xs 00018000 08:06 6163175                    /home/chenjw/my_workspace/knife/lib/commons-io-1.4.jar
7fcac4d0b000-7fcac4d0c000 ---p 00000000 00:00 0 
7fcac4d0c000-7fcac4e0c000 rwxp 00000000 00:00 0 
7fcac4e0c000-7fcac4e0f000 ---p 00000000 00:00 0 
7fcac4e0f000-7fcac4f0d000 rwxp 00000000 00:00 0 
7fcac4f0d000-7fcac4f10000 ---p 00000000 00:00 0 
7fcac4f10000-7fcac500e000 rwxp 00000000 00:00 0 
7fcac500e000-7fcac5011000 ---p 00000000 00:00 0 
7fcac5011000-7fcac510f000 rwxp 00000000 00:00 0 
7fcac510f000-7fcac5112000 ---p 00000000 00:00 0 
7fcac5112000-7fcac5210000 rwxp 00000000 00:00 0 
7fcac5210000-7fcac5213000 ---p 00000000 00:00 0 
7fcac5213000-7fcac5311000 rwxp 00000000 00:00 0 
7fcac5311000-7fcac5314000 ---p 00000000 00:00 0 
7fcac5314000-7fcac5412000 rwxp 00000000 00:00 0 
7fcac5412000-7fcac5413000 ---p 00000000 00:00 0 
7fcac5413000-7fcac5a4c000 rwxp 00000000 00:00 0 
7fcac5a4c000-7fcac5be4000 r-xs 0302d000 08:06 398556                     /home/chenjw/software/jdk1.6.0_29/jre/lib/rt.jar
7fcac5be4000-7fcac5c0c000 rwxp 00000000 00:00 0 
7fcac5c0c000-7fcac5c0d000 ---p 00000000 00:00 0 
7fcac5c0d000-7fcac5d0d000 rwxp 00000000 00:00 0 
7fcac5d0d000-7fcac5d0e000 ---p 00000000 00:00 0 
7fcac5d0e000-7fcac5e0e000 rwxp 00000000 00:00 0 
7fcac5e0e000-7fcac5e0f000 ---p 00000000 00:00 0 
7fcac5e0f000-7fcac5f0f000 rwxp 00000000 00:00 0 
7fcac5f0f000-7fcac5f10000 ---p 00000000 00:00 0 
7fcac5f10000-7fcac601b000 rwxp 00000000 00:00 0 
7fcac601b000-7fcac6039000 rwxp 00000000 00:00 0 
7fcac6039000-7fcac6057000 rwxp 00000000 00:00 0 
7fcac6057000-7fcac6216000 rwxp 00000000 00:00 0 
7fcac6216000-7fcac6221000 rwxp 00000000 00:00 0 
7fcac6221000-7fcac623f000 rwxp 00000000 00:00 0 
7fcac623f000-7fcac625d000 rwxp 00000000 00:00 0 
7fcac625d000-7fcac641b000 rwxp 00000000 00:00 0 
7fcac641b000-7fcac642b000 rwxp 00000000 00:00 0 
7fcac642b000-7fcac650a000 rwxp 00000000 00:00 0 
7fcac650a000-7fcac6515000 rwxp 00000000 00:00 0 
7fcac6515000-7fcac65cb000 rwxp 00000000 00:00 0 
7fcac65cb000-7fcac65d9000 r-xp 00000000 08:06 396134                     /home/chenjw/software/jdk1.6.0_29/jre/lib/amd64/libzip.so
7fcac65d9000-7fcac66db000 ---p 0000e000 08:06 396134                     /home/chenjw/software/jdk1.6.0_29/jre/lib/amd64/libzip.so
7fcac66db000-7fcac66de000 rwxp 00010000 08:06 396134                     /home/chenjw/software/jdk1.6.0_29/jre/lib/amd64/libzip.so
7fcac66de000-7fcac66df000 rwxp 00000000 00:00 0 
7fcac66df000-7fcac66eb000 r-xp 00000000 08:06 33351                      /lib64/libnss_files-2.12.so
7fcac66eb000-7fcac68eb000 ---p 0000c000 08:06 33351                      /lib64/libnss_files-2.12.so
7fcac68eb000-7fcac68ec000 r-xp 0000c000 08:06 33351                      /lib64/libnss_files-2.12.so
7fcac68ec000-7fcac68ed000 rwxp 0000d000 08:06 33351                      /lib64/libnss_files-2.12.so
7fcac68ee000-7fcac68f0000 r-xs 0000d000 08:06 6163059                    /home/chenjw/my_workspace/knife/lib/commons-logging-1.1.1.jar
7fcac68f0000-7fcac68f6000 r-xs 0006d000 08:06 6163185                    /home/chenjw/my_workspace/knife/lib/misc.javassist-3.9.0.GA-sources.jar
7fcac68f6000-7fcac6904000 r-xs 0007f000 08:06 6163176                    /home/chenjw/my_workspace/knife/lib/commons-collections-3.2.1.jar
7fcac6904000-7fcac692d000 r-xp 00000000 08:06 396147                     /home/chenjw/software/jdk1.6.0_29/jre/lib/amd64/libjava.so
7fcac692d000-7fcac6a2c000 ---p 00029000 08:06 396147                     /home/chenjw/software/jdk1.6.0_29/jre/lib/amd64/libjava.so
7fcac6a2c000-7fcac6a33000 rwxp 00028000 08:06 396147                     /home/chenjw/software/jdk1.6.0_29/jre/lib/amd64/libjava.so
7fcac6a33000-7fcac6a40000 r-xp 00000000 08:06 396129                     /home/chenjw/software/jdk1.6.0_29/jre/lib/amd64/libverify.so
7fcac6a40000-7fcac6b3f000 ---p 0000d000 08:06 396129                     /home/chenjw/software/jdk1.6.0_29/jre/lib/amd64/libverify.so
7fcac6b3f000-7fcac6b42000 rwxp 0000c000 08:06 396129                     /home/chenjw/software/jdk1.6.0_29/jre/lib/amd64/libverify.so
7fcac6b42000-7fcac6b45000 ---p 00000000 00:00 0 
7fcac6b45000-7fcac6c43000 rwxp 00000000 00:00 0 
7fcac6c43000-7fcac755d000 r-xp 00000000 08:06 396154                     /home/chenjw/software/jdk1.6.0_29/jre/lib/amd64/server/libjvm.so
7fcac755d000-7fcac765f000 ---p 0091a000 08:06 396154                     /home/chenjw/software/jdk1.6.0_29/jre/lib/amd64/server/libjvm.so
7fcac765f000-7fcac7814000 rwxp 0091c000 08:06 396154                     /home/chenjw/software/jdk1.6.0_29/jre/lib/amd64/server/libjvm.so
7fcac7814000-7fcac7851000 rwxp 00000000 00:00 0 
7fcac7851000-7fcac7858000 r-xp 00000000 08:06 396119                     /home/chenjw/software/jdk1.6.0_29/jre/lib/amd64/jli/libjli.so
7fcac7858000-7fcac7959000 ---p 00007000 08:06 396119                     /home/chenjw/software/jdk1.6.0_29/jre/lib/amd64/jli/libjli.so
7fcac7959000-7fcac795b000 rwxp 00008000 08:06 396119                     /home/chenjw/software/jdk1.6.0_29/jre/lib/amd64/jli/libjli.so
7fcac795b000-7fcac795c000 rwxp 00000000 00:00 0 
7fcac795d000-7fcac7965000 r-xs 0008a000 08:06 6163182                    /home/chenjw/my_workspace/knife/lib/misc.javassist-3.9.0.GA.jar
7fcac7965000-7fcac7969000 r-xs 0003c000 08:06 6163160                    /home/chenjw/my_workspace/knife/lib/commons-lang-2.4.jar
7fcac7969000-7fcac7971000 rwxs 00000000 08:06 2890007                    /tmp/hsperfdata_chenjw/23908
7fcac7971000-7fcac7972000 rwxp 00000000 00:00 0 
7fcac7972000-7fcac7973000 r-xp 00000000 00:00 0 
7fcac7973000-7fcac7974000 rwxp 00000000 00:00 0 
7fff27858000-7fff2786d000 rwxp 00000000 00:00 0                          [stack]
7fff279ff000-7fff27a00000 r-xp 00000000 00:00 0                          [vdso]
ffffffffff600000-ffffffffff601000 r-xp 00000000 00:00 0                  [vsyscall]

VM Arguments:
jvm_args: -Dfile.encoding=UTF-8 
java_command: com.chenjw.knife.server.Main
Launcher Type: SUN_STANDARD

Environment Variables:
JAVA_HOME=/home/chenjw/software/jdk1.6.0_29
CLASSPATH=.:/home/chenjw/software/jdk1.6.0_29/lib:
PATH=/home/chenjw/software/jdk1.6.0_29/bin:/home/chenjw/software/apache-maven-2.2.1/bin:/home/chenjw/software/apache-ant-1.8.3/bin:/usr/lib64/qt-3.3/bin:/usr/local/bin:/usr/bin:/bin:/usr/local/sbin:/usr/sbin:/sbin:/home/chenjw/bin
USERNAME=chenjw
LD_LIBRARY_PATH=/home/chenjw/software/jdk1.6.0_29/jre/lib/amd64/server:/home/chenjw/software/jdk1.6.0_29/jre/lib/amd64:/home/chenjw/software/jdk1.6.0_29/jre/../lib/amd64
SHELL=/bin/bash
DISPLAY=:0.0

Signal Handlers:
SIGSEGV: [libjvm.so+0x85f780], sa_mask[0]=0x7ffbfeff, sa_flags=0x10000004
SIGBUS: [libjvm.so+0x85f780], sa_mask[0]=0x7ffbfeff, sa_flags=0x10000004
SIGFPE: [libjvm.so+0x70e3b0], sa_mask[0]=0x7ffbfeff, sa_flags=0x10000004
SIGPIPE: [libjvm.so+0x70e3b0], sa_mask[0]=0x7ffbfeff, sa_flags=0x10000004
SIGXFSZ: [libjvm.so+0x70e3b0], sa_mask[0]=0x7ffbfeff, sa_flags=0x10000004
SIGILL: [libjvm.so+0x70e3b0], sa_mask[0]=0x7ffbfeff, sa_flags=0x10000004
SIGUSR1: SIG_DFL, sa_mask[0]=0x00000000, sa_flags=0x00000000
SIGUSR2: [libjvm.so+0x7111c0], sa_mask[0]=0x00000004, sa_flags=0x10000004
SIGHUP: [libjvm.so+0x710dc0], sa_mask[0]=0x7ffbfeff, sa_flags=0x10000004
SIGINT: [libjvm.so+0x710dc0], sa_mask[0]=0x7ffbfeff, sa_flags=0x10000004
SIGTERM: [libjvm.so+0x710dc0], sa_mask[0]=0x7ffbfeff, sa_flags=0x10000004
SIGQUIT: [libjvm.so+0x710dc0], sa_mask[0]=0x7ffbfeff, sa_flags=0x10000004


---------------  S Y S T E M  ---------------

OS:CentOS release 6.2 (Final)

uname:Linux 2.6.32-220.4.1.el6.x86_64 #1 SMP Tue Jan 24 02:13:44 GMT 2012 x86_64
libc:glibc 2.12 NPTL 2.12 
rlimit: STACK 10240k, CORE 0k, NPROC 1024, NOFILE 1024, AS infinity
load average:0.44 0.27 0.15

/proc/meminfo:
MemTotal:        5851108 kB
MemFree:         1498860 kB
Buffers:          611960 kB
Cached:          1398460 kB
SwapCached:            0 kB
Active:          2655260 kB
Inactive:        1136496 kB
Active(anon):    1781656 kB
Inactive(anon):    10424 kB
Active(file):     873604 kB
Inactive(file):  1126072 kB
Unevictable:           0 kB
Mlocked:               0 kB
SwapTotal:       9375736 kB
SwapFree:        9375736 kB
Dirty:               192 kB
Writeback:             0 kB
AnonPages:       1781184 kB
Mapped:           152972 kB
Shmem:             10748 kB
Slab:             409140 kB
SReclaimable:     264612 kB
SUnreclaim:       144528 kB
KernelStack:        4368 kB
PageTables:        43028 kB
NFS_Unstable:          0 kB
Bounce:                0 kB
WritebackTmp:          0 kB
CommitLimit:    12301288 kB
Committed_AS:    3807608 kB
VmallocTotal:   34359738367 kB
VmallocUsed:      299640 kB
VmallocChunk:   34359431116 kB
HardwareCorrupted:     0 kB
AnonHugePages:   1095680 kB
HugePages_Total:       0
HugePages_Free:        0
HugePages_Rsvd:        0
HugePages_Surp:        0
Hugepagesize:       2048 kB
DirectMap4k:        6144 kB
DirectMap2M:     6211584 kB


CPU:total 4 (2 cores per cpu, 2 threads per core) family 6 model 37 stepping 5, cmov, cx8, fxsr, mmx, sse, sse2, sse3, ssse3, sse4.1, sse4.2, popcnt, ht

/proc/cpuinfo:
processor	: 0
vendor_id	: GenuineIntel
cpu family	: 6
model		: 37
model name	: Intel(R) Core(TM) i3 CPU       M 380  @ 2.53GHz
stepping	: 5
cpu MHz		: 933.000
cache size	: 3072 KB
physical id	: 0
siblings	: 4
core id		: 0
cpu cores	: 2
apicid		: 0
initial apicid	: 0
fpu		: yes
fpu_exception	: yes
cpuid level	: 11
wp		: yes
flags		: fpu vme de pse tsc msr pae mce cx8 apic mtrr pge mca cmov pat pse36 clflush dts acpi mmx fxsr sse sse2 ss ht tm pbe syscall nx rdtscp lm constant_tsc arch_perfmon pebs bts rep_good xtopology nonstop_tsc aperfmperf pni dtes64 monitor ds_cpl vmx est tm2 ssse3 cx16 xtpr pdcm sse4_1 sse4_2 popcnt lahf_lm arat dts tpr_shadow vnmi flexpriority ept vpid
bogomips	: 5053.44
clflush size	: 64
cache_alignment	: 64
address sizes	: 36 bits physical, 48 bits virtual
power management:

processor	: 1
vendor_id	: GenuineIntel
cpu family	: 6
model		: 37
model name	: Intel(R) Core(TM) i3 CPU       M 380  @ 2.53GHz
stepping	: 5
cpu MHz		: 933.000
cache size	: 3072 KB
physical id	: 0
siblings	: 4
core id		: 2
cpu cores	: 2
apicid		: 4
initial apicid	: 4
fpu		: yes
fpu_exception	: yes
cpuid level	: 11
wp		: yes
flags		: fpu vme de pse tsc msr pae mce cx8 apic mtrr pge mca cmov pat pse36 clflush dts acpi mmx fxsr sse sse2 ss ht tm pbe syscall nx rdtscp lm constant_tsc arch_perfmon pebs bts rep_good xtopology nonstop_tsc aperfmperf pni dtes64 monitor ds_cpl vmx est tm2 ssse3 cx16 xtpr pdcm sse4_1 sse4_2 popcnt lahf_lm arat dts tpr_shadow vnmi flexpriority ept vpid
bogomips	: 5053.74
clflush size	: 64
cache_alignment	: 64
address sizes	: 36 bits physical, 48 bits virtual
power management:

processor	: 2
vendor_id	: GenuineIntel
cpu family	: 6
model		: 37
model name	: Intel(R) Core(TM) i3 CPU       M 380  @ 2.53GHz
stepping	: 5
cpu MHz		: 933.000
cache size	: 3072 KB
physical id	: 0
siblings	: 4
core id		: 0
cpu cores	: 2
apicid		: 1
initial apicid	: 1
fpu		: yes
fpu_exception	: yes
cpuid level	: 11
wp		: yes
flags		: fpu vme de pse tsc msr pae mce cx8 apic mtrr pge mca cmov pat pse36 clflush dts acpi mmx fxsr sse sse2 ss ht tm pbe syscall nx rdtscp lm constant_tsc arch_perfmon pebs bts rep_good xtopology nonstop_tsc aperfmperf pni dtes64 monitor ds_cpl vmx est tm2 ssse3 cx16 xtpr pdcm sse4_1 sse4_2 popcnt lahf_lm arat dts tpr_shadow vnmi flexpriority ept vpid
bogomips	: 5053.73
clflush size	: 64
cache_alignment	: 64
address sizes	: 36 bits physical, 48 bits virtual
power management:

processor	: 3
vendor_id	: GenuineIntel
cpu family	: 6
model		: 37
model name	: Intel(R) Core(TM) i3 CPU       M 380  @ 2.53GHz
stepping	: 5
cpu MHz		: 2533.000
cache size	: 3072 KB
physical id	: 0
siblings	: 4
core id		: 2
cpu cores	: 2
apicid		: 5
initial apicid	: 5
fpu		: yes
fpu_exception	: yes
cpuid level	: 11
wp		: yes
flags		: fpu vme de pse tsc msr pae mce cx8 apic mtrr pge mca cmov pat pse36 clflush dts acpi mmx fxsr sse sse2 ss ht tm pbe syscall nx rdtscp lm constant_tsc arch_perfmon pebs bts rep_good xtopology nonstop_tsc aperfmperf pni dtes64 monitor ds_cpl vmx est tm2 ssse3 cx16 xtpr pdcm sse4_1 sse4_2 popcnt lahf_lm arat dts tpr_shadow vnmi flexpriority ept vpid
bogomips	: 5053.73
clflush size	: 64
cache_alignment	: 64
address sizes	: 36 bits physical, 48 bits virtual
power management:



Memory: 4k page, physical 5851108k(1498860k free), swap 9375736k(9375736k free)

vm_info: Java HotSpot(TM) 64-Bit Server VM (20.4-b02) for linux-amd64 JRE (1.6.0_29-b11), built on Oct  3 2011 01:19:20 by "java_re" with gcc 3.2.2 (SuSE Linux)

time: Tue Jul 10 17:38:42 2012
elapsed time: 169 seconds

