#
# A fatal error has been detected by the Java Runtime Environment:
#
#  SIGSEGV (0xb) at pc=0x00007fcf2e1fe440, pid=13083, tid=140527780599552
#
# JRE version: 6.0_29-b11
# Java VM: Java HotSpot(TM) 64-Bit Server VM (20.4-b02 mixed mode linux-amd64 compressed oops)
# Problematic frame:
# V  [libjvm.so+0x39b440]  _GLOBAL__I__ZN17CompilationPolicy7_policyE+0x20
#
# If you would like to submit a bug report, please visit:
#   http://java.sun.com/webapps/bugreport/crash.jsp
#

---------------  T H R E A D  ---------------

Current thread (0x00007fcf28071800):  VMThread [stack: 0x00007fcf2c619000,0x00007fcf2c71a000] [id=13093]

siginfo:si_signo=SIGSEGV: si_errno=0, si_code=1 (SEGV_MAPERR), si_addr=0x00000000000000ff

Registers:
RAX=0x0000000000000010, RBX=0x0000000000000001, RCX=0x0000000000000000, RDX=0x00000000000000bb
RSP=0x00007fcf2c718928, RBP=0x00007fcf2c718960, RSI=0x0000000000000000, RDI=0x00000000000000bb
R8 =0x00007fcf2e904ee0, R9 =0x00007fcf280286c0, R10=0x00007fcf2e8e4260, R11=0x0000000000000080
R12=0x000000000000bbbb, R13=0x00000000a1aba980, R14=0x00007fcf2e1fe440, R15=0x0000000000000000
RIP=0x00007fcf2e1fe440, EFLAGS=0x0000000000010202, CSGSFS=0x0000000000000033, ERR=0x0000000000000004
  TRAPNO=0x000000000000000e

Top of Stack: (sp=0x00007fcf2c718928)
0x00007fcf2c718928:   00007fcf2e3125c7 00007fcf2c718960
0x00007fcf2c718938:   0000000000000001 00007fcf2e8e8c68
0x00007fcf2c718948:   00007fcf2e8e8c50 00007fcf2e8fd000
0x00007fcf2c718958:   0000000000000000 00007fcf2c718980
0x00007fcf2c718968:   00007fcf2e1fd5f4 4016ddddddddddde
0x00007fcf2c718978:   00007fcf2c7189a0 00007fcf2c718990
0x00007fcf2c718988:   00007fcf2e1fd62e 00007fcf2c7189e0
0x00007fcf2c718998:   00007fcf2e5e6964 00007fcf2c010100
0x00007fcf2c7189a8:   0000000000000000 0000000000000005
0x00007fcf2c7189b8:   00007fcf28009700 00007fcf2c7189e0
0x00007fcf2c7189c8:   00007fcf280008c0 00007fcf28075900
0x00007fcf2c7189d8:   00007fcf2e900e58 00007fcf2c718a80
0x00007fcf2c7189e8:   00007fcf2e5e64a5 0000000000000007
0x00007fcf2c7189f8:   000000314887a141 0000000000000130
0x00007fcf2c718a08:   00007fcf2c718a30 0000000000000130
0x00007fcf2c718a18:   000000042e56b288 00007fcf2c718a60
0x00007fcf2c718a28:   0000000528008100 00007fcf28004b10
0x00007fcf2c718a38:   00007fcf2e573458 00007fcf28004c10
0x00007fcf2c718a48:   00007fcf2e8fb650 00007fcf28071800
0x00007fcf2c718a58:   00007fcf2ea3cd40 00007fcf28071800
0x00007fcf2c718a68:   00007fcf28072900 00007fcf28071800
0x00007fcf2c718a78:   0000000000000007 00007fcf2c718ae0
0x00007fcf2c718a88:   00007fcf2e6cfaf4 00007fcf2c718ac0
0x00007fcf2c718a98:   00007fcf2e544a32 00007fcf28071800
0x00007fcf2c718aa8:   00007fcf280729e0 00007fcf280729e0
0x00007fcf2c718ab8:   00007fcf2e8fe250 00007fcf28004e90
0x00007fcf2c718ac8:   00007fcf28072900 00007fcf2e8fe250
0x00007fcf2c718ad8:   00007fcf280729e0 00007fcf2c718eb0
0x00007fcf2c718ae8:   00007fcf2e573b8f 0000000000000000
0x00007fcf2c718af8:   0000000000000000 0000000000000000
0x00007fcf2c718b08:   0000000000000000 0000000000000000
0x00007fcf2c718b18:   0000000000000000 0000000000000000 

Instructions: (pc=0x00007fcf2e1fe440)
0x00007fcf2e1fe420:   55 be ff ff 00 00 bf 01 00 00 00 48 89 e5 c9 e9
0x00007fcf2e1fe430:   dc ec ff ff 66 66 66 90 66 66 66 90 66 66 66 90
0x00007fcf2e1fe440:   8b 77 44 55 48 89 e5 89 f2 c1 ea 03 89 d1 d1 f9
0x00007fcf2e1fe450:   85 d2 7e 0a 85 c9 b8 01 00 00 00 0f 44 c8 89 f0 

Register to memory mapping:

RAX=0x0000000000000010 is an unknown value
RBX=0x0000000000000001 is an unknown value
RCX=0x0000000000000000 is an unknown value
RDX=0x00000000000000bb is an unknown value
RSP=0x00007fcf2c718928 is an unknown value
RBP=0x00007fcf2c718960 is an unknown value
RSI=0x0000000000000000 is an unknown value
RDI=0x00000000000000bb is an unknown value
R8 =0x00007fcf2e904ee0: <offset 0xaa1ee0> in /home/chenjw/software/jdk1.6.0_29/jre/lib/amd64/server/libjvm.so at 0x00007fcf2de63000
R9 =0x00007fcf280286c0 is an unknown value
R10=0x00007fcf2e8e4260: <offset 0xa81260> in /home/chenjw/software/jdk1.6.0_29/jre/lib/amd64/server/libjvm.so at 0x00007fcf2de63000
R11=0x0000000000000080 is an unknown value
R12=0x000000000000bbbb is an unknown value
R13=0x00000000a1aba980 is an oop
{instance class} 
 - klass: {other class}
R14=0x00007fcf2e1fe440: <offset 0x39b440> in /home/chenjw/software/jdk1.6.0_29/jre/lib/amd64/server/libjvm.so at 0x00007fcf2de63000
R15=0x0000000000000000 is an unknown value


Stack: [0x00007fcf2c619000,0x00007fcf2c71a000],  sp=0x00007fcf2c718928,  free space=1022k
Native frames: (J=compiled Java code, j=interpreted, Vv=VM code, C=native code)
V  [libjvm.so+0x39b440]  _GLOBAL__I__ZN17CompilationPolicy7_policyE+0x20
V  [libjvm.so+0x39a5f4]  CounterDecay::decay()+0x84
V  [libjvm.so+0x39a62e]  NonTieredCompPolicy::do_safepoint_work()+0x2e
V  [libjvm.so+0x783964]  SafepointSynchronize::do_cleanup_tasks()+0x94
V  [libjvm.so+0x7834a5]  SafepointSynchronize::begin()+0x385
V  [libjvm.so+0x86caf4]  VMThread::run()+0x84
V  [libjvm.so+0x710b8f]  java_start(Thread*)+0x13f


---------------  P R O C E S S  ---------------

Java Threads: ( => current thread )
  0x00007fcf2809f000 JavaThread "Low Memory Detector" daemon [_thread_blocked, id=13099, stack(0x00007fcf2c013000,0x00007fcf2c114000)]
  0x00007fcf2809b000 JavaThread "C2 CompilerThread1" daemon [_thread_blocked, id=13098, stack(0x00007fcf2c114000,0x00007fcf2c215000)]
  0x00007fcf28098000 JavaThread "C2 CompilerThread0" daemon [_thread_blocked, id=13097, stack(0x00007fcf2c215000,0x00007fcf2c316000)]
  0x00007fcf2807a000 JavaThread "Finalizer" daemon [_thread_blocked, id=13095, stack(0x00007fcf2c417000,0x00007fcf2c518000)]
  0x00007fcf28078000 JavaThread "Reference Handler" daemon [_thread_blocked, id=13094, stack(0x00007fcf2c518000,0x00007fcf2c619000)]

Other Threads:
=>0x00007fcf28071800 VMThread [stack: 0x00007fcf2c619000,0x00007fcf2c71a000] [id=13093]

VM state:at safepoint (normal execution)

VM Mutex/Monitor currently owned by a thread:  ([mutex/lock_event])
[0x00007fcf28004b10] Safepoint_lock - owner thread: 0x00007fcf28071800
[0x00007fcf28004b90] Threads_lock - owner thread: 0x00007fcf28071800
[0x00007fcf28005090] Heap_lock - owner thread: 0x00007fcf28007000

Heap
 PSYoungGen      total 26688K, used 916K [0x00000000e2360000, 0x00000000e4120000, 0x0000000100000000)
  eden space 22912K, 4% used [0x00000000e2360000,0x00000000e2445260,0x00000000e39c0000)
  from space 3776K, 0% used [0x00000000e3d70000,0x00000000e3d70000,0x00000000e4120000)
  to   space 3776K, 0% used [0x00000000e39c0000,0x00000000e39c0000,0x00000000e3d70000)
 PSOldGen        total 60992K, used 0K [0x00000000a6a00000, 0x00000000aa590000, 0x00000000e2360000)
  object space 60992K, 0% used [0x00000000a6a00000,0x00000000a6a00000,0x00000000aa590000)
 PSPermGen       total 21248K, used 2848K [0x00000000a1800000, 0x00000000a2cc0000, 0x00000000a6a00000)
  object space 21248K, 13% used [0x00000000a1800000,0x00000000a1ac8118,0x00000000a2cc0000)

Code Cache  [0x00007fcf25000000, 0x00007fcf25270000, 0x00007fcf28000000)
 total_blobs=154 nmethods=0 adapters=122 free_code_cache=49952128 largest_free_block=0

Dynamic libraries:
40000000-40009000 r-xp 00000000 08:06 395485                             /home/chenjw/software/jdk1.6.0_29/bin/java
40108000-4010a000 rwxp 00008000 08:06 395485                             /home/chenjw/software/jdk1.6.0_29/bin/java
413e2000-41403000 rwxp 00000000 00:00 0                                  [heap]
a1800000-a2cc0000 rwxp 00000000 00:00 0 
a2cc0000-a6a00000 rwxp 00000000 00:00 0 
a6a00000-aa590000 rwxp 00000000 00:00 0 
aa590000-e2360000 rwxp 00000000 00:00 0 
e2360000-e4120000 rwxp 00000000 00:00 0 
e4120000-100000000 rwxp 00000000 00:00 0 
3148400000-3148420000 r-xp 00000000 08:06 4706                           /lib64/ld-2.12.so
314861f000-3148620000 r-xp 0001f000 08:06 4706                           /lib64/ld-2.12.so
3148620000-3148621000 rwxp 00020000 08:06 4706                           /lib64/ld-2.12.so
3148621000-3148622000 rwxp 00000000 00:00 0 
3148800000-3148989000 r-xp 00000000 08:06 4757                           /lib64/libc-2.12.so
3148989000-3148b89000 ---p 00189000 08:06 4757                           /lib64/libc-2.12.so
3148b89000-3148b8d000 r-xp 00189000 08:06 4757                           /lib64/libc-2.12.so
3148b8d000-3148b8e000 rwxp 0018d000 08:06 4757                           /lib64/libc-2.12.so
3148b8e000-3148b93000 rwxp 00000000 00:00 0 
3148c00000-3148c17000 r-xp 00000000 08:06 5240                           /lib64/libpthread-2.12.so
3148c17000-3148e17000 ---p 00017000 08:06 5240                           /lib64/libpthread-2.12.so
3148e17000-3148e18000 r-xp 00017000 08:06 5240                           /lib64/libpthread-2.12.so
3148e18000-3148e19000 rwxp 00018000 08:06 5240                           /lib64/libpthread-2.12.so
3148e19000-3148e1d000 rwxp 00000000 00:00 0 
3149000000-3149002000 r-xp 00000000 08:06 71859                          /lib64/libdl-2.12.so
3149002000-3149202000 ---p 00002000 08:06 71859                          /lib64/libdl-2.12.so
3149202000-3149203000 r-xp 00002000 08:06 71859                          /lib64/libdl-2.12.so
3149203000-3149204000 rwxp 00003000 08:06 71859                          /lib64/libdl-2.12.so
3149400000-3149483000 r-xp 00000000 08:06 35302                          /lib64/libm-2.12.so
3149483000-3149682000 ---p 00083000 08:06 35302                          /lib64/libm-2.12.so
3149682000-3149683000 r-xp 00082000 08:06 35302                          /lib64/libm-2.12.so
3149683000-3149684000 rwxp 00083000 08:06 35302                          /lib64/libm-2.12.so
3149800000-3149807000 r-xp 00000000 08:06 6812                           /lib64/librt-2.12.so
3149807000-3149a06000 ---p 00007000 08:06 6812                           /lib64/librt-2.12.so
3149a06000-3149a07000 r-xp 00006000 08:06 6812                           /lib64/librt-2.12.so
3149a07000-3149a08000 rwxp 00007000 08:06 6812                           /lib64/librt-2.12.so
3157c00000-3157c16000 r-xp 00000000 08:06 73879                          /lib64/libnsl-2.12.so
3157c16000-3157e15000 ---p 00016000 08:06 73879                          /lib64/libnsl-2.12.so
3157e15000-3157e16000 r-xp 00015000 08:06 73879                          /lib64/libnsl-2.12.so
3157e16000-3157e17000 rwxp 00016000 08:06 73879                          /lib64/libnsl-2.12.so
3157e17000-3157e19000 rwxp 00000000 00:00 0 
7fceec000000-7fceec021000 rwxp 00000000 00:00 0 
7fceec021000-7fcef0000000 ---p 00000000 00:00 0 
7fcef0000000-7fcef0021000 rwxp 00000000 00:00 0 
7fcef0021000-7fcef4000000 ---p 00000000 00:00 0 
7fcef4000000-7fcef4021000 rwxp 00000000 00:00 0 
7fcef4021000-7fcef8000000 ---p 00000000 00:00 0 
7fcef8000000-7fcef8021000 rwxp 00000000 00:00 0 
7fcef8021000-7fcefc000000 ---p 00000000 00:00 0 
7fcefc000000-7fcefc021000 rwxp 00000000 00:00 0 
7fcefc021000-7fcf00000000 ---p 00000000 00:00 0 
7fcf0216f000-7fcf08000000 r-xp 00000000 08:06 76576                      /usr/lib/locale/locale-archive
7fcf08000000-7fcf08021000 rwxp 00000000 00:00 0 
7fcf08021000-7fcf0c000000 ---p 00000000 00:00 0 
7fcf0c000000-7fcf0c021000 rwxp 00000000 00:00 0 
7fcf0c021000-7fcf10000000 ---p 00000000 00:00 0 
7fcf10000000-7fcf10021000 rwxp 00000000 00:00 0 
7fcf10021000-7fcf14000000 ---p 00000000 00:00 0 
7fcf14000000-7fcf14021000 rwxp 00000000 00:00 0 
7fcf14021000-7fcf18000000 ---p 00000000 00:00 0 
7fcf18000000-7fcf18021000 rwxp 00000000 00:00 0 
7fcf18021000-7fcf1c000000 ---p 00000000 00:00 0 
7fcf1c000000-7fcf1c021000 rwxp 00000000 00:00 0 
7fcf1c021000-7fcf20000000 ---p 00000000 00:00 0 
7fcf20000000-7fcf20021000 rwxp 00000000 00:00 0 
7fcf20021000-7fcf24000000 ---p 00000000 00:00 0 
7fcf24cf8000-7fcf24cfe000 r-xp 00000000 08:06 3810557                    /home/chenjw/my_workspace/knife/native/Default/libnativehelper.so
7fcf24cfe000-7fcf24efe000 ---p 00006000 08:06 3810557                    /home/chenjw/my_workspace/knife/native/Default/libnativehelper.so
7fcf24efe000-7fcf24eff000 rwxp 00006000 08:06 3810557                    /home/chenjw/my_workspace/knife/native/Default/libnativehelper.so
7fcf24eff000-7fcf24f00000 ---p 00000000 00:00 0 
7fcf24f00000-7fcf25270000 rwxp 00000000 00:00 0 
7fcf25270000-7fcf280c2000 rwxp 00000000 00:00 0 
7fcf280c2000-7fcf2c000000 ---p 00000000 00:00 0 
7fcf2c013000-7fcf2c016000 ---p 00000000 00:00 0 
7fcf2c016000-7fcf2c114000 rwxp 00000000 00:00 0 
7fcf2c114000-7fcf2c117000 ---p 00000000 00:00 0 
7fcf2c117000-7fcf2c215000 rwxp 00000000 00:00 0 
7fcf2c215000-7fcf2c218000 ---p 00000000 00:00 0 
7fcf2c218000-7fcf2c316000 rwxp 00000000 00:00 0 
7fcf2c316000-7fcf2c319000 ---p 00000000 00:00 0 
7fcf2c319000-7fcf2c417000 rwxp 00000000 00:00 0 
7fcf2c417000-7fcf2c41a000 ---p 00000000 00:00 0 
7fcf2c41a000-7fcf2c518000 rwxp 00000000 00:00 0 
7fcf2c518000-7fcf2c51b000 ---p 00000000 00:00 0 
7fcf2c51b000-7fcf2c619000 rwxp 00000000 00:00 0 
7fcf2c619000-7fcf2c61a000 ---p 00000000 00:00 0 
7fcf2c61a000-7fcf2cc56000 rwxp 00000000 00:00 0 
7fcf2cc56000-7fcf2ce04000 r-xs 019e3000 08:06 403118                     /home/chenjw/software/jdk1.6.0_29/jre/lib/rt_debug.jar
7fcf2ce04000-7fcf2ce2c000 rwxp 00000000 00:00 0 
7fcf2ce2c000-7fcf2ce2d000 ---p 00000000 00:00 0 
7fcf2ce2d000-7fcf2cf2d000 rwxp 00000000 00:00 0 
7fcf2cf2d000-7fcf2cf2e000 ---p 00000000 00:00 0 
7fcf2cf2e000-7fcf2d02e000 rwxp 00000000 00:00 0 
7fcf2d02e000-7fcf2d02f000 ---p 00000000 00:00 0 
7fcf2d02f000-7fcf2d12f000 rwxp 00000000 00:00 0 
7fcf2d12f000-7fcf2d130000 ---p 00000000 00:00 0 
7fcf2d130000-7fcf2d23b000 rwxp 00000000 00:00 0 
7fcf2d23b000-7fcf2d259000 rwxp 00000000 00:00 0 
7fcf2d259000-7fcf2d277000 rwxp 00000000 00:00 0 
7fcf2d277000-7fcf2d436000 rwxp 00000000 00:00 0 
7fcf2d436000-7fcf2d441000 rwxp 00000000 00:00 0 
7fcf2d441000-7fcf2d45f000 rwxp 00000000 00:00 0 
7fcf2d45f000-7fcf2d47d000 rwxp 00000000 00:00 0 
7fcf2d47d000-7fcf2d63b000 rwxp 00000000 00:00 0 
7fcf2d63b000-7fcf2d64b000 rwxp 00000000 00:00 0 
7fcf2d64b000-7fcf2d72a000 rwxp 00000000 00:00 0 
7fcf2d72a000-7fcf2d735000 rwxp 00000000 00:00 0 
7fcf2d735000-7fcf2d7eb000 rwxp 00000000 00:00 0 
7fcf2d7eb000-7fcf2d7f9000 r-xp 00000000 08:06 396134                     /home/chenjw/software/jdk1.6.0_29/jre/lib/amd64/libzip.so
7fcf2d7f9000-7fcf2d8fb000 ---p 0000e000 08:06 396134                     /home/chenjw/software/jdk1.6.0_29/jre/lib/amd64/libzip.so
7fcf2d8fb000-7fcf2d8fe000 rwxp 00010000 08:06 396134                     /home/chenjw/software/jdk1.6.0_29/jre/lib/amd64/libzip.so
7fcf2d8fe000-7fcf2d8ff000 rwxp 00000000 00:00 0 
7fcf2d8ff000-7fcf2d90b000 r-xp 00000000 08:06 37321                      /lib64/libnss_files-2.12.so
7fcf2d90b000-7fcf2db0b000 ---p 0000c000 08:06 37321                      /lib64/libnss_files-2.12.so
7fcf2db0b000-7fcf2db0c000 r-xp 0000c000 08:06 37321                      /lib64/libnss_files-2.12.so
7fcf2db0c000-7fcf2db0d000 rwxp 0000d000 08:06 37321                      /lib64/libnss_files-2.12.so
7fcf2db24000-7fcf2db4d000 r-xp 00000000 08:06 396147                     /home/chenjw/software/jdk1.6.0_29/jre/lib/amd64/libjava.so
7fcf2db4d000-7fcf2dc4c000 ---p 00029000 08:06 396147                     /home/chenjw/software/jdk1.6.0_29/jre/lib/amd64/libjava.so
7fcf2dc4c000-7fcf2dc53000 rwxp 00028000 08:06 396147                     /home/chenjw/software/jdk1.6.0_29/jre/lib/amd64/libjava.so
7fcf2dc53000-7fcf2dc60000 r-xp 00000000 08:06 396129                     /home/chenjw/software/jdk1.6.0_29/jre/lib/amd64/libverify.so
7fcf2dc60000-7fcf2dd5f000 ---p 0000d000 08:06 396129                     /home/chenjw/software/jdk1.6.0_29/jre/lib/amd64/libverify.so
7fcf2dd5f000-7fcf2dd62000 rwxp 0000c000 08:06 396129                     /home/chenjw/software/jdk1.6.0_29/jre/lib/amd64/libverify.so
7fcf2dd62000-7fcf2dd65000 ---p 00000000 00:00 0 
7fcf2dd65000-7fcf2de63000 rwxp 00000000 00:00 0 
7fcf2de63000-7fcf2e77d000 r-xp 00000000 08:06 396154                     /home/chenjw/software/jdk1.6.0_29/jre/lib/amd64/server/libjvm.so
7fcf2e77d000-7fcf2e87f000 ---p 0091a000 08:06 396154                     /home/chenjw/software/jdk1.6.0_29/jre/lib/amd64/server/libjvm.so
7fcf2e87f000-7fcf2ea34000 rwxp 0091c000 08:06 396154                     /home/chenjw/software/jdk1.6.0_29/jre/lib/amd64/server/libjvm.so
7fcf2ea34000-7fcf2ea71000 rwxp 00000000 00:00 0 
7fcf2ea71000-7fcf2ea78000 r-xp 00000000 08:06 396119                     /home/chenjw/software/jdk1.6.0_29/jre/lib/amd64/jli/libjli.so
7fcf2ea78000-7fcf2eb79000 ---p 00007000 08:06 396119                     /home/chenjw/software/jdk1.6.0_29/jre/lib/amd64/jli/libjli.so
7fcf2eb79000-7fcf2eb7b000 rwxp 00008000 08:06 396119                     /home/chenjw/software/jdk1.6.0_29/jre/lib/amd64/jli/libjli.so
7fcf2eb7b000-7fcf2eb7c000 rwxp 00000000 00:00 0 
7fcf2eb88000-7fcf2eb89000 rwxp 00000000 00:00 0 
7fcf2eb89000-7fcf2eb91000 rwxs 00000000 08:06 3939343                    /tmp/hsperfdata_chenjw/13083
7fcf2eb91000-7fcf2eb92000 rwxp 00000000 00:00 0 
7fcf2eb92000-7fcf2eb93000 ---p 00000000 00:00 0 
7fcf2eb93000-7fcf2eb94000 rwxp 00000000 00:00 0 
7fff0eaf7000-7fff0eb0c000 rwxp 00000000 00:00 0                          [stack]
7fff0eb2b000-7fff0eb2c000 r-xp 00000000 00:00 0                          [vdso]
ffffffffff600000-ffffffffff601000 r-xp 00000000 00:00 0                  [vsyscall]

VM Arguments:
jvm_args: -Dfile.encoding=UTF-8 
java_command: com.chenjw.knife.agent.utils.NativeHelper
Launcher Type: SUN_STANDARD

Environment Variables:
JAVA_HOME=/home/chenjw/software/jdk1.6.0_34
CLASSPATH=.:/home/chenjw/software/jdk1.6.0_34/lib:
PATH=/home/chenjw/software/jdk1.6.0_34/bin:/home/chenjw/software/apache-maven-2.2.1/bin:/home/chenjw/software/apache-ant-1.8.3/bin:/usr/lib64/qt-3.3/bin:/usr/local/bin:/usr/bin:/bin:/usr/local/sbin:/usr/sbin:/sbin:/home/chenjw/workspace_go/go/bin:/home/chenjw/bin
USERNAME=chenjw
LD_LIBRARY_PATH=/home/chenjw/software/jdk1.6.0_29/jre/lib/amd64/server:/home/chenjw/software/jdk1.6.0_29/jre/lib/amd64:/home/chenjw/software/jdk1.6.0_29/jre/../lib/amd64:/home/chenjw/software/jdk1.6.0_34/jre/lib/amd64/server:/home/chenjw/software/jdk1.6.0_34/jre/lib/amd64:/home/chenjw/software/jdk1.6.0_34/jre/../lib/amd64
SHELL=/bin/bash
DISPLAY=:0.0

Signal Handlers:
SIGSEGV: [libjvm.so+0x85f780], sa_mask[0]=0x7ffbfeff, sa_flags=0x10000004
SIGBUS: [libjvm.so+0x85f780], sa_mask[0]=0x7ffbfeff, sa_flags=0x10000004
SIGFPE: [libjvm.so+0x70e3b0], sa_mask[0]=0x7ffbfeff, sa_flags=0x10000004
SIGPIPE: [libjvm.so+0x70e3b0], sa_mask[0]=0x7ffbfeff, sa_flags=0x10000004
SIGXFSZ: [libjvm.so+0x70e3b0], sa_mask[0]=0x7ffbfeff, sa_flags=0x10000004
SIGILL: [libjvm.so+0x70e3b0], sa_mask[0]=0x7ffbfeff, sa_flags=0x10000004
SIGUSR1: SIG_DFL, sa_mask[0]=0x00000000, sa_flags=0x00000000
SIGUSR2: [libjvm.so+0x7111c0], sa_mask[0]=0x00000004, sa_flags=0x10000004
SIGHUP: [libjvm.so+0x710dc0], sa_mask[0]=0x7ffbfeff, sa_flags=0x10000004
SIGINT: [libjvm.so+0x710dc0], sa_mask[0]=0x7ffbfeff, sa_flags=0x10000004
SIGTERM: [libjvm.so+0x710dc0], sa_mask[0]=0x7ffbfeff, sa_flags=0x10000004
SIGQUIT: [libjvm.so+0x710dc0], sa_mask[0]=0x7ffbfeff, sa_flags=0x10000004


---------------  S Y S T E M  ---------------

OS:CentOS release 6.2 (Final)

uname:Linux 2.6.32-220.4.1.el6.x86_64 #1 SMP Tue Jan 24 02:13:44 GMT 2012 x86_64
libc:glibc 2.12 NPTL 2.12 
rlimit: STACK 10240k, CORE 0k, NPROC 1024, NOFILE 1024, AS infinity
load average:0.06 0.08 0.09

/proc/meminfo:
MemTotal:        5851108 kB
MemFree:         1969724 kB
Buffers:          386704 kB
Cached:          1358700 kB
SwapCached:            0 kB
Active:          2256304 kB
Inactive:        1310280 kB
Active(anon):    1821832 kB
Inactive(anon):    11544 kB
Active(file):     434472 kB
Inactive(file):  1298736 kB
Unevictable:           0 kB
Mlocked:               0 kB
SwapTotal:       9375736 kB
SwapFree:        9375736 kB
Dirty:              1056 kB
Writeback:             0 kB
AnonPages:       1821172 kB
Mapped:           166196 kB
Shmem:             12200 kB
Slab:             163132 kB
SReclaimable:      79800 kB
SUnreclaim:        83332 kB
KernelStack:        3976 kB
PageTables:        41908 kB
NFS_Unstable:          0 kB
Bounce:                0 kB
WritebackTmp:          0 kB
CommitLimit:    12301288 kB
Committed_AS:    3252892 kB
VmallocTotal:   34359738367 kB
VmallocUsed:      299700 kB
VmallocChunk:   34359312420 kB
HardwareCorrupted:     0 kB
AnonHugePages:   1105920 kB
HugePages_Total:       0
HugePages_Free:        0
HugePages_Rsvd:        0
HugePages_Surp:        0
Hugepagesize:       2048 kB
DirectMap4k:        6144 kB
DirectMap2M:     6211584 kB


CPU:total 4 (2 cores per cpu, 2 threads per core) family 6 model 37 stepping 5, cmov, cx8, fxsr, mmx, sse, sse2, sse3, ssse3, sse4.1, sse4.2, popcnt, ht

/proc/cpuinfo:
processor	: 0
vendor_id	: GenuineIntel
cpu family	: 6
model		: 37
model name	: Intel(R) Core(TM) i3 CPU       M 380  @ 2.53GHz
stepping	: 5
cpu MHz		: 2533.000
cache size	: 3072 KB
physical id	: 0
siblings	: 4
core id		: 0
cpu cores	: 2
apicid		: 0
initial apicid	: 0
fpu		: yes
fpu_exception	: yes
cpuid level	: 11
wp		: yes
flags		: fpu vme de pse tsc msr pae mce cx8 apic mtrr pge mca cmov pat pse36 clflush dts acpi mmx fxsr sse sse2 ss ht tm pbe syscall nx rdtscp lm constant_tsc arch_perfmon pebs bts rep_good xtopology nonstop_tsc aperfmperf pni dtes64 monitor ds_cpl vmx est tm2 ssse3 cx16 xtpr pdcm sse4_1 sse4_2 popcnt lahf_lm arat dts tpr_shadow vnmi flexpriority ept vpid
bogomips	: 5054.30
clflush size	: 64
cache_alignment	: 64
address sizes	: 36 bits physical, 48 bits virtual
power management:

processor	: 1
vendor_id	: GenuineIntel
cpu family	: 6
model		: 37
model name	: Intel(R) Core(TM) i3 CPU       M 380  @ 2.53GHz
stepping	: 5
cpu MHz		: 2266.000
cache size	: 3072 KB
physical id	: 0
siblings	: 4
core id		: 2
cpu cores	: 2
apicid		: 4
initial apicid	: 4
fpu		: yes
fpu_exception	: yes
cpuid level	: 11
wp		: yes
flags		: fpu vme de pse tsc msr pae mce cx8 apic mtrr pge mca cmov pat pse36 clflush dts acpi mmx fxsr sse sse2 ss ht tm pbe syscall nx rdtscp lm constant_tsc arch_perfmon pebs bts rep_good xtopology nonstop_tsc aperfmperf pni dtes64 monitor ds_cpl vmx est tm2 ssse3 cx16 xtpr pdcm sse4_1 sse4_2 popcnt lahf_lm arat dts tpr_shadow vnmi flexpriority ept vpid
bogomips	: 5053.74
clflush size	: 64
cache_alignment	: 64
address sizes	: 36 bits physical, 48 bits virtual
power management:

processor	: 2
vendor_id	: GenuineIntel
cpu family	: 6
model		: 37
model name	: Intel(R) Core(TM) i3 CPU       M 380  @ 2.53GHz
stepping	: 5
cpu MHz		: 1333.000
cache size	: 3072 KB
physical id	: 0
siblings	: 4
core id		: 0
cpu cores	: 2
apicid		: 1
initial apicid	: 1
fpu		: yes
fpu_exception	: yes
cpuid level	: 11
wp		: yes
flags		: fpu vme de pse tsc msr pae mce cx8 apic mtrr pge mca cmov pat pse36 clflush dts acpi mmx fxsr sse sse2 ss ht tm pbe syscall nx rdtscp lm constant_tsc arch_perfmon pebs bts rep_good xtopology nonstop_tsc aperfmperf pni dtes64 monitor ds_cpl vmx est tm2 ssse3 cx16 xtpr pdcm sse4_1 sse4_2 popcnt lahf_lm arat dts tpr_shadow vnmi flexpriority ept vpid
bogomips	: 5053.73
clflush size	: 64
cache_alignment	: 64
address sizes	: 36 bits physical, 48 bits virtual
power management:

processor	: 3
vendor_id	: GenuineIntel
cpu family	: 6
model		: 37
model name	: Intel(R) Core(TM) i3 CPU       M 380  @ 2.53GHz
stepping	: 5
cpu MHz		: 933.000
cache size	: 3072 KB
physical id	: 0
siblings	: 4
core id		: 2
cpu cores	: 2
apicid		: 5
initial apicid	: 5
fpu		: yes
fpu_exception	: yes
cpuid level	: 11
wp		: yes
flags		: fpu vme de pse tsc msr pae mce cx8 apic mtrr pge mca cmov pat pse36 clflush dts acpi mmx fxsr sse sse2 ss ht tm pbe syscall nx rdtscp lm constant_tsc arch_perfmon pebs bts rep_good xtopology nonstop_tsc aperfmperf pni dtes64 monitor ds_cpl vmx est tm2 ssse3 cx16 xtpr pdcm sse4_1 sse4_2 popcnt lahf_lm arat dts tpr_shadow vnmi flexpriority ept vpid
bogomips	: 5053.73
clflush size	: 64
cache_alignment	: 64
address sizes	: 36 bits physical, 48 bits virtual
power management:



Memory: 4k page, physical 5851108k(1969724k free), swap 9375736k(9375736k free)

vm_info: Java HotSpot(TM) 64-Bit Server VM (20.4-b02) for linux-amd64 JRE (1.6.0_29-b11), built on Oct  3 2011 01:19:20 by "java_re" with gcc 3.2.2 (SuSE Linux)

time: Mon Dec 10 01:40:29 2012
elapsed time: 0 seconds

