#
# A fatal error has been detected by the Java Runtime Environment:
#
#  SIGSEGV (0xb) at pc=0x00007f471faec9d2, pid=10214, tid=139943446902528
#
# JRE version: 6.0_29-b11
# Java VM: Java HotSpot(TM) 64-Bit Server VM (20.4-b02 mixed mode linux-amd64 compressed oops)
# Problematic frame:
# V  [libjvm.so+0x3dc9d2]  constantPoolOopDesc::klass_at_impl(constantPoolHandle, int, Thread*)+0x42
#
# If you would like to submit a bug report, please visit:
#   http://java.sun.com/webapps/bugreport/crash.jsp
#

---------------  T H R E A D  ---------------

Current thread (0x00007f4718007000):  JavaThread "main" [_thread_in_vm, id=10219, stack(0x00007f471f60f000,0x00007f471f710000)]

siginfo:si_signo=SIGSEGV: si_errno=0, si_code=1 (SEGV_MAPERR), si_addr=0x0000000000000008

Registers:
RAX=0x00007f4718007828, RBX=0x0000000000000000, RCX=0xfffffffffffffff7, RDX=0x00007f4720195530
RSP=0x00007f471f70e170, RBP=0x00007f471f70e5b0, RSI=0x00007f47201b1ee0, RDI=0x00007f4718007828
R8 =0x000000000000005e, R9 =0x000000000000005e, R10=0x000000000000005e, R11=0x00007f4718007820
R12=0x0000000000000000, R13=0x00007f4718007828, R14=0x00007f4718007000, R15=0x0000000000000000
RIP=0x00007f471faec9d2, EFLAGS=0x0000000000010202, CSGSFS=0x0000000000000033, ERR=0x0000000000000004
  TRAPNO=0x000000000000000e

Top of Stack: (sp=0x00007f471f70e170)
0x00007f471f70e170:   00007f471f70e230 00007f471fef8ece
0x00007f471f70e180:   00007f4718007000 00007f4718007000
0x00007f471f70e190:   00007f471f70e1c0 00007f4718007838
0x00007f471f70e1a0:   00007f4718007840 00007f47180078e0
0x00007f471f70e1b0:   00007f47180078c0 00007f47180078b8
0x00007f471f70e1c0:   00007f471f70e230 00007f471fefd8f9
0x00007f471f70e1d0:   00007f471f70e1e8 000001ba3b3d4a79
0x00007f471f70e1e0:   00007f4718004310 00007f47180078b0
0x00007f471f70e1f0:   00007f470000000e 00007f4700000000
0x00007f471f70e200:   00007f4718007838 00007f47201affe0
0x00007f471f70e210:   00007f472019f3d0 00000000a18d3c08
0x00007f471f70e220:   00007f471f70e230 00007f471fef6297
0x00007f471f70e230:   00007f471f70e330 00007f471fef97d1
0x00007f471f70e240:   00007f4718007000 00007f4718007000
0x00007f471f70e250:   00007f471f70e2a8 00000000a19c35a8
0x00007f471f70e260:   0000000000000000 00007f47180078a0
0x00007f471f70e270:   0000000000000000 00007f471f70e2e0
0x00007f471f70e280:   00007f4718007840 3b3d4a79000001ba
0x00007f471f70e290:   3b3d4a79000001ba 00007f4718007838
0x00007f471f70e2a0:   00007f47165aa680 00007f4718007840
0x00007f471f70e2b0:   00007f4718004310 0000000000000000
0x00007f471f70e2c0:   0000000000000001 0000000000000000
0x00007f471f70e2d0:   00007f471f70e380 00007f471f982105
0x00007f471f70e2e0:   00007f4718007000 00007f4718007820
0x00007f471f70e2f0:   00000012360be001 00007f471f70e301
0x00007f471f70e300:   00007f47180078f8 00007f4718007900
0x00007f471f70e310:   00007f4718007000 00007f47180078f8
0x00007f471f70e320:   00007f471f70e380 00007f471fd6106d
0x00007f471f70e330:   00007f471f70e370 00007f471fef8681
0x00007f471f70e340:   00000000e2392ff0 00007f4718005f60
0x00007f471f70e350:   00000000000001d4 00007f4718007000
0x00007f471f70e360:   00007f4718007838 00007f4718007820 

Instructions: (pc=0x00007f471faec9d2)
0x00007f471faec9b2:   17 48 83 c2 40 4a 8b 1c e2 48 8b 15 1e e9 7e 00
0x00007f471faec9c2:   80 3a 00 0f 84 35 0e 00 00 48 8b 35 ee cc 7e 00
0x00007f471faec9d2:   8b 53 08 8b 4e 08 48 d3 e2 48 03 16 48 8b 42 10
0x00007f471faec9e2:   48 8d 7a 10 ff 90 10 01 00 00 48 89 da 84 c0 74 

Register to memory mapping:

RAX=0x00007f4718007828 is an unknown value
RBX=0x0000000000000000 is an unknown value
RCX=0xfffffffffffffff7 is an unknown value
RDX=0x00007f4720195530: <offset 0xa85530> in /home/chenjw/software/jdk1.6.0_29/jre/lib/amd64/server/libjvm.so at 0x00007f471f710000
RSP=0x00007f471f70e170 is pointing into the stack for thread: 0x00007f4718007000
RBP=0x00007f471f70e5b0 is pointing into the stack for thread: 0x00007f4718007000
RSI=0x00007f47201b1ee0: <offset 0xaa1ee0> in /home/chenjw/software/jdk1.6.0_29/jre/lib/amd64/server/libjvm.so at 0x00007f471f710000
RDI=0x00007f4718007828 is an unknown value
R8 =0x000000000000005e is an unknown value
R9 =0x000000000000005e is an unknown value
R10=0x000000000000005e is an unknown value
R11=0x00007f4718007820 is an unknown value
R12=0x0000000000000000 is an unknown value
R13=0x00007f4718007828 is an unknown value
R14=0x00007f4718007000 is a thread
R15=0x0000000000000000 is an unknown value


Stack: [0x00007f471f60f000,0x00007f471f710000],  sp=0x00007f471f70e170,  free space=1020k
Native frames: (J=compiled Java code, j=interpreted, Vv=VM code, C=native code)
V  [libjvm.so+0x3dc9d2]  constantPoolOopDesc::klass_at_impl(constantPoolHandle, int, Thread*)+0x42
V  [libjvm.so+0x3de2be]  constantPoolOopDesc::klass_ref_at(int, Thread*)+0x4e
V  [libjvm.so+0x65115b]  LinkResolver::resolve_klass(KlassHandle&, constantPoolHandle, int, Thread*)+0x2b
V  [libjvm.so+0x655755]  LinkResolver::resolve_pool(KlassHandle&, symbolHandle&, symbolHandle&, KlassHandle&, constantPoolHandle, int, Thread*)+0x35
V  [libjvm.so+0x6559f5]  LinkResolver::resolve_invokespecial(CallInfo&, constantPoolHandle, int, Thread*)+0x55
V  [libjvm.so+0x6556fd]  LinkResolver::resolve_invoke(CallInfo&, Handle, constantPoolHandle, int, Bytecodes::Code, Thread*)+0x5d
V  [libjvm.so+0x4d7932]  InterpreterRuntime::resolve_invoke(JavaThread*, Bytecodes::Code)+0x202
j  com.chenjw.knife.agent.utils.NativeHelper.checkCapabilities()Ljava/util/Map;+15
j  com.chenjw.knife.agent.utils.NativeHelper.do4()V+0
j  com.chenjw.knife.agent.utils.NativeHelper.main([Ljava/lang/String;)V+0
v  ~StubRoutines::call_stub
V  [libjvm.so+0x4df400]  JavaCalls::call_helper(JavaValue*, methodHandle*, JavaCallArguments*, Thread*)+0x1e0
V  [libjvm.so+0x70f6d9]  os::os_exception_wrapper(void (*)(JavaValue*, methodHandle*, JavaCallArguments*, Thread*), JavaValue*, methodHandle*, JavaCallArguments*, Thread*)+0x19
V  [libjvm.so+0x4df215]  JavaCalls::call(JavaValue*, methodHandle, JavaCallArguments*, Thread*)+0x25
V  [libjvm.so+0x51ac67]  jni_invoke_static(JNIEnv_*, JavaValue*, _jobject*, JNICallType, _jmethodID*, JNI_ArgumentPusher*, Thread*)+0x147
V  [libjvm.so+0x5083ff]  unsigned+0x20f

Java frames: (J=compiled Java code, j=interpreted, Vv=VM code)
j  com.chenjw.knife.agent.utils.NativeHelper.checkCapabilities()Ljava/util/Map;+15
j  com.chenjw.knife.agent.utils.NativeHelper.do4()V+0
j  com.chenjw.knife.agent.utils.NativeHelper.main([Ljava/lang/String;)V+0
v  ~StubRoutines::call_stub

---------------  P R O C E S S  ---------------

Java Threads: ( => current thread )
  0x00007f471809f000 JavaThread "Low Memory Detector" daemon [_thread_blocked, id=10230, stack(0x00007f47168b0000,0x00007f47169b1000)]
  0x00007f471809b000 JavaThread "C2 CompilerThread1" daemon [_thread_blocked, id=10229, stack(0x00007f47169b1000,0x00007f4716ab2000)]
  0x00007f4718098000 JavaThread "C2 CompilerThread0" daemon [_thread_blocked, id=10228, stack(0x00007f4716ab2000,0x00007f4716bb3000)]
  0x00007f4718096000 JavaThread "Signal Dispatcher" daemon [_thread_blocked, id=10227, stack(0x00007f4716bb3000,0x00007f4716cb4000)]
  0x00007f471807a000 JavaThread "Finalizer" daemon [_thread_blocked, id=10226, stack(0x00007f4716cb4000,0x00007f4716db5000)]
  0x00007f4718078000 JavaThread "Reference Handler" daemon [_thread_blocked, id=10225, stack(0x00007f4716db5000,0x00007f4716eb6000)]
=>0x00007f4718007000 JavaThread "main" [_thread_in_vm, id=10219, stack(0x00007f471f60f000,0x00007f471f710000)]

Other Threads:
  0x00007f4718071800 VMThread [stack: 0x00007f4716eb6000,0x00007f4716fb7000] [id=10224]
  0x00007f47180aa000 WatcherThread [stack: 0x00007f47167af000,0x00007f47168b0000] [id=10231]

VM state:not at safepoint (normal execution)

VM Mutex/Monitor currently owned by a thread: None

Heap
 PSYoungGen      total 26688K, used 458K [0x00000000e2360000, 0x00000000e4120000, 0x0000000100000000)
  eden space 22912K, 2% used [0x00000000e2360000,0x00000000e23d2900,0x00000000e39c0000)
  from space 3776K, 0% used [0x00000000e3d70000,0x00000000e3d70000,0x00000000e4120000)
  to   space 3776K, 0% used [0x00000000e39c0000,0x00000000e39c0000,0x00000000e3d70000)
 PSOldGen        total 60992K, used 0K [0x00000000a6a00000, 0x00000000aa590000, 0x00000000e2360000)
  object space 60992K, 0% used [0x00000000a6a00000,0x00000000a6a00000,0x00000000aa590000)
 PSPermGen       total 21248K, used 2827K [0x00000000a1800000, 0x00000000a2cc0000, 0x00000000a6a00000)
  object space 21248K, 13% used [0x00000000a1800000,0x00000000a1ac2e78,0x00000000a2cc0000)

Code Cache  [0x00007f471c098000, 0x00007f471c308000, 0x00007f471f098000)
 total_blobs=154 nmethods=0 adapters=122 free_code_cache=49952128 largest_free_block=0

Dynamic libraries:
40000000-40009000 r-xp 00000000 08:06 395485                             /home/chenjw/software/jdk1.6.0_29/bin/java
40108000-4010a000 rwxp 00008000 08:06 395485                             /home/chenjw/software/jdk1.6.0_29/bin/java
41011000-41032000 rwxp 00000000 00:00 0                                  [heap]
a1800000-a2cc0000 rwxp 00000000 00:00 0 
a2cc0000-a6a00000 rwxp 00000000 00:00 0 
a6a00000-aa590000 rwxp 00000000 00:00 0 
aa590000-e2360000 rwxp 00000000 00:00 0 
e2360000-e4120000 rwxp 00000000 00:00 0 
e4120000-100000000 rwxp 00000000 00:00 0 
3148400000-3148420000 r-xp 00000000 08:06 4706                           /lib64/ld-2.12.so
314861f000-3148620000 r-xp 0001f000 08:06 4706                           /lib64/ld-2.12.so
3148620000-3148621000 rwxp 00020000 08:06 4706                           /lib64/ld-2.12.so
3148621000-3148622000 rwxp 00000000 00:00 0 
3148800000-3148989000 r-xp 00000000 08:06 4757                           /lib64/libc-2.12.so
3148989000-3148b89000 ---p 00189000 08:06 4757                           /lib64/libc-2.12.so
3148b89000-3148b8d000 r-xp 00189000 08:06 4757                           /lib64/libc-2.12.so
3148b8d000-3148b8e000 rwxp 0018d000 08:06 4757                           /lib64/libc-2.12.so
3148b8e000-3148b93000 rwxp 00000000 00:00 0 
3148c00000-3148c17000 r-xp 00000000 08:06 5240                           /lib64/libpthread-2.12.so
3148c17000-3148e17000 ---p 00017000 08:06 5240                           /lib64/libpthread-2.12.so
3148e17000-3148e18000 r-xp 00017000 08:06 5240                           /lib64/libpthread-2.12.so
3148e18000-3148e19000 rwxp 00018000 08:06 5240                           /lib64/libpthread-2.12.so
3148e19000-3148e1d000 rwxp 00000000 00:00 0 
3149000000-3149002000 r-xp 00000000 08:06 71859                          /lib64/libdl-2.12.so
3149002000-3149202000 ---p 00002000 08:06 71859                          /lib64/libdl-2.12.so
3149202000-3149203000 r-xp 00002000 08:06 71859                          /lib64/libdl-2.12.so
3149203000-3149204000 rwxp 00003000 08:06 71859                          /lib64/libdl-2.12.so
3149400000-3149483000 r-xp 00000000 08:06 35302                          /lib64/libm-2.12.so
3149483000-3149682000 ---p 00083000 08:06 35302                          /lib64/libm-2.12.so
3149682000-3149683000 r-xp 00082000 08:06 35302                          /lib64/libm-2.12.so
3149683000-3149684000 rwxp 00083000 08:06 35302                          /lib64/libm-2.12.so
3149800000-3149807000 r-xp 00000000 08:06 6812                           /lib64/librt-2.12.so
3149807000-3149a06000 ---p 00007000 08:06 6812                           /lib64/librt-2.12.so
3149a06000-3149a07000 r-xp 00006000 08:06 6812                           /lib64/librt-2.12.so
3149a07000-3149a08000 rwxp 00007000 08:06 6812                           /lib64/librt-2.12.so
3157c00000-3157c16000 r-xp 00000000 08:06 73879                          /lib64/libnsl-2.12.so
3157c16000-3157e15000 ---p 00016000 08:06 73879                          /lib64/libnsl-2.12.so
3157e15000-3157e16000 r-xp 00015000 08:06 73879                          /lib64/libnsl-2.12.so
3157e16000-3157e17000 rwxp 00016000 08:06 73879                          /lib64/libnsl-2.12.so
3157e17000-3157e19000 rwxp 00000000 00:00 0 
7f46dc000000-7f46dc021000 rwxp 00000000 00:00 0 
7f46dc021000-7f46e0000000 ---p 00000000 00:00 0 
7f46e0000000-7f46e0021000 rwxp 00000000 00:00 0 
7f46e0021000-7f46e4000000 ---p 00000000 00:00 0 
7f46e4000000-7f46e4021000 rwxp 00000000 00:00 0 
7f46e4021000-7f46e8000000 ---p 00000000 00:00 0 
7f46e8000000-7f46e8021000 rwxp 00000000 00:00 0 
7f46e8021000-7f46ec000000 ---p 00000000 00:00 0 
7f46ec000000-7f46ec021000 rwxp 00000000 00:00 0 
7f46ec021000-7f46f0000000 ---p 00000000 00:00 0 
7f46f216f000-7f46f8000000 r-xp 00000000 08:06 76576                      /usr/lib/locale/locale-archive
7f46f8000000-7f46f8021000 rwxp 00000000 00:00 0 
7f46f8021000-7f46fc000000 ---p 00000000 00:00 0 
7f46fc000000-7f46fc021000 rwxp 00000000 00:00 0 
7f46fc021000-7f4700000000 ---p 00000000 00:00 0 
7f4700000000-7f4700021000 rwxp 00000000 00:00 0 
7f4700021000-7f4704000000 ---p 00000000 00:00 0 
7f4704000000-7f4704021000 rwxp 00000000 00:00 0 
7f4704021000-7f4708000000 ---p 00000000 00:00 0 
7f4708000000-7f4708021000 rwxp 00000000 00:00 0 
7f4708021000-7f470c000000 ---p 00000000 00:00 0 
7f470c000000-7f470c021000 rwxp 00000000 00:00 0 
7f470c021000-7f4710000000 ---p 00000000 00:00 0 
7f4710000000-7f4710021000 rwxp 00000000 00:00 0 
7f4710021000-7f4714000000 ---p 00000000 00:00 0 
7f47165a8000-7f47165ae000 r-xp 00000000 08:06 3806023                    /home/chenjw/my_workspace/knife/native/Default/libnativehelper.so
7f47165ae000-7f47167ae000 ---p 00006000 08:06 3806023                    /home/chenjw/my_workspace/knife/native/Default/libnativehelper.so
7f47167ae000-7f47167af000 rwxp 00006000 08:06 3806023                    /home/chenjw/my_workspace/knife/native/Default/libnativehelper.so
7f47167af000-7f47167b0000 ---p 00000000 00:00 0 
7f47167b0000-7f47168b0000 rwxp 00000000 00:00 0 
7f47168b0000-7f47168b3000 ---p 00000000 00:00 0 
7f47168b3000-7f47169b1000 rwxp 00000000 00:00 0 
7f47169b1000-7f47169b4000 ---p 00000000 00:00 0 
7f47169b4000-7f4716ab2000 rwxp 00000000 00:00 0 
7f4716ab2000-7f4716ab5000 ---p 00000000 00:00 0 
7f4716ab5000-7f4716bb3000 rwxp 00000000 00:00 0 
7f4716bb3000-7f4716bb6000 ---p 00000000 00:00 0 
7f4716bb6000-7f4716cb4000 rwxp 00000000 00:00 0 
7f4716cb4000-7f4716cb7000 ---p 00000000 00:00 0 
7f4716cb7000-7f4716db5000 rwxp 00000000 00:00 0 
7f4716db5000-7f4716db8000 ---p 00000000 00:00 0 
7f4716db8000-7f4716eb6000 rwxp 00000000 00:00 0 
7f4716eb6000-7f4716eb7000 ---p 00000000 00:00 0 
7f4716eb7000-7f47174bc000 rwxp 00000000 00:00 0 
7f47174bc000-7f471766a000 r-xs 019e3000 08:06 403118                     /home/chenjw/software/jdk1.6.0_29/jre/lib/rt_debug.jar
7f471766a000-7f471766b000 ---p 00000000 00:00 0 
7f471766b000-7f471776b000 rwxp 00000000 00:00 0 
7f471776b000-7f471776c000 ---p 00000000 00:00 0 
7f471776c000-7f471786c000 rwxp 00000000 00:00 0 
7f471786c000-7f471786d000 ---p 00000000 00:00 0 
7f471786d000-7f471796d000 rwxp 00000000 00:00 0 
7f471796d000-7f471796e000 ---p 00000000 00:00 0 
7f471796e000-7f4717a8c000 rwxp 00000000 00:00 0 
7f4717a8c000-7f4717c4b000 rwxp 00000000 00:00 0 
7f4717c4b000-7f4717c56000 rwxp 00000000 00:00 0 
7f4717c56000-7f4717c74000 rwxp 00000000 00:00 0 
7f4717c74000-7f4717c92000 rwxp 00000000 00:00 0 
7f4717c92000-7f4717e50000 rwxp 00000000 00:00 0 
7f4717e50000-7f4717e60000 rwxp 00000000 00:00 0 
7f4717e60000-7f4717f3f000 rwxp 00000000 00:00 0 
7f4717f3f000-7f4717f4a000 rwxp 00000000 00:00 0 
7f4717f4a000-7f47180d2000 rwxp 00000000 00:00 0 
7f47180d2000-7f471c000000 ---p 00000000 00:00 0 
7f471c010000-7f471c07a000 rwxp 00000000 00:00 0 
7f471c07a000-7f471c098000 rwxp 00000000 00:00 0 
7f471c098000-7f471c308000 rwxp 00000000 00:00 0 
7f471c308000-7f471f098000 rwxp 00000000 00:00 0 
7f471f098000-7f471f0a6000 r-xp 00000000 08:06 396134                     /home/chenjw/software/jdk1.6.0_29/jre/lib/amd64/libzip.so
7f471f0a6000-7f471f1a8000 ---p 0000e000 08:06 396134                     /home/chenjw/software/jdk1.6.0_29/jre/lib/amd64/libzip.so
7f471f1a8000-7f471f1ab000 rwxp 00010000 08:06 396134                     /home/chenjw/software/jdk1.6.0_29/jre/lib/amd64/libzip.so
7f471f1ab000-7f471f1ac000 rwxp 00000000 00:00 0 
7f471f1ac000-7f471f1b8000 r-xp 00000000 08:06 37321                      /lib64/libnss_files-2.12.so
7f471f1b8000-7f471f3b8000 ---p 0000c000 08:06 37321                      /lib64/libnss_files-2.12.so
7f471f3b8000-7f471f3b9000 r-xp 0000c000 08:06 37321                      /lib64/libnss_files-2.12.so
7f471f3b9000-7f471f3ba000 rwxp 0000d000 08:06 37321                      /lib64/libnss_files-2.12.so
7f471f3d1000-7f471f3fa000 r-xp 00000000 08:06 396147                     /home/chenjw/software/jdk1.6.0_29/jre/lib/amd64/libjava.so
7f471f3fa000-7f471f4f9000 ---p 00029000 08:06 396147                     /home/chenjw/software/jdk1.6.0_29/jre/lib/amd64/libjava.so
7f471f4f9000-7f471f500000 rwxp 00028000 08:06 396147                     /home/chenjw/software/jdk1.6.0_29/jre/lib/amd64/libjava.so
7f471f500000-7f471f50d000 r-xp 00000000 08:06 396129                     /home/chenjw/software/jdk1.6.0_29/jre/lib/amd64/libverify.so
7f471f50d000-7f471f60c000 ---p 0000d000 08:06 396129                     /home/chenjw/software/jdk1.6.0_29/jre/lib/amd64/libverify.so
7f471f60c000-7f471f60f000 rwxp 0000c000 08:06 396129                     /home/chenjw/software/jdk1.6.0_29/jre/lib/amd64/libverify.so
7f471f60f000-7f471f612000 ---p 00000000 00:00 0 
7f471f612000-7f471f710000 rwxp 00000000 00:00 0 
7f471f710000-7f472002a000 r-xp 00000000 08:06 396154                     /home/chenjw/software/jdk1.6.0_29/jre/lib/amd64/server/libjvm.so
7f472002a000-7f472012c000 ---p 0091a000 08:06 396154                     /home/chenjw/software/jdk1.6.0_29/jre/lib/amd64/server/libjvm.so
7f472012c000-7f47202e1000 rwxp 0091c000 08:06 396154                     /home/chenjw/software/jdk1.6.0_29/jre/lib/amd64/server/libjvm.so
7f47202e1000-7f472031e000 rwxp 00000000 00:00 0 
7f472031e000-7f4720325000 r-xp 00000000 08:06 396119                     /home/chenjw/software/jdk1.6.0_29/jre/lib/amd64/jli/libjli.so
7f4720325000-7f4720426000 ---p 00007000 08:06 396119                     /home/chenjw/software/jdk1.6.0_29/jre/lib/amd64/jli/libjli.so
7f4720426000-7f4720428000 rwxp 00008000 08:06 396119                     /home/chenjw/software/jdk1.6.0_29/jre/lib/amd64/jli/libjli.so
7f4720428000-7f4720429000 rwxp 00000000 00:00 0 
7f4720436000-7f472043e000 rwxs 00000000 08:06 3939343                    /tmp/hsperfdata_chenjw/10214
7f472043e000-7f472043f000 rwxp 00000000 00:00 0 
7f472043f000-7f4720440000 r-xp 00000000 00:00 0 
7f4720440000-7f4720441000 rwxp 00000000 00:00 0 
7fff8a73b000-7fff8a750000 rwxp 00000000 00:00 0                          [stack]
7fff8a7ff000-7fff8a800000 r-xp 00000000 00:00 0                          [vdso]
ffffffffff600000-ffffffffff601000 r-xp 00000000 00:00 0                  [vsyscall]

VM Arguments:
jvm_args: -Dfile.encoding=UTF-8 
java_command: com.chenjw.knife.agent.utils.NativeHelper
Launcher Type: SUN_STANDARD

Environment Variables:
JAVA_HOME=/home/chenjw/software/jdk1.6.0_34
CLASSPATH=.:/home/chenjw/software/jdk1.6.0_34/lib:
PATH=/home/chenjw/software/jdk1.6.0_34/bin:/home/chenjw/software/apache-maven-2.2.1/bin:/home/chenjw/software/apache-ant-1.8.3/bin:/usr/lib64/qt-3.3/bin:/usr/local/bin:/usr/bin:/bin:/usr/local/sbin:/usr/sbin:/sbin:/home/chenjw/workspace_go/go/bin:/home/chenjw/bin
USERNAME=chenjw
LD_LIBRARY_PATH=/home/chenjw/software/jdk1.6.0_29/jre/lib/amd64/server:/home/chenjw/software/jdk1.6.0_29/jre/lib/amd64:/home/chenjw/software/jdk1.6.0_29/jre/../lib/amd64:/home/chenjw/software/jdk1.6.0_34/jre/lib/amd64/server:/home/chenjw/software/jdk1.6.0_34/jre/lib/amd64:/home/chenjw/software/jdk1.6.0_34/jre/../lib/amd64
SHELL=/bin/bash
DISPLAY=:0.0

Signal Handlers:
SIGSEGV: [libjvm.so+0x85f780], sa_mask[0]=0x7ffbfeff, sa_flags=0x10000004
SIGBUS: [libjvm.so+0x85f780], sa_mask[0]=0x7ffbfeff, sa_flags=0x10000004
SIGFPE: [libjvm.so+0x70e3b0], sa_mask[0]=0x7ffbfeff, sa_flags=0x10000004
SIGPIPE: [libjvm.so+0x70e3b0], sa_mask[0]=0x7ffbfeff, sa_flags=0x10000004
SIGXFSZ: [libjvm.so+0x70e3b0], sa_mask[0]=0x7ffbfeff, sa_flags=0x10000004
SIGILL: [libjvm.so+0x70e3b0], sa_mask[0]=0x7ffbfeff, sa_flags=0x10000004
SIGUSR1: SIG_DFL, sa_mask[0]=0x00000000, sa_flags=0x00000000
SIGUSR2: [libjvm.so+0x7111c0], sa_mask[0]=0x00000004, sa_flags=0x10000004
SIGHUP: [libjvm.so+0x710dc0], sa_mask[0]=0x7ffbfeff, sa_flags=0x10000004
SIGINT: [libjvm.so+0x710dc0], sa_mask[0]=0x7ffbfeff, sa_flags=0x10000004
SIGTERM: [libjvm.so+0x710dc0], sa_mask[0]=0x7ffbfeff, sa_flags=0x10000004
SIGQUIT: [libjvm.so+0x710dc0], sa_mask[0]=0x7ffbfeff, sa_flags=0x10000004


---------------  S Y S T E M  ---------------

OS:CentOS release 6.2 (Final)

uname:Linux 2.6.32-220.4.1.el6.x86_64 #1 SMP Tue Jan 24 02:13:44 GMT 2012 x86_64
libc:glibc 2.12 NPTL 2.12 
rlimit: STACK 10240k, CORE 0k, NPROC 1024, NOFILE 1024, AS infinity
load average:0.24 0.42 0.26

/proc/meminfo:
MemTotal:        5851108 kB
MemFree:         1966996 kB
Buffers:          382444 kB
Cached:          1356328 kB
SwapCached:            0 kB
Active:          2264620 kB
Inactive:        1306056 kB
Active(anon):    1830696 kB
Inactive(anon):    12536 kB
Active(file):     433924 kB
Inactive(file):  1293520 kB
Unevictable:           0 kB
Mlocked:               0 kB
SwapTotal:       9375736 kB
SwapFree:        9375736 kB
Dirty:               232 kB
Writeback:             0 kB
AnonPages:       1827776 kB
Mapped:           165132 kB
Shmem:             11332 kB
Slab:             162136 kB
SReclaimable:      79284 kB
SUnreclaim:        82852 kB
KernelStack:        3896 kB
PageTables:        41348 kB
NFS_Unstable:          0 kB
Bounce:                0 kB
WritebackTmp:          0 kB
CommitLimit:    12301288 kB
Committed_AS:    3294256 kB
VmallocTotal:   34359738367 kB
VmallocUsed:      299700 kB
VmallocChunk:   34359312420 kB
HardwareCorrupted:     0 kB
AnonHugePages:    931840 kB
HugePages_Total:       0
HugePages_Free:        0
HugePages_Rsvd:        0
HugePages_Surp:        0
Hugepagesize:       2048 kB
DirectMap4k:        6144 kB
DirectMap2M:     6211584 kB


CPU:total 4 (2 cores per cpu, 2 threads per core) family 6 model 37 stepping 5, cmov, cx8, fxsr, mmx, sse, sse2, sse3, ssse3, sse4.1, sse4.2, popcnt, ht

/proc/cpuinfo:
processor	: 0
vendor_id	: GenuineIntel
cpu family	: 6
model		: 37
model name	: Intel(R) Core(TM) i3 CPU       M 380  @ 2.53GHz
stepping	: 5
cpu MHz		: 2533.000
cache size	: 3072 KB
physical id	: 0
siblings	: 4
core id		: 0
cpu cores	: 2
apicid		: 0
initial apicid	: 0
fpu		: yes
fpu_exception	: yes
cpuid level	: 11
wp		: yes
flags		: fpu vme de pse tsc msr pae mce cx8 apic mtrr pge mca cmov pat pse36 clflush dts acpi mmx fxsr sse sse2 ss ht tm pbe syscall nx rdtscp lm constant_tsc arch_perfmon pebs bts rep_good xtopology nonstop_tsc aperfmperf pni dtes64 monitor ds_cpl vmx est tm2 ssse3 cx16 xtpr pdcm sse4_1 sse4_2 popcnt lahf_lm arat dts tpr_shadow vnmi flexpriority ept vpid
bogomips	: 5054.30
clflush size	: 64
cache_alignment	: 64
address sizes	: 36 bits physical, 48 bits virtual
power management:

processor	: 1
vendor_id	: GenuineIntel
cpu family	: 6
model		: 37
model name	: Intel(R) Core(TM) i3 CPU       M 380  @ 2.53GHz
stepping	: 5
cpu MHz		: 1066.000
cache size	: 3072 KB
physical id	: 0
siblings	: 4
core id		: 2
cpu cores	: 2
apicid		: 4
initial apicid	: 4
fpu		: yes
fpu_exception	: yes
cpuid level	: 11
wp		: yes
flags		: fpu vme de pse tsc msr pae mce cx8 apic mtrr pge mca cmov pat pse36 clflush dts acpi mmx fxsr sse sse2 ss ht tm pbe syscall nx rdtscp lm constant_tsc arch_perfmon pebs bts rep_good xtopology nonstop_tsc aperfmperf pni dtes64 monitor ds_cpl vmx est tm2 ssse3 cx16 xtpr pdcm sse4_1 sse4_2 popcnt lahf_lm arat dts tpr_shadow vnmi flexpriority ept vpid
bogomips	: 5053.74
clflush size	: 64
cache_alignment	: 64
address sizes	: 36 bits physical, 48 bits virtual
power management:

processor	: 2
vendor_id	: GenuineIntel
cpu family	: 6
model		: 37
model name	: Intel(R) Core(TM) i3 CPU       M 380  @ 2.53GHz
stepping	: 5
cpu MHz		: 933.000
cache size	: 3072 KB
physical id	: 0
siblings	: 4
core id		: 0
cpu cores	: 2
apicid		: 1
initial apicid	: 1
fpu		: yes
fpu_exception	: yes
cpuid level	: 11
wp		: yes
flags		: fpu vme de pse tsc msr pae mce cx8 apic mtrr pge mca cmov pat pse36 clflush dts acpi mmx fxsr sse sse2 ss ht tm pbe syscall nx rdtscp lm constant_tsc arch_perfmon pebs bts rep_good xtopology nonstop_tsc aperfmperf pni dtes64 monitor ds_cpl vmx est tm2 ssse3 cx16 xtpr pdcm sse4_1 sse4_2 popcnt lahf_lm arat dts tpr_shadow vnmi flexpriority ept vpid
bogomips	: 5053.73
clflush size	: 64
cache_alignment	: 64
address sizes	: 36 bits physical, 48 bits virtual
power management:

processor	: 3
vendor_id	: GenuineIntel
cpu family	: 6
model		: 37
model name	: Intel(R) Core(TM) i3 CPU       M 380  @ 2.53GHz
stepping	: 5
cpu MHz		: 2533.000
cache size	: 3072 KB
physical id	: 0
siblings	: 4
core id		: 2
cpu cores	: 2
apicid		: 5
initial apicid	: 5
fpu		: yes
fpu_exception	: yes
cpuid level	: 11
wp		: yes
flags		: fpu vme de pse tsc msr pae mce cx8 apic mtrr pge mca cmov pat pse36 clflush dts acpi mmx fxsr sse sse2 ss ht tm pbe syscall nx rdtscp lm constant_tsc arch_perfmon pebs bts rep_good xtopology nonstop_tsc aperfmperf pni dtes64 monitor ds_cpl vmx est tm2 ssse3 cx16 xtpr pdcm sse4_1 sse4_2 popcnt lahf_lm arat dts tpr_shadow vnmi flexpriority ept vpid
bogomips	: 5053.73
clflush size	: 64
cache_alignment	: 64
address sizes	: 36 bits physical, 48 bits virtual
power management:



Memory: 4k page, physical 5851108k(1966996k free), swap 9375736k(9375736k free)

vm_info: Java HotSpot(TM) 64-Bit Server VM (20.4-b02) for linux-amd64 JRE (1.6.0_29-b11), built on Oct  3 2011 01:19:20 by "java_re" with gcc 3.2.2 (SuSE Linux)

time: Mon Dec 10 01:06:46 2012
elapsed time: 0 seconds

