#
# A fatal error has been detected by the Java Runtime Environment:
#
#  EXCEPTION_ACCESS_VIOLATION (0xc0000005) at pc=0x6d92834e, pid=4108, tid=3580
#
# JRE version: 6.0_37-b06
# Java VM: Java HotSpot(TM) Client VM (20.12-b01 mixed mode, sharing windows-x86 )
# Problematic frame:
# V  [jvm.dll+0x6834e]
#
# If you would like to submit a bug report, please visit:
#   http://java.sun.com/webapps/bugreport/crash.jsp
#

---------------  T H R E A D  ---------------

Current thread (0x02b5ac00):  VMThread [stack: 0x02c40000,0x02c90000] [id=3580]

siginfo: ExceptionCode=0xc0000005, reading address 0x00000004

Registers:
EAX=0xffffffff, EBX=0x0092fb70, ECX=0x00000001, EDX=0x00000ded
ESP=0x02c8fc08, EBP=0x02c8fc18, ESI=0x00000000, EDI=0x00000000
EIP=0x6d92834e, EFLAGS=0x00010293

Top of Stack: (sp=0x02c8fc08)
0x02c8fc08:   0092fb70 0084bc30 0084ac20 0084ac20
0x02c8fc18:   02c8fc30 6d9275d2 229e0000 0084ac20
0x02c8fc28:   00000018 0084a580 02c8fc44 6d919e46
0x02c8fc38:   0092fb70 0084bc88 00000000 02c8fc5c
0x02c8fc48:   6d91fa72 0092fb70 0092fb90 00843e98
0x02c8fc58:   0084e290 02c8fc8c 6d99e280 0092fb70
0x02c8fc68:   0092fb90 6d9de543 0092fb90 00843e98
0x02c8fc78:   00000000 e9f7c8af 0000006c 0084e298 

Instructions: (pc=0x6d92834e)
0x6d92832e:   cc cc 55 8b ec 51 8b 41 34 56 8b 75 08 3b f0 89
0x6d92833e:   4d fc 73 60 53 8b 5d 10 57 8b 03 56 8b cb ff 10
0x6d92834e:   8b 4e 04 8b 79 0c 83 c1 08 8b c7 c1 f8 02 85 ff
0x6d92835e:   89 7d 10 7f 32 7d 2a 8b 45 10 8b 15 bc 1c b3 6d 


Register to memory mapping:

EAX=0xffffffff is an unknown value
EBX=0x0092fb70 is pointing into the stack for thread: 0x00846c00
ECX=0x00000001 is an unknown value
EDX=0x00000ded is an unknown value
ESP=0x02c8fc08 is an unknown value
EBP=0x02c8fc18 is an unknown value
ESI=0x00000000 is an unknown value
EDI=0x00000000 is an unknown value


Stack: [0x02c40000,0x02c90000],  sp=0x02c8fc08,  free space=319k
Native frames: (J=compiled Java code, j=interpreted, Vv=VM code, C=native code)
V  [jvm.dll+0x6834e]
V  [jvm.dll+0x675d2]
V  [jvm.dll+0x59e46]
V  [jvm.dll+0x5fa72]
V  [jvm.dll+0xde280]
V  [jvm.dll+0x11d80e]
V  [jvm.dll+0x11db32]
V  [jvm.dll+0x11df42]
V  [jvm.dll+0x14209c]
C  [msvcr71.dll+0x9565]  endthreadex+0xa0
C  [kernel32.dll+0xb729]  GetModuleFileNameA+0x1ba

VM_Operation (0x0092fb90): HeapIterateOperation, mode: safepoint, requested by thread 0x00846c00


---------------  P R O C E S S  ---------------

Java Threads: ( => current thread )
  0x02baac00 JavaThread "Low Memory Detector" daemon [_thread_blocked, id=292, stack(0x02e20000,0x02e70000)]
  0x02ba4000 JavaThread "C1 CompilerThread0" daemon [_thread_blocked, id=5124, stack(0x02dd0000,0x02e20000)]
  0x02ba2800 JavaThread "Attach Listener" daemon [_thread_blocked, id=5964, stack(0x02d80000,0x02dd0000)]
  0x02bc4800 JavaThread "Signal Dispatcher" daemon [_thread_blocked, id=4592, stack(0x02d30000,0x02d80000)]
  0x02b9bc00 JavaThread "Finalizer" daemon [_thread_blocked, id=3732, stack(0x02ce0000,0x02d30000)]
  0x02b97000 JavaThread "Reference Handler" daemon [_thread_blocked, id=5412, stack(0x02c90000,0x02ce0000)]
  0x00846c00 JavaThread "main" [_thread_blocked, id=4972, stack(0x008e0000,0x00930000)]

Other Threads:
=>0x02b5ac00 VMThread [stack: 0x02c40000,0x02c90000] [id=3580]
  0x02bad000 WatcherThread [stack: 0x02e70000,0x02ec0000] [id=3504]

VM state:at safepoint (normal execution)

VM Mutex/Monitor currently owned by a thread:  ([mutex/lock_event])
[0x00845ce0] Threads_lock - owner thread: 0x02b5ac00
[0x008460f0] Heap_lock - owner thread: 0x00846c00

Heap
 def new generation   total 4928K, used 444K [0x229e0000, 0x22f30000, 0x27f30000)
  eden space 4416K,  10% used [0x229e0000, 0x22a4f228, 0x22e30000)
  from space 512K,   0% used [0x22e30000, 0x22e30000, 0x22eb0000)
  to   space 512K,   0% used [0x22eb0000, 0x22eb0000, 0x22f30000)
 tenured generation   total 10944K, used 0K [0x27f30000, 0x289e0000, 0x329e0000)
   the space 10944K,   0% used [0x27f30000, 0x27f30000, 0x27f30200, 0x289e0000)
 compacting perm gen  total 12288K, used 417K [0x329e0000, 0x335e0000, 0x369e0000)
   the space 12288K,   3% used [0x329e0000, 0x32a485c8, 0x32a48600, 0x335e0000)
    ro space 10240K,  55% used [0x369e0000, 0x36f61140, 0x36f61200, 0x373e0000)
    rw space 12288K,  55% used [0x373e0000, 0x37a844c8, 0x37a84600, 0x37fe0000)

Code Cache  [0x00960000, 0x009d8000, 0x02960000)
 total_blobs=140 nmethods=13 adapters=64 free_code_cache=33084992 largest_free_block=0

Dynamic libraries:
0x00400000 - 0x00425000 	C:\software\Java\jdk1.6.0_37\bin\javaw.exe
0x7c920000 - 0x7c9b6000 	C:\WINDOWS\system32\ntdll.dll
0x7c800000 - 0x7c91e000 	C:\WINDOWS\system32\kernel32.dll
0x77da0000 - 0x77e49000 	C:\WINDOWS\system32\ADVAPI32.dll
0x77e50000 - 0x77ee3000 	C:\WINDOWS\system32\RPCRT4.dll
0x77fc0000 - 0x77fd1000 	C:\WINDOWS\system32\Secur32.dll
0x77d10000 - 0x77da0000 	C:\WINDOWS\system32\USER32.dll
0x77ef0000 - 0x77f39000 	C:\WINDOWS\system32\GDI32.dll
0x76300000 - 0x7631d000 	C:\WINDOWS\system32\IMM32.DLL
0x62c20000 - 0x62c29000 	C:\WINDOWS\system32\LPK.DLL
0x73fa0000 - 0x7400b000 	C:\WINDOWS\system32\USP10.dll
0x7c340000 - 0x7c396000 	C:\software\Java\jdk1.6.0_37\jre\bin\msvcr71.dll
0x6d8c0000 - 0x6db70000 	C:\software\Java\jdk1.6.0_37\jre\bin\client\jvm.dll
0x76b10000 - 0x76b3a000 	C:\WINDOWS\system32\WINMM.dll
0x6d870000 - 0x6d87c000 	C:\software\Java\jdk1.6.0_37\jre\bin\verify.dll
0x6d3d0000 - 0x6d3ef000 	C:\software\Java\jdk1.6.0_37\jre\bin\java.dll
0x6d8b0000 - 0x6d8bf000 	C:\software\Java\jdk1.6.0_37\jre\bin\zip.dll
0x68a40000 - 0x68a5f000 	C:\workspace\knife\native\windows\Default\libnativehelper.dll
0x77be0000 - 0x77c38000 	C:\WINDOWS\system32\msvcrt.dll
0x76bc0000 - 0x76bcb000 	C:\WINDOWS\system32\PSAPI.DLL

VM Arguments:
jvm_args: -Dfile.encoding=UTF-8 
java_command: com.chenjw.knife.agent.utils.NativeHelper
Launcher Type: SUN_STANDARD

Environment Variables:
JAVA_HOME=C:\software\Java\jdk1.6.0_37
PATH=C:/software/Java/jdk1.6.0_37/bin/../jre/bin/client;C:/software/Java/jdk1.6.0_37/bin/../jre/bin;C:/software/Java/jdk1.6.0_37/bin/../jre/lib/i386;C:\software\apache-ant-1.8.4\bin;C:\software\Java\jdk1.6.0_37\bin;C:\WINDOWS\system32;C:\WINDOWS;C:\WINDOWS\System32\Wbem;C:\Documents and Settings\chenjw\×ÀÃæ\oracle10g;C;\software\oracle10g;C:\software\Oracle\ora90\BIN\;C:\software\TortoiseSVN\bin;C:\software\Git\cmd;C:\software\Git\bin;C:\software\MinGW\bin;C:\software\eclipse;
USERNAME=chenjw
OS=Windows_NT
PROCESSOR_IDENTIFIER=x86 Family 6 Model 23 Stepping 10, GenuineIntel



---------------  S Y S T E M  ---------------

OS: Windows XP Build 2600 Service Pack 3

CPU:total 1 (4 cores per cpu, 1 threads per core) family 6 model 23 stepping 10, cmov, cx8, fxsr, mmx, sse, sse2, sse3, ssse3, sse4.1

Memory: 4k page, physical 3256816k(1488132k free), swap 5192204k(3206300k free)

vm_info: Java HotSpot(TM) Client VM (20.12-b01) for windows-x86 JRE (1.6.0_37-b06), built on Sep 24 2012 12:44:35 by "java_re" with MS VC++ 7.1 (VS2003)

time: Tue Dec 18 21:58:54 2012
elapsed time: 0 seconds

