#
# A fatal error has been detected by the Java Runtime Environment:
#
#  EXCEPTION_ACCESS_VIOLATION (0xc0000005) at pc=0x6d99d697, pid=1888, tid=3164
#
# JRE version: 6.0_37-b06
# Java VM: Java HotSpot(TM) Client VM (20.12-b01 mixed mode, sharing windows-x86 )
# Problematic frame:
# V  [jvm.dll+0xdd697]
#
# If you would like to submit a bug report, please visit:
#   http://java.sun.com/webapps/bugreport/crash.jsp
#

---------------  T H R E A D  ---------------

Current thread (0x02b5ac00):  VMThread [stack: 0x02c40000,0x02c90000] [id=3164]

siginfo: ExceptionCode=0xc0000005, writing address 0x00000025

Registers:
EAX=0x00000001, EBX=0x00000015, ECX=0x00000000, EDX=0x00000000
ESP=0x02c8fdd4, EBP=0x02c8fde0, ESI=0x00000000, EDI=0x00000015
EIP=0x6d99d697, EFLAGS=0x00010216

Top of Stack: (sp=0x02c8fdd4)
0x02c8fdd4:   00000000 02b501e0 02b501e0 02c8fdfc
0x02c8fde4:   6d9bc186 02b501e0 0092fb14 02c8fe1c
0x02c8fdf4:   00000000 02b501e0 02c8fe0c 6d9bc2ff
0x02c8fe04:   02c8fe1c 00843e98 02c8fe40 6d99d92a
0x02c8fe14:   02c8fe1c 0084e290 6daeb518 00843e00
0x02c8fe24:   00000000 00000015 0084e601 02b5ac00
0x02c8fe34:   ffffffff 00000000 00000000 02c8fe68
0x02c8fe44:   6d99e319 0092fb14 00843e98 0084e290 

Instructions: (pc=0x6d99d697)
0x6d99d677:   0c 16 75 05 bb 1b 00 00 00 56 e8 da ea fe ff 83
0x6d99d687:   c4 04 84 c0 74 0d 56 53 e8 6c fc ff ff 83 c4 08
0x6d99d697:   88 47 10 5b 5e 5f 5d c2 04 00 cc cc cc cc cc cc
0x6d99d6a7:   cc cc cc cc cc cc cc cc cc 55 8b ec 56 8b f1 8a 


Register to memory mapping:

EAX=0x00000001 is an unknown value
EBX=0x00000015 is an unknown value
ECX=0x00000000 is an unknown value
EDX=0x00000000 is an unknown value
ESP=0x02c8fdd4 is an unknown value
EBP=0x02c8fde0 is an unknown value
ESI=0x00000000 is an unknown value
EDI=0x00000015 is an unknown value


Stack: [0x02c40000,0x02c90000],  sp=0x02c8fdd4,  free space=319k
Native frames: (J=compiled Java code, j=interpreted, Vv=VM code, C=native code)
V  [jvm.dll+0xdd697]
V  [jvm.dll+0xfc186]
V  [jvm.dll+0xfc2ff]
V  [jvm.dll+0xdd92a]
V  [jvm.dll+0xde319]
V  [jvm.dll+0x11e543]
V  [jvm.dll+0x11d80e]
V  [jvm.dll+0x11db32]
V  [jvm.dll+0x11df42]
V  [jvm.dll+0x14209c]
C  [msvcr71.dll+0x9565]  endthreadex+0xa0
C  [kernel32.dll+0xb729]  GetModuleFileNameA+0x1ba

VM_Operation (0x0092fb14): HeapWalkOperation, mode: safepoint, requested by thread 0x00846c00


---------------  P R O C E S S  ---------------

Java Threads: ( => current thread )
  0x02baac00 JavaThread "Low Memory Detector" daemon [_thread_blocked, id=5352, stack(0x02e20000,0x02e70000)]
  0x02ba4000 JavaThread "C1 CompilerThread0" daemon [_thread_blocked, id=5964, stack(0x02dd0000,0x02e20000)]
  0x02ba2800 JavaThread "Attach Listener" daemon [_thread_blocked, id=5124, stack(0x02d80000,0x02dd0000)]
  0x02bc4800 JavaThread "Signal Dispatcher" daemon [_thread_blocked, id=3504, stack(0x02d30000,0x02d80000)]
  0x02b9bc00 JavaThread "Finalizer" daemon [_thread_blocked, id=5224, stack(0x02ce0000,0x02d30000)]
  0x02b97000 JavaThread "Reference Handler" daemon [_thread_blocked, id=2788, stack(0x02c90000,0x02ce0000)]
  0x00846c00 JavaThread "main" [_thread_blocked, id=2608, stack(0x008e0000,0x00930000)]

Other Threads:
=>0x02b5ac00 VMThread [stack: 0x02c40000,0x02c90000] [id=3164]
  0x02bad000 WatcherThread [stack: 0x02e70000,0x02ec0000] [id=4052]

VM state:at safepoint (normal execution)

VM Mutex/Monitor currently owned by a thread:  ([mutex/lock_event])
[0x00845ce0] Threads_lock - owner thread: 0x02b5ac00
[0x008460f0] Heap_lock - owner thread: 0x00846c00

Heap
 def new generation   total 4928K, used 313K [0x229e0000, 0x22f30000, 0x27f30000)
  eden space 4416K,   7% used [0x229e0000, 0x22a2e500, 0x22e30000)
  from space 512K,   0% used [0x22e30000, 0x22e30000, 0x22eb0000)
  to   space 512K,   0% used [0x22eb0000, 0x22eb0000, 0x22f30000)
 tenured generation   total 10944K, used 0K [0x27f30000, 0x289e0000, 0x329e0000)
   the space 10944K,   0% used [0x27f30000, 0x27f30000, 0x27f30200, 0x289e0000)
 compacting perm gen  total 12288K, used 414K [0x329e0000, 0x335e0000, 0x369e0000)
   the space 12288K,   3% used [0x329e0000, 0x32a47970, 0x32a47a00, 0x335e0000)
    ro space 10240K,  55% used [0x369e0000, 0x36f61140, 0x36f61200, 0x373e0000)
    rw space 12288K,  55% used [0x373e0000, 0x37a844c8, 0x37a84600, 0x37fe0000)

Code Cache  [0x00960000, 0x009d0000, 0x02960000)
 total_blobs=128 nmethods=4 adapters=61 free_code_cache=33105344 largest_free_block=0

Dynamic libraries:
0x00400000 - 0x00425000 	C:\software\Java\jdk1.6.0_37\bin\javaw.exe
0x7c920000 - 0x7c9b6000 	C:\WINDOWS\system32\ntdll.dll
0x7c800000 - 0x7c91e000 	C:\WINDOWS\system32\kernel32.dll
0x77da0000 - 0x77e49000 	C:\WINDOWS\system32\ADVAPI32.dll
0x77e50000 - 0x77ee3000 	C:\WINDOWS\system32\RPCRT4.dll
0x77fc0000 - 0x77fd1000 	C:\WINDOWS\system32\Secur32.dll
0x77d10000 - 0x77da0000 	C:\WINDOWS\system32\USER32.dll
0x77ef0000 - 0x77f39000 	C:\WINDOWS\system32\GDI32.dll
0x76300000 - 0x7631d000 	C:\WINDOWS\system32\IMM32.DLL
0x62c20000 - 0x62c29000 	C:\WINDOWS\system32\LPK.DLL
0x73fa0000 - 0x7400b000 	C:\WINDOWS\system32\USP10.dll
0x7c340000 - 0x7c396000 	C:\software\Java\jdk1.6.0_37\jre\bin\msvcr71.dll
0x6d8c0000 - 0x6db70000 	C:\software\Java\jdk1.6.0_37\jre\bin\client\jvm.dll
0x76b10000 - 0x76b3a000 	C:\WINDOWS\system32\WINMM.dll
0x6d870000 - 0x6d87c000 	C:\software\Java\jdk1.6.0_37\jre\bin\verify.dll
0x6d3d0000 - 0x6d3ef000 	C:\software\Java\jdk1.6.0_37\jre\bin\java.dll
0x6d8b0000 - 0x6d8bf000 	C:\software\Java\jdk1.6.0_37\jre\bin\zip.dll
0x68a40000 - 0x68a5f000 	C:\workspace\knife\native\windows\Default\libnativehelper.dll
0x77be0000 - 0x77c38000 	C:\WINDOWS\system32\msvcrt.dll
0x76bc0000 - 0x76bcb000 	C:\WINDOWS\system32\PSAPI.DLL

VM Arguments:
jvm_args: -Dfile.encoding=UTF-8 
java_command: com.chenjw.knife.agent.utils.NativeHelper
Launcher Type: SUN_STANDARD

Environment Variables:
JAVA_HOME=C:\software\Java\jdk1.6.0_37
PATH=C:/software/Java/jdk1.6.0_37/bin/../jre/bin/client;C:/software/Java/jdk1.6.0_37/bin/../jre/bin;C:/software/Java/jdk1.6.0_37/bin/../jre/lib/i386;C:\software\apache-ant-1.8.4\bin;C:\software\Java\jdk1.6.0_37\bin;C:\WINDOWS\system32;C:\WINDOWS;C:\WINDOWS\System32\Wbem;C:\Documents and Settings\chenjw\×ÀÃæ\oracle10g;C;\software\oracle10g;C:\software\Oracle\ora90\BIN\;C:\software\TortoiseSVN\bin;C:\software\Git\cmd;C:\software\Git\bin;C:\software\MinGW\bin;C:\software\eclipse;
USERNAME=chenjw
OS=Windows_NT
PROCESSOR_IDENTIFIER=x86 Family 6 Model 23 Stepping 10, GenuineIntel



---------------  S Y S T E M  ---------------

OS: Windows XP Build 2600 Service Pack 3

CPU:total 1 (4 cores per cpu, 1 threads per core) family 6 model 23 stepping 10, cmov, cx8, fxsr, mmx, sse, sse2, sse3, ssse3, sse4.1

Memory: 4k page, physical 3256816k(1490656k free), swap 5192204k(3228464k free)

vm_info: Java HotSpot(TM) Client VM (20.12-b01) for windows-x86 JRE (1.6.0_37-b06), built on Sep 24 2012 12:44:35 by "java_re" with MS VC++ 7.1 (VS2003)

time: Tue Dec 18 22:21:09 2012
elapsed time: 0 seconds

