#
# A fatal error has been detected by the Java Runtime Environment:
#
#  SIGSEGV (0xb) at pc=0x00007fab2410c440, pid=12366, tid=140372875486976
#
# JRE version: 6.0_29-b11
# Java VM: Java HotSpot(TM) 64-Bit Server VM (20.4-b02 mixed mode linux-amd64 compressed oops)
# Problematic frame:
# V  [libjvm.so+0x39b440]  _GLOBAL__I__ZN17CompilationPolicy7_policyE+0x20
#
# If you would like to submit a bug report, please visit:
#   http://java.sun.com/webapps/bugreport/crash.jsp
#

---------------  T H R E A D  ---------------

Current thread (0x00007fab1c071800):  VMThread [stack: 0x00007fab1b512000,0x00007fab1b613000] [id=12376]

siginfo:si_signo=SIGSEGV: si_errno=0, si_code=1 (SEGV_MAPERR), si_addr=0x00000000001fa044

Registers:
RAX=0x0000000000000010, RBX=0x0000000000000001, RCX=0x0000000000000000, RDX=0x00000000001fa000
RSP=0x00007fab1b611ba8, RBP=0x00007fab1b611be0, RSI=0x0000000000000000, RDI=0x00000000001fa000
R8 =0x00007fab24812ee0, R9 =0x00007fab1c0286c0, R10=0x00007fab247f2260, R11=0x0000000000000080
R12=0x00000000000000e2, R13=0x00000000a1aba980, R14=0x00007fab2410c440, R15=0x0000000000000000
RIP=0x00007fab2410c440, EFLAGS=0x0000000000010202, CSGSFS=0x0000000000000033, ERR=0x0000000000000004
  TRAPNO=0x000000000000000e

Top of Stack: (sp=0x00007fab1b611ba8)
0x00007fab1b611ba8:   00007fab242205c7 00007fab1b611be0
0x00007fab1b611bb8:   0000000000000001 00007fab247f6c68
0x00007fab1b611bc8:   00007fab247f6c50 00007fab2480b000
0x00007fab1b611bd8:   0000000000000000 00007fab1b611c00
0x00007fab1b611be8:   00007fab2410b5f4 4016ddddddddddde
0x00007fab1b611bf8:   00007fab1b611c20 00007fab1b611c10
0x00007fab1b611c08:   00007fab2410b62e 00007fab1b611c60
0x00007fab1b611c18:   00007fab244f4964 00007fab1b010100
0x00007fab1b611c28:   0000000000000000 0000000000000006
0x00007fab1b611c38:   00007fab1c009700 00007fab1b611c60
0x00007fab1b611c48:   00007fab1c0008c0 00007fab1c075900
0x00007fab1b611c58:   00007fab2480ee58 00007fab1b611d00
0x00007fab1b611c68:   00007fab244f44a5 0000000000000007
0x00007fab1b611c78:   000000314887a141 0000000000000130
0x00007fab1b611c88:   00007fab1b611cb0 0000000000000130
0x00007fab1b611c98:   0000000424479288 00007fab1b611ce0
0x00007fab1b611ca8:   000000061c008100 00007fab1c004b10
0x00007fab1b611cb8:   00007fab24481458 00007fab1c004c10
0x00007fab1b611cc8:   00007fab24809650 00007fab1c071800
0x00007fab1b611cd8:   00007fab2494ad40 00007fab1c071800
0x00007fab1b611ce8:   00007fab1c072900 00007fab1c071800
0x00007fab1b611cf8:   0000000000000007 00007fab1b611d60
0x00007fab1b611d08:   00007fab245ddaf4 00007fab1b611d40
0x00007fab1b611d18:   00007fab24452a32 00007fab1c071800
0x00007fab1b611d28:   00007fab1c0729e0 00007fab1c0729e0
0x00007fab1b611d38:   00007fab2480c250 00007fab1c004e90
0x00007fab1b611d48:   00007fab1c072900 00007fab2480c250
0x00007fab1b611d58:   00007fab1c0729e0 00007fab1b611eb0
0x00007fab1b611d68:   00007fab24481b8f 0000000000000000
0x00007fab1b611d78:   0000000000000000 0000000000000000
0x00007fab1b611d88:   0000000000000000 0000000000000000
0x00007fab1b611d98:   0000000000000000 0000000000000000 

Instructions: (pc=0x00007fab2410c440)
0x00007fab2410c420:   55 be ff ff 00 00 bf 01 00 00 00 48 89 e5 c9 e9
0x00007fab2410c430:   dc ec ff ff 66 66 66 90 66 66 66 90 66 66 66 90
0x00007fab2410c440:   8b 77 44 55 48 89 e5 89 f2 c1 ea 03 89 d1 d1 f9
0x00007fab2410c450:   85 d2 7e 0a 85 c9 b8 01 00 00 00 0f 44 c8 89 f0 

Register to memory mapping:

RAX=0x0000000000000010 is an unknown value
RBX=0x0000000000000001 is an unknown value
RCX=0x0000000000000000 is an unknown value
RDX=0x00000000001fa000 is an unknown value
RSP=0x00007fab1b611ba8 is an unknown value
RBP=0x00007fab1b611be0 is an unknown value
RSI=0x0000000000000000 is an unknown value
RDI=0x00000000001fa000 is an unknown value
R8 =0x00007fab24812ee0: <offset 0xaa1ee0> in /home/chenjw/software/jdk1.6.0_29/jre/lib/amd64/server/libjvm.so at 0x00007fab23d71000
R9 =0x00007fab1c0286c0 is an unknown value
R10=0x00007fab247f2260: <offset 0xa81260> in /home/chenjw/software/jdk1.6.0_29/jre/lib/amd64/server/libjvm.so at 0x00007fab23d71000
R11=0x0000000000000080 is an unknown value
R12=0x00000000000000e2 is an unknown value
R13=0x00000000a1aba980 is an oop
{instance class} 
 - klass: {other class}
R14=0x00007fab2410c440: <offset 0x39b440> in /home/chenjw/software/jdk1.6.0_29/jre/lib/amd64/server/libjvm.so at 0x00007fab23d71000
R15=0x0000000000000000 is an unknown value


Stack: [0x00007fab1b512000,0x00007fab1b613000],  sp=0x00007fab1b611ba8,  free space=1022k
Native frames: (J=compiled Java code, j=interpreted, Vv=VM code, C=native code)
V  [libjvm.so+0x39b440]  _GLOBAL__I__ZN17CompilationPolicy7_policyE+0x20
V  [libjvm.so+0x39a5f4]  CounterDecay::decay()+0x84
V  [libjvm.so+0x39a62e]  NonTieredCompPolicy::do_safepoint_work()+0x2e
V  [libjvm.so+0x783964]  SafepointSynchronize::do_cleanup_tasks()+0x94
V  [libjvm.so+0x7834a5]  SafepointSynchronize::begin()+0x385
V  [libjvm.so+0x86caf4]  VMThread::run()+0x84
V  [libjvm.so+0x710b8f]  java_start(Thread*)+0x13f


---------------  P R O C E S S  ---------------

Java Threads: ( => current thread )
  0x00007fab1c09f000 JavaThread "Low Memory Detector" daemon [_thread_blocked, id=12382, stack(0x00007fab1af0c000,0x00007fab1b00d000)]
  0x00007fab1c09b000 JavaThread "C2 CompilerThread1" daemon [_thread_blocked, id=12381, stack(0x00007fab1b00d000,0x00007fab1b10e000)]
  0x00007fab1c098000 JavaThread "C2 CompilerThread0" daemon [_thread_blocked, id=12380, stack(0x00007fab1b10e000,0x00007fab1b20f000)]
  0x00007fab1c096000 JavaThread "Signal Dispatcher" daemon [_thread_blocked, id=12379, stack(0x00007fab1b20f000,0x00007fab1b310000)]
  0x00007fab1c07a000 JavaThread "Finalizer" daemon [_thread_blocked, id=12378, stack(0x00007fab1b310000,0x00007fab1b411000)]
  0x00007fab1c078000 JavaThread "Reference Handler" daemon [_thread_blocked, id=12377, stack(0x00007fab1b411000,0x00007fab1b512000)]

Other Threads:
=>0x00007fab1c071800 VMThread [stack: 0x00007fab1b512000,0x00007fab1b613000] [id=12376]

VM state:at safepoint (normal execution)

VM Mutex/Monitor currently owned by a thread:  ([mutex/lock_event])
[0x00007fab1c004b10] Safepoint_lock - owner thread: 0x00007fab1c071800
[0x00007fab1c004b90] Threads_lock - owner thread: 0x00007fab1c071800
[0x00007fab1c005090] Heap_lock - owner thread: 0x00007fab1c007000

Heap
 PSYoungGen      total 26688K, used 916K [0x00000000e2360000, 0x00000000e4120000, 0x0000000100000000)
  eden space 22912K, 4% used [0x00000000e2360000,0x00000000e2445260,0x00000000e39c0000)
  from space 3776K, 0% used [0x00000000e3d70000,0x00000000e3d70000,0x00000000e4120000)
  to   space 3776K, 0% used [0x00000000e39c0000,0x00000000e39c0000,0x00000000e3d70000)
 PSOldGen        total 60992K, used 0K [0x00000000a6a00000, 0x00000000aa590000, 0x00000000e2360000)
  object space 60992K, 0% used [0x00000000a6a00000,0x00000000a6a00000,0x00000000aa590000)
 PSPermGen       total 21248K, used 2848K [0x00000000a1800000, 0x00000000a2cc0000, 0x00000000a6a00000)
  object space 21248K, 13% used [0x00000000a1800000,0x00000000a1ac8118,0x00000000a2cc0000)

Code Cache  [0x00007fab206f9000, 0x00007fab20969000, 0x00007fab236f9000)
 total_blobs=154 nmethods=0 adapters=122 free_code_cache=49952128 largest_free_block=0

Dynamic libraries:
40000000-40009000 r-xp 00000000 08:06 395485                             /home/chenjw/software/jdk1.6.0_29/bin/java
40108000-4010a000 rwxp 00008000 08:06 395485                             /home/chenjw/software/jdk1.6.0_29/bin/java
4194d000-4196e000 rwxp 00000000 00:00 0                                  [heap]
a1800000-a2cc0000 rwxp 00000000 00:00 0 
a2cc0000-a6a00000 rwxp 00000000 00:00 0 
a6a00000-aa590000 rwxp 00000000 00:00 0 
aa590000-e2360000 rwxp 00000000 00:00 0 
e2360000-e4120000 rwxp 00000000 00:00 0 
e4120000-100000000 rwxp 00000000 00:00 0 
3148400000-3148420000 r-xp 00000000 08:06 4706                           /lib64/ld-2.12.so
314861f000-3148620000 r-xp 0001f000 08:06 4706                           /lib64/ld-2.12.so
3148620000-3148621000 rwxp 00020000 08:06 4706                           /lib64/ld-2.12.so
3148621000-3148622000 rwxp 00000000 00:00 0 
3148800000-3148989000 r-xp 00000000 08:06 4757                           /lib64/libc-2.12.so
3148989000-3148b89000 ---p 00189000 08:06 4757                           /lib64/libc-2.12.so
3148b89000-3148b8d000 r-xp 00189000 08:06 4757                           /lib64/libc-2.12.so
3148b8d000-3148b8e000 rwxp 0018d000 08:06 4757                           /lib64/libc-2.12.so
3148b8e000-3148b93000 rwxp 00000000 00:00 0 
3148c00000-3148c17000 r-xp 00000000 08:06 5240                           /lib64/libpthread-2.12.so
3148c17000-3148e17000 ---p 00017000 08:06 5240                           /lib64/libpthread-2.12.so
3148e17000-3148e18000 r-xp 00017000 08:06 5240                           /lib64/libpthread-2.12.so
3148e18000-3148e19000 rwxp 00018000 08:06 5240                           /lib64/libpthread-2.12.so
3148e19000-3148e1d000 rwxp 00000000 00:00 0 
3149000000-3149002000 r-xp 00000000 08:06 71859                          /lib64/libdl-2.12.so
3149002000-3149202000 ---p 00002000 08:06 71859                          /lib64/libdl-2.12.so
3149202000-3149203000 r-xp 00002000 08:06 71859                          /lib64/libdl-2.12.so
3149203000-3149204000 rwxp 00003000 08:06 71859                          /lib64/libdl-2.12.so
3149400000-3149483000 r-xp 00000000 08:06 35302                          /lib64/libm-2.12.so
3149483000-3149682000 ---p 00083000 08:06 35302                          /lib64/libm-2.12.so
3149682000-3149683000 r-xp 00082000 08:06 35302                          /lib64/libm-2.12.so
3149683000-3149684000 rwxp 00083000 08:06 35302                          /lib64/libm-2.12.so
3149800000-3149807000 r-xp 00000000 08:06 6812                           /lib64/librt-2.12.so
3149807000-3149a06000 ---p 00007000 08:06 6812                           /lib64/librt-2.12.so
3149a06000-3149a07000 r-xp 00006000 08:06 6812                           /lib64/librt-2.12.so
3149a07000-3149a08000 rwxp 00007000 08:06 6812                           /lib64/librt-2.12.so
3157c00000-3157c16000 r-xp 00000000 08:06 73879                          /lib64/libnsl-2.12.so
3157c16000-3157e15000 ---p 00016000 08:06 73879                          /lib64/libnsl-2.12.so
3157e15000-3157e16000 r-xp 00015000 08:06 73879                          /lib64/libnsl-2.12.so
3157e16000-3157e17000 rwxp 00016000 08:06 73879                          /lib64/libnsl-2.12.so
3157e17000-3157e19000 rwxp 00000000 00:00 0 
7faadc000000-7faadc021000 rwxp 00000000 00:00 0 
7faadc021000-7faae0000000 ---p 00000000 00:00 0 
7faae4000000-7faae4021000 rwxp 00000000 00:00 0 
7faae4021000-7faae8000000 ---p 00000000 00:00 0 
7faae8000000-7faae8021000 rwxp 00000000 00:00 0 
7faae8021000-7faaec000000 ---p 00000000 00:00 0 
7faaec000000-7faaec021000 rwxp 00000000 00:00 0 
7faaec021000-7faaf0000000 ---p 00000000 00:00 0 
7faaf216f000-7faaf8000000 r-xp 00000000 08:06 76576                      /usr/lib/locale/locale-archive
7faaf8000000-7faaf8021000 rwxp 00000000 00:00 0 
7faaf8021000-7faafc000000 ---p 00000000 00:00 0 
7faafc000000-7faafc021000 rwxp 00000000 00:00 0 
7faafc021000-7fab00000000 ---p 00000000 00:00 0 
7fab00000000-7fab00021000 rwxp 00000000 00:00 0 
7fab00021000-7fab04000000 ---p 00000000 00:00 0 
7fab04000000-7fab04021000 rwxp 00000000 00:00 0 
7fab04021000-7fab08000000 ---p 00000000 00:00 0 
7fab08000000-7fab08021000 rwxp 00000000 00:00 0 
7fab08021000-7fab0c000000 ---p 00000000 00:00 0 
7fab0c000000-7fab0c021000 rwxp 00000000 00:00 0 
7fab0c021000-7fab10000000 ---p 00000000 00:00 0 
7fab10000000-7fab10021000 rwxp 00000000 00:00 0 
7fab10021000-7fab14000000 ---p 00000000 00:00 0 
7fab14000000-7fab14021000 rwxp 00000000 00:00 0 
7fab14021000-7fab18000000 ---p 00000000 00:00 0 
7fab1ac04000-7fab1ac0a000 r-xp 00000000 08:06 3810557                    /home/chenjw/my_workspace/knife/native/Default/libnativehelper.so
7fab1ac0a000-7fab1ae0a000 ---p 00006000 08:06 3810557                    /home/chenjw/my_workspace/knife/native/Default/libnativehelper.so
7fab1ae0a000-7fab1ae0b000 rwxp 00006000 08:06 3810557                    /home/chenjw/my_workspace/knife/native/Default/libnativehelper.so
7fab1ae0b000-7fab1ae0c000 ---p 00000000 00:00 0 
7fab1ae0c000-7fab1af0c000 rwxp 00000000 00:00 0 
7fab1af0c000-7fab1af0f000 ---p 00000000 00:00 0 
7fab1af0f000-7fab1b00d000 rwxp 00000000 00:00 0 
7fab1b00d000-7fab1b010000 ---p 00000000 00:00 0 
7fab1b010000-7fab1b10e000 rwxp 00000000 00:00 0 
7fab1b10e000-7fab1b111000 ---p 00000000 00:00 0 
7fab1b111000-7fab1b20f000 rwxp 00000000 00:00 0 
7fab1b20f000-7fab1b212000 ---p 00000000 00:00 0 
7fab1b212000-7fab1b310000 rwxp 00000000 00:00 0 
7fab1b310000-7fab1b313000 ---p 00000000 00:00 0 
7fab1b313000-7fab1b411000 rwxp 00000000 00:00 0 
7fab1b411000-7fab1b414000 ---p 00000000 00:00 0 
7fab1b414000-7fab1b512000 rwxp 00000000 00:00 0 
7fab1b512000-7fab1b513000 ---p 00000000 00:00 0 
7fab1b513000-7fab1bb4f000 rwxp 00000000 00:00 0 
7fab1bb4f000-7fab1bcfd000 r-xs 019e3000 08:06 403118                     /home/chenjw/software/jdk1.6.0_29/jre/lib/rt_debug.jar
7fab1bcfd000-7fab1bcfe000 ---p 00000000 00:00 0 
7fab1bcfe000-7fab1bdfe000 rwxp 00000000 00:00 0 
7fab1bdfe000-7fab1bdff000 ---p 00000000 00:00 0 
7fab1bdff000-7fab1beff000 rwxp 00000000 00:00 0 
7fab1beff000-7fab1bf00000 ---p 00000000 00:00 0 
7fab1bf00000-7fab1c000000 rwxp 00000000 00:00 0 
7fab1c000000-7fab1c0c2000 rwxp 00000000 00:00 0 
7fab1c0c2000-7fab20000000 ---p 00000000 00:00 0 
7fab20015000-7fab2003d000 rwxp 00000000 00:00 0 
7fab2003d000-7fab2003e000 ---p 00000000 00:00 0 
7fab2003e000-7fab20149000 rwxp 00000000 00:00 0 
7fab20149000-7fab20167000 rwxp 00000000 00:00 0 
7fab20167000-7fab20185000 rwxp 00000000 00:00 0 
7fab20185000-7fab20344000 rwxp 00000000 00:00 0 
7fab20344000-7fab2034f000 rwxp 00000000 00:00 0 
7fab2034f000-7fab2036d000 rwxp 00000000 00:00 0 
7fab2036d000-7fab2038b000 rwxp 00000000 00:00 0 
7fab2038b000-7fab20549000 rwxp 00000000 00:00 0 
7fab20549000-7fab20559000 rwxp 00000000 00:00 0 
7fab20559000-7fab20638000 rwxp 00000000 00:00 0 
7fab20638000-7fab20643000 rwxp 00000000 00:00 0 
7fab20643000-7fab206f9000 rwxp 00000000 00:00 0 
7fab206f9000-7fab20969000 rwxp 00000000 00:00 0 
7fab20969000-7fab236f9000 rwxp 00000000 00:00 0 
7fab236f9000-7fab23707000 r-xp 00000000 08:06 396134                     /home/chenjw/software/jdk1.6.0_29/jre/lib/amd64/libzip.so
7fab23707000-7fab23809000 ---p 0000e000 08:06 396134                     /home/chenjw/software/jdk1.6.0_29/jre/lib/amd64/libzip.so
7fab23809000-7fab2380c000 rwxp 00010000 08:06 396134                     /home/chenjw/software/jdk1.6.0_29/jre/lib/amd64/libzip.so
7fab2380c000-7fab2380d000 rwxp 00000000 00:00 0 
7fab2380d000-7fab23819000 r-xp 00000000 08:06 37321                      /lib64/libnss_files-2.12.so
7fab23819000-7fab23a19000 ---p 0000c000 08:06 37321                      /lib64/libnss_files-2.12.so
7fab23a19000-7fab23a1a000 r-xp 0000c000 08:06 37321                      /lib64/libnss_files-2.12.so
7fab23a1a000-7fab23a1b000 rwxp 0000d000 08:06 37321                      /lib64/libnss_files-2.12.so
7fab23a32000-7fab23a5b000 r-xp 00000000 08:06 396147                     /home/chenjw/software/jdk1.6.0_29/jre/lib/amd64/libjava.so
7fab23a5b000-7fab23b5a000 ---p 00029000 08:06 396147                     /home/chenjw/software/jdk1.6.0_29/jre/lib/amd64/libjava.so
7fab23b5a000-7fab23b61000 rwxp 00028000 08:06 396147                     /home/chenjw/software/jdk1.6.0_29/jre/lib/amd64/libjava.so
7fab23b61000-7fab23b6e000 r-xp 00000000 08:06 396129                     /home/chenjw/software/jdk1.6.0_29/jre/lib/amd64/libverify.so
7fab23b6e000-7fab23c6d000 ---p 0000d000 08:06 396129                     /home/chenjw/software/jdk1.6.0_29/jre/lib/amd64/libverify.so
7fab23c6d000-7fab23c70000 rwxp 0000c000 08:06 396129                     /home/chenjw/software/jdk1.6.0_29/jre/lib/amd64/libverify.so
7fab23c70000-7fab23c73000 ---p 00000000 00:00 0 
7fab23c73000-7fab23d71000 rwxp 00000000 00:00 0 
7fab23d71000-7fab2468b000 r-xp 00000000 08:06 396154                     /home/chenjw/software/jdk1.6.0_29/jre/lib/amd64/server/libjvm.so
7fab2468b000-7fab2478d000 ---p 0091a000 08:06 396154                     /home/chenjw/software/jdk1.6.0_29/jre/lib/amd64/server/libjvm.so
7fab2478d000-7fab24942000 rwxp 0091c000 08:06 396154                     /home/chenjw/software/jdk1.6.0_29/jre/lib/amd64/server/libjvm.so
7fab24942000-7fab2497f000 rwxp 00000000 00:00 0 
7fab2497f000-7fab24986000 r-xp 00000000 08:06 396119                     /home/chenjw/software/jdk1.6.0_29/jre/lib/amd64/jli/libjli.so
7fab24986000-7fab24a87000 ---p 00007000 08:06 396119                     /home/chenjw/software/jdk1.6.0_29/jre/lib/amd64/jli/libjli.so
7fab24a87000-7fab24a89000 rwxp 00008000 08:06 396119                     /home/chenjw/software/jdk1.6.0_29/jre/lib/amd64/jli/libjli.so
7fab24a89000-7fab24a8a000 rwxp 00000000 00:00 0 
7fab24a97000-7fab24a9f000 rwxs 00000000 08:06 3939343                    /tmp/hsperfdata_chenjw/12366
7fab24a9f000-7fab24aa0000 rwxp 00000000 00:00 0 
7fab24aa0000-7fab24aa1000 ---p 00000000 00:00 0 
7fab24aa1000-7fab24aa2000 rwxp 00000000 00:00 0 
7fff05e6d000-7fff05e82000 rwxp 00000000 00:00 0                          [stack]
7fff05fff000-7fff06000000 r-xp 00000000 00:00 0                          [vdso]
ffffffffff600000-ffffffffff601000 r-xp 00000000 00:00 0                  [vsyscall]

VM Arguments:
jvm_args: -Dfile.encoding=UTF-8 
java_command: com.chenjw.knife.agent.utils.NativeHelper
Launcher Type: SUN_STANDARD

Environment Variables:
JAVA_HOME=/home/chenjw/software/jdk1.6.0_34
CLASSPATH=.:/home/chenjw/software/jdk1.6.0_34/lib:
PATH=/home/chenjw/software/jdk1.6.0_34/bin:/home/chenjw/software/apache-maven-2.2.1/bin:/home/chenjw/software/apache-ant-1.8.3/bin:/usr/lib64/qt-3.3/bin:/usr/local/bin:/usr/bin:/bin:/usr/local/sbin:/usr/sbin:/sbin:/home/chenjw/workspace_go/go/bin:/home/chenjw/bin
USERNAME=chenjw
LD_LIBRARY_PATH=/home/chenjw/software/jdk1.6.0_29/jre/lib/amd64/server:/home/chenjw/software/jdk1.6.0_29/jre/lib/amd64:/home/chenjw/software/jdk1.6.0_29/jre/../lib/amd64:/home/chenjw/software/jdk1.6.0_34/jre/lib/amd64/server:/home/chenjw/software/jdk1.6.0_34/jre/lib/amd64:/home/chenjw/software/jdk1.6.0_34/jre/../lib/amd64
SHELL=/bin/bash
DISPLAY=:0.0

Signal Handlers:
SIGSEGV: [libjvm.so+0x85f780], sa_mask[0]=0x7ffbfeff, sa_flags=0x10000004
SIGBUS: [libjvm.so+0x85f780], sa_mask[0]=0x7ffbfeff, sa_flags=0x10000004
SIGFPE: [libjvm.so+0x70e3b0], sa_mask[0]=0x7ffbfeff, sa_flags=0x10000004
SIGPIPE: [libjvm.so+0x70e3b0], sa_mask[0]=0x7ffbfeff, sa_flags=0x10000004
SIGXFSZ: [libjvm.so+0x70e3b0], sa_mask[0]=0x7ffbfeff, sa_flags=0x10000004
SIGILL: [libjvm.so+0x70e3b0], sa_mask[0]=0x7ffbfeff, sa_flags=0x10000004
SIGUSR1: SIG_DFL, sa_mask[0]=0x00000000, sa_flags=0x00000000
SIGUSR2: [libjvm.so+0x7111c0], sa_mask[0]=0x00000004, sa_flags=0x10000004
SIGHUP: [libjvm.so+0x710dc0], sa_mask[0]=0x7ffbfeff, sa_flags=0x10000004
SIGINT: [libjvm.so+0x710dc0], sa_mask[0]=0x7ffbfeff, sa_flags=0x10000004
SIGTERM: [libjvm.so+0x710dc0], sa_mask[0]=0x7ffbfeff, sa_flags=0x10000004
SIGQUIT: [libjvm.so+0x710dc0], sa_mask[0]=0x7ffbfeff, sa_flags=0x10000004


---------------  S Y S T E M  ---------------

OS:CentOS release 6.2 (Final)

uname:Linux 2.6.32-220.4.1.el6.x86_64 #1 SMP Tue Jan 24 02:13:44 GMT 2012 x86_64
libc:glibc 2.12 NPTL 2.12 
rlimit: STACK 10240k, CORE 0k, NPROC 1024, NOFILE 1024, AS infinity
load average:0.01 0.07 0.10

/proc/meminfo:
MemTotal:        5851108 kB
MemFree:         1958696 kB
Buffers:          385784 kB
Cached:          1358388 kB
SwapCached:            0 kB
Active:          2267844 kB
Inactive:        1309336 kB
Active(anon):    1833660 kB
Inactive(anon):    11516 kB
Active(file):     434184 kB
Inactive(file):  1297820 kB
Unevictable:           0 kB
Mlocked:               0 kB
SwapTotal:       9375736 kB
SwapFree:        9375736 kB
Dirty:              1056 kB
Writeback:             0 kB
AnonPages:       1831240 kB
Mapped:           165160 kB
Shmem:             12172 kB
Slab:             162852 kB
SReclaimable:      79696 kB
SUnreclaim:        83156 kB
KernelStack:        3912 kB
PageTables:        41420 kB
NFS_Unstable:          0 kB
Bounce:                0 kB
WritebackTmp:          0 kB
CommitLimit:    12301288 kB
Committed_AS:    3269936 kB
VmallocTotal:   34359738367 kB
VmallocUsed:      299700 kB
VmallocChunk:   34359312420 kB
HardwareCorrupted:     0 kB
AnonHugePages:   1116160 kB
HugePages_Total:       0
HugePages_Free:        0
HugePages_Rsvd:        0
HugePages_Surp:        0
Hugepagesize:       2048 kB
DirectMap4k:        6144 kB
DirectMap2M:     6211584 kB


CPU:total 4 (2 cores per cpu, 2 threads per core) family 6 model 37 stepping 5, cmov, cx8, fxsr, mmx, sse, sse2, sse3, ssse3, sse4.1, sse4.2, popcnt, ht

/proc/cpuinfo:
processor	: 0
vendor_id	: GenuineIntel
cpu family	: 6
model		: 37
model name	: Intel(R) Core(TM) i3 CPU       M 380  @ 2.53GHz
stepping	: 5
cpu MHz		: 2533.000
cache size	: 3072 KB
physical id	: 0
siblings	: 4
core id		: 0
cpu cores	: 2
apicid		: 0
initial apicid	: 0
fpu		: yes
fpu_exception	: yes
cpuid level	: 11
wp		: yes
flags		: fpu vme de pse tsc msr pae mce cx8 apic mtrr pge mca cmov pat pse36 clflush dts acpi mmx fxsr sse sse2 ss ht tm pbe syscall nx rdtscp lm constant_tsc arch_perfmon pebs bts rep_good xtopology nonstop_tsc aperfmperf pni dtes64 monitor ds_cpl vmx est tm2 ssse3 cx16 xtpr pdcm sse4_1 sse4_2 popcnt lahf_lm arat dts tpr_shadow vnmi flexpriority ept vpid
bogomips	: 5054.30
clflush size	: 64
cache_alignment	: 64
address sizes	: 36 bits physical, 48 bits virtual
power management:

processor	: 1
vendor_id	: GenuineIntel
cpu family	: 6
model		: 37
model name	: Intel(R) Core(TM) i3 CPU       M 380  @ 2.53GHz
stepping	: 5
cpu MHz		: 933.000
cache size	: 3072 KB
physical id	: 0
siblings	: 4
core id		: 2
cpu cores	: 2
apicid		: 4
initial apicid	: 4
fpu		: yes
fpu_exception	: yes
cpuid level	: 11
wp		: yes
flags		: fpu vme de pse tsc msr pae mce cx8 apic mtrr pge mca cmov pat pse36 clflush dts acpi mmx fxsr sse sse2 ss ht tm pbe syscall nx rdtscp lm constant_tsc arch_perfmon pebs bts rep_good xtopology nonstop_tsc aperfmperf pni dtes64 monitor ds_cpl vmx est tm2 ssse3 cx16 xtpr pdcm sse4_1 sse4_2 popcnt lahf_lm arat dts tpr_shadow vnmi flexpriority ept vpid
bogomips	: 5053.74
clflush size	: 64
cache_alignment	: 64
address sizes	: 36 bits physical, 48 bits virtual
power management:

processor	: 2
vendor_id	: GenuineIntel
cpu family	: 6
model		: 37
model name	: Intel(R) Core(TM) i3 CPU       M 380  @ 2.53GHz
stepping	: 5
cpu MHz		: 2533.000
cache size	: 3072 KB
physical id	: 0
siblings	: 4
core id		: 0
cpu cores	: 2
apicid		: 1
initial apicid	: 1
fpu		: yes
fpu_exception	: yes
cpuid level	: 11
wp		: yes
flags		: fpu vme de pse tsc msr pae mce cx8 apic mtrr pge mca cmov pat pse36 clflush dts acpi mmx fxsr sse sse2 ss ht tm pbe syscall nx rdtscp lm constant_tsc arch_perfmon pebs bts rep_good xtopology nonstop_tsc aperfmperf pni dtes64 monitor ds_cpl vmx est tm2 ssse3 cx16 xtpr pdcm sse4_1 sse4_2 popcnt lahf_lm arat dts tpr_shadow vnmi flexpriority ept vpid
bogomips	: 5053.73
clflush size	: 64
cache_alignment	: 64
address sizes	: 36 bits physical, 48 bits virtual
power management:

processor	: 3
vendor_id	: GenuineIntel
cpu family	: 6
model		: 37
model name	: Intel(R) Core(TM) i3 CPU       M 380  @ 2.53GHz
stepping	: 5
cpu MHz		: 933.000
cache size	: 3072 KB
physical id	: 0
siblings	: 4
core id		: 2
cpu cores	: 2
apicid		: 5
initial apicid	: 5
fpu		: yes
fpu_exception	: yes
cpuid level	: 11
wp		: yes
flags		: fpu vme de pse tsc msr pae mce cx8 apic mtrr pge mca cmov pat pse36 clflush dts acpi mmx fxsr sse sse2 ss ht tm pbe syscall nx rdtscp lm constant_tsc arch_perfmon pebs bts rep_good xtopology nonstop_tsc aperfmperf pni dtes64 monitor ds_cpl vmx est tm2 ssse3 cx16 xtpr pdcm sse4_1 sse4_2 popcnt lahf_lm arat dts tpr_shadow vnmi flexpriority ept vpid
bogomips	: 5053.73
clflush size	: 64
cache_alignment	: 64
address sizes	: 36 bits physical, 48 bits virtual
power management:



Memory: 4k page, physical 5851108k(1958696k free), swap 9375736k(9375736k free)

vm_info: Java HotSpot(TM) 64-Bit Server VM (20.4-b02) for linux-amd64 JRE (1.6.0_29-b11), built on Oct  3 2011 01:19:20 by "java_re" with gcc 3.2.2 (SuSE Linux)

time: Mon Dec 10 01:33:28 2012
elapsed time: 0 seconds

