#
# A fatal error has been detected by the Java Runtime Environment:
#
#  SIGSEGV (0xb) at pc=0x00007f7ddd5309d2, pid=12060, tid=140178556794624
#
# JRE version: 6.0_29-b11
# Java VM: Java HotSpot(TM) 64-Bit Server VM (20.4-b02 mixed mode linux-amd64 compressed oops)
# Problematic frame:
# V  [libjvm.so+0x3dc9d2]  constantPoolOopDesc::klass_at_impl(constantPoolHandle, int, Thread*)+0x42
#
# If you would like to submit a bug report, please visit:
#   http://java.sun.com/webapps/bugreport/crash.jsp
#

---------------  T H R E A D  ---------------

Current thread (0x00007f7dd8007000):  JavaThread "main" [_thread_in_vm, id=12065, stack(0x00007f7ddd053000,0x00007f7ddd154000)]

siginfo:si_signo=SIGSEGV: si_errno=0, si_code=1 (SEGV_MAPERR), si_addr=0x0000000000000008

Registers:
RAX=0x00007f7dd8007828, RBX=0x0000000000000000, RCX=0xfffffffffffffff7, RDX=0x00007f7dddbd9530
RSP=0x00007f7ddd152170, RBP=0x00007f7ddd1525b0, RSI=0x00007f7dddbf5ee0, RDI=0x00007f7dd8007828
R8 =0x000000000000005e, R9 =0x000000000000005e, R10=0x000000000000005e, R11=0x00007f7dd8007820
R12=0x0000000000000000, R13=0x00007f7dd8007828, R14=0x00007f7dd8007000, R15=0x0000000000000000
RIP=0x00007f7ddd5309d2, EFLAGS=0x0000000000010202, CSGSFS=0x0000000000000033, ERR=0x0000000000000004
  TRAPNO=0x000000000000000e

Top of Stack: (sp=0x00007f7ddd152170)
0x00007f7ddd152170:   00007f7ddd152230 00007f7ddd93cece
0x00007f7ddd152180:   00007f7dd8007000 00007f7dd8007000
0x00007f7ddd152190:   00007f7ddd1521c0 00007f7dd8007838
0x00007f7ddd1521a0:   00007f7dd8007840 00007f7dd80078e0
0x00007f7ddd1521b0:   00007f7dd80078c0 00007f7dd80078b8
0x00007f7ddd1521c0:   00007f7ddd152230 00007f7ddd9418f9
0x00007f7ddd1521d0:   00007f7ddd1521e8 000001ba3b3d4a79
0x00007f7ddd1521e0:   00007f7dd8004310 00007f7dd80078b0
0x00007f7ddd1521f0:   00007f7d0000000e 00007f7d00000000
0x00007f7ddd152200:   00007f7dd8007838 00007f7dddbf3fe0
0x00007f7ddd152210:   00007f7dddbe33d0 00000000a18d3c08
0x00007f7ddd152220:   00007f7ddd152230 00007f7ddd93a297
0x00007f7ddd152230:   00007f7ddd152330 00007f7ddd93d7d1
0x00007f7ddd152240:   00007f7dd8007000 00007f7dd8007000
0x00007f7ddd152250:   00007f7ddd1522a8 00000000a19c35a8
0x00007f7ddd152260:   0000000000000000 00007f7dd80078a0
0x00007f7ddd152270:   0000000000000000 00007f7ddd1522e0
0x00007f7ddd152280:   00007f7dd8007840 3b3d4a79000001ba
0x00007f7ddd152290:   3b3d4a79000001ba 00007f7dd8007838
0x00007f7ddd1522a0:   00007f7db1f6a680 00007f7dd8007840
0x00007f7ddd1522b0:   00007f7dd8004310 0000000000000000
0x00007f7ddd1522c0:   0000000000000001 0000000000000000
0x00007f7ddd1522d0:   00007f7ddd152380 00007f7ddd3c6105
0x00007f7ddd1522e0:   00007f7dd8007000 00007f7dd8007820
0x00007f7ddd1522f0:   00000012360be001 00007f7ddd152301
0x00007f7ddd152300:   00007f7dd80078f8 00007f7dd8007900
0x00007f7ddd152310:   00007f7dd8007000 00007f7dd80078f8
0x00007f7ddd152320:   00007f7ddd152380 00007f7ddd7a506d
0x00007f7ddd152330:   00007f7ddd152370 00007f7ddd93c681
0x00007f7ddd152340:   00000000e2392ff0 00007f7dd8005f60
0x00007f7ddd152350:   00000000000001d4 00007f7dd8007000
0x00007f7ddd152360:   00007f7dd8007838 00007f7dd8007820 

Instructions: (pc=0x00007f7ddd5309d2)
0x00007f7ddd5309b2:   17 48 83 c2 40 4a 8b 1c e2 48 8b 15 1e e9 7e 00
0x00007f7ddd5309c2:   80 3a 00 0f 84 35 0e 00 00 48 8b 35 ee cc 7e 00
0x00007f7ddd5309d2:   8b 53 08 8b 4e 08 48 d3 e2 48 03 16 48 8b 42 10
0x00007f7ddd5309e2:   48 8d 7a 10 ff 90 10 01 00 00 48 89 da 84 c0 74 

Register to memory mapping:

RAX=0x00007f7dd8007828 is an unknown value
RBX=0x0000000000000000 is an unknown value
RCX=0xfffffffffffffff7 is an unknown value
RDX=0x00007f7dddbd9530: <offset 0xa85530> in /home/chenjw/software/jdk1.6.0_29/jre/lib/amd64/server/libjvm.so at 0x00007f7ddd154000
RSP=0x00007f7ddd152170 is pointing into the stack for thread: 0x00007f7dd8007000
RBP=0x00007f7ddd1525b0 is pointing into the stack for thread: 0x00007f7dd8007000
RSI=0x00007f7dddbf5ee0: <offset 0xaa1ee0> in /home/chenjw/software/jdk1.6.0_29/jre/lib/amd64/server/libjvm.so at 0x00007f7ddd154000
RDI=0x00007f7dd8007828 is an unknown value
R8 =0x000000000000005e is an unknown value
R9 =0x000000000000005e is an unknown value
R10=0x000000000000005e is an unknown value
R11=0x00007f7dd8007820 is an unknown value
R12=0x0000000000000000 is an unknown value
R13=0x00007f7dd8007828 is an unknown value
R14=0x00007f7dd8007000 is a thread
R15=0x0000000000000000 is an unknown value


Stack: [0x00007f7ddd053000,0x00007f7ddd154000],  sp=0x00007f7ddd152170,  free space=1020k
Native frames: (J=compiled Java code, j=interpreted, Vv=VM code, C=native code)
V  [libjvm.so+0x3dc9d2]  constantPoolOopDesc::klass_at_impl(constantPoolHandle, int, Thread*)+0x42
V  [libjvm.so+0x3de2be]  constantPoolOopDesc::klass_ref_at(int, Thread*)+0x4e
V  [libjvm.so+0x65115b]  LinkResolver::resolve_klass(KlassHandle&, constantPoolHandle, int, Thread*)+0x2b
V  [libjvm.so+0x655755]  LinkResolver::resolve_pool(KlassHandle&, symbolHandle&, symbolHandle&, KlassHandle&, constantPoolHandle, int, Thread*)+0x35
V  [libjvm.so+0x6559f5]  LinkResolver::resolve_invokespecial(CallInfo&, constantPoolHandle, int, Thread*)+0x55
V  [libjvm.so+0x6556fd]  LinkResolver::resolve_invoke(CallInfo&, Handle, constantPoolHandle, int, Bytecodes::Code, Thread*)+0x5d
V  [libjvm.so+0x4d7932]  InterpreterRuntime::resolve_invoke(JavaThread*, Bytecodes::Code)+0x202
j  com.chenjw.knife.agent.utils.NativeHelper.checkCapabilities()Ljava/util/Map;+49
j  com.chenjw.knife.agent.utils.NativeHelper.do4()V+0
j  com.chenjw.knife.agent.utils.NativeHelper.main([Ljava/lang/String;)V+0
v  ~StubRoutines::call_stub
V  [libjvm.so+0x4df400]  JavaCalls::call_helper(JavaValue*, methodHandle*, JavaCallArguments*, Thread*)+0x1e0
V  [libjvm.so+0x70f6d9]  os::os_exception_wrapper(void (*)(JavaValue*, methodHandle*, JavaCallArguments*, Thread*), JavaValue*, methodHandle*, JavaCallArguments*, Thread*)+0x19
V  [libjvm.so+0x4df215]  JavaCalls::call(JavaValue*, methodHandle, JavaCallArguments*, Thread*)+0x25
V  [libjvm.so+0x51ac67]  jni_invoke_static(JNIEnv_*, JavaValue*, _jobject*, JNICallType, _jmethodID*, JNI_ArgumentPusher*, Thread*)+0x147
V  [libjvm.so+0x5083ff]  unsigned+0x20f

Java frames: (J=compiled Java code, j=interpreted, Vv=VM code)
j  com.chenjw.knife.agent.utils.NativeHelper.checkCapabilities()Ljava/util/Map;+49
j  com.chenjw.knife.agent.utils.NativeHelper.do4()V+0
j  com.chenjw.knife.agent.utils.NativeHelper.main([Ljava/lang/String;)V+0
v  ~StubRoutines::call_stub

---------------  P R O C E S S  ---------------

Java Threads: ( => current thread )
  0x00007f7dd809f000 JavaThread "Low Memory Detector" daemon [_thread_blocked, id=12076, stack(0x00007f7dd420f000,0x00007f7dd4310000)]
  0x00007f7dd809b000 JavaThread "C2 CompilerThread1" daemon [_thread_blocked, id=12075, stack(0x00007f7dd4310000,0x00007f7dd4411000)]
  0x00007f7dd8098000 JavaThread "C2 CompilerThread0" daemon [_thread_blocked, id=12074, stack(0x00007f7dd4411000,0x00007f7dd4512000)]
  0x00007f7dd8096000 JavaThread "Signal Dispatcher" daemon [_thread_blocked, id=12073, stack(0x00007f7dd4512000,0x00007f7dd4613000)]
  0x00007f7dd807a000 JavaThread "Finalizer" daemon [_thread_blocked, id=12072, stack(0x00007f7dd4613000,0x00007f7dd4714000)]
  0x00007f7dd8078000 JavaThread "Reference Handler" daemon [_thread_blocked, id=12071, stack(0x00007f7dd4714000,0x00007f7dd4815000)]
=>0x00007f7dd8007000 JavaThread "main" [_thread_in_vm, id=12065, stack(0x00007f7ddd053000,0x00007f7ddd154000)]

Other Threads:
  0x00007f7dd8071800 VMThread [stack: 0x00007f7dd4815000,0x00007f7dd4916000] [id=12070]
  0x00007f7dd80aa000 WatcherThread [stack: 0x00007f7dd410e000,0x00007f7dd420f000] [id=12077]

VM state:not at safepoint (normal execution)

VM Mutex/Monitor currently owned by a thread: None

Heap
 PSYoungGen      total 26688K, used 458K [0x00000000e2360000, 0x00000000e4120000, 0x0000000100000000)
  eden space 22912K, 2% used [0x00000000e2360000,0x00000000e23d2900,0x00000000e39c0000)
  from space 3776K, 0% used [0x00000000e3d70000,0x00000000e3d70000,0x00000000e4120000)
  to   space 3776K, 0% used [0x00000000e39c0000,0x00000000e39c0000,0x00000000e3d70000)
 PSOldGen        total 60992K, used 0K [0x00000000a6a00000, 0x00000000aa590000, 0x00000000e2360000)
  object space 60992K, 0% used [0x00000000a6a00000,0x00000000a6a00000,0x00000000aa590000)
 PSPermGen       total 21248K, used 2804K [0x00000000a1800000, 0x00000000a2cc0000, 0x00000000a6a00000)
  object space 21248K, 13% used [0x00000000a1800000,0x00000000a1abd0a8,0x00000000a2cc0000)

Code Cache  [0x00007f7dd5000000, 0x00007f7dd5270000, 0x00007f7dd8000000)
 total_blobs=154 nmethods=0 adapters=122 free_code_cache=49952128 largest_free_block=0

Dynamic libraries:
40000000-40009000 r-xp 00000000 08:06 395485                             /home/chenjw/software/jdk1.6.0_29/bin/java
40108000-4010a000 rwxp 00008000 08:06 395485                             /home/chenjw/software/jdk1.6.0_29/bin/java
416db000-416fc000 rwxp 00000000 00:00 0                                  [heap]
a1800000-a2cc0000 rwxp 00000000 00:00 0 
a2cc0000-a6a00000 rwxp 00000000 00:00 0 
a6a00000-aa590000 rwxp 00000000 00:00 0 
aa590000-e2360000 rwxp 00000000 00:00 0 
e2360000-e4120000 rwxp 00000000 00:00 0 
e4120000-100000000 rwxp 00000000 00:00 0 
3148400000-3148420000 r-xp 00000000 08:06 4706                           /lib64/ld-2.12.so
314861f000-3148620000 r-xp 0001f000 08:06 4706                           /lib64/ld-2.12.so
3148620000-3148621000 rwxp 00020000 08:06 4706                           /lib64/ld-2.12.so
3148621000-3148622000 rwxp 00000000 00:00 0 
3148800000-3148989000 r-xp 00000000 08:06 4757                           /lib64/libc-2.12.so
3148989000-3148b89000 ---p 00189000 08:06 4757                           /lib64/libc-2.12.so
3148b89000-3148b8d000 r-xp 00189000 08:06 4757                           /lib64/libc-2.12.so
3148b8d000-3148b8e000 rwxp 0018d000 08:06 4757                           /lib64/libc-2.12.so
3148b8e000-3148b93000 rwxp 00000000 00:00 0 
3148c00000-3148c17000 r-xp 00000000 08:06 5240                           /lib64/libpthread-2.12.so
3148c17000-3148e17000 ---p 00017000 08:06 5240                           /lib64/libpthread-2.12.so
3148e17000-3148e18000 r-xp 00017000 08:06 5240                           /lib64/libpthread-2.12.so
3148e18000-3148e19000 rwxp 00018000 08:06 5240                           /lib64/libpthread-2.12.so
3148e19000-3148e1d000 rwxp 00000000 00:00 0 
3149000000-3149002000 r-xp 00000000 08:06 71859                          /lib64/libdl-2.12.so
3149002000-3149202000 ---p 00002000 08:06 71859                          /lib64/libdl-2.12.so
3149202000-3149203000 r-xp 00002000 08:06 71859                          /lib64/libdl-2.12.so
3149203000-3149204000 rwxp 00003000 08:06 71859                          /lib64/libdl-2.12.so
3149400000-3149483000 r-xp 00000000 08:06 35302                          /lib64/libm-2.12.so
3149483000-3149682000 ---p 00083000 08:06 35302                          /lib64/libm-2.12.so
3149682000-3149683000 r-xp 00082000 08:06 35302                          /lib64/libm-2.12.so
3149683000-3149684000 rwxp 00083000 08:06 35302                          /lib64/libm-2.12.so
3149800000-3149807000 r-xp 00000000 08:06 6812                           /lib64/librt-2.12.so
3149807000-3149a06000 ---p 00007000 08:06 6812                           /lib64/librt-2.12.so
3149a06000-3149a07000 r-xp 00006000 08:06 6812                           /lib64/librt-2.12.so
3149a07000-3149a08000 rwxp 00007000 08:06 6812                           /lib64/librt-2.12.so
3157c00000-3157c16000 r-xp 00000000 08:06 73879                          /lib64/libnsl-2.12.so
3157c16000-3157e15000 ---p 00016000 08:06 73879                          /lib64/libnsl-2.12.so
3157e15000-3157e16000 r-xp 00015000 08:06 73879                          /lib64/libnsl-2.12.so
3157e16000-3157e17000 rwxp 00016000 08:06 73879                          /lib64/libnsl-2.12.so
3157e17000-3157e19000 rwxp 00000000 00:00 0 
7f7d9c000000-7f7d9c021000 rwxp 00000000 00:00 0 
7f7d9c021000-7f7da0000000 ---p 00000000 00:00 0 
7f7da0000000-7f7da0021000 rwxp 00000000 00:00 0 
7f7da0021000-7f7da4000000 ---p 00000000 00:00 0 
7f7da4000000-7f7da4021000 rwxp 00000000 00:00 0 
7f7da4021000-7f7da8000000 ---p 00000000 00:00 0 
7f7da8000000-7f7da8021000 rwxp 00000000 00:00 0 
7f7da8021000-7f7dac000000 ---p 00000000 00:00 0 
7f7dac000000-7f7dac021000 rwxp 00000000 00:00 0 
7f7dac021000-7f7db0000000 ---p 00000000 00:00 0 
7f7db1f68000-7f7db1f6e000 r-xp 00000000 08:06 3810557                    /home/chenjw/my_workspace/knife/native/Default/libnativehelper.so
7f7db1f6e000-7f7db216e000 ---p 00006000 08:06 3810557                    /home/chenjw/my_workspace/knife/native/Default/libnativehelper.so
7f7db216e000-7f7db216f000 rwxp 00006000 08:06 3810557                    /home/chenjw/my_workspace/knife/native/Default/libnativehelper.so
7f7db216f000-7f7db8000000 r-xp 00000000 08:06 76576                      /usr/lib/locale/locale-archive
7f7db8000000-7f7db8021000 rwxp 00000000 00:00 0 
7f7db8021000-7f7dbc000000 ---p 00000000 00:00 0 
7f7dbc000000-7f7dbc021000 rwxp 00000000 00:00 0 
7f7dbc021000-7f7dc0000000 ---p 00000000 00:00 0 
7f7dc0000000-7f7dc0021000 rwxp 00000000 00:00 0 
7f7dc0021000-7f7dc4000000 ---p 00000000 00:00 0 
7f7dc4000000-7f7dc4021000 rwxp 00000000 00:00 0 
7f7dc4021000-7f7dc8000000 ---p 00000000 00:00 0 
7f7dc8000000-7f7dc8021000 rwxp 00000000 00:00 0 
7f7dc8021000-7f7dcc000000 ---p 00000000 00:00 0 
7f7dcc000000-7f7dcc021000 rwxp 00000000 00:00 0 
7f7dcc021000-7f7dd0000000 ---p 00000000 00:00 0 
7f7dd0000000-7f7dd0021000 rwxp 00000000 00:00 0 
7f7dd0021000-7f7dd4000000 ---p 00000000 00:00 0 
7f7dd410e000-7f7dd410f000 ---p 00000000 00:00 0 
7f7dd410f000-7f7dd420f000 rwxp 00000000 00:00 0 
7f7dd420f000-7f7dd4212000 ---p 00000000 00:00 0 
7f7dd4212000-7f7dd4310000 rwxp 00000000 00:00 0 
7f7dd4310000-7f7dd4313000 ---p 00000000 00:00 0 
7f7dd4313000-7f7dd4411000 rwxp 00000000 00:00 0 
7f7dd4411000-7f7dd4414000 ---p 00000000 00:00 0 
7f7dd4414000-7f7dd4512000 rwxp 00000000 00:00 0 
7f7dd4512000-7f7dd4515000 ---p 00000000 00:00 0 
7f7dd4515000-7f7dd4613000 rwxp 00000000 00:00 0 
7f7dd4613000-7f7dd4616000 ---p 00000000 00:00 0 
7f7dd4616000-7f7dd4714000 rwxp 00000000 00:00 0 
7f7dd4714000-7f7dd4717000 ---p 00000000 00:00 0 
7f7dd4717000-7f7dd4815000 rwxp 00000000 00:00 0 
7f7dd4815000-7f7dd4816000 ---p 00000000 00:00 0 
7f7dd4816000-7f7dd4e52000 rwxp 00000000 00:00 0 
7f7dd4e52000-7f7dd5000000 r-xs 019e3000 08:06 403118                     /home/chenjw/software/jdk1.6.0_29/jre/lib/rt_debug.jar
7f7dd5000000-7f7dd5270000 rwxp 00000000 00:00 0 
7f7dd5270000-7f7dd80d2000 rwxp 00000000 00:00 0 
7f7dd80d2000-7f7ddc000000 ---p 00000000 00:00 0 
7f7ddc0f5000-7f7ddc11d000 rwxp 00000000 00:00 0 
7f7ddc11d000-7f7ddc11e000 ---p 00000000 00:00 0 
7f7ddc11e000-7f7ddc21e000 rwxp 00000000 00:00 0 
7f7ddc21e000-7f7ddc21f000 ---p 00000000 00:00 0 
7f7ddc21f000-7f7ddc31f000 rwxp 00000000 00:00 0 
7f7ddc31f000-7f7ddc320000 ---p 00000000 00:00 0 
7f7ddc320000-7f7ddc420000 rwxp 00000000 00:00 0 
7f7ddc420000-7f7ddc421000 ---p 00000000 00:00 0 
7f7ddc421000-7f7ddc52c000 rwxp 00000000 00:00 0 
7f7ddc52c000-7f7ddc54a000 rwxp 00000000 00:00 0 
7f7ddc54a000-7f7ddc568000 rwxp 00000000 00:00 0 
7f7ddc568000-7f7ddc727000 rwxp 00000000 00:00 0 
7f7ddc727000-7f7ddc732000 rwxp 00000000 00:00 0 
7f7ddc732000-7f7ddc750000 rwxp 00000000 00:00 0 
7f7ddc750000-7f7ddc76e000 rwxp 00000000 00:00 0 
7f7ddc76e000-7f7ddc92c000 rwxp 00000000 00:00 0 
7f7ddc92c000-7f7ddc93c000 rwxp 00000000 00:00 0 
7f7ddc93c000-7f7ddca1b000 rwxp 00000000 00:00 0 
7f7ddca1b000-7f7ddca26000 rwxp 00000000 00:00 0 
7f7ddca26000-7f7ddcadc000 rwxp 00000000 00:00 0 
7f7ddcadc000-7f7ddcaea000 r-xp 00000000 08:06 396134                     /home/chenjw/software/jdk1.6.0_29/jre/lib/amd64/libzip.so
7f7ddcaea000-7f7ddcbec000 ---p 0000e000 08:06 396134                     /home/chenjw/software/jdk1.6.0_29/jre/lib/amd64/libzip.so
7f7ddcbec000-7f7ddcbef000 rwxp 00010000 08:06 396134                     /home/chenjw/software/jdk1.6.0_29/jre/lib/amd64/libzip.so
7f7ddcbef000-7f7ddcbf0000 rwxp 00000000 00:00 0 
7f7ddcbf0000-7f7ddcbfc000 r-xp 00000000 08:06 37321                      /lib64/libnss_files-2.12.so
7f7ddcbfc000-7f7ddcdfc000 ---p 0000c000 08:06 37321                      /lib64/libnss_files-2.12.so
7f7ddcdfc000-7f7ddcdfd000 r-xp 0000c000 08:06 37321                      /lib64/libnss_files-2.12.so
7f7ddcdfd000-7f7ddcdfe000 rwxp 0000d000 08:06 37321                      /lib64/libnss_files-2.12.so
7f7ddce15000-7f7ddce3e000 r-xp 00000000 08:06 396147                     /home/chenjw/software/jdk1.6.0_29/jre/lib/amd64/libjava.so
7f7ddce3e000-7f7ddcf3d000 ---p 00029000 08:06 396147                     /home/chenjw/software/jdk1.6.0_29/jre/lib/amd64/libjava.so
7f7ddcf3d000-7f7ddcf44000 rwxp 00028000 08:06 396147                     /home/chenjw/software/jdk1.6.0_29/jre/lib/amd64/libjava.so
7f7ddcf44000-7f7ddcf51000 r-xp 00000000 08:06 396129                     /home/chenjw/software/jdk1.6.0_29/jre/lib/amd64/libverify.so
7f7ddcf51000-7f7ddd050000 ---p 0000d000 08:06 396129                     /home/chenjw/software/jdk1.6.0_29/jre/lib/amd64/libverify.so
7f7ddd050000-7f7ddd053000 rwxp 0000c000 08:06 396129                     /home/chenjw/software/jdk1.6.0_29/jre/lib/amd64/libverify.so
7f7ddd053000-7f7ddd056000 ---p 00000000 00:00 0 
7f7ddd056000-7f7ddd154000 rwxp 00000000 00:00 0 
7f7ddd154000-7f7ddda6e000 r-xp 00000000 08:06 396154                     /home/chenjw/software/jdk1.6.0_29/jre/lib/amd64/server/libjvm.so
7f7ddda6e000-7f7dddb70000 ---p 0091a000 08:06 396154                     /home/chenjw/software/jdk1.6.0_29/jre/lib/amd64/server/libjvm.so
7f7dddb70000-7f7dddd25000 rwxp 0091c000 08:06 396154                     /home/chenjw/software/jdk1.6.0_29/jre/lib/amd64/server/libjvm.so
7f7dddd25000-7f7dddd62000 rwxp 00000000 00:00 0 
7f7dddd62000-7f7dddd69000 r-xp 00000000 08:06 396119                     /home/chenjw/software/jdk1.6.0_29/jre/lib/amd64/jli/libjli.so
7f7dddd69000-7f7ddde6a000 ---p 00007000 08:06 396119                     /home/chenjw/software/jdk1.6.0_29/jre/lib/amd64/jli/libjli.so
7f7ddde6a000-7f7ddde6c000 rwxp 00008000 08:06 396119                     /home/chenjw/software/jdk1.6.0_29/jre/lib/amd64/jli/libjli.so
7f7ddde6c000-7f7ddde6d000 rwxp 00000000 00:00 0 
7f7ddde7a000-7f7ddde82000 rwxs 00000000 08:06 3939343                    /tmp/hsperfdata_chenjw/12060
7f7ddde82000-7f7ddde83000 rwxp 00000000 00:00 0 
7f7ddde83000-7f7ddde84000 r-xp 00000000 00:00 0 
7f7ddde84000-7f7ddde85000 rwxp 00000000 00:00 0 
7fffad6aa000-7fffad6bf000 rwxp 00000000 00:00 0                          [stack]
7fffad790000-7fffad791000 r-xp 00000000 00:00 0                          [vdso]
ffffffffff600000-ffffffffff601000 r-xp 00000000 00:00 0                  [vsyscall]

VM Arguments:
jvm_args: -Dfile.encoding=UTF-8 
java_command: com.chenjw.knife.agent.utils.NativeHelper
Launcher Type: SUN_STANDARD

Environment Variables:
JAVA_HOME=/home/chenjw/software/jdk1.6.0_34
CLASSPATH=.:/home/chenjw/software/jdk1.6.0_34/lib:
PATH=/home/chenjw/software/jdk1.6.0_34/bin:/home/chenjw/software/apache-maven-2.2.1/bin:/home/chenjw/software/apache-ant-1.8.3/bin:/usr/lib64/qt-3.3/bin:/usr/local/bin:/usr/bin:/bin:/usr/local/sbin:/usr/sbin:/sbin:/home/chenjw/workspace_go/go/bin:/home/chenjw/bin
USERNAME=chenjw
LD_LIBRARY_PATH=/home/chenjw/software/jdk1.6.0_29/jre/lib/amd64/server:/home/chenjw/software/jdk1.6.0_29/jre/lib/amd64:/home/chenjw/software/jdk1.6.0_29/jre/../lib/amd64:/home/chenjw/software/jdk1.6.0_34/jre/lib/amd64/server:/home/chenjw/software/jdk1.6.0_34/jre/lib/amd64:/home/chenjw/software/jdk1.6.0_34/jre/../lib/amd64
SHELL=/bin/bash
DISPLAY=:0.0

Signal Handlers:
SIGSEGV: [libjvm.so+0x85f780], sa_mask[0]=0x7ffbfeff, sa_flags=0x10000004
SIGBUS: [libjvm.so+0x85f780], sa_mask[0]=0x7ffbfeff, sa_flags=0x10000004
SIGFPE: [libjvm.so+0x70e3b0], sa_mask[0]=0x7ffbfeff, sa_flags=0x10000004
SIGPIPE: [libjvm.so+0x70e3b0], sa_mask[0]=0x7ffbfeff, sa_flags=0x10000004
SIGXFSZ: [libjvm.so+0x70e3b0], sa_mask[0]=0x7ffbfeff, sa_flags=0x10000004
SIGILL: [libjvm.so+0x70e3b0], sa_mask[0]=0x7ffbfeff, sa_flags=0x10000004
SIGUSR1: SIG_DFL, sa_mask[0]=0x00000000, sa_flags=0x00000000
SIGUSR2: [libjvm.so+0x7111c0], sa_mask[0]=0x00000004, sa_flags=0x10000004
SIGHUP: [libjvm.so+0x710dc0], sa_mask[0]=0x7ffbfeff, sa_flags=0x10000004
SIGINT: [libjvm.so+0x710dc0], sa_mask[0]=0x7ffbfeff, sa_flags=0x10000004
SIGTERM: [libjvm.so+0x710dc0], sa_mask[0]=0x7ffbfeff, sa_flags=0x10000004
SIGQUIT: [libjvm.so+0x710dc0], sa_mask[0]=0x7ffbfeff, sa_flags=0x10000004


---------------  S Y S T E M  ---------------

OS:CentOS release 6.2 (Final)

uname:Linux 2.6.32-220.4.1.el6.x86_64 #1 SMP Tue Jan 24 02:13:44 GMT 2012 x86_64
libc:glibc 2.12 NPTL 2.12 
rlimit: STACK 10240k, CORE 0k, NPROC 1024, NOFILE 1024, AS infinity
load average:0.18 0.14 0.14

/proc/meminfo:
MemTotal:        5851108 kB
MemFree:         1955472 kB
Buffers:          385452 kB
Cached:          1358220 kB
SwapCached:            0 kB
Active:          2272164 kB
Inactive:        1309020 kB
Active(anon):    1838164 kB
Inactive(anon):    11456 kB
Active(file):     434000 kB
Inactive(file):  1297564 kB
Unevictable:           0 kB
Mlocked:               0 kB
SwapTotal:       9375736 kB
SwapFree:        9375736 kB
Dirty:              1112 kB
Writeback:             0 kB
AnonPages:       1831480 kB
Mapped:           165100 kB
Shmem:             12112 kB
Slab:             162924 kB
SReclaimable:      79636 kB
SUnreclaim:        83288 kB
KernelStack:        3952 kB
PageTables:        41640 kB
NFS_Unstable:          0 kB
Bounce:                0 kB
WritebackTmp:          0 kB
CommitLimit:    12301288 kB
Committed_AS:    3278556 kB
VmallocTotal:   34359738367 kB
VmallocUsed:      299700 kB
VmallocChunk:   34359312420 kB
HardwareCorrupted:     0 kB
AnonHugePages:   1114112 kB
HugePages_Total:       0
HugePages_Free:        0
HugePages_Rsvd:        0
HugePages_Surp:        0
Hugepagesize:       2048 kB
DirectMap4k:        6144 kB
DirectMap2M:     6211584 kB


CPU:total 4 (2 cores per cpu, 2 threads per core) family 6 model 37 stepping 5, cmov, cx8, fxsr, mmx, sse, sse2, sse3, ssse3, sse4.1, sse4.2, popcnt, ht

/proc/cpuinfo:
processor	: 0
vendor_id	: GenuineIntel
cpu family	: 6
model		: 37
model name	: Intel(R) Core(TM) i3 CPU       M 380  @ 2.53GHz
stepping	: 5
cpu MHz		: 933.000
cache size	: 3072 KB
physical id	: 0
siblings	: 4
core id		: 0
cpu cores	: 2
apicid		: 0
initial apicid	: 0
fpu		: yes
fpu_exception	: yes
cpuid level	: 11
wp		: yes
flags		: fpu vme de pse tsc msr pae mce cx8 apic mtrr pge mca cmov pat pse36 clflush dts acpi mmx fxsr sse sse2 ss ht tm pbe syscall nx rdtscp lm constant_tsc arch_perfmon pebs bts rep_good xtopology nonstop_tsc aperfmperf pni dtes64 monitor ds_cpl vmx est tm2 ssse3 cx16 xtpr pdcm sse4_1 sse4_2 popcnt lahf_lm arat dts tpr_shadow vnmi flexpriority ept vpid
bogomips	: 5054.30
clflush size	: 64
cache_alignment	: 64
address sizes	: 36 bits physical, 48 bits virtual
power management:

processor	: 1
vendor_id	: GenuineIntel
cpu family	: 6
model		: 37
model name	: Intel(R) Core(TM) i3 CPU       M 380  @ 2.53GHz
stepping	: 5
cpu MHz		: 933.000
cache size	: 3072 KB
physical id	: 0
siblings	: 4
core id		: 2
cpu cores	: 2
apicid		: 4
initial apicid	: 4
fpu		: yes
fpu_exception	: yes
cpuid level	: 11
wp		: yes
flags		: fpu vme de pse tsc msr pae mce cx8 apic mtrr pge mca cmov pat pse36 clflush dts acpi mmx fxsr sse sse2 ss ht tm pbe syscall nx rdtscp lm constant_tsc arch_perfmon pebs bts rep_good xtopology nonstop_tsc aperfmperf pni dtes64 monitor ds_cpl vmx est tm2 ssse3 cx16 xtpr pdcm sse4_1 sse4_2 popcnt lahf_lm arat dts tpr_shadow vnmi flexpriority ept vpid
bogomips	: 5053.74
clflush size	: 64
cache_alignment	: 64
address sizes	: 36 bits physical, 48 bits virtual
power management:

processor	: 2
vendor_id	: GenuineIntel
cpu family	: 6
model		: 37
model name	: Intel(R) Core(TM) i3 CPU       M 380  @ 2.53GHz
stepping	: 5
cpu MHz		: 2533.000
cache size	: 3072 KB
physical id	: 0
siblings	: 4
core id		: 0
cpu cores	: 2
apicid		: 1
initial apicid	: 1
fpu		: yes
fpu_exception	: yes
cpuid level	: 11
wp		: yes
flags		: fpu vme de pse tsc msr pae mce cx8 apic mtrr pge mca cmov pat pse36 clflush dts acpi mmx fxsr sse sse2 ss ht tm pbe syscall nx rdtscp lm constant_tsc arch_perfmon pebs bts rep_good xtopology nonstop_tsc aperfmperf pni dtes64 monitor ds_cpl vmx est tm2 ssse3 cx16 xtpr pdcm sse4_1 sse4_2 popcnt lahf_lm arat dts tpr_shadow vnmi flexpriority ept vpid
bogomips	: 5053.73
clflush size	: 64
cache_alignment	: 64
address sizes	: 36 bits physical, 48 bits virtual
power management:

processor	: 3
vendor_id	: GenuineIntel
cpu family	: 6
model		: 37
model name	: Intel(R) Core(TM) i3 CPU       M 380  @ 2.53GHz
stepping	: 5
cpu MHz		: 933.000
cache size	: 3072 KB
physical id	: 0
siblings	: 4
core id		: 2
cpu cores	: 2
apicid		: 5
initial apicid	: 5
fpu		: yes
fpu_exception	: yes
cpuid level	: 11
wp		: yes
flags		: fpu vme de pse tsc msr pae mce cx8 apic mtrr pge mca cmov pat pse36 clflush dts acpi mmx fxsr sse sse2 ss ht tm pbe syscall nx rdtscp lm constant_tsc arch_perfmon pebs bts rep_good xtopology nonstop_tsc aperfmperf pni dtes64 monitor ds_cpl vmx est tm2 ssse3 cx16 xtpr pdcm sse4_1 sse4_2 popcnt lahf_lm arat dts tpr_shadow vnmi flexpriority ept vpid
bogomips	: 5053.73
clflush size	: 64
cache_alignment	: 64
address sizes	: 36 bits physical, 48 bits virtual
power management:



Memory: 4k page, physical 5851108k(1955472k free), swap 9375736k(9375736k free)

vm_info: Java HotSpot(TM) 64-Bit Server VM (20.4-b02) for linux-amd64 JRE (1.6.0_29-b11), built on Oct  3 2011 01:19:20 by "java_re" with gcc 3.2.2 (SuSE Linux)

time: Mon Dec 10 01:29:38 2012
elapsed time: 0 seconds

