#
# A fatal error has been detected by the Java Runtime Environment:
#
#  SIGSEGV (0xb) at pc=0x0000000101010100, pid=11820, tid=139765443065600
#
# JRE version: 6.0_29-b11
# Java VM: Java HotSpot(TM) 64-Bit Server VM (20.4-b02 mixed mode linux-amd64 compressed oops)
# Problematic frame:
# C  0x0000000101010100
#
# If you would like to submit a bug report, please visit:
#   http://java.sun.com/webapps/bugreport/crash.jsp
#

---------------  T H R E A D  ---------------

Current thread (0x00007f1da8007000):  JavaThread "main" [_thread_in_Java, id=11825, stack(0x00007f1dad85f000,0x00007f1dad960000)]

siginfo:si_signo=SIGSEGV: si_errno=0, si_code=1 (SEGV_MAPERR), si_addr=0x0000000101010100

Registers:
RAX=0x0000000000000001, RBX=0x00000000a1ab9678, RCX=0x0000000000000700, RDX=0x0000000000000001
RSP=0x00007f1dad95e808, RBP=0x00007f1dad95e858, RSI=0x00007f1dae3f9fe8, RDI=0x00007f1dae3fde58
R8 =0x00007f1da8007bd8, R9 =0x00007f1da8007820, R10=0x0000000000000000, R11=0x0000000101010100
R12=0x0000000000000000, R13=0x00000000a1ab9678, R14=0x00007f1dad95e878, R15=0x00007f1da8007000
RIP=0x0000000101010100, EFLAGS=0x0000000000010202, CSGSFS=0x0000000000000033, ERR=0x0000000000000014
  TRAPNO=0x000000000000000e

Top of Stack: (sp=0x00007f1dad95e808)
0x00007f1dad95e808:   00007f1da501127f 00007f1da8007000
0x00007f1dad95e818:   00007f1dad95e818 00000000a1ab9678
0x00007f1dad95e828:   00007f1dad95e878 00000000a1abacb8
0x00007f1dad95e838:   0000000000000000 00000000a1ab9678
0x00007f1dad95e848:   0000000000000000 00007f1dad95e878
0x00007f1dad95e858:   00007f1dad95e8c0 00007f1da5005a82
0x00007f1dad95e868:   0100000101000001 0000000101010100
0x00007f1dad95e878:   0101010100000000 0101010101010000
0x00007f1dad95e888:   0101010101000001 00007f1dad95e801
0x00007f1dad95e898:   00000000a1abacb8 0000000000000000
0x00007f1dad95e8a8:   00000000a1ab9840 00007f1dad95e878
0x00007f1dad95e8b8:   00007f1dad95e900 00007f1dad95e940
0x00007f1dad95e8c8:   00007f1da5005929 0000000000000000
0x00007f1dad95e8d8:   0000000000000000 0000000000000000
0x00007f1dad95e8e8:   0000000000000000 0000000000000000
0x00007f1dad95e8f8:   00000000e23a8c48 00007f1dad95e900
0x00007f1dad95e908:   00000000a1ab9f00 00007f1dad95e960
0x00007f1dad95e918:   00000000a1abacb8 0000000000000000
0x00007f1dad95e928:   00000000a1ab9f78 00007f1dad95e900
0x00007f1dad95e938:   00007f1dad95e968 00007f1dad95e9a8
0x00007f1dad95e948:   00007f1da5005a82 0000000000000000
0x00007f1dad95e958:   0000000000000000 0000000000000000
0x00007f1dad95e968:   00007f1dad95e968 00000000a1aba288
0x00007f1dad95e978:   00007f1dad95e9b8 00000000a1abacb8
0x00007f1dad95e988:   0000000000000000 00000000a1aba2b8
0x00007f1dad95e998:   00007f1dad95e968 00007f1dad95e9b8
0x00007f1dad95e9a8:   00007f1dad95ea20 00007f1da5000438
0x00007f1dad95e9b8:   00000000e23a8c38 00007f1d00001fa0
0x00007f1dad95e9c8:   00007f1dad95ea60 00007f1dae3ff498
0x00007f1dad95e9d8:   00007f1dad95ebf9 00007f1da8007000
0x00007f1dad95e9e8:   00007f1da50003af 00007f1dad95ea90
0x00007f1dad95e9f8:   00007f1dad95ecf8 00007f1d0000000a 

Instructions: (pc=0x0000000101010100)
0x00000001010100e0:   
[error occurred during error reporting (printing registers, top of stack, instructions near pc), id 0xb]

Register to memory mapping:

RAX=0x0000000000000001 is an unknown value
RBX=0x00000000a1ab9678 is an oop
{method} 
 - klass: {other class}
RCX=0x0000000000000700 is an unknown value
RDX=0x0000000000000001 is an unknown value
RSP=0x00007f1dad95e808 is pointing into the stack for thread: 0x00007f1da8007000
RBP=0x00007f1dad95e858 is pointing into the stack for thread: 0x00007f1da8007000
RSI=0x00007f1dae3f9fe8: <offset 0xa99fe8> in /home/chenjw/software/jdk1.6.0_29/jre/lib/amd64/server/libjvm.so at 0x00007f1dad960000
RDI=0x00007f1dae3fde58: <offset 0xa9de58> in /home/chenjw/software/jdk1.6.0_29/jre/lib/amd64/server/libjvm.so at 0x00007f1dad960000
R8 =0x00007f1da8007bd8 is an unknown value
R9 =0x00007f1da8007820 is an unknown value
R10=0x0000000000000000 is an unknown value
R11=0x0000000101010100 is an unknown value
R12=0x0000000000000000 is an unknown value
R13=0x00000000a1ab9678 is an oop
{method} 
 - klass: {other class}
R14=0x00007f1dad95e878 is pointing into the stack for thread: 0x00007f1da8007000
R15=0x00007f1da8007000 is a thread


Stack: [0x00007f1dad85f000,0x00007f1dad960000],  sp=0x00007f1dad95e808,  free space=1022k
Native frames: (J=compiled Java code, j=interpreted, Vv=VM code, C=native code)
C  0x0000000101010100
j  com.chenjw.knife.agent.utils.NativeHelper.checkCapabilities()Ljava/util/Map;+1599367281
j  com.chenjw.knife.agent.utils.NativeHelper.do4()V+0
j  com.chenjw.knife.agent.utils.NativeHelper.main([Ljava/lang/String;)V+0
v  ~StubRoutines::call_stub
V  [libjvm.so+0x4df400]  JavaCalls::call_helper(JavaValue*, methodHandle*, JavaCallArguments*, Thread*)+0x1e0
V  [libjvm.so+0x70f6d9]  os::os_exception_wrapper(void (*)(JavaValue*, methodHandle*, JavaCallArguments*, Thread*), JavaValue*, methodHandle*, JavaCallArguments*, Thread*)+0x19
V  [libjvm.so+0x4df215]  JavaCalls::call(JavaValue*, methodHandle, JavaCallArguments*, Thread*)+0x25
V  [libjvm.so+0x51ac67]  jni_invoke_static(JNIEnv_*, JavaValue*, _jobject*, JNICallType, _jmethodID*, JNI_ArgumentPusher*, Thread*)+0x147
V  [libjvm.so+0x5083ff]  unsigned+0x20f


---------------  P R O C E S S  ---------------

Java Threads: ( => current thread )
  0x00007f1da809f000 JavaThread "Low Memory Detector" daemon [_thread_blocked, id=11836, stack(0x00007f1da4afb000,0x00007f1da4bfc000)]
  0x00007f1da809b000 JavaThread "C2 CompilerThread1" daemon [_thread_blocked, id=11835, stack(0x00007f1da4bfc000,0x00007f1da4cfd000)]
  0x00007f1da8098000 JavaThread "C2 CompilerThread0" daemon [_thread_blocked, id=11834, stack(0x00007f1da4cfd000,0x00007f1da4dfe000)]
  0x00007f1da8096000 JavaThread "Signal Dispatcher" daemon [_thread_blocked, id=11833, stack(0x00007f1da4dfe000,0x00007f1da4eff000)]
  0x00007f1da807a000 JavaThread "Finalizer" daemon [_thread_blocked, id=11832, stack(0x00007f1da4eff000,0x00007f1da5000000)]
  0x00007f1da8078000 JavaThread "Reference Handler" daemon [_thread_blocked, id=11831, stack(0x00007f1dac015000,0x00007f1dac116000)]
=>0x00007f1da8007000 JavaThread "main" [_thread_in_Java, id=11825, stack(0x00007f1dad85f000,0x00007f1dad960000)]

Other Threads:
  0x00007f1da8071800 VMThread [stack: 0x00007f1dac116000,0x00007f1dac217000] [id=11830]
  0x00007f1da80aa000 WatcherThread [stack: 0x00007f1da49fa000,0x00007f1da4afb000] [id=11837]

VM state:not at safepoint (normal execution)

VM Mutex/Monitor currently owned by a thread: None

Heap
 PSYoungGen      total 26688K, used 458K [0x00000000e2360000, 0x00000000e4120000, 0x0000000100000000)
  eden space 22912K, 2% used [0x00000000e2360000,0x00000000e23d2900,0x00000000e39c0000)
  from space 3776K, 0% used [0x00000000e3d70000,0x00000000e3d70000,0x00000000e4120000)
  to   space 3776K, 0% used [0x00000000e39c0000,0x00000000e39c0000,0x00000000e3d70000)
 PSOldGen        total 60992K, used 0K [0x00000000a6a00000, 0x00000000aa590000, 0x00000000e2360000)
  object space 60992K, 0% used [0x00000000a6a00000,0x00000000a6a00000,0x00000000aa590000)
 PSPermGen       total 21248K, used 2804K [0x00000000a1800000, 0x00000000a2cc0000, 0x00000000a6a00000)
  object space 21248K, 13% used [0x00000000a1800000,0x00000000a1abd0a8,0x00000000a2cc0000)

Code Cache  [0x00007f1da5000000, 0x00007f1da5270000, 0x00007f1da8000000)
 total_blobs=154 nmethods=0 adapters=122 free_code_cache=49952128 largest_free_block=0

Dynamic libraries:
40000000-40009000 r-xp 00000000 08:06 395485                             /home/chenjw/software/jdk1.6.0_29/bin/java
40108000-4010a000 rwxp 00008000 08:06 395485                             /home/chenjw/software/jdk1.6.0_29/bin/java
41d70000-41d91000 rwxp 00000000 00:00 0                                  [heap]
a1800000-a2cc0000 rwxp 00000000 00:00 0 
a2cc0000-a6a00000 rwxp 00000000 00:00 0 
a6a00000-aa590000 rwxp 00000000 00:00 0 
aa590000-e2360000 rwxp 00000000 00:00 0 
e2360000-e4120000 rwxp 00000000 00:00 0 
e4120000-100000000 rwxp 00000000 00:00 0 
3148400000-3148420000 r-xp 00000000 08:06 4706                           /lib64/ld-2.12.so
314861f000-3148620000 r-xp 0001f000 08:06 4706                           /lib64/ld-2.12.so
3148620000-3148621000 rwxp 00020000 08:06 4706                           /lib64/ld-2.12.so
3148621000-3148622000 rwxp 00000000 00:00 0 
3148800000-3148989000 r-xp 00000000 08:06 4757                           /lib64/libc-2.12.so
3148989000-3148b89000 ---p 00189000 08:06 4757                           /lib64/libc-2.12.so
3148b89000-3148b8d000 r-xp 00189000 08:06 4757                           /lib64/libc-2.12.so
3148b8d000-3148b8e000 rwxp 0018d000 08:06 4757                           /lib64/libc-2.12.so
3148b8e000-3148b93000 rwxp 00000000 00:00 0 
3148c00000-3148c17000 r-xp 00000000 08:06 5240                           /lib64/libpthread-2.12.so
3148c17000-3148e17000 ---p 00017000 08:06 5240                           /lib64/libpthread-2.12.so
3148e17000-3148e18000 r-xp 00017000 08:06 5240                           /lib64/libpthread-2.12.so
3148e18000-3148e19000 rwxp 00018000 08:06 5240                           /lib64/libpthread-2.12.so
3148e19000-3148e1d000 rwxp 00000000 00:00 0 
3149000000-3149002000 r-xp 00000000 08:06 71859                          /lib64/libdl-2.12.so
3149002000-3149202000 ---p 00002000 08:06 71859                          /lib64/libdl-2.12.so
3149202000-3149203000 r-xp 00002000 08:06 71859                          /lib64/libdl-2.12.so
3149203000-3149204000 rwxp 00003000 08:06 71859                          /lib64/libdl-2.12.so
3149400000-3149483000 r-xp 00000000 08:06 35302                          /lib64/libm-2.12.so
3149483000-3149682000 ---p 00083000 08:06 35302                          /lib64/libm-2.12.so
3149682000-3149683000 r-xp 00082000 08:06 35302                          /lib64/libm-2.12.so
3149683000-3149684000 rwxp 00083000 08:06 35302                          /lib64/libm-2.12.so
3149800000-3149807000 r-xp 00000000 08:06 6812                           /lib64/librt-2.12.so
3149807000-3149a06000 ---p 00007000 08:06 6812                           /lib64/librt-2.12.so
3149a06000-3149a07000 r-xp 00006000 08:06 6812                           /lib64/librt-2.12.so
3149a07000-3149a08000 rwxp 00007000 08:06 6812                           /lib64/librt-2.12.so
3157c00000-3157c16000 r-xp 00000000 08:06 73879                          /lib64/libnsl-2.12.so
3157c16000-3157e15000 ---p 00016000 08:06 73879                          /lib64/libnsl-2.12.so
3157e15000-3157e16000 r-xp 00015000 08:06 73879                          /lib64/libnsl-2.12.so
3157e16000-3157e17000 rwxp 00016000 08:06 73879                          /lib64/libnsl-2.12.so
3157e17000-3157e19000 rwxp 00000000 00:00 0 
7f1d6c000000-7f1d6c021000 rwxp 00000000 00:00 0 
7f1d6c021000-7f1d70000000 ---p 00000000 00:00 0 
7f1d70000000-7f1d70021000 rwxp 00000000 00:00 0 
7f1d70021000-7f1d74000000 ---p 00000000 00:00 0 
7f1d74000000-7f1d74021000 rwxp 00000000 00:00 0 
7f1d74021000-7f1d78000000 ---p 00000000 00:00 0 
7f1d78000000-7f1d78021000 rwxp 00000000 00:00 0 
7f1d78021000-7f1d7c000000 ---p 00000000 00:00 0 
7f1d7c000000-7f1d7c021000 rwxp 00000000 00:00 0 
7f1d7c021000-7f1d80000000 ---p 00000000 00:00 0 
7f1d8216f000-7f1d88000000 r-xp 00000000 08:06 76576                      /usr/lib/locale/locale-archive
7f1d88000000-7f1d88021000 rwxp 00000000 00:00 0 
7f1d88021000-7f1d8c000000 ---p 00000000 00:00 0 
7f1d8c000000-7f1d8c021000 rwxp 00000000 00:00 0 
7f1d8c021000-7f1d90000000 ---p 00000000 00:00 0 
7f1d90000000-7f1d90021000 rwxp 00000000 00:00 0 
7f1d90021000-7f1d94000000 ---p 00000000 00:00 0 
7f1d94000000-7f1d94021000 rwxp 00000000 00:00 0 
7f1d94021000-7f1d98000000 ---p 00000000 00:00 0 
7f1d98000000-7f1d98021000 rwxp 00000000 00:00 0 
7f1d98021000-7f1d9c000000 ---p 00000000 00:00 0 
7f1d9c000000-7f1d9c021000 rwxp 00000000 00:00 0 
7f1d9c021000-7f1da0000000 ---p 00000000 00:00 0 
7f1da0000000-7f1da0021000 rwxp 00000000 00:00 0 
7f1da0021000-7f1da4000000 ---p 00000000 00:00 0 
7f1da47f3000-7f1da47f9000 r-xp 00000000 08:06 3810557                    /home/chenjw/my_workspace/knife/native/Default/libnativehelper.so
7f1da47f9000-7f1da49f9000 ---p 00006000 08:06 3810557                    /home/chenjw/my_workspace/knife/native/Default/libnativehelper.so
7f1da49f9000-7f1da49fa000 rwxp 00006000 08:06 3810557                    /home/chenjw/my_workspace/knife/native/Default/libnativehelper.so
7f1da49fa000-7f1da49fb000 ---p 00000000 00:00 0 
7f1da49fb000-7f1da4afb000 rwxp 00000000 00:00 0 
7f1da4afb000-7f1da4afe000 ---p 00000000 00:00 0 
7f1da4afe000-7f1da4bfc000 rwxp 00000000 00:00 0 
7f1da4bfc000-7f1da4bff000 ---p 00000000 00:00 0 
7f1da4bff000-7f1da4cfd000 rwxp 00000000 00:00 0 
7f1da4cfd000-7f1da4d00000 ---p 00000000 00:00 0 
7f1da4d00000-7f1da4dfe000 rwxp 00000000 00:00 0 
7f1da4dfe000-7f1da4e01000 ---p 00000000 00:00 0 
7f1da4e01000-7f1da4eff000 rwxp 00000000 00:00 0 
7f1da4eff000-7f1da4f02000 ---p 00000000 00:00 0 
7f1da4f02000-7f1da5270000 rwxp 00000000 00:00 0 
7f1da5270000-7f1da80d2000 rwxp 00000000 00:00 0 
7f1da80d2000-7f1dac000000 ---p 00000000 00:00 0 
7f1dac015000-7f1dac018000 ---p 00000000 00:00 0 
7f1dac018000-7f1dac116000 rwxp 00000000 00:00 0 
7f1dac116000-7f1dac117000 ---p 00000000 00:00 0 
7f1dac117000-7f1dac753000 rwxp 00000000 00:00 0 
7f1dac753000-7f1dac901000 r-xs 019e3000 08:06 403118                     /home/chenjw/software/jdk1.6.0_29/jre/lib/rt_debug.jar
7f1dac901000-7f1dac929000 rwxp 00000000 00:00 0 
7f1dac929000-7f1dac92a000 ---p 00000000 00:00 0 
7f1dac92a000-7f1daca2a000 rwxp 00000000 00:00 0 
7f1daca2a000-7f1daca2b000 ---p 00000000 00:00 0 
7f1daca2b000-7f1dacb2b000 rwxp 00000000 00:00 0 
7f1dacb2b000-7f1dacb2c000 ---p 00000000 00:00 0 
7f1dacb2c000-7f1dacc2c000 rwxp 00000000 00:00 0 
7f1dacc2c000-7f1dacc2d000 ---p 00000000 00:00 0 
7f1dacc2d000-7f1dacd38000 rwxp 00000000 00:00 0 
7f1dacd38000-7f1dacd56000 rwxp 00000000 00:00 0 
7f1dacd56000-7f1dacd74000 rwxp 00000000 00:00 0 
7f1dacd74000-7f1dacf33000 rwxp 00000000 00:00 0 
7f1dacf33000-7f1dacf3e000 rwxp 00000000 00:00 0 
7f1dacf3e000-7f1dacf5c000 rwxp 00000000 00:00 0 
7f1dacf5c000-7f1dacf7a000 rwxp 00000000 00:00 0 
7f1dacf7a000-7f1dad138000 rwxp 00000000 00:00 0 
7f1dad138000-7f1dad148000 rwxp 00000000 00:00 0 
7f1dad148000-7f1dad227000 rwxp 00000000 00:00 0 
7f1dad227000-7f1dad232000 rwxp 00000000 00:00 0 
7f1dad232000-7f1dad2e8000 rwxp 00000000 00:00 0 
7f1dad2e8000-7f1dad2f6000 r-xp 00000000 08:06 396134                     /home/chenjw/software/jdk1.6.0_29/jre/lib/amd64/libzip.so
7f1dad2f6000-7f1dad3f8000 ---p 0000e000 08:06 396134                     /home/chenjw/software/jdk1.6.0_29/jre/lib/amd64/libzip.so
7f1dad3f8000-7f1dad3fb000 rwxp 00010000 08:06 396134                     /home/chenjw/software/jdk1.6.0_29/jre/lib/amd64/libzip.so
7f1dad3fb000-7f1dad3fc000 rwxp 00000000 00:00 0 
7f1dad3fc000-7f1dad408000 r-xp 00000000 08:06 37321                      /lib64/libnss_files-2.12.so
7f1dad408000-7f1dad608000 ---p 0000c000 08:06 37321                      /lib64/libnss_files-2.12.so
7f1dad608000-7f1dad609000 r-xp 0000c000 08:06 37321                      /lib64/libnss_files-2.12.so
7f1dad609000-7f1dad60a000 rwxp 0000d000 08:06 37321                      /lib64/libnss_files-2.12.so
7f1dad621000-7f1dad64a000 r-xp 00000000 08:06 396147                     /home/chenjw/software/jdk1.6.0_29/jre/lib/amd64/libjava.so
7f1dad64a000-7f1dad749000 ---p 00029000 08:06 396147                     /home/chenjw/software/jdk1.6.0_29/jre/lib/amd64/libjava.so
7f1dad749000-7f1dad750000 rwxp 00028000 08:06 396147                     /home/chenjw/software/jdk1.6.0_29/jre/lib/amd64/libjava.so
7f1dad750000-7f1dad75d000 r-xp 00000000 08:06 396129                     /home/chenjw/software/jdk1.6.0_29/jre/lib/amd64/libverify.so
7f1dad75d000-7f1dad85c000 ---p 0000d000 08:06 396129                     /home/chenjw/software/jdk1.6.0_29/jre/lib/amd64/libverify.so
7f1dad85c000-7f1dad85f000 rwxp 0000c000 08:06 396129                     /home/chenjw/software/jdk1.6.0_29/jre/lib/amd64/libverify.so
7f1dad85f000-7f1dad862000 ---p 00000000 00:00 0 
7f1dad862000-7f1dad960000 rwxp 00000000 00:00 0 
7f1dad960000-7f1dae27a000 r-xp 00000000 08:06 396154                     /home/chenjw/software/jdk1.6.0_29/jre/lib/amd64/server/libjvm.so
7f1dae27a000-7f1dae37c000 ---p 0091a000 08:06 396154                     /home/chenjw/software/jdk1.6.0_29/jre/lib/amd64/server/libjvm.so
7f1dae37c000-7f1dae531000 rwxp 0091c000 08:06 396154                     /home/chenjw/software/jdk1.6.0_29/jre/lib/amd64/server/libjvm.so
7f1dae531000-7f1dae56e000 rwxp 00000000 00:00 0 
7f1dae56e000-7f1dae575000 r-xp 00000000 08:06 396119                     /home/chenjw/software/jdk1.6.0_29/jre/lib/amd64/jli/libjli.so
7f1dae575000-7f1dae676000 ---p 00007000 08:06 396119                     /home/chenjw/software/jdk1.6.0_29/jre/lib/amd64/jli/libjli.so
7f1dae676000-7f1dae678000 rwxp 00008000 08:06 396119                     /home/chenjw/software/jdk1.6.0_29/jre/lib/amd64/jli/libjli.so
7f1dae678000-7f1dae679000 rwxp 00000000 00:00 0 
7f1dae686000-7f1dae68e000 rwxs 00000000 08:06 3939343                    /tmp/hsperfdata_chenjw/11820
7f1dae68e000-7f1dae68f000 rwxp 00000000 00:00 0 
7f1dae68f000-7f1dae690000 r-xp 00000000 00:00 0 
7f1dae690000-7f1dae691000 rwxp 00000000 00:00 0 
7fffadf56000-7fffadf6b000 rwxp 00000000 00:00 0                          [stack]
7fffadfdd000-7fffadfde000 r-xp 00000000 00:00 0                          [vdso]
ffffffffff600000-ffffffffff601000 r-xp 00000000 00:00 0                  [vsyscall]

VM Arguments:
jvm_args: -Dfile.encoding=UTF-8 
java_command: com.chenjw.knife.agent.utils.NativeHelper
Launcher Type: SUN_STANDARD

Environment Variables:
JAVA_HOME=/home/chenjw/software/jdk1.6.0_34
CLASSPATH=.:/home/chenjw/software/jdk1.6.0_34/lib:
PATH=/home/chenjw/software/jdk1.6.0_34/bin:/home/chenjw/software/apache-maven-2.2.1/bin:/home/chenjw/software/apache-ant-1.8.3/bin:/usr/lib64/qt-3.3/bin:/usr/local/bin:/usr/bin:/bin:/usr/local/sbin:/usr/sbin:/sbin:/home/chenjw/workspace_go/go/bin:/home/chenjw/bin
USERNAME=chenjw
LD_LIBRARY_PATH=/home/chenjw/software/jdk1.6.0_29/jre/lib/amd64/server:/home/chenjw/software/jdk1.6.0_29/jre/lib/amd64:/home/chenjw/software/jdk1.6.0_29/jre/../lib/amd64:/home/chenjw/software/jdk1.6.0_34/jre/lib/amd64/server:/home/chenjw/software/jdk1.6.0_34/jre/lib/amd64:/home/chenjw/software/jdk1.6.0_34/jre/../lib/amd64
SHELL=/bin/bash
DISPLAY=:0.0

Signal Handlers:
SIGSEGV: [libjvm.so+0x85f780], sa_mask[0]=0x7ffbfeff, sa_flags=0x10000004
SIGBUS: [libjvm.so+0x85f780], sa_mask[0]=0x7ffbfeff, sa_flags=0x10000004
SIGFPE: [libjvm.so+0x70e3b0], sa_mask[0]=0x7ffbfeff, sa_flags=0x10000004
SIGPIPE: [libjvm.so+0x70e3b0], sa_mask[0]=0x7ffbfeff, sa_flags=0x10000004
SIGXFSZ: [libjvm.so+0x70e3b0], sa_mask[0]=0x7ffbfeff, sa_flags=0x10000004
SIGILL: [libjvm.so+0x70e3b0], sa_mask[0]=0x7ffbfeff, sa_flags=0x10000004
SIGUSR1: SIG_DFL, sa_mask[0]=0x00000000, sa_flags=0x00000000
SIGUSR2: [libjvm.so+0x7111c0], sa_mask[0]=0x00000004, sa_flags=0x10000004
SIGHUP: [libjvm.so+0x710dc0], sa_mask[0]=0x7ffbfeff, sa_flags=0x10000004
SIGINT: [libjvm.so+0x710dc0], sa_mask[0]=0x7ffbfeff, sa_flags=0x10000004
SIGTERM: [libjvm.so+0x710dc0], sa_mask[0]=0x7ffbfeff, sa_flags=0x10000004
SIGQUIT: [libjvm.so+0x710dc0], sa_mask[0]=0x7ffbfeff, sa_flags=0x10000004


---------------  S Y S T E M  ---------------

OS:CentOS release 6.2 (Final)

uname:Linux 2.6.32-220.4.1.el6.x86_64 #1 SMP Tue Jan 24 02:13:44 GMT 2012 x86_64
libc:glibc 2.12 NPTL 2.12 
rlimit: STACK 10240k, CORE 0k, NPROC 1024, NOFILE 1024, AS infinity
load average:0.15 0.14 0.14

/proc/meminfo:
MemTotal:        5851108 kB
MemFree:         1948440 kB
Buffers:          384828 kB
Cached:          1358016 kB
SwapCached:            0 kB
Active:          2279312 kB
Inactive:        1308300 kB
Active(anon):    1845420 kB
Inactive(anon):    11432 kB
Active(file):     433892 kB
Inactive(file):  1296868 kB
Unevictable:           0 kB
Mlocked:               0 kB
SwapTotal:       9375736 kB
SwapFree:        9375736 kB
Dirty:              1020 kB
Writeback:             0 kB
AnonPages:       1834772 kB
Mapped:           165076 kB
Shmem:             12088 kB
Slab:             162868 kB
SReclaimable:      79640 kB
SUnreclaim:        83228 kB
KernelStack:        3952 kB
PageTables:        41420 kB
NFS_Unstable:          0 kB
Bounce:                0 kB
WritebackTmp:          0 kB
CommitLimit:    12301288 kB
Committed_AS:    3283992 kB
VmallocTotal:   34359738367 kB
VmallocUsed:      299700 kB
VmallocChunk:   34359312420 kB
HardwareCorrupted:     0 kB
AnonHugePages:   1118208 kB
HugePages_Total:       0
HugePages_Free:        0
HugePages_Rsvd:        0
HugePages_Surp:        0
Hugepagesize:       2048 kB
DirectMap4k:        6144 kB
DirectMap2M:     6211584 kB


CPU:total 4 (2 cores per cpu, 2 threads per core) family 6 model 37 stepping 5, cmov, cx8, fxsr, mmx, sse, sse2, sse3, ssse3, sse4.1, sse4.2, popcnt, ht

/proc/cpuinfo:
processor	: 0
vendor_id	: GenuineIntel
cpu family	: 6
model		: 37
model name	: Intel(R) Core(TM) i3 CPU       M 380  @ 2.53GHz
stepping	: 5
cpu MHz		: 933.000
cache size	: 3072 KB
physical id	: 0
siblings	: 4
core id		: 0
cpu cores	: 2
apicid		: 0
initial apicid	: 0
fpu		: yes
fpu_exception	: yes
cpuid level	: 11
wp		: yes
flags		: fpu vme de pse tsc msr pae mce cx8 apic mtrr pge mca cmov pat pse36 clflush dts acpi mmx fxsr sse sse2 ss ht tm pbe syscall nx rdtscp lm constant_tsc arch_perfmon pebs bts rep_good xtopology nonstop_tsc aperfmperf pni dtes64 monitor ds_cpl vmx est tm2 ssse3 cx16 xtpr pdcm sse4_1 sse4_2 popcnt lahf_lm arat dts tpr_shadow vnmi flexpriority ept vpid
bogomips	: 5054.30
clflush size	: 64
cache_alignment	: 64
address sizes	: 36 bits physical, 48 bits virtual
power management:

processor	: 1
vendor_id	: GenuineIntel
cpu family	: 6
model		: 37
model name	: Intel(R) Core(TM) i3 CPU       M 380  @ 2.53GHz
stepping	: 5
cpu MHz		: 933.000
cache size	: 3072 KB
physical id	: 0
siblings	: 4
core id		: 2
cpu cores	: 2
apicid		: 4
initial apicid	: 4
fpu		: yes
fpu_exception	: yes
cpuid level	: 11
wp		: yes
flags		: fpu vme de pse tsc msr pae mce cx8 apic mtrr pge mca cmov pat pse36 clflush dts acpi mmx fxsr sse sse2 ss ht tm pbe syscall nx rdtscp lm constant_tsc arch_perfmon pebs bts rep_good xtopology nonstop_tsc aperfmperf pni dtes64 monitor ds_cpl vmx est tm2 ssse3 cx16 xtpr pdcm sse4_1 sse4_2 popcnt lahf_lm arat dts tpr_shadow vnmi flexpriority ept vpid
bogomips	: 5053.74
clflush size	: 64
cache_alignment	: 64
address sizes	: 36 bits physical, 48 bits virtual
power management:

processor	: 2
vendor_id	: GenuineIntel
cpu family	: 6
model		: 37
model name	: Intel(R) Core(TM) i3 CPU       M 380  @ 2.53GHz
stepping	: 5
cpu MHz		: 2533.000
cache size	: 3072 KB
physical id	: 0
siblings	: 4
core id		: 0
cpu cores	: 2
apicid		: 1
initial apicid	: 1
fpu		: yes
fpu_exception	: yes
cpuid level	: 11
wp		: yes
flags		: fpu vme de pse tsc msr pae mce cx8 apic mtrr pge mca cmov pat pse36 clflush dts acpi mmx fxsr sse sse2 ss ht tm pbe syscall nx rdtscp lm constant_tsc arch_perfmon pebs bts rep_good xtopology nonstop_tsc aperfmperf pni dtes64 monitor ds_cpl vmx est tm2 ssse3 cx16 xtpr pdcm sse4_1 sse4_2 popcnt lahf_lm arat dts tpr_shadow vnmi flexpriority ept vpid
bogomips	: 5053.73
clflush size	: 64
cache_alignment	: 64
address sizes	: 36 bits physical, 48 bits virtual
power management:

processor	: 3
vendor_id	: GenuineIntel
cpu family	: 6
model		: 37
model name	: Intel(R) Core(TM) i3 CPU       M 380  @ 2.53GHz
stepping	: 5
cpu MHz		: 2533.000
cache size	: 3072 KB
physical id	: 0
siblings	: 4
core id		: 2
cpu cores	: 2
apicid		: 5
initial apicid	: 5
fpu		: yes
fpu_exception	: yes
cpuid level	: 11
wp		: yes
flags		: fpu vme de pse tsc msr pae mce cx8 apic mtrr pge mca cmov pat pse36 clflush dts acpi mmx fxsr sse sse2 ss ht tm pbe syscall nx rdtscp lm constant_tsc arch_perfmon pebs bts rep_good xtopology nonstop_tsc aperfmperf pni dtes64 monitor ds_cpl vmx est tm2 ssse3 cx16 xtpr pdcm sse4_1 sse4_2 popcnt lahf_lm arat dts tpr_shadow vnmi flexpriority ept vpid
bogomips	: 5053.73
clflush size	: 64
cache_alignment	: 64
address sizes	: 36 bits physical, 48 bits virtual
power management:



Memory: 4k page, physical 5851108k(1948440k free), swap 9375736k(9375736k free)

vm_info: Java HotSpot(TM) 64-Bit Server VM (20.4-b02) for linux-amd64 JRE (1.6.0_29-b11), built on Oct  3 2011 01:19:20 by "java_re" with gcc 3.2.2 (SuSE Linux)

time: Mon Dec 10 01:28:28 2012
elapsed time: 0 seconds

