#
# A fatal error has been detected by the Java Runtime Environment:
#
#  SIGSEGV (0xb) at pc=0x0000000101010100, pid=11801, tid=139922827249408
#
# JRE version: 6.0_29-b11
# Java VM: Java HotSpot(TM) 64-Bit Server VM (20.4-b02 mixed mode linux-amd64 compressed oops)
# Problematic frame:
# C  0x0000000101010100
#
# If you would like to submit a bug report, please visit:
#   http://java.sun.com/webapps/bugreport/crash.jsp
#

---------------  T H R E A D  ---------------

Current thread (0x00007f424c007000):  JavaThread "main" [_thread_in_Java, id=11806, stack(0x00007f42525a0000,0x00007f42526a1000)]

siginfo:si_signo=SIGSEGV: si_errno=0, si_code=1 (SEGV_MAPERR), si_addr=0x0000000101010100

Registers:
RAX=0x0000000000000001, RBX=0x00000000a1ab9678, RCX=0x0000000000000700, RDX=0x0000000000000001
RSP=0x00007f425269f808, RBP=0x00007f425269f858, RSI=0x00007f425313afe8, RDI=0x00007f425313ee58
R8 =0x00007f424c007bd8, R9 =0x00007f424c007820, R10=0x0000000000000000, R11=0x0000000101010100
R12=0x0000000000000000, R13=0x00000000a1ab9678, R14=0x00007f425269f878, R15=0x00007f424c007000
RIP=0x0000000101010100, EFLAGS=0x0000000000010202, CSGSFS=0x0000000000000033, ERR=0x0000000000000014
  TRAPNO=0x000000000000000e

Top of Stack: (sp=0x00007f425269f808)
0x00007f425269f808:   00007f424901127f 00007f424c007000
0x00007f425269f818:   00007f425269f818 00000000a1ab9678
0x00007f425269f828:   00007f425269f878 00000000a1abacb8
0x00007f425269f838:   0000000000000000 00000000a1ab9678
0x00007f425269f848:   0000000000000000 00007f425269f878
0x00007f425269f858:   00007f425269f8c0 00007f4249005a82
0x00007f425269f868:   0100000101000001 0000000101010100
0x00007f425269f878:   0101010100000000 0101010101010000
0x00007f425269f888:   0101010101000001 00007f425269f801
0x00007f425269f898:   00000000a1abacb8 0000000000000000
0x00007f425269f8a8:   00000000a1ab9840 00007f425269f878
0x00007f425269f8b8:   00007f425269f900 00007f425269f940
0x00007f425269f8c8:   00007f4249005929 0000000000000000
0x00007f425269f8d8:   0000000000000000 0000000000000000
0x00007f425269f8e8:   0000000000000000 0000000000000000
0x00007f425269f8f8:   00000000e23a8c48 00007f425269f900
0x00007f425269f908:   00000000a1ab9f00 00007f425269f960
0x00007f425269f918:   00000000a1abacb8 0000000000000000
0x00007f425269f928:   00000000a1ab9f78 00007f425269f900
0x00007f425269f938:   00007f425269f968 00007f425269f9a8
0x00007f425269f948:   00007f4249005a82 0000000000000000
0x00007f425269f958:   0000000000000000 0000000000000000
0x00007f425269f968:   00007f425269f968 00000000a1aba288
0x00007f425269f978:   00007f425269f9b8 00000000a1abacb8
0x00007f425269f988:   0000000000000000 00000000a1aba2b8
0x00007f425269f998:   00007f425269f968 00007f425269f9b8
0x00007f425269f9a8:   00007f425269fa20 00007f4249000438
0x00007f425269f9b8:   00000000e23a8c38 00007f4200001fa0
0x00007f425269f9c8:   00007f425269fa60 00007f4253140498
0x00007f425269f9d8:   00007f425269fbf9 00007f424c007000
0x00007f425269f9e8:   00007f42490003af 00007f425269fa90
0x00007f425269f9f8:   00007f425269fcf8 00007f420000000a 

Instructions: (pc=0x0000000101010100)
0x00000001010100e0:   
[error occurred during error reporting (printing registers, top of stack, instructions near pc), id 0xb]

Register to memory mapping:

RAX=0x0000000000000001 is an unknown value
RBX=0x00000000a1ab9678 is an oop
{method} 
 - klass: {other class}
RCX=0x0000000000000700 is an unknown value
RDX=0x0000000000000001 is an unknown value
RSP=0x00007f425269f808 is pointing into the stack for thread: 0x00007f424c007000
RBP=0x00007f425269f858 is pointing into the stack for thread: 0x00007f424c007000
RSI=0x00007f425313afe8: <offset 0xa99fe8> in /home/chenjw/software/jdk1.6.0_29/jre/lib/amd64/server/libjvm.so at 0x00007f42526a1000
RDI=0x00007f425313ee58: <offset 0xa9de58> in /home/chenjw/software/jdk1.6.0_29/jre/lib/amd64/server/libjvm.so at 0x00007f42526a1000
R8 =0x00007f424c007bd8 is an unknown value
R9 =0x00007f424c007820 is an unknown value
R10=0x0000000000000000 is an unknown value
R11=0x0000000101010100 is an unknown value
R12=0x0000000000000000 is an unknown value
R13=0x00000000a1ab9678 is an oop
{method} 
 - klass: {other class}
R14=0x00007f425269f878 is pointing into the stack for thread: 0x00007f424c007000
R15=0x00007f424c007000 is a thread


Stack: [0x00007f42525a0000,0x00007f42526a1000],  sp=0x00007f425269f808,  free space=1022k
Native frames: (J=compiled Java code, j=interpreted, Vv=VM code, C=native code)
C  0x0000000101010100
j  com.chenjw.knife.agent.utils.NativeHelper.checkCapabilities()Ljava/util/Map;+1599367281
j  com.chenjw.knife.agent.utils.NativeHelper.do4()V+0
j  com.chenjw.knife.agent.utils.NativeHelper.main([Ljava/lang/String;)V+0
v  ~StubRoutines::call_stub
V  [libjvm.so+0x4df400]  JavaCalls::call_helper(JavaValue*, methodHandle*, JavaCallArguments*, Thread*)+0x1e0
V  [libjvm.so+0x70f6d9]  os::os_exception_wrapper(void (*)(JavaValue*, methodHandle*, JavaCallArguments*, Thread*), JavaValue*, methodHandle*, JavaCallArguments*, Thread*)+0x19
V  [libjvm.so+0x4df215]  JavaCalls::call(JavaValue*, methodHandle, JavaCallArguments*, Thread*)+0x25
V  [libjvm.so+0x51ac67]  jni_invoke_static(JNIEnv_*, JavaValue*, _jobject*, JNICallType, _jmethodID*, JNI_ArgumentPusher*, Thread*)+0x147
V  [libjvm.so+0x5083ff]  unsigned+0x20f


---------------  P R O C E S S  ---------------

Java Threads: ( => current thread )
  0x00007f424c09f000 JavaThread "Low Memory Detector" daemon [_thread_blocked, id=11817, stack(0x00007f4250851000,0x00007f4250952000)]
  0x00007f424c09b000 JavaThread "C2 CompilerThread1" daemon [_thread_blocked, id=11816, stack(0x00007f4250952000,0x00007f4250a53000)]
  0x00007f424c098000 JavaThread "C2 CompilerThread0" daemon [_thread_blocked, id=11815, stack(0x00007f4250a53000,0x00007f4250b54000)]
  0x00007f424c096000 JavaThread "Signal Dispatcher" daemon [_thread_blocked, id=11814, stack(0x00007f4250b54000,0x00007f4250c55000)]
  0x00007f424c07a000 JavaThread "Finalizer" daemon [_thread_blocked, id=11813, stack(0x00007f4250c55000,0x00007f4250d56000)]
  0x00007f424c078000 JavaThread "Reference Handler" daemon [_thread_blocked, id=11812, stack(0x00007f4250d56000,0x00007f4250e57000)]
=>0x00007f424c007000 JavaThread "main" [_thread_in_Java, id=11806, stack(0x00007f42525a0000,0x00007f42526a1000)]

Other Threads:
  0x00007f424c071800 VMThread [stack: 0x00007f4250e57000,0x00007f4250f58000] [id=11811]
  0x00007f424c0aa000 WatcherThread [stack: 0x00007f4250750000,0x00007f4250851000] [id=11818]

VM state:not at safepoint (normal execution)

VM Mutex/Monitor currently owned by a thread: None

Heap
 PSYoungGen      total 26688K, used 458K [0x00000000e2360000, 0x00000000e4120000, 0x0000000100000000)
  eden space 22912K, 2% used [0x00000000e2360000,0x00000000e23d2900,0x00000000e39c0000)
  from space 3776K, 0% used [0x00000000e3d70000,0x00000000e3d70000,0x00000000e4120000)
  to   space 3776K, 0% used [0x00000000e39c0000,0x00000000e39c0000,0x00000000e3d70000)
 PSOldGen        total 60992K, used 0K [0x00000000a6a00000, 0x00000000aa590000, 0x00000000e2360000)
  object space 60992K, 0% used [0x00000000a6a00000,0x00000000a6a00000,0x00000000aa590000)
 PSPermGen       total 21248K, used 2804K [0x00000000a1800000, 0x00000000a2cc0000, 0x00000000a6a00000)
  object space 21248K, 13% used [0x00000000a1800000,0x00000000a1abd0a8,0x00000000a2cc0000)

Code Cache  [0x00007f4249000000, 0x00007f4249270000, 0x00007f424c000000)
 total_blobs=154 nmethods=0 adapters=122 free_code_cache=49952128 largest_free_block=0

Dynamic libraries:
40000000-40009000 r-xp 00000000 08:06 395485                             /home/chenjw/software/jdk1.6.0_29/bin/java
40108000-4010a000 rwxp 00008000 08:06 395485                             /home/chenjw/software/jdk1.6.0_29/bin/java
40638000-40659000 rwxp 00000000 00:00 0                                  [heap]
a1800000-a2cc0000 rwxp 00000000 00:00 0 
a2cc0000-a6a00000 rwxp 00000000 00:00 0 
a6a00000-aa590000 rwxp 00000000 00:00 0 
aa590000-e2360000 rwxp 00000000 00:00 0 
e2360000-e4120000 rwxp 00000000 00:00 0 
e4120000-100000000 rwxp 00000000 00:00 0 
3148400000-3148420000 r-xp 00000000 08:06 4706                           /lib64/ld-2.12.so
314861f000-3148620000 r-xp 0001f000 08:06 4706                           /lib64/ld-2.12.so
3148620000-3148621000 rwxp 00020000 08:06 4706                           /lib64/ld-2.12.so
3148621000-3148622000 rwxp 00000000 00:00 0 
3148800000-3148989000 r-xp 00000000 08:06 4757                           /lib64/libc-2.12.so
3148989000-3148b89000 ---p 00189000 08:06 4757                           /lib64/libc-2.12.so
3148b89000-3148b8d000 r-xp 00189000 08:06 4757                           /lib64/libc-2.12.so
3148b8d000-3148b8e000 rwxp 0018d000 08:06 4757                           /lib64/libc-2.12.so
3148b8e000-3148b93000 rwxp 00000000 00:00 0 
3148c00000-3148c17000 r-xp 00000000 08:06 5240                           /lib64/libpthread-2.12.so
3148c17000-3148e17000 ---p 00017000 08:06 5240                           /lib64/libpthread-2.12.so
3148e17000-3148e18000 r-xp 00017000 08:06 5240                           /lib64/libpthread-2.12.so
3148e18000-3148e19000 rwxp 00018000 08:06 5240                           /lib64/libpthread-2.12.so
3148e19000-3148e1d000 rwxp 00000000 00:00 0 
3149000000-3149002000 r-xp 00000000 08:06 71859                          /lib64/libdl-2.12.so
3149002000-3149202000 ---p 00002000 08:06 71859                          /lib64/libdl-2.12.so
3149202000-3149203000 r-xp 00002000 08:06 71859                          /lib64/libdl-2.12.so
3149203000-3149204000 rwxp 00003000 08:06 71859                          /lib64/libdl-2.12.so
3149400000-3149483000 r-xp 00000000 08:06 35302                          /lib64/libm-2.12.so
3149483000-3149682000 ---p 00083000 08:06 35302                          /lib64/libm-2.12.so
3149682000-3149683000 r-xp 00082000 08:06 35302                          /lib64/libm-2.12.so
3149683000-3149684000 rwxp 00083000 08:06 35302                          /lib64/libm-2.12.so
3149800000-3149807000 r-xp 00000000 08:06 6812                           /lib64/librt-2.12.so
3149807000-3149a06000 ---p 00007000 08:06 6812                           /lib64/librt-2.12.so
3149a06000-3149a07000 r-xp 00006000 08:06 6812                           /lib64/librt-2.12.so
3149a07000-3149a08000 rwxp 00007000 08:06 6812                           /lib64/librt-2.12.so
3157c00000-3157c16000 r-xp 00000000 08:06 73879                          /lib64/libnsl-2.12.so
3157c16000-3157e15000 ---p 00016000 08:06 73879                          /lib64/libnsl-2.12.so
3157e15000-3157e16000 r-xp 00015000 08:06 73879                          /lib64/libnsl-2.12.so
3157e16000-3157e17000 rwxp 00016000 08:06 73879                          /lib64/libnsl-2.12.so
3157e17000-3157e19000 rwxp 00000000 00:00 0 
7f4210000000-7f4210021000 rwxp 00000000 00:00 0 
7f4210021000-7f4214000000 ---p 00000000 00:00 0 
7f4214000000-7f4214021000 rwxp 00000000 00:00 0 
7f4214021000-7f4218000000 ---p 00000000 00:00 0 
7f4218000000-7f4218021000 rwxp 00000000 00:00 0 
7f4218021000-7f421c000000 ---p 00000000 00:00 0 
7f421c000000-7f421c021000 rwxp 00000000 00:00 0 
7f421c021000-7f4220000000 ---p 00000000 00:00 0 
7f4220000000-7f4220021000 rwxp 00000000 00:00 0 
7f4220021000-7f4224000000 ---p 00000000 00:00 0 
7f422616f000-7f422c000000 r-xp 00000000 08:06 76576                      /usr/lib/locale/locale-archive
7f422c000000-7f422c021000 rwxp 00000000 00:00 0 
7f422c021000-7f4230000000 ---p 00000000 00:00 0 
7f4230000000-7f4230021000 rwxp 00000000 00:00 0 
7f4230021000-7f4234000000 ---p 00000000 00:00 0 
7f4234000000-7f4234021000 rwxp 00000000 00:00 0 
7f4234021000-7f4238000000 ---p 00000000 00:00 0 
7f4238000000-7f4238021000 rwxp 00000000 00:00 0 
7f4238021000-7f423c000000 ---p 00000000 00:00 0 
7f423c000000-7f423c021000 rwxp 00000000 00:00 0 
7f423c021000-7f4240000000 ---p 00000000 00:00 0 
7f4240000000-7f4240021000 rwxp 00000000 00:00 0 
7f4240021000-7f4244000000 ---p 00000000 00:00 0 
7f4244000000-7f4244021000 rwxp 00000000 00:00 0 
7f4244021000-7f4248000000 ---p 00000000 00:00 0 
7f4249000000-7f4249270000 rwxp 00000000 00:00 0 
7f4249270000-7f424c0d2000 rwxp 00000000 00:00 0 
7f424c0d2000-7f4250000000 ---p 00000000 00:00 0 
7f4250549000-7f425054f000 r-xp 00000000 08:06 3810557                    /home/chenjw/my_workspace/knife/native/Default/libnativehelper.so
7f425054f000-7f425074f000 ---p 00006000 08:06 3810557                    /home/chenjw/my_workspace/knife/native/Default/libnativehelper.so
7f425074f000-7f4250750000 rwxp 00006000 08:06 3810557                    /home/chenjw/my_workspace/knife/native/Default/libnativehelper.so
7f4250750000-7f4250751000 ---p 00000000 00:00 0 
7f4250751000-7f4250851000 rwxp 00000000 00:00 0 
7f4250851000-7f4250854000 ---p 00000000 00:00 0 
7f4250854000-7f4250952000 rwxp 00000000 00:00 0 
7f4250952000-7f4250955000 ---p 00000000 00:00 0 
7f4250955000-7f4250a53000 rwxp 00000000 00:00 0 
7f4250a53000-7f4250a56000 ---p 00000000 00:00 0 
7f4250a56000-7f4250b54000 rwxp 00000000 00:00 0 
7f4250b54000-7f4250b57000 ---p 00000000 00:00 0 
7f4250b57000-7f4250c55000 rwxp 00000000 00:00 0 
7f4250c55000-7f4250c58000 ---p 00000000 00:00 0 
7f4250c58000-7f4250d56000 rwxp 00000000 00:00 0 
7f4250d56000-7f4250d59000 ---p 00000000 00:00 0 
7f4250d59000-7f4250e57000 rwxp 00000000 00:00 0 
7f4250e57000-7f4250e58000 ---p 00000000 00:00 0 
7f4250e58000-7f4251494000 rwxp 00000000 00:00 0 
7f4251494000-7f4251642000 r-xs 019e3000 08:06 403118                     /home/chenjw/software/jdk1.6.0_29/jre/lib/rt_debug.jar
7f4251642000-7f425166a000 rwxp 00000000 00:00 0 
7f425166a000-7f425166b000 ---p 00000000 00:00 0 
7f425166b000-7f425176b000 rwxp 00000000 00:00 0 
7f425176b000-7f425176c000 ---p 00000000 00:00 0 
7f425176c000-7f425186c000 rwxp 00000000 00:00 0 
7f425186c000-7f425186d000 ---p 00000000 00:00 0 
7f425186d000-7f425196d000 rwxp 00000000 00:00 0 
7f425196d000-7f425196e000 ---p 00000000 00:00 0 
7f425196e000-7f4251a79000 rwxp 00000000 00:00 0 
7f4251a79000-7f4251a97000 rwxp 00000000 00:00 0 
7f4251a97000-7f4251ab5000 rwxp 00000000 00:00 0 
7f4251ab5000-7f4251c74000 rwxp 00000000 00:00 0 
7f4251c74000-7f4251c7f000 rwxp 00000000 00:00 0 
7f4251c7f000-7f4251c9d000 rwxp 00000000 00:00 0 
7f4251c9d000-7f4251cbb000 rwxp 00000000 00:00 0 
7f4251cbb000-7f4251e79000 rwxp 00000000 00:00 0 
7f4251e79000-7f4251e89000 rwxp 00000000 00:00 0 
7f4251e89000-7f4251f68000 rwxp 00000000 00:00 0 
7f4251f68000-7f4251f73000 rwxp 00000000 00:00 0 
7f4251f73000-7f4252029000 rwxp 00000000 00:00 0 
7f4252029000-7f4252037000 r-xp 00000000 08:06 396134                     /home/chenjw/software/jdk1.6.0_29/jre/lib/amd64/libzip.so
7f4252037000-7f4252139000 ---p 0000e000 08:06 396134                     /home/chenjw/software/jdk1.6.0_29/jre/lib/amd64/libzip.so
7f4252139000-7f425213c000 rwxp 00010000 08:06 396134                     /home/chenjw/software/jdk1.6.0_29/jre/lib/amd64/libzip.so
7f425213c000-7f425213d000 rwxp 00000000 00:00 0 
7f425213d000-7f4252149000 r-xp 00000000 08:06 37321                      /lib64/libnss_files-2.12.so
7f4252149000-7f4252349000 ---p 0000c000 08:06 37321                      /lib64/libnss_files-2.12.so
7f4252349000-7f425234a000 r-xp 0000c000 08:06 37321                      /lib64/libnss_files-2.12.so
7f425234a000-7f425234b000 rwxp 0000d000 08:06 37321                      /lib64/libnss_files-2.12.so
7f4252362000-7f425238b000 r-xp 00000000 08:06 396147                     /home/chenjw/software/jdk1.6.0_29/jre/lib/amd64/libjava.so
7f425238b000-7f425248a000 ---p 00029000 08:06 396147                     /home/chenjw/software/jdk1.6.0_29/jre/lib/amd64/libjava.so
7f425248a000-7f4252491000 rwxp 00028000 08:06 396147                     /home/chenjw/software/jdk1.6.0_29/jre/lib/amd64/libjava.so
7f4252491000-7f425249e000 r-xp 00000000 08:06 396129                     /home/chenjw/software/jdk1.6.0_29/jre/lib/amd64/libverify.so
7f425249e000-7f425259d000 ---p 0000d000 08:06 396129                     /home/chenjw/software/jdk1.6.0_29/jre/lib/amd64/libverify.so
7f425259d000-7f42525a0000 rwxp 0000c000 08:06 396129                     /home/chenjw/software/jdk1.6.0_29/jre/lib/amd64/libverify.so
7f42525a0000-7f42525a3000 ---p 00000000 00:00 0 
7f42525a3000-7f42526a1000 rwxp 00000000 00:00 0 
7f42526a1000-7f4252fbb000 r-xp 00000000 08:06 396154                     /home/chenjw/software/jdk1.6.0_29/jre/lib/amd64/server/libjvm.so
7f4252fbb000-7f42530bd000 ---p 0091a000 08:06 396154                     /home/chenjw/software/jdk1.6.0_29/jre/lib/amd64/server/libjvm.so
7f42530bd000-7f4253272000 rwxp 0091c000 08:06 396154                     /home/chenjw/software/jdk1.6.0_29/jre/lib/amd64/server/libjvm.so
7f4253272000-7f42532af000 rwxp 00000000 00:00 0 
7f42532af000-7f42532b6000 r-xp 00000000 08:06 396119                     /home/chenjw/software/jdk1.6.0_29/jre/lib/amd64/jli/libjli.so
7f42532b6000-7f42533b7000 ---p 00007000 08:06 396119                     /home/chenjw/software/jdk1.6.0_29/jre/lib/amd64/jli/libjli.so
7f42533b7000-7f42533b9000 rwxp 00008000 08:06 396119                     /home/chenjw/software/jdk1.6.0_29/jre/lib/amd64/jli/libjli.so
7f42533b9000-7f42533ba000 rwxp 00000000 00:00 0 
7f42533c7000-7f42533cf000 rwxs 00000000 08:06 3939343                    /tmp/hsperfdata_chenjw/11801
7f42533cf000-7f42533d0000 rwxp 00000000 00:00 0 
7f42533d0000-7f42533d1000 r-xp 00000000 00:00 0 
7f42533d1000-7f42533d2000 rwxp 00000000 00:00 0 
7fff20d10000-7fff20d25000 rwxp 00000000 00:00 0                          [stack]
7fff20dff000-7fff20e00000 r-xp 00000000 00:00 0                          [vdso]
ffffffffff600000-ffffffffff601000 r-xp 00000000 00:00 0                  [vsyscall]

VM Arguments:
jvm_args: -Dfile.encoding=UTF-8 
java_command: com.chenjw.knife.agent.utils.NativeHelper
Launcher Type: SUN_STANDARD

Environment Variables:
JAVA_HOME=/home/chenjw/software/jdk1.6.0_34
CLASSPATH=.:/home/chenjw/software/jdk1.6.0_34/lib:
PATH=/home/chenjw/software/jdk1.6.0_34/bin:/home/chenjw/software/apache-maven-2.2.1/bin:/home/chenjw/software/apache-ant-1.8.3/bin:/usr/lib64/qt-3.3/bin:/usr/local/bin:/usr/bin:/bin:/usr/local/sbin:/usr/sbin:/sbin:/home/chenjw/workspace_go/go/bin:/home/chenjw/bin
USERNAME=chenjw
LD_LIBRARY_PATH=/home/chenjw/software/jdk1.6.0_29/jre/lib/amd64/server:/home/chenjw/software/jdk1.6.0_29/jre/lib/amd64:/home/chenjw/software/jdk1.6.0_29/jre/../lib/amd64:/home/chenjw/software/jdk1.6.0_34/jre/lib/amd64/server:/home/chenjw/software/jdk1.6.0_34/jre/lib/amd64:/home/chenjw/software/jdk1.6.0_34/jre/../lib/amd64
SHELL=/bin/bash
DISPLAY=:0.0

Signal Handlers:
SIGSEGV: [libjvm.so+0x85f780], sa_mask[0]=0x7ffbfeff, sa_flags=0x10000004
SIGBUS: [libjvm.so+0x85f780], sa_mask[0]=0x7ffbfeff, sa_flags=0x10000004
SIGFPE: [libjvm.so+0x70e3b0], sa_mask[0]=0x7ffbfeff, sa_flags=0x10000004
SIGPIPE: [libjvm.so+0x70e3b0], sa_mask[0]=0x7ffbfeff, sa_flags=0x10000004
SIGXFSZ: [libjvm.so+0x70e3b0], sa_mask[0]=0x7ffbfeff, sa_flags=0x10000004
SIGILL: [libjvm.so+0x70e3b0], sa_mask[0]=0x7ffbfeff, sa_flags=0x10000004
SIGUSR1: SIG_DFL, sa_mask[0]=0x00000000, sa_flags=0x00000000
SIGUSR2: [libjvm.so+0x7111c0], sa_mask[0]=0x00000004, sa_flags=0x10000004
SIGHUP: [libjvm.so+0x710dc0], sa_mask[0]=0x7ffbfeff, sa_flags=0x10000004
SIGINT: [libjvm.so+0x710dc0], sa_mask[0]=0x7ffbfeff, sa_flags=0x10000004
SIGTERM: [libjvm.so+0x710dc0], sa_mask[0]=0x7ffbfeff, sa_flags=0x10000004
SIGQUIT: [libjvm.so+0x710dc0], sa_mask[0]=0x7ffbfeff, sa_flags=0x10000004


---------------  S Y S T E M  ---------------

OS:CentOS release 6.2 (Final)

uname:Linux 2.6.32-220.4.1.el6.x86_64 #1 SMP Tue Jan 24 02:13:44 GMT 2012 x86_64
libc:glibc 2.12 NPTL 2.12 
rlimit: STACK 10240k, CORE 0k, NPROC 1024, NOFILE 1024, AS infinity
load average:0.15 0.14 0.14

/proc/meminfo:
MemTotal:        5851108 kB
MemFree:         1952156 kB
Buffers:          384828 kB
Cached:          1357988 kB
SwapCached:            0 kB
Active:          2276236 kB
Inactive:        1308276 kB
Active(anon):    1842348 kB
Inactive(anon):    11432 kB
Active(file):     433888 kB
Inactive(file):  1296844 kB
Unevictable:           0 kB
Mlocked:               0 kB
SwapTotal:       9375736 kB
SwapFree:        9375736 kB
Dirty:               988 kB
Writeback:             0 kB
AnonPages:       1831476 kB
Mapped:           165076 kB
Shmem:             12088 kB
Slab:             162824 kB
SReclaimable:      79596 kB
SUnreclaim:        83228 kB
KernelStack:        3952 kB
PageTables:        41628 kB
NFS_Unstable:          0 kB
Bounce:                0 kB
WritebackTmp:          0 kB
CommitLimit:    12301288 kB
Committed_AS:    3284876 kB
VmallocTotal:   34359738367 kB
VmallocUsed:      299700 kB
VmallocChunk:   34359312420 kB
HardwareCorrupted:     0 kB
AnonHugePages:   1114112 kB
HugePages_Total:       0
HugePages_Free:        0
HugePages_Rsvd:        0
HugePages_Surp:        0
Hugepagesize:       2048 kB
DirectMap4k:        6144 kB
DirectMap2M:     6211584 kB


CPU:total 4 (2 cores per cpu, 2 threads per core) family 6 model 37 stepping 5, cmov, cx8, fxsr, mmx, sse, sse2, sse3, ssse3, sse4.1, sse4.2, popcnt, ht

/proc/cpuinfo:
processor	: 0
vendor_id	: GenuineIntel
cpu family	: 6
model		: 37
model name	: Intel(R) Core(TM) i3 CPU       M 380  @ 2.53GHz
stepping	: 5
cpu MHz		: 933.000
cache size	: 3072 KB
physical id	: 0
siblings	: 4
core id		: 0
cpu cores	: 2
apicid		: 0
initial apicid	: 0
fpu		: yes
fpu_exception	: yes
cpuid level	: 11
wp		: yes
flags		: fpu vme de pse tsc msr pae mce cx8 apic mtrr pge mca cmov pat pse36 clflush dts acpi mmx fxsr sse sse2 ss ht tm pbe syscall nx rdtscp lm constant_tsc arch_perfmon pebs bts rep_good xtopology nonstop_tsc aperfmperf pni dtes64 monitor ds_cpl vmx est tm2 ssse3 cx16 xtpr pdcm sse4_1 sse4_2 popcnt lahf_lm arat dts tpr_shadow vnmi flexpriority ept vpid
bogomips	: 5054.30
clflush size	: 64
cache_alignment	: 64
address sizes	: 36 bits physical, 48 bits virtual
power management:

processor	: 1
vendor_id	: GenuineIntel
cpu family	: 6
model		: 37
model name	: Intel(R) Core(TM) i3 CPU       M 380  @ 2.53GHz
stepping	: 5
cpu MHz		: 933.000
cache size	: 3072 KB
physical id	: 0
siblings	: 4
core id		: 2
cpu cores	: 2
apicid		: 4
initial apicid	: 4
fpu		: yes
fpu_exception	: yes
cpuid level	: 11
wp		: yes
flags		: fpu vme de pse tsc msr pae mce cx8 apic mtrr pge mca cmov pat pse36 clflush dts acpi mmx fxsr sse sse2 ss ht tm pbe syscall nx rdtscp lm constant_tsc arch_perfmon pebs bts rep_good xtopology nonstop_tsc aperfmperf pni dtes64 monitor ds_cpl vmx est tm2 ssse3 cx16 xtpr pdcm sse4_1 sse4_2 popcnt lahf_lm arat dts tpr_shadow vnmi flexpriority ept vpid
bogomips	: 5053.74
clflush size	: 64
cache_alignment	: 64
address sizes	: 36 bits physical, 48 bits virtual
power management:

processor	: 2
vendor_id	: GenuineIntel
cpu family	: 6
model		: 37
model name	: Intel(R) Core(TM) i3 CPU       M 380  @ 2.53GHz
stepping	: 5
cpu MHz		: 2533.000
cache size	: 3072 KB
physical id	: 0
siblings	: 4
core id		: 0
cpu cores	: 2
apicid		: 1
initial apicid	: 1
fpu		: yes
fpu_exception	: yes
cpuid level	: 11
wp		: yes
flags		: fpu vme de pse tsc msr pae mce cx8 apic mtrr pge mca cmov pat pse36 clflush dts acpi mmx fxsr sse sse2 ss ht tm pbe syscall nx rdtscp lm constant_tsc arch_perfmon pebs bts rep_good xtopology nonstop_tsc aperfmperf pni dtes64 monitor ds_cpl vmx est tm2 ssse3 cx16 xtpr pdcm sse4_1 sse4_2 popcnt lahf_lm arat dts tpr_shadow vnmi flexpriority ept vpid
bogomips	: 5053.73
clflush size	: 64
cache_alignment	: 64
address sizes	: 36 bits physical, 48 bits virtual
power management:

processor	: 3
vendor_id	: GenuineIntel
cpu family	: 6
model		: 37
model name	: Intel(R) Core(TM) i3 CPU       M 380  @ 2.53GHz
stepping	: 5
cpu MHz		: 933.000
cache size	: 3072 KB
physical id	: 0
siblings	: 4
core id		: 2
cpu cores	: 2
apicid		: 5
initial apicid	: 5
fpu		: yes
fpu_exception	: yes
cpuid level	: 11
wp		: yes
flags		: fpu vme de pse tsc msr pae mce cx8 apic mtrr pge mca cmov pat pse36 clflush dts acpi mmx fxsr sse sse2 ss ht tm pbe syscall nx rdtscp lm constant_tsc arch_perfmon pebs bts rep_good xtopology nonstop_tsc aperfmperf pni dtes64 monitor ds_cpl vmx est tm2 ssse3 cx16 xtpr pdcm sse4_1 sse4_2 popcnt lahf_lm arat dts tpr_shadow vnmi flexpriority ept vpid
bogomips	: 5053.73
clflush size	: 64
cache_alignment	: 64
address sizes	: 36 bits physical, 48 bits virtual
power management:



Memory: 4k page, physical 5851108k(1952156k free), swap 9375736k(9375736k free)

vm_info: Java HotSpot(TM) 64-Bit Server VM (20.4-b02) for linux-amd64 JRE (1.6.0_29-b11), built on Oct  3 2011 01:19:20 by "java_re" with gcc 3.2.2 (SuSE Linux)

time: Mon Dec 10 01:28:27 2012
elapsed time: 0 seconds

