#
# A fatal error has been detected by the Java Runtime Environment:
#
#  SIGSEGV (0xb) at pc=0x00007f950ca389d2, pid=10452, tid=140278134847232
#
# JRE version: 6.0_29-b11
# Java VM: Java HotSpot(TM) 64-Bit Server VM (20.4-b02 mixed mode linux-amd64 compressed oops)
# Problematic frame:
# V  [libjvm.so+0x3dc9d2]  constantPoolOopDesc::klass_at_impl(constantPoolHandle, int, Thread*)+0x42
#
# If you would like to submit a bug report, please visit:
#   http://java.sun.com/webapps/bugreport/crash.jsp
#

---------------  T H R E A D  ---------------

Current thread (0x00007f9508007000):  JavaThread "main" [_thread_in_vm, id=10457, stack(0x00007f950c55b000,0x00007f950c65c000)]

siginfo:si_signo=SIGSEGV: si_errno=0, si_code=1 (SEGV_MAPERR), si_addr=0x0000000000000008

Registers:
RAX=0x00007f9508007828, RBX=0x0000000000000000, RCX=0xfffffffffffffff7, RDX=0x00007f950d0e1530
RSP=0x00007f950c65a170, RBP=0x00007f950c65a5b0, RSI=0x00007f950d0fdee0, RDI=0x00007f9508007828
R8 =0x000000000000005e, R9 =0x000000000000005e, R10=0x000000000000005e, R11=0x00007f9508007820
R12=0x0000000000000000, R13=0x00007f9508007828, R14=0x00007f9508007000, R15=0x0000000000000000
RIP=0x00007f950ca389d2, EFLAGS=0x0000000000010202, CSGSFS=0x0000000000000033, ERR=0x0000000000000004
  TRAPNO=0x000000000000000e

Top of Stack: (sp=0x00007f950c65a170)
0x00007f950c65a170:   00007f950c65a230 00007f950ce44ece
0x00007f950c65a180:   00007f9508007000 00007f9508007000
0x00007f950c65a190:   00007f950c65a1c0 00007f9508007838
0x00007f950c65a1a0:   00007f9508007840 00007f95080078e0
0x00007f950c65a1b0:   00007f95080078c0 00007f95080078b8
0x00007f950c65a1c0:   00007f950c65a230 00007f950ce498f9
0x00007f950c65a1d0:   00007f950c65a1e8 000001ba3b3d4a79
0x00007f950c65a1e0:   00007f9508004310 00007f95080078b0
0x00007f950c65a1f0:   00007f950000000e 00007f9500000000
0x00007f950c65a200:   00007f9508007838 00007f950d0fbfe0
0x00007f950c65a210:   00007f950d0eb3d0 00000000a18d3c08
0x00007f950c65a220:   00007f950c65a230 00007f950ce42297
0x00007f950c65a230:   00007f950c65a330 00007f950ce457d1
0x00007f950c65a240:   00007f9508007000 00007f9508007000
0x00007f950c65a250:   00007f950c65a2a8 00000000a19c35a8
0x00007f950c65a260:   0000000000000000 00007f95080078a0
0x00007f950c65a270:   0000000000000000 00007f950c65a2e0
0x00007f950c65a280:   00007f9508007840 3b3d4a79000001ba
0x00007f950c65a290:   3b3d4a79000001ba 00007f9508007838
0x00007f950c65a2a0:   00007f94f74f2680 00007f9508007840
0x00007f950c65a2b0:   00007f9508004310 0000000000000000
0x00007f950c65a2c0:   0000000000000001 0000000000000000
0x00007f950c65a2d0:   00007f950c65a380 00007f950c8ce105
0x00007f950c65a2e0:   00007f9508007000 00007f9508007820
0x00007f950c65a2f0:   00000012360be001 00007f950c65a301
0x00007f950c65a300:   00007f95080078f8 00007f9508007900
0x00007f950c65a310:   00007f9508007000 00007f95080078f8
0x00007f950c65a320:   00007f950c65a380 00007f950ccad06d
0x00007f950c65a330:   00007f950c65a370 00007f950ce44681
0x00007f950c65a340:   00000000e2392ff0 00007f9508005f60
0x00007f950c65a350:   00000000000001d4 00007f9508007000
0x00007f950c65a360:   00007f9508007838 00007f9508007820 

Instructions: (pc=0x00007f950ca389d2)
0x00007f950ca389b2:   17 48 83 c2 40 4a 8b 1c e2 48 8b 15 1e e9 7e 00
0x00007f950ca389c2:   80 3a 00 0f 84 35 0e 00 00 48 8b 35 ee cc 7e 00
0x00007f950ca389d2:   8b 53 08 8b 4e 08 48 d3 e2 48 03 16 48 8b 42 10
0x00007f950ca389e2:   48 8d 7a 10 ff 90 10 01 00 00 48 89 da 84 c0 74 

Register to memory mapping:

RAX=0x00007f9508007828 is an unknown value
RBX=0x0000000000000000 is an unknown value
RCX=0xfffffffffffffff7 is an unknown value
RDX=0x00007f950d0e1530: <offset 0xa85530> in /home/chenjw/software/jdk1.6.0_29/jre/lib/amd64/server/libjvm.so at 0x00007f950c65c000
RSP=0x00007f950c65a170 is pointing into the stack for thread: 0x00007f9508007000
RBP=0x00007f950c65a5b0 is pointing into the stack for thread: 0x00007f9508007000
RSI=0x00007f950d0fdee0: <offset 0xaa1ee0> in /home/chenjw/software/jdk1.6.0_29/jre/lib/amd64/server/libjvm.so at 0x00007f950c65c000
RDI=0x00007f9508007828 is an unknown value
R8 =0x000000000000005e is an unknown value
R9 =0x000000000000005e is an unknown value
R10=0x000000000000005e is an unknown value
R11=0x00007f9508007820 is an unknown value
R12=0x0000000000000000 is an unknown value
R13=0x00007f9508007828 is an unknown value
R14=0x00007f9508007000 is a thread
R15=0x0000000000000000 is an unknown value


Stack: [0x00007f950c55b000,0x00007f950c65c000],  sp=0x00007f950c65a170,  free space=1020k
Native frames: (J=compiled Java code, j=interpreted, Vv=VM code, C=native code)
V  [libjvm.so+0x3dc9d2]  constantPoolOopDesc::klass_at_impl(constantPoolHandle, int, Thread*)+0x42
V  [libjvm.so+0x3de2be]  constantPoolOopDesc::klass_ref_at(int, Thread*)+0x4e
V  [libjvm.so+0x65115b]  LinkResolver::resolve_klass(KlassHandle&, constantPoolHandle, int, Thread*)+0x2b
V  [libjvm.so+0x655755]  LinkResolver::resolve_pool(KlassHandle&, symbolHandle&, symbolHandle&, KlassHandle&, constantPoolHandle, int, Thread*)+0x35
V  [libjvm.so+0x6559f5]  LinkResolver::resolve_invokespecial(CallInfo&, constantPoolHandle, int, Thread*)+0x55
V  [libjvm.so+0x6556fd]  LinkResolver::resolve_invoke(CallInfo&, Handle, constantPoolHandle, int, Bytecodes::Code, Thread*)+0x5d
V  [libjvm.so+0x4d7932]  InterpreterRuntime::resolve_invoke(JavaThread*, Bytecodes::Code)+0x202
j  com.chenjw.knife.agent.utils.NativeHelper.checkCapabilities()Ljava/util/Map;+15
j  com.chenjw.knife.agent.utils.NativeHelper.do4()V+0
j  com.chenjw.knife.agent.utils.NativeHelper.main([Ljava/lang/String;)V+0
v  ~StubRoutines::call_stub
V  [libjvm.so+0x4df400]  JavaCalls::call_helper(JavaValue*, methodHandle*, JavaCallArguments*, Thread*)+0x1e0
V  [libjvm.so+0x70f6d9]  os::os_exception_wrapper(void (*)(JavaValue*, methodHandle*, JavaCallArguments*, Thread*), JavaValue*, methodHandle*, JavaCallArguments*, Thread*)+0x19
V  [libjvm.so+0x4df215]  JavaCalls::call(JavaValue*, methodHandle, JavaCallArguments*, Thread*)+0x25
V  [libjvm.so+0x51ac67]  jni_invoke_static(JNIEnv_*, JavaValue*, _jobject*, JNICallType, _jmethodID*, JNI_ArgumentPusher*, Thread*)+0x147
V  [libjvm.so+0x5083ff]  unsigned+0x20f

Java frames: (J=compiled Java code, j=interpreted, Vv=VM code)
j  com.chenjw.knife.agent.utils.NativeHelper.checkCapabilities()Ljava/util/Map;+15
j  com.chenjw.knife.agent.utils.NativeHelper.do4()V+0
j  com.chenjw.knife.agent.utils.NativeHelper.main([Ljava/lang/String;)V+0
v  ~StubRoutines::call_stub

---------------  P R O C E S S  ---------------

Java Threads: ( => current thread )
  0x00007f950809f000 JavaThread "Low Memory Detector" daemon [_thread_blocked, id=10468, stack(0x00007f94f77f8000,0x00007f94f78f9000)]
  0x00007f950809b000 JavaThread "C2 CompilerThread1" daemon [_thread_blocked, id=10467, stack(0x00007f94f78f9000,0x00007f94f79fa000)]
  0x00007f9508098000 JavaThread "C2 CompilerThread0" daemon [_thread_blocked, id=10466, stack(0x00007f94f79fa000,0x00007f94f7afb000)]
  0x00007f9508096000 JavaThread "Signal Dispatcher" daemon [_thread_blocked, id=10465, stack(0x00007f94f7afb000,0x00007f94f7bfc000)]
  0x00007f950807a000 JavaThread "Finalizer" daemon [_thread_blocked, id=10464, stack(0x00007f94f7bfc000,0x00007f94f7cfd000)]
  0x00007f9508078000 JavaThread "Reference Handler" daemon [_thread_blocked, id=10463, stack(0x00007f94f7cfd000,0x00007f94f7dfe000)]
=>0x00007f9508007000 JavaThread "main" [_thread_in_vm, id=10457, stack(0x00007f950c55b000,0x00007f950c65c000)]

Other Threads:
  0x00007f9508071800 VMThread [stack: 0x00007f94f7dfe000,0x00007f94f7eff000] [id=10462]
  0x00007f95080aa000 WatcherThread [stack: 0x00007f94f76f7000,0x00007f94f77f8000] [id=10469]

VM state:not at safepoint (normal execution)

VM Mutex/Monitor currently owned by a thread: None

Heap
 PSYoungGen      total 26688K, used 458K [0x00000000e2360000, 0x00000000e4120000, 0x0000000100000000)
  eden space 22912K, 2% used [0x00000000e2360000,0x00000000e23d2900,0x00000000e39c0000)
  from space 3776K, 0% used [0x00000000e3d70000,0x00000000e3d70000,0x00000000e4120000)
  to   space 3776K, 0% used [0x00000000e39c0000,0x00000000e39c0000,0x00000000e3d70000)
 PSOldGen        total 60992K, used 0K [0x00000000a6a00000, 0x00000000aa590000, 0x00000000e2360000)
  object space 60992K, 0% used [0x00000000a6a00000,0x00000000a6a00000,0x00000000aa590000)
 PSPermGen       total 21248K, used 2827K [0x00000000a1800000, 0x00000000a2cc0000, 0x00000000a6a00000)
  object space 21248K, 13% used [0x00000000a1800000,0x00000000a1ac2e78,0x00000000a2cc0000)

Code Cache  [0x00007f9504eec000, 0x00007f950515c000, 0x00007f9507eec000)
 total_blobs=154 nmethods=0 adapters=122 free_code_cache=49952128 largest_free_block=0

Dynamic libraries:
40000000-40009000 r-xp 00000000 08:06 395485                             /home/chenjw/software/jdk1.6.0_29/bin/java
40108000-4010a000 rwxp 00008000 08:06 395485                             /home/chenjw/software/jdk1.6.0_29/bin/java
405d5000-405f6000 rwxp 00000000 00:00 0                                  [heap]
a1800000-a2cc0000 rwxp 00000000 00:00 0 
a2cc0000-a6a00000 rwxp 00000000 00:00 0 
a6a00000-aa590000 rwxp 00000000 00:00 0 
aa590000-e2360000 rwxp 00000000 00:00 0 
e2360000-e4120000 rwxp 00000000 00:00 0 
e4120000-100000000 rwxp 00000000 00:00 0 
3148400000-3148420000 r-xp 00000000 08:06 4706                           /lib64/ld-2.12.so
314861f000-3148620000 r-xp 0001f000 08:06 4706                           /lib64/ld-2.12.so
3148620000-3148621000 rwxp 00020000 08:06 4706                           /lib64/ld-2.12.so
3148621000-3148622000 rwxp 00000000 00:00 0 
3148800000-3148989000 r-xp 00000000 08:06 4757                           /lib64/libc-2.12.so
3148989000-3148b89000 ---p 00189000 08:06 4757                           /lib64/libc-2.12.so
3148b89000-3148b8d000 r-xp 00189000 08:06 4757                           /lib64/libc-2.12.so
3148b8d000-3148b8e000 rwxp 0018d000 08:06 4757                           /lib64/libc-2.12.so
3148b8e000-3148b93000 rwxp 00000000 00:00 0 
3148c00000-3148c17000 r-xp 00000000 08:06 5240                           /lib64/libpthread-2.12.so
3148c17000-3148e17000 ---p 00017000 08:06 5240                           /lib64/libpthread-2.12.so
3148e17000-3148e18000 r-xp 00017000 08:06 5240                           /lib64/libpthread-2.12.so
3148e18000-3148e19000 rwxp 00018000 08:06 5240                           /lib64/libpthread-2.12.so
3148e19000-3148e1d000 rwxp 00000000 00:00 0 
3149000000-3149002000 r-xp 00000000 08:06 71859                          /lib64/libdl-2.12.so
3149002000-3149202000 ---p 00002000 08:06 71859                          /lib64/libdl-2.12.so
3149202000-3149203000 r-xp 00002000 08:06 71859                          /lib64/libdl-2.12.so
3149203000-3149204000 rwxp 00003000 08:06 71859                          /lib64/libdl-2.12.so
3149400000-3149483000 r-xp 00000000 08:06 35302                          /lib64/libm-2.12.so
3149483000-3149682000 ---p 00083000 08:06 35302                          /lib64/libm-2.12.so
3149682000-3149683000 r-xp 00082000 08:06 35302                          /lib64/libm-2.12.so
3149683000-3149684000 rwxp 00083000 08:06 35302                          /lib64/libm-2.12.so
3149800000-3149807000 r-xp 00000000 08:06 6812                           /lib64/librt-2.12.so
3149807000-3149a06000 ---p 00007000 08:06 6812                           /lib64/librt-2.12.so
3149a06000-3149a07000 r-xp 00006000 08:06 6812                           /lib64/librt-2.12.so
3149a07000-3149a08000 rwxp 00007000 08:06 6812                           /lib64/librt-2.12.so
3157c00000-3157c16000 r-xp 00000000 08:06 73879                          /lib64/libnsl-2.12.so
3157c16000-3157e15000 ---p 00016000 08:06 73879                          /lib64/libnsl-2.12.so
3157e15000-3157e16000 r-xp 00015000 08:06 73879                          /lib64/libnsl-2.12.so
3157e16000-3157e17000 rwxp 00016000 08:06 73879                          /lib64/libnsl-2.12.so
3157e17000-3157e19000 rwxp 00000000 00:00 0 
7f94c8000000-7f94c8021000 rwxp 00000000 00:00 0 
7f94c8021000-7f94cc000000 ---p 00000000 00:00 0 
7f94cc000000-7f94cc021000 rwxp 00000000 00:00 0 
7f94cc021000-7f94d0000000 ---p 00000000 00:00 0 
7f94d0000000-7f94d0021000 rwxp 00000000 00:00 0 
7f94d0021000-7f94d4000000 ---p 00000000 00:00 0 
7f94d4000000-7f94d4021000 rwxp 00000000 00:00 0 
7f94d4021000-7f94d8000000 ---p 00000000 00:00 0 
7f94d8000000-7f94d8021000 rwxp 00000000 00:00 0 
7f94d8021000-7f94dc000000 ---p 00000000 00:00 0 
7f94de16f000-7f94e4000000 r-xp 00000000 08:06 76576                      /usr/lib/locale/locale-archive
7f94e4000000-7f94e4021000 rwxp 00000000 00:00 0 
7f94e4021000-7f94e8000000 ---p 00000000 00:00 0 
7f94e8000000-7f94e8021000 rwxp 00000000 00:00 0 
7f94e8021000-7f94ec000000 ---p 00000000 00:00 0 
7f94ec000000-7f94ec021000 rwxp 00000000 00:00 0 
7f94ec021000-7f94f0000000 ---p 00000000 00:00 0 
7f94f0000000-7f94f0021000 rwxp 00000000 00:00 0 
7f94f0021000-7f94f4000000 ---p 00000000 00:00 0 
7f94f74f0000-7f94f74f6000 r-xp 00000000 08:06 3810557                    /home/chenjw/my_workspace/knife/native/Default/libnativehelper.so
7f94f74f6000-7f94f76f6000 ---p 00006000 08:06 3810557                    /home/chenjw/my_workspace/knife/native/Default/libnativehelper.so
7f94f76f6000-7f94f76f7000 rwxp 00006000 08:06 3810557                    /home/chenjw/my_workspace/knife/native/Default/libnativehelper.so
7f94f76f7000-7f94f76f8000 ---p 00000000 00:00 0 
7f94f76f8000-7f94f77f8000 rwxp 00000000 00:00 0 
7f94f77f8000-7f94f77fb000 ---p 00000000 00:00 0 
7f94f77fb000-7f94f78f9000 rwxp 00000000 00:00 0 
7f94f78f9000-7f94f78fc000 ---p 00000000 00:00 0 
7f94f78fc000-7f94f79fa000 rwxp 00000000 00:00 0 
7f94f79fa000-7f94f79fd000 ---p 00000000 00:00 0 
7f94f79fd000-7f94f7afb000 rwxp 00000000 00:00 0 
7f94f7afb000-7f94f7afe000 ---p 00000000 00:00 0 
7f94f7afe000-7f94f7bfc000 rwxp 00000000 00:00 0 
7f94f7bfc000-7f94f7bff000 ---p 00000000 00:00 0 
7f94f7bff000-7f94f7cfd000 rwxp 00000000 00:00 0 
7f94f7cfd000-7f94f7d00000 ---p 00000000 00:00 0 
7f94f7d00000-7f94f7dfe000 rwxp 00000000 00:00 0 
7f94f7dfe000-7f94f7dff000 ---p 00000000 00:00 0 
7f94f7dff000-7f94f8000000 rwxp 00000000 00:00 0 
7f94f8000000-7f94f8021000 rwxp 00000000 00:00 0 
7f94f8021000-7f94fc000000 ---p 00000000 00:00 0 
7f94fc000000-7f94fc021000 rwxp 00000000 00:00 0 
7f94fc021000-7f9500000000 ---p 00000000 00:00 0 
7f9500000000-7f9500021000 rwxp 00000000 00:00 0 
7f9500021000-7f9504000000 ---p 00000000 00:00 0 
7f9504005000-7f9504440000 rwxp 00000000 00:00 0 
7f9504440000-7f95045ee000 r-xs 019e3000 08:06 403118                     /home/chenjw/software/jdk1.6.0_29/jre/lib/rt_debug.jar
7f95045ee000-7f9504616000 rwxp 00000000 00:00 0 
7f9504616000-7f9504617000 ---p 00000000 00:00 0 
7f9504617000-7f9504717000 rwxp 00000000 00:00 0 
7f9504717000-7f9504718000 ---p 00000000 00:00 0 
7f9504718000-7f9504818000 rwxp 00000000 00:00 0 
7f9504818000-7f9504819000 ---p 00000000 00:00 0 
7f9504819000-7f9504919000 rwxp 00000000 00:00 0 
7f9504919000-7f950491a000 ---p 00000000 00:00 0 
7f950491a000-7f9504a38000 rwxp 00000000 00:00 0 
7f9504a38000-7f9504bf7000 rwxp 00000000 00:00 0 
7f9504bf7000-7f9504c02000 rwxp 00000000 00:00 0 
7f9504c02000-7f9504c20000 rwxp 00000000 00:00 0 
7f9504c20000-7f9504c3e000 rwxp 00000000 00:00 0 
7f9504c3e000-7f9504dfc000 rwxp 00000000 00:00 0 
7f9504dfc000-7f9504e0c000 rwxp 00000000 00:00 0 
7f9504e0c000-7f9504eeb000 rwxp 00000000 00:00 0 
7f9504eeb000-7f950515c000 rwxp 00000000 00:00 0 
7f950515c000-7f9507eec000 rwxp 00000000 00:00 0 
7f9507eec000-7f9507efa000 r-xp 00000000 08:06 396134                     /home/chenjw/software/jdk1.6.0_29/jre/lib/amd64/libzip.so
7f9507efa000-7f9507ffc000 ---p 0000e000 08:06 396134                     /home/chenjw/software/jdk1.6.0_29/jre/lib/amd64/libzip.so
7f9507ffc000-7f9507fff000 rwxp 00010000 08:06 396134                     /home/chenjw/software/jdk1.6.0_29/jre/lib/amd64/libzip.so
7f9507fff000-7f9508000000 rwxp 00000000 00:00 0 
7f9508000000-7f95080d2000 rwxp 00000000 00:00 0 
7f95080d2000-7f950c000000 ---p 00000000 00:00 0 
7f950c00f000-7f950c01a000 rwxp 00000000 00:00 0 
7f950c01a000-7f950c038000 rwxp 00000000 00:00 0 
7f950c038000-7f950c042000 rwxp 00000000 00:00 0 
7f950c042000-7f950c0f8000 rwxp 00000000 00:00 0 
7f950c0f8000-7f950c104000 r-xp 00000000 08:06 37321                      /lib64/libnss_files-2.12.so
7f950c104000-7f950c304000 ---p 0000c000 08:06 37321                      /lib64/libnss_files-2.12.so
7f950c304000-7f950c305000 r-xp 0000c000 08:06 37321                      /lib64/libnss_files-2.12.so
7f950c305000-7f950c306000 rwxp 0000d000 08:06 37321                      /lib64/libnss_files-2.12.so
7f950c31d000-7f950c346000 r-xp 00000000 08:06 396147                     /home/chenjw/software/jdk1.6.0_29/jre/lib/amd64/libjava.so
7f950c346000-7f950c445000 ---p 00029000 08:06 396147                     /home/chenjw/software/jdk1.6.0_29/jre/lib/amd64/libjava.so
7f950c445000-7f950c44c000 rwxp 00028000 08:06 396147                     /home/chenjw/software/jdk1.6.0_29/jre/lib/amd64/libjava.so
7f950c44c000-7f950c459000 r-xp 00000000 08:06 396129                     /home/chenjw/software/jdk1.6.0_29/jre/lib/amd64/libverify.so
7f950c459000-7f950c558000 ---p 0000d000 08:06 396129                     /home/chenjw/software/jdk1.6.0_29/jre/lib/amd64/libverify.so
7f950c558000-7f950c55b000 rwxp 0000c000 08:06 396129                     /home/chenjw/software/jdk1.6.0_29/jre/lib/amd64/libverify.so
7f950c55b000-7f950c55e000 ---p 00000000 00:00 0 
7f950c55e000-7f950c65c000 rwxp 00000000 00:00 0 
7f950c65c000-7f950cf76000 r-xp 00000000 08:06 396154                     /home/chenjw/software/jdk1.6.0_29/jre/lib/amd64/server/libjvm.so
7f950cf76000-7f950d078000 ---p 0091a000 08:06 396154                     /home/chenjw/software/jdk1.6.0_29/jre/lib/amd64/server/libjvm.so
7f950d078000-7f950d22d000 rwxp 0091c000 08:06 396154                     /home/chenjw/software/jdk1.6.0_29/jre/lib/amd64/server/libjvm.so
7f950d22d000-7f950d26a000 rwxp 00000000 00:00 0 
7f950d26a000-7f950d271000 r-xp 00000000 08:06 396119                     /home/chenjw/software/jdk1.6.0_29/jre/lib/amd64/jli/libjli.so
7f950d271000-7f950d372000 ---p 00007000 08:06 396119                     /home/chenjw/software/jdk1.6.0_29/jre/lib/amd64/jli/libjli.so
7f950d372000-7f950d374000 rwxp 00008000 08:06 396119                     /home/chenjw/software/jdk1.6.0_29/jre/lib/amd64/jli/libjli.so
7f950d374000-7f950d375000 rwxp 00000000 00:00 0 
7f950d382000-7f950d38a000 rwxs 00000000 08:06 3939343                    /tmp/hsperfdata_chenjw/10452
7f950d38a000-7f950d38b000 rwxp 00000000 00:00 0 
7f950d38b000-7f950d38c000 r-xp 00000000 00:00 0 
7f950d38c000-7f950d38d000 rwxp 00000000 00:00 0 
7fff89ae2000-7fff89af7000 rwxp 00000000 00:00 0                          [stack]
7fff89b68000-7fff89b69000 r-xp 00000000 00:00 0                          [vdso]
ffffffffff600000-ffffffffff601000 r-xp 00000000 00:00 0                  [vsyscall]

VM Arguments:
jvm_args: -Dfile.encoding=UTF-8 
java_command: com.chenjw.knife.agent.utils.NativeHelper
Launcher Type: SUN_STANDARD

Environment Variables:
JAVA_HOME=/home/chenjw/software/jdk1.6.0_34
CLASSPATH=.:/home/chenjw/software/jdk1.6.0_34/lib:
PATH=/home/chenjw/software/jdk1.6.0_34/bin:/home/chenjw/software/apache-maven-2.2.1/bin:/home/chenjw/software/apache-ant-1.8.3/bin:/usr/lib64/qt-3.3/bin:/usr/local/bin:/usr/bin:/bin:/usr/local/sbin:/usr/sbin:/sbin:/home/chenjw/workspace_go/go/bin:/home/chenjw/bin
USERNAME=chenjw
LD_LIBRARY_PATH=/home/chenjw/software/jdk1.6.0_29/jre/lib/amd64/server:/home/chenjw/software/jdk1.6.0_29/jre/lib/amd64:/home/chenjw/software/jdk1.6.0_29/jre/../lib/amd64:/home/chenjw/software/jdk1.6.0_34/jre/lib/amd64/server:/home/chenjw/software/jdk1.6.0_34/jre/lib/amd64:/home/chenjw/software/jdk1.6.0_34/jre/../lib/amd64
SHELL=/bin/bash
DISPLAY=:0.0

Signal Handlers:
SIGSEGV: [libjvm.so+0x85f780], sa_mask[0]=0x7ffbfeff, sa_flags=0x10000004
SIGBUS: [libjvm.so+0x85f780], sa_mask[0]=0x7ffbfeff, sa_flags=0x10000004
SIGFPE: [libjvm.so+0x70e3b0], sa_mask[0]=0x7ffbfeff, sa_flags=0x10000004
SIGPIPE: [libjvm.so+0x70e3b0], sa_mask[0]=0x7ffbfeff, sa_flags=0x10000004
SIGXFSZ: [libjvm.so+0x70e3b0], sa_mask[0]=0x7ffbfeff, sa_flags=0x10000004
SIGILL: [libjvm.so+0x70e3b0], sa_mask[0]=0x7ffbfeff, sa_flags=0x10000004
SIGUSR1: SIG_DFL, sa_mask[0]=0x00000000, sa_flags=0x00000000
SIGUSR2: [libjvm.so+0x7111c0], sa_mask[0]=0x00000004, sa_flags=0x10000004
SIGHUP: [libjvm.so+0x710dc0], sa_mask[0]=0x7ffbfeff, sa_flags=0x10000004
SIGINT: [libjvm.so+0x710dc0], sa_mask[0]=0x7ffbfeff, sa_flags=0x10000004
SIGTERM: [libjvm.so+0x710dc0], sa_mask[0]=0x7ffbfeff, sa_flags=0x10000004
SIGQUIT: [libjvm.so+0x710dc0], sa_mask[0]=0x7ffbfeff, sa_flags=0x10000004


---------------  S Y S T E M  ---------------

OS:CentOS release 6.2 (Final)

uname:Linux 2.6.32-220.4.1.el6.x86_64 #1 SMP Tue Jan 24 02:13:44 GMT 2012 x86_64
libc:glibc 2.12 NPTL 2.12 
rlimit: STACK 10240k, CORE 0k, NPROC 1024, NOFILE 1024, AS infinity
load average:0.03 0.25 0.22

/proc/meminfo:
MemTotal:        5851108 kB
MemFree:         1970620 kB
Buffers:          382720 kB
Cached:          1356548 kB
SwapCached:            0 kB
Active:          2258552 kB
Inactive:        1307776 kB
Active(anon):    1825852 kB
Inactive(anon):    12536 kB
Active(file):     432700 kB
Inactive(file):  1295240 kB
Unevictable:           0 kB
Mlocked:               0 kB
SwapTotal:       9375736 kB
SwapFree:        9375736 kB
Dirty:              1572 kB
Writeback:             0 kB
AnonPages:       1823144 kB
Mapped:           164860 kB
Shmem:             11332 kB
Slab:             162688 kB
SReclaimable:      79384 kB
SUnreclaim:        83304 kB
KernelStack:        3904 kB
PageTables:        41356 kB
NFS_Unstable:          0 kB
Bounce:                0 kB
WritebackTmp:          0 kB
CommitLimit:    12301288 kB
Committed_AS:    3293764 kB
VmallocTotal:   34359738367 kB
VmallocUsed:      299700 kB
VmallocChunk:   34359312420 kB
HardwareCorrupted:     0 kB
AnonHugePages:    974848 kB
HugePages_Total:       0
HugePages_Free:        0
HugePages_Rsvd:        0
HugePages_Surp:        0
Hugepagesize:       2048 kB
DirectMap4k:        6144 kB
DirectMap2M:     6211584 kB


CPU:total 4 (2 cores per cpu, 2 threads per core) family 6 model 37 stepping 5, cmov, cx8, fxsr, mmx, sse, sse2, sse3, ssse3, sse4.1, sse4.2, popcnt, ht

/proc/cpuinfo:
processor	: 0
vendor_id	: GenuineIntel
cpu family	: 6
model		: 37
model name	: Intel(R) Core(TM) i3 CPU       M 380  @ 2.53GHz
stepping	: 5
cpu MHz		: 933.000
cache size	: 3072 KB
physical id	: 0
siblings	: 4
core id		: 0
cpu cores	: 2
apicid		: 0
initial apicid	: 0
fpu		: yes
fpu_exception	: yes
cpuid level	: 11
wp		: yes
flags		: fpu vme de pse tsc msr pae mce cx8 apic mtrr pge mca cmov pat pse36 clflush dts acpi mmx fxsr sse sse2 ss ht tm pbe syscall nx rdtscp lm constant_tsc arch_perfmon pebs bts rep_good xtopology nonstop_tsc aperfmperf pni dtes64 monitor ds_cpl vmx est tm2 ssse3 cx16 xtpr pdcm sse4_1 sse4_2 popcnt lahf_lm arat dts tpr_shadow vnmi flexpriority ept vpid
bogomips	: 5054.30
clflush size	: 64
cache_alignment	: 64
address sizes	: 36 bits physical, 48 bits virtual
power management:

processor	: 1
vendor_id	: GenuineIntel
cpu family	: 6
model		: 37
model name	: Intel(R) Core(TM) i3 CPU       M 380  @ 2.53GHz
stepping	: 5
cpu MHz		: 933.000
cache size	: 3072 KB
physical id	: 0
siblings	: 4
core id		: 2
cpu cores	: 2
apicid		: 4
initial apicid	: 4
fpu		: yes
fpu_exception	: yes
cpuid level	: 11
wp		: yes
flags		: fpu vme de pse tsc msr pae mce cx8 apic mtrr pge mca cmov pat pse36 clflush dts acpi mmx fxsr sse sse2 ss ht tm pbe syscall nx rdtscp lm constant_tsc arch_perfmon pebs bts rep_good xtopology nonstop_tsc aperfmperf pni dtes64 monitor ds_cpl vmx est tm2 ssse3 cx16 xtpr pdcm sse4_1 sse4_2 popcnt lahf_lm arat dts tpr_shadow vnmi flexpriority ept vpid
bogomips	: 5053.74
clflush size	: 64
cache_alignment	: 64
address sizes	: 36 bits physical, 48 bits virtual
power management:

processor	: 2
vendor_id	: GenuineIntel
cpu family	: 6
model		: 37
model name	: Intel(R) Core(TM) i3 CPU       M 380  @ 2.53GHz
stepping	: 5
cpu MHz		: 933.000
cache size	: 3072 KB
physical id	: 0
siblings	: 4
core id		: 0
cpu cores	: 2
apicid		: 1
initial apicid	: 1
fpu		: yes
fpu_exception	: yes
cpuid level	: 11
wp		: yes
flags		: fpu vme de pse tsc msr pae mce cx8 apic mtrr pge mca cmov pat pse36 clflush dts acpi mmx fxsr sse sse2 ss ht tm pbe syscall nx rdtscp lm constant_tsc arch_perfmon pebs bts rep_good xtopology nonstop_tsc aperfmperf pni dtes64 monitor ds_cpl vmx est tm2 ssse3 cx16 xtpr pdcm sse4_1 sse4_2 popcnt lahf_lm arat dts tpr_shadow vnmi flexpriority ept vpid
bogomips	: 5053.73
clflush size	: 64
cache_alignment	: 64
address sizes	: 36 bits physical, 48 bits virtual
power management:

processor	: 3
vendor_id	: GenuineIntel
cpu family	: 6
model		: 37
model name	: Intel(R) Core(TM) i3 CPU       M 380  @ 2.53GHz
stepping	: 5
cpu MHz		: 2533.000
cache size	: 3072 KB
physical id	: 0
siblings	: 4
core id		: 2
cpu cores	: 2
apicid		: 5
initial apicid	: 5
fpu		: yes
fpu_exception	: yes
cpuid level	: 11
wp		: yes
flags		: fpu vme de pse tsc msr pae mce cx8 apic mtrr pge mca cmov pat pse36 clflush dts acpi mmx fxsr sse sse2 ss ht tm pbe syscall nx rdtscp lm constant_tsc arch_perfmon pebs bts rep_good xtopology nonstop_tsc aperfmperf pni dtes64 monitor ds_cpl vmx est tm2 ssse3 cx16 xtpr pdcm sse4_1 sse4_2 popcnt lahf_lm arat dts tpr_shadow vnmi flexpriority ept vpid
bogomips	: 5053.73
clflush size	: 64
cache_alignment	: 64
address sizes	: 36 bits physical, 48 bits virtual
power management:



Memory: 4k page, physical 5851108k(1970620k free), swap 9375736k(9375736k free)

vm_info: Java HotSpot(TM) 64-Bit Server VM (20.4-b02) for linux-amd64 JRE (1.6.0_29-b11), built on Oct  3 2011 01:19:20 by "java_re" with gcc 3.2.2 (SuSE Linux)

time: Mon Dec 10 01:09:29 2012
elapsed time: 0 seconds

