#
# A fatal error has been detected by the Java Runtime Environment:
#
#  SIGSEGV (0xb) at pc=0x00007fa405ffe440, pid=12393, tid=140342423820032
#
# JRE version: 6.0_29-b11
# Java VM: Java HotSpot(TM) 64-Bit Server VM (20.4-b02 mixed mode linux-amd64 compressed oops)
# Problematic frame:
# V  [libjvm.so+0x39b440]  _GLOBAL__I__ZN17CompilationPolicy7_policyE+0x20
#
# If you would like to submit a bug report, please visit:
#   http://java.sun.com/webapps/bugreport/crash.jsp
#

---------------  T H R E A D  ---------------

Current thread (0x00007fa400071800):  VMThread [stack: 0x00007fa404419000,0x00007fa40451a000] [id=12403]

siginfo:si_signo=SIGSEGV: si_errno=0, si_code=1 (SEGV_MAPERR), si_addr=0x00000000001fa044

Registers:
RAX=0x0000000000000010, RBX=0x0000000000000001, RCX=0x0000000000000000, RDX=0x00000000001fa000
RSP=0x00007fa404518a28, RBP=0x00007fa404518a60, RSI=0x0000000000000000, RDI=0x00000000001fa000
R8 =0x00007fa406704ee0, R9 =0x00007fa4000286c0, R10=0x00007fa4066e4260, R11=0x0000000000000080
R12=0x00000000000000e2, R13=0x00000000a1aba980, R14=0x00007fa405ffe440, R15=0x000000000000004a
RIP=0x00007fa405ffe440, EFLAGS=0x0000000000010202, CSGSFS=0x0000000000000033, ERR=0x0000000000000004
  TRAPNO=0x000000000000000e

Top of Stack: (sp=0x00007fa404518a28)
0x00007fa404518a28:   00007fa4061125c7 00007fa404518a60
0x00007fa404518a38:   0000000000000001 00007fa4066e8c68
0x00007fa404518a48:   00007fa4066e8c50 00007fa4066fd000
0x00007fa404518a58:   000000000000004a 00007fa404518a80
0x00007fa404518a68:   00007fa405ffd5f4 4016ddddddddddde
0x00007fa404518a78:   00007fa404518aa0 00007fa404518a90
0x00007fa404518a88:   00007fa405ffd62e 00007fa404518ae0
0x00007fa404518a98:   00007fa4063e6964 00007fa404010100
0x00007fa404518aa8:   0000000000000000 0000000000000006
0x00007fa404518ab8:   00007fa400009700 00007fa404518ae0
0x00007fa404518ac8:   00007fa4000008c0 00007fa4000759b0
0x00007fa404518ad8:   00007fa406700e58 00007fa404518b80
0x00007fa404518ae8:   00007fa4063e64a5 0000000000000007
0x00007fa404518af8:   000000314887a141 0000000000000130
0x00007fa404518b08:   00007fa404518b30 0000000000000130
0x00007fa404518b18:   000000040636b288 00007fa404518b60
0x00007fa404518b28:   0000000600008100 00007fa400004b10
0x00007fa404518b38:   00007fa406373458 00007fa400004c10
0x00007fa404518b48:   00007fa4066fb650 00007fa400071800
0x00007fa404518b58:   00007fa40683cd40 00007fa400071800
0x00007fa404518b68:   00007fa400072900 00007fa400071800
0x00007fa404518b78:   0000000000000007 00007fa404518be0
0x00007fa404518b88:   00007fa4064cfaf4 00007fa404518bc0
0x00007fa404518b98:   00007fa406344a32 00007fa400071800
0x00007fa404518ba8:   00007fa4000729e0 00007fa4000729e0
0x00007fa404518bb8:   00007fa4066fe250 00007fa400004e90
0x00007fa404518bc8:   00007fa400072900 00007fa4066fe250
0x00007fa404518bd8:   00007fa4000729e0 00007fa404518eb0
0x00007fa404518be8:   00007fa406373b8f 0000000000000000
0x00007fa404518bf8:   0000000000000000 0000000000000000
0x00007fa404518c08:   0000000000000000 0000000000000000
0x00007fa404518c18:   0000000000000000 0000000000000000 

Instructions: (pc=0x00007fa405ffe440)
0x00007fa405ffe420:   55 be ff ff 00 00 bf 01 00 00 00 48 89 e5 c9 e9
0x00007fa405ffe430:   dc ec ff ff 66 66 66 90 66 66 66 90 66 66 66 90
0x00007fa405ffe440:   8b 77 44 55 48 89 e5 89 f2 c1 ea 03 89 d1 d1 f9
0x00007fa405ffe450:   85 d2 7e 0a 85 c9 b8 01 00 00 00 0f 44 c8 89 f0 

Register to memory mapping:

RAX=0x0000000000000010 is an unknown value
RBX=0x0000000000000001 is an unknown value
RCX=0x0000000000000000 is an unknown value
RDX=0x00000000001fa000 is an unknown value
RSP=0x00007fa404518a28 is an unknown value
RBP=0x00007fa404518a60 is an unknown value
RSI=0x0000000000000000 is an unknown value
RDI=0x00000000001fa000 is an unknown value
R8 =0x00007fa406704ee0: <offset 0xaa1ee0> in /home/chenjw/software/jdk1.6.0_29/jre/lib/amd64/server/libjvm.so at 0x00007fa405c63000
R9 =0x00007fa4000286c0 is an unknown value
R10=0x00007fa4066e4260: <offset 0xa81260> in /home/chenjw/software/jdk1.6.0_29/jre/lib/amd64/server/libjvm.so at 0x00007fa405c63000
R11=0x0000000000000080 is an unknown value
R12=0x00000000000000e2 is an unknown value
R13=0x00000000a1aba980 is an oop
{instance class} 
 - klass: {other class}
R14=0x00007fa405ffe440: <offset 0x39b440> in /home/chenjw/software/jdk1.6.0_29/jre/lib/amd64/server/libjvm.so at 0x00007fa405c63000
R15=0x000000000000004a is an unknown value


Stack: [0x00007fa404419000,0x00007fa40451a000],  sp=0x00007fa404518a28,  free space=1022k
Native frames: (J=compiled Java code, j=interpreted, Vv=VM code, C=native code)
V  [libjvm.so+0x39b440]  _GLOBAL__I__ZN17CompilationPolicy7_policyE+0x20
V  [libjvm.so+0x39a5f4]  CounterDecay::decay()+0x84
V  [libjvm.so+0x39a62e]  NonTieredCompPolicy::do_safepoint_work()+0x2e
V  [libjvm.so+0x783964]  SafepointSynchronize::do_cleanup_tasks()+0x94
V  [libjvm.so+0x7834a5]  SafepointSynchronize::begin()+0x385
V  [libjvm.so+0x86caf4]  VMThread::run()+0x84
V  [libjvm.so+0x710b8f]  java_start(Thread*)+0x13f


---------------  P R O C E S S  ---------------

Java Threads: ( => current thread )
  0x00007fa40009f000 JavaThread "Low Memory Detector" daemon [_thread_blocked, id=12409, stack(0x00007fa3fcdfe000,0x00007fa3fceff000)]
  0x00007fa40009b000 JavaThread "C2 CompilerThread1" daemon [_thread_blocked, id=12408, stack(0x00007fa3fceff000,0x00007fa3fd000000)]
  0x00007fa400098000 JavaThread "C2 CompilerThread0" daemon [_thread_blocked, id=12407, stack(0x00007fa404015000,0x00007fa404116000)]
  0x00007fa400096000 JavaThread "Signal Dispatcher" daemon [_thread_blocked, id=12406, stack(0x00007fa404116000,0x00007fa404217000)]
  0x00007fa40007a000 JavaThread "Finalizer" daemon [_thread_blocked, id=12405, stack(0x00007fa404217000,0x00007fa404318000)]
  0x00007fa400078000 JavaThread "Reference Handler" daemon [_thread_blocked, id=12404, stack(0x00007fa404318000,0x00007fa404419000)]

Other Threads:
=>0x00007fa400071800 VMThread [stack: 0x00007fa404419000,0x00007fa40451a000] [id=12403]

VM state:at safepoint (normal execution)

VM Mutex/Monitor currently owned by a thread:  ([mutex/lock_event])
[0x00007fa400004b10] Safepoint_lock - owner thread: 0x00007fa400071800
[0x00007fa400004b90] Threads_lock - owner thread: 0x00007fa400071800
[0x00007fa400005090] Heap_lock - owner thread: 0x00007fa400007000

Heap
 PSYoungGen      total 26688K, used 916K [0x00000000e2360000, 0x00000000e4120000, 0x0000000100000000)
  eden space 22912K, 4% used [0x00000000e2360000,0x00000000e2445260,0x00000000e39c0000)
  from space 3776K, 0% used [0x00000000e3d70000,0x00000000e3d70000,0x00000000e4120000)
  to   space 3776K, 0% used [0x00000000e39c0000,0x00000000e39c0000,0x00000000e3d70000)
 PSOldGen        total 60992K, used 0K [0x00000000a6a00000, 0x00000000aa590000, 0x00000000e2360000)
  object space 60992K, 0% used [0x00000000a6a00000,0x00000000a6a00000,0x00000000aa590000)
 PSPermGen       total 21248K, used 2848K [0x00000000a1800000, 0x00000000a2cc0000, 0x00000000a6a00000)
  object space 21248K, 13% used [0x00000000a1800000,0x00000000a1ac8118,0x00000000a2cc0000)

Code Cache  [0x00007fa3fd000000, 0x00007fa3fd270000, 0x00007fa400000000)
 total_blobs=154 nmethods=0 adapters=122 free_code_cache=49952128 largest_free_block=0

Dynamic libraries:
40000000-40009000 r-xp 00000000 08:06 395485                             /home/chenjw/software/jdk1.6.0_29/bin/java
40108000-4010a000 rwxp 00008000 08:06 395485                             /home/chenjw/software/jdk1.6.0_29/bin/java
4179a000-417bb000 rwxp 00000000 00:00 0                                  [heap]
a1800000-a2cc0000 rwxp 00000000 00:00 0 
a2cc0000-a6a00000 rwxp 00000000 00:00 0 
a6a00000-aa590000 rwxp 00000000 00:00 0 
aa590000-e2360000 rwxp 00000000 00:00 0 
e2360000-e4120000 rwxp 00000000 00:00 0 
e4120000-100000000 rwxp 00000000 00:00 0 
3148400000-3148420000 r-xp 00000000 08:06 4706                           /lib64/ld-2.12.so
314861f000-3148620000 r-xp 0001f000 08:06 4706                           /lib64/ld-2.12.so
3148620000-3148621000 rwxp 00020000 08:06 4706                           /lib64/ld-2.12.so
3148621000-3148622000 rwxp 00000000 00:00 0 
3148800000-3148989000 r-xp 00000000 08:06 4757                           /lib64/libc-2.12.so
3148989000-3148b89000 ---p 00189000 08:06 4757                           /lib64/libc-2.12.so
3148b89000-3148b8d000 r-xp 00189000 08:06 4757                           /lib64/libc-2.12.so
3148b8d000-3148b8e000 rwxp 0018d000 08:06 4757                           /lib64/libc-2.12.so
3148b8e000-3148b93000 rwxp 00000000 00:00 0 
3148c00000-3148c17000 r-xp 00000000 08:06 5240                           /lib64/libpthread-2.12.so
3148c17000-3148e17000 ---p 00017000 08:06 5240                           /lib64/libpthread-2.12.so
3148e17000-3148e18000 r-xp 00017000 08:06 5240                           /lib64/libpthread-2.12.so
3148e18000-3148e19000 rwxp 00018000 08:06 5240                           /lib64/libpthread-2.12.so
3148e19000-3148e1d000 rwxp 00000000 00:00 0 
3149000000-3149002000 r-xp 00000000 08:06 71859                          /lib64/libdl-2.12.so
3149002000-3149202000 ---p 00002000 08:06 71859                          /lib64/libdl-2.12.so
3149202000-3149203000 r-xp 00002000 08:06 71859                          /lib64/libdl-2.12.so
3149203000-3149204000 rwxp 00003000 08:06 71859                          /lib64/libdl-2.12.so
3149400000-3149483000 r-xp 00000000 08:06 35302                          /lib64/libm-2.12.so
3149483000-3149682000 ---p 00083000 08:06 35302                          /lib64/libm-2.12.so
3149682000-3149683000 r-xp 00082000 08:06 35302                          /lib64/libm-2.12.so
3149683000-3149684000 rwxp 00083000 08:06 35302                          /lib64/libm-2.12.so
3149800000-3149807000 r-xp 00000000 08:06 6812                           /lib64/librt-2.12.so
3149807000-3149a06000 ---p 00007000 08:06 6812                           /lib64/librt-2.12.so
3149a06000-3149a07000 r-xp 00006000 08:06 6812                           /lib64/librt-2.12.so
3149a07000-3149a08000 rwxp 00007000 08:06 6812                           /lib64/librt-2.12.so
3157c00000-3157c16000 r-xp 00000000 08:06 73879                          /lib64/libnsl-2.12.so
3157c16000-3157e15000 ---p 00016000 08:06 73879                          /lib64/libnsl-2.12.so
3157e15000-3157e16000 r-xp 00015000 08:06 73879                          /lib64/libnsl-2.12.so
3157e16000-3157e17000 rwxp 00016000 08:06 73879                          /lib64/libnsl-2.12.so
3157e17000-3157e19000 rwxp 00000000 00:00 0 
7fa3c4000000-7fa3c4021000 rwxp 00000000 00:00 0 
7fa3c4021000-7fa3c8000000 ---p 00000000 00:00 0 
7fa3c8000000-7fa3c8021000 rwxp 00000000 00:00 0 
7fa3c8021000-7fa3cc000000 ---p 00000000 00:00 0 
7fa3cc000000-7fa3cc021000 rwxp 00000000 00:00 0 
7fa3cc021000-7fa3d0000000 ---p 00000000 00:00 0 
7fa3d0000000-7fa3d0021000 rwxp 00000000 00:00 0 
7fa3d0021000-7fa3d4000000 ---p 00000000 00:00 0 
7fa3d4000000-7fa3d4021000 rwxp 00000000 00:00 0 
7fa3d4021000-7fa3d8000000 ---p 00000000 00:00 0 
7fa3da16f000-7fa3e0000000 r-xp 00000000 08:06 76576                      /usr/lib/locale/locale-archive
7fa3e0000000-7fa3e0021000 rwxp 00000000 00:00 0 
7fa3e0021000-7fa3e4000000 ---p 00000000 00:00 0 
7fa3e4000000-7fa3e4021000 rwxp 00000000 00:00 0 
7fa3e4021000-7fa3e8000000 ---p 00000000 00:00 0 
7fa3e8000000-7fa3e8021000 rwxp 00000000 00:00 0 
7fa3e8021000-7fa3ec000000 ---p 00000000 00:00 0 
7fa3ec000000-7fa3ec021000 rwxp 00000000 00:00 0 
7fa3ec021000-7fa3f0000000 ---p 00000000 00:00 0 
7fa3f0000000-7fa3f0021000 rwxp 00000000 00:00 0 
7fa3f0021000-7fa3f4000000 ---p 00000000 00:00 0 
7fa3f4000000-7fa3f4021000 rwxp 00000000 00:00 0 
7fa3f4021000-7fa3f8000000 ---p 00000000 00:00 0 
7fa3f8000000-7fa3f8021000 rwxp 00000000 00:00 0 
7fa3f8021000-7fa3fc000000 ---p 00000000 00:00 0 
7fa3fcaf6000-7fa3fcafc000 r-xp 00000000 08:06 3810557                    /home/chenjw/my_workspace/knife/native/Default/libnativehelper.so
7fa3fcafc000-7fa3fccfc000 ---p 00006000 08:06 3810557                    /home/chenjw/my_workspace/knife/native/Default/libnativehelper.so
7fa3fccfc000-7fa3fccfd000 rwxp 00006000 08:06 3810557                    /home/chenjw/my_workspace/knife/native/Default/libnativehelper.so
7fa3fccfd000-7fa3fccfe000 ---p 00000000 00:00 0 
7fa3fccfe000-7fa3fcdfe000 rwxp 00000000 00:00 0 
7fa3fcdfe000-7fa3fce01000 ---p 00000000 00:00 0 
7fa3fce01000-7fa3fceff000 rwxp 00000000 00:00 0 
7fa3fceff000-7fa3fcf02000 ---p 00000000 00:00 0 
7fa3fcf02000-7fa3fd270000 rwxp 00000000 00:00 0 
7fa3fd270000-7fa4000c2000 rwxp 00000000 00:00 0 
7fa4000c2000-7fa404000000 ---p 00000000 00:00 0 
7fa404015000-7fa404018000 ---p 00000000 00:00 0 
7fa404018000-7fa404116000 rwxp 00000000 00:00 0 
7fa404116000-7fa404119000 ---p 00000000 00:00 0 
7fa404119000-7fa404217000 rwxp 00000000 00:00 0 
7fa404217000-7fa40421a000 ---p 00000000 00:00 0 
7fa40421a000-7fa404318000 rwxp 00000000 00:00 0 
7fa404318000-7fa40431b000 ---p 00000000 00:00 0 
7fa40431b000-7fa404419000 rwxp 00000000 00:00 0 
7fa404419000-7fa40441a000 ---p 00000000 00:00 0 
7fa40441a000-7fa404a56000 rwxp 00000000 00:00 0 
7fa404a56000-7fa404c04000 r-xs 019e3000 08:06 403118                     /home/chenjw/software/jdk1.6.0_29/jre/lib/rt_debug.jar
7fa404c04000-7fa404c2c000 rwxp 00000000 00:00 0 
7fa404c2c000-7fa404c2d000 ---p 00000000 00:00 0 
7fa404c2d000-7fa404d2d000 rwxp 00000000 00:00 0 
7fa404d2d000-7fa404d2e000 ---p 00000000 00:00 0 
7fa404d2e000-7fa404e2e000 rwxp 00000000 00:00 0 
7fa404e2e000-7fa404e2f000 ---p 00000000 00:00 0 
7fa404e2f000-7fa404f2f000 rwxp 00000000 00:00 0 
7fa404f2f000-7fa404f30000 ---p 00000000 00:00 0 
7fa404f30000-7fa40503b000 rwxp 00000000 00:00 0 
7fa40503b000-7fa405059000 rwxp 00000000 00:00 0 
7fa405059000-7fa405077000 rwxp 00000000 00:00 0 
7fa405077000-7fa405236000 rwxp 00000000 00:00 0 
7fa405236000-7fa405241000 rwxp 00000000 00:00 0 
7fa405241000-7fa40525f000 rwxp 00000000 00:00 0 
7fa40525f000-7fa40527d000 rwxp 00000000 00:00 0 
7fa40527d000-7fa40543b000 rwxp 00000000 00:00 0 
7fa40543b000-7fa40544b000 rwxp 00000000 00:00 0 
7fa40544b000-7fa40552a000 rwxp 00000000 00:00 0 
7fa40552a000-7fa405535000 rwxp 00000000 00:00 0 
7fa405535000-7fa4055eb000 rwxp 00000000 00:00 0 
7fa4055eb000-7fa4055f9000 r-xp 00000000 08:06 396134                     /home/chenjw/software/jdk1.6.0_29/jre/lib/amd64/libzip.so
7fa4055f9000-7fa4056fb000 ---p 0000e000 08:06 396134                     /home/chenjw/software/jdk1.6.0_29/jre/lib/amd64/libzip.so
7fa4056fb000-7fa4056fe000 rwxp 00010000 08:06 396134                     /home/chenjw/software/jdk1.6.0_29/jre/lib/amd64/libzip.so
7fa4056fe000-7fa4056ff000 rwxp 00000000 00:00 0 
7fa4056ff000-7fa40570b000 r-xp 00000000 08:06 37321                      /lib64/libnss_files-2.12.so
7fa40570b000-7fa40590b000 ---p 0000c000 08:06 37321                      /lib64/libnss_files-2.12.so
7fa40590b000-7fa40590c000 r-xp 0000c000 08:06 37321                      /lib64/libnss_files-2.12.so
7fa40590c000-7fa40590d000 rwxp 0000d000 08:06 37321                      /lib64/libnss_files-2.12.so
7fa405924000-7fa40594d000 r-xp 00000000 08:06 396147                     /home/chenjw/software/jdk1.6.0_29/jre/lib/amd64/libjava.so
7fa40594d000-7fa405a4c000 ---p 00029000 08:06 396147                     /home/chenjw/software/jdk1.6.0_29/jre/lib/amd64/libjava.so
7fa405a4c000-7fa405a53000 rwxp 00028000 08:06 396147                     /home/chenjw/software/jdk1.6.0_29/jre/lib/amd64/libjava.so
7fa405a53000-7fa405a60000 r-xp 00000000 08:06 396129                     /home/chenjw/software/jdk1.6.0_29/jre/lib/amd64/libverify.so
7fa405a60000-7fa405b5f000 ---p 0000d000 08:06 396129                     /home/chenjw/software/jdk1.6.0_29/jre/lib/amd64/libverify.so
7fa405b5f000-7fa405b62000 rwxp 0000c000 08:06 396129                     /home/chenjw/software/jdk1.6.0_29/jre/lib/amd64/libverify.so
7fa405b62000-7fa405b65000 ---p 00000000 00:00 0 
7fa405b65000-7fa405c63000 rwxp 00000000 00:00 0 
7fa405c63000-7fa40657d000 r-xp 00000000 08:06 396154                     /home/chenjw/software/jdk1.6.0_29/jre/lib/amd64/server/libjvm.so
7fa40657d000-7fa40667f000 ---p 0091a000 08:06 396154                     /home/chenjw/software/jdk1.6.0_29/jre/lib/amd64/server/libjvm.so
7fa40667f000-7fa406834000 rwxp 0091c000 08:06 396154                     /home/chenjw/software/jdk1.6.0_29/jre/lib/amd64/server/libjvm.so
7fa406834000-7fa406871000 rwxp 00000000 00:00 0 
7fa406871000-7fa406878000 r-xp 00000000 08:06 396119                     /home/chenjw/software/jdk1.6.0_29/jre/lib/amd64/jli/libjli.so
7fa406878000-7fa406979000 ---p 00007000 08:06 396119                     /home/chenjw/software/jdk1.6.0_29/jre/lib/amd64/jli/libjli.so
7fa406979000-7fa40697b000 rwxp 00008000 08:06 396119                     /home/chenjw/software/jdk1.6.0_29/jre/lib/amd64/jli/libjli.so
7fa40697b000-7fa40697c000 rwxp 00000000 00:00 0 
7fa406989000-7fa406991000 rwxs 00000000 08:06 3939343                    /tmp/hsperfdata_chenjw/12393
7fa406991000-7fa406992000 rwxp 00000000 00:00 0 
7fa406992000-7fa406993000 ---p 00000000 00:00 0 
7fa406993000-7fa406994000 rwxp 00000000 00:00 0 
7fff29fbb000-7fff29fd0000 rwxp 00000000 00:00 0                          [stack]
7fff29fff000-7fff2a000000 r-xp 00000000 00:00 0                          [vdso]
ffffffffff600000-ffffffffff601000 r-xp 00000000 00:00 0                  [vsyscall]

VM Arguments:
jvm_args: -Dfile.encoding=UTF-8 
java_command: com.chenjw.knife.agent.utils.NativeHelper
Launcher Type: SUN_STANDARD

Environment Variables:
JAVA_HOME=/home/chenjw/software/jdk1.6.0_34
CLASSPATH=.:/home/chenjw/software/jdk1.6.0_34/lib:
PATH=/home/chenjw/software/jdk1.6.0_34/bin:/home/chenjw/software/apache-maven-2.2.1/bin:/home/chenjw/software/apache-ant-1.8.3/bin:/usr/lib64/qt-3.3/bin:/usr/local/bin:/usr/bin:/bin:/usr/local/sbin:/usr/sbin:/sbin:/home/chenjw/workspace_go/go/bin:/home/chenjw/bin
USERNAME=chenjw
LD_LIBRARY_PATH=/home/chenjw/software/jdk1.6.0_29/jre/lib/amd64/server:/home/chenjw/software/jdk1.6.0_29/jre/lib/amd64:/home/chenjw/software/jdk1.6.0_29/jre/../lib/amd64:/home/chenjw/software/jdk1.6.0_34/jre/lib/amd64/server:/home/chenjw/software/jdk1.6.0_34/jre/lib/amd64:/home/chenjw/software/jdk1.6.0_34/jre/../lib/amd64
SHELL=/bin/bash
DISPLAY=:0.0

Signal Handlers:
SIGSEGV: [libjvm.so+0x85f780], sa_mask[0]=0x7ffbfeff, sa_flags=0x10000004
SIGBUS: [libjvm.so+0x85f780], sa_mask[0]=0x7ffbfeff, sa_flags=0x10000004
SIGFPE: [libjvm.so+0x70e3b0], sa_mask[0]=0x7ffbfeff, sa_flags=0x10000004
SIGPIPE: [libjvm.so+0x70e3b0], sa_mask[0]=0x7ffbfeff, sa_flags=0x10000004
SIGXFSZ: [libjvm.so+0x70e3b0], sa_mask[0]=0x7ffbfeff, sa_flags=0x10000004
SIGILL: [libjvm.so+0x70e3b0], sa_mask[0]=0x7ffbfeff, sa_flags=0x10000004
SIGUSR1: SIG_DFL, sa_mask[0]=0x00000000, sa_flags=0x00000000
SIGUSR2: [libjvm.so+0x7111c0], sa_mask[0]=0x00000004, sa_flags=0x10000004
SIGHUP: [libjvm.so+0x710dc0], sa_mask[0]=0x7ffbfeff, sa_flags=0x10000004
SIGINT: [libjvm.so+0x710dc0], sa_mask[0]=0x7ffbfeff, sa_flags=0x10000004
SIGTERM: [libjvm.so+0x710dc0], sa_mask[0]=0x7ffbfeff, sa_flags=0x10000004
SIGQUIT: [libjvm.so+0x710dc0], sa_mask[0]=0x7ffbfeff, sa_flags=0x10000004


---------------  S Y S T E M  ---------------

OS:CentOS release 6.2 (Final)

uname:Linux 2.6.32-220.4.1.el6.x86_64 #1 SMP Tue Jan 24 02:13:44 GMT 2012 x86_64
libc:glibc 2.12 NPTL 2.12 
rlimit: STACK 10240k, CORE 0k, NPROC 1024, NOFILE 1024, AS infinity
load average:0.08 0.08 0.10

/proc/meminfo:
MemTotal:        5851108 kB
MemFree:         1957088 kB
Buffers:          385808 kB
Cached:          1358416 kB
SwapCached:            0 kB
Active:          2269928 kB
Inactive:        1309368 kB
Active(anon):    1835724 kB
Inactive(anon):    11516 kB
Active(file):     434204 kB
Inactive(file):  1297852 kB
Unevictable:           0 kB
Mlocked:               0 kB
SwapTotal:       9375736 kB
SwapFree:        9375736 kB
Dirty:               724 kB
Writeback:             0 kB
AnonPages:       1829088 kB
Mapped:           165160 kB
Shmem:             12172 kB
Slab:             162776 kB
SReclaimable:      79692 kB
SUnreclaim:        83084 kB
KernelStack:        3936 kB
PageTables:        41640 kB
NFS_Unstable:          0 kB
Bounce:                0 kB
WritebackTmp:          0 kB
CommitLimit:    12301288 kB
Committed_AS:    3269912 kB
VmallocTotal:   34359738367 kB
VmallocUsed:      299700 kB
VmallocChunk:   34359312420 kB
HardwareCorrupted:     0 kB
AnonHugePages:   1114112 kB
HugePages_Total:       0
HugePages_Free:        0
HugePages_Rsvd:        0
HugePages_Surp:        0
Hugepagesize:       2048 kB
DirectMap4k:        6144 kB
DirectMap2M:     6211584 kB


CPU:total 4 (2 cores per cpu, 2 threads per core) family 6 model 37 stepping 5, cmov, cx8, fxsr, mmx, sse, sse2, sse3, ssse3, sse4.1, sse4.2, popcnt, ht

/proc/cpuinfo:
processor	: 0
vendor_id	: GenuineIntel
cpu family	: 6
model		: 37
model name	: Intel(R) Core(TM) i3 CPU       M 380  @ 2.53GHz
stepping	: 5
cpu MHz		: 2533.000
cache size	: 3072 KB
physical id	: 0
siblings	: 4
core id		: 0
cpu cores	: 2
apicid		: 0
initial apicid	: 0
fpu		: yes
fpu_exception	: yes
cpuid level	: 11
wp		: yes
flags		: fpu vme de pse tsc msr pae mce cx8 apic mtrr pge mca cmov pat pse36 clflush dts acpi mmx fxsr sse sse2 ss ht tm pbe syscall nx rdtscp lm constant_tsc arch_perfmon pebs bts rep_good xtopology nonstop_tsc aperfmperf pni dtes64 monitor ds_cpl vmx est tm2 ssse3 cx16 xtpr pdcm sse4_1 sse4_2 popcnt lahf_lm arat dts tpr_shadow vnmi flexpriority ept vpid
bogomips	: 5054.30
clflush size	: 64
cache_alignment	: 64
address sizes	: 36 bits physical, 48 bits virtual
power management:

processor	: 1
vendor_id	: GenuineIntel
cpu family	: 6
model		: 37
model name	: Intel(R) Core(TM) i3 CPU       M 380  @ 2.53GHz
stepping	: 5
cpu MHz		: 1599.000
cache size	: 3072 KB
physical id	: 0
siblings	: 4
core id		: 2
cpu cores	: 2
apicid		: 4
initial apicid	: 4
fpu		: yes
fpu_exception	: yes
cpuid level	: 11
wp		: yes
flags		: fpu vme de pse tsc msr pae mce cx8 apic mtrr pge mca cmov pat pse36 clflush dts acpi mmx fxsr sse sse2 ss ht tm pbe syscall nx rdtscp lm constant_tsc arch_perfmon pebs bts rep_good xtopology nonstop_tsc aperfmperf pni dtes64 monitor ds_cpl vmx est tm2 ssse3 cx16 xtpr pdcm sse4_1 sse4_2 popcnt lahf_lm arat dts tpr_shadow vnmi flexpriority ept vpid
bogomips	: 5053.74
clflush size	: 64
cache_alignment	: 64
address sizes	: 36 bits physical, 48 bits virtual
power management:

processor	: 2
vendor_id	: GenuineIntel
cpu family	: 6
model		: 37
model name	: Intel(R) Core(TM) i3 CPU       M 380  @ 2.53GHz
stepping	: 5
cpu MHz		: 2533.000
cache size	: 3072 KB
physical id	: 0
siblings	: 4
core id		: 0
cpu cores	: 2
apicid		: 1
initial apicid	: 1
fpu		: yes
fpu_exception	: yes
cpuid level	: 11
wp		: yes
flags		: fpu vme de pse tsc msr pae mce cx8 apic mtrr pge mca cmov pat pse36 clflush dts acpi mmx fxsr sse sse2 ss ht tm pbe syscall nx rdtscp lm constant_tsc arch_perfmon pebs bts rep_good xtopology nonstop_tsc aperfmperf pni dtes64 monitor ds_cpl vmx est tm2 ssse3 cx16 xtpr pdcm sse4_1 sse4_2 popcnt lahf_lm arat dts tpr_shadow vnmi flexpriority ept vpid
bogomips	: 5053.73
clflush size	: 64
cache_alignment	: 64
address sizes	: 36 bits physical, 48 bits virtual
power management:

processor	: 3
vendor_id	: GenuineIntel
cpu family	: 6
model		: 37
model name	: Intel(R) Core(TM) i3 CPU       M 380  @ 2.53GHz
stepping	: 5
cpu MHz		: 933.000
cache size	: 3072 KB
physical id	: 0
siblings	: 4
core id		: 2
cpu cores	: 2
apicid		: 5
initial apicid	: 5
fpu		: yes
fpu_exception	: yes
cpuid level	: 11
wp		: yes
flags		: fpu vme de pse tsc msr pae mce cx8 apic mtrr pge mca cmov pat pse36 clflush dts acpi mmx fxsr sse sse2 ss ht tm pbe syscall nx rdtscp lm constant_tsc arch_perfmon pebs bts rep_good xtopology nonstop_tsc aperfmperf pni dtes64 monitor ds_cpl vmx est tm2 ssse3 cx16 xtpr pdcm sse4_1 sse4_2 popcnt lahf_lm arat dts tpr_shadow vnmi flexpriority ept vpid
bogomips	: 5053.73
clflush size	: 64
cache_alignment	: 64
address sizes	: 36 bits physical, 48 bits virtual
power management:



Memory: 4k page, physical 5851108k(1957088k free), swap 9375736k(9375736k free)

vm_info: Java HotSpot(TM) 64-Bit Server VM (20.4-b02) for linux-amd64 JRE (1.6.0_29-b11), built on Oct  3 2011 01:19:20 by "java_re" with gcc 3.2.2 (SuSE Linux)

time: Mon Dec 10 01:33:43 2012
elapsed time: 0 seconds

