#
# A fatal error has been detected by the Java Runtime Environment:
#
#  SIGSEGV (0xb) at pc=0x00007fd9e2f86440, pid=12563, tid=140573764359936
#
# JRE version: 6.0_29-b11
# Java VM: Java HotSpot(TM) 64-Bit Server VM (20.4-b02 mixed mode linux-amd64 compressed oops)
# Problematic frame:
# V  [libjvm.so+0x39b440]  _GLOBAL__I__ZN17CompilationPolicy7_policyE+0x20
#
# If you would like to submit a bug report, please visit:
#   http://java.sun.com/webapps/bugreport/crash.jsp
#

---------------  T H R E A D  ---------------

Current thread (0x00007fd9dc071800):  VMThread [stack: 0x00007fd9e13a1000,0x00007fd9e14a2000] [id=12573]

siginfo:si_signo=SIGSEGV: si_errno=0, si_code=1 (SEGV_MAPERR), si_addr=0x000000001fa00044

Registers:
RAX=0x0000000000000010, RBX=0x0000000000000001, RCX=0x0000000000000000, RDX=0x000000001fa00000
RSP=0x00007fd9e14a0928, RBP=0x00007fd9e14a0960, RSI=0x0000000000000000, RDI=0x000000001fa00000
R8 =0x00007fd9e368cee0, R9 =0x00007fd9dc0286c0, R10=0x00007fd9e366c260, R11=0x0000000000000080
R12=0x000000000000e23a, R13=0x00000000a1aba980, R14=0x00007fd9e2f86440, R15=0x000000000000008e
RIP=0x00007fd9e2f86440, EFLAGS=0x0000000000010202, CSGSFS=0x0000000000000033, ERR=0x0000000000000004
  TRAPNO=0x000000000000000e

Top of Stack: (sp=0x00007fd9e14a0928)
0x00007fd9e14a0928:   00007fd9e309a5c7 00007fd9e14a0960
0x00007fd9e14a0938:   0000000000000001 00007fd9e3670c68
0x00007fd9e14a0948:   00007fd9e3670c50 00007fd9e3685000
0x00007fd9e14a0958:   000000000000008e 00007fd9e14a0980
0x00007fd9e14a0968:   00007fd9e2f855f4 4016ddddddddddde
0x00007fd9e14a0978:   00007fd9e14a09a0 00007fd9e14a0990
0x00007fd9e14a0988:   00007fd9e2f8562e 00007fd9e14a09e0
0x00007fd9e14a0998:   00007fd9e336e964 00007fd9e1010100
0x00007fd9e14a09a8:   0000000000000000 0000000000000006
0x00007fd9e14a09b8:   00007fd9dc009700 00007fd9e14a09e0
0x00007fd9e14a09c8:   00007fd9dc0008c0 00007fd9dc0759b0
0x00007fd9e14a09d8:   00007fd9e3688e58 00007fd9e14a0a80
0x00007fd9e14a09e8:   00007fd9e336e4a5 0000000000000007
0x00007fd9e14a09f8:   000000314887a141 0000000000000130
0x00007fd9e14a0a08:   00007fd9e14a0a30 0000000000000130
0x00007fd9e14a0a18:   00000004e32f3288 00007fd9e14a0a60
0x00007fd9e14a0a28:   00000006dc008100 00007fd9dc004b10
0x00007fd9e14a0a38:   00007fd9e32fb458 00007fd9dc004c10
0x00007fd9e14a0a48:   00007fd9e3683650 00007fd9dc071800
0x00007fd9e14a0a58:   00007fd9e37c4d40 00007fd9dc071800
0x00007fd9e14a0a68:   00007fd9dc072900 00007fd9dc071800
0x00007fd9e14a0a78:   0000000000000007 00007fd9e14a0ae0
0x00007fd9e14a0a88:   00007fd9e3457af4 00007fd9e14a0ac0
0x00007fd9e14a0a98:   00007fd9e32cca32 00007fd9dc071800
0x00007fd9e14a0aa8:   00007fd9dc0729e0 00007fd9dc0729e0
0x00007fd9e14a0ab8:   00007fd9e3686250 00007fd9dc004e90
0x00007fd9e14a0ac8:   00007fd9dc072900 00007fd9e3686250
0x00007fd9e14a0ad8:   00007fd9dc0729e0 00007fd9e14a0eb0
0x00007fd9e14a0ae8:   00007fd9e32fbb8f 0000000000000000
0x00007fd9e14a0af8:   0000000000000000 0000000000000000
0x00007fd9e14a0b08:   0000000000000000 0000000000000000
0x00007fd9e14a0b18:   0000000000000000 0000000000000000 

Instructions: (pc=0x00007fd9e2f86440)
0x00007fd9e2f86420:   55 be ff ff 00 00 bf 01 00 00 00 48 89 e5 c9 e9
0x00007fd9e2f86430:   dc ec ff ff 66 66 66 90 66 66 66 90 66 66 66 90
0x00007fd9e2f86440:   8b 77 44 55 48 89 e5 89 f2 c1 ea 03 89 d1 d1 f9
0x00007fd9e2f86450:   85 d2 7e 0a 85 c9 b8 01 00 00 00 0f 44 c8 89 f0 

Register to memory mapping:

RAX=0x0000000000000010 is an unknown value
RBX=0x0000000000000001 is an unknown value
RCX=0x0000000000000000 is an unknown value
RDX=0x000000001fa00000 is an unknown value
RSP=0x00007fd9e14a0928 is an unknown value
RBP=0x00007fd9e14a0960 is an unknown value
RSI=0x0000000000000000 is an unknown value
RDI=0x000000001fa00000 is an unknown value
R8 =0x00007fd9e368cee0: <offset 0xaa1ee0> in /home/chenjw/software/jdk1.6.0_29/jre/lib/amd64/server/libjvm.so at 0x00007fd9e2beb000
R9 =0x00007fd9dc0286c0 is an unknown value
R10=0x00007fd9e366c260: <offset 0xa81260> in /home/chenjw/software/jdk1.6.0_29/jre/lib/amd64/server/libjvm.so at 0x00007fd9e2beb000
R11=0x0000000000000080 is an unknown value
R12=0x000000000000e23a is an unknown value
R13=0x00000000a1aba980 is an oop
{instance class} 
 - klass: {other class}
R14=0x00007fd9e2f86440: <offset 0x39b440> in /home/chenjw/software/jdk1.6.0_29/jre/lib/amd64/server/libjvm.so at 0x00007fd9e2beb000
R15=0x000000000000008e is an unknown value


Stack: [0x00007fd9e13a1000,0x00007fd9e14a2000],  sp=0x00007fd9e14a0928,  free space=1022k
Native frames: (J=compiled Java code, j=interpreted, Vv=VM code, C=native code)
V  [libjvm.so+0x39b440]  _GLOBAL__I__ZN17CompilationPolicy7_policyE+0x20
V  [libjvm.so+0x39a5f4]  CounterDecay::decay()+0x84
V  [libjvm.so+0x39a62e]  NonTieredCompPolicy::do_safepoint_work()+0x2e
V  [libjvm.so+0x783964]  SafepointSynchronize::do_cleanup_tasks()+0x94
V  [libjvm.so+0x7834a5]  SafepointSynchronize::begin()+0x385
V  [libjvm.so+0x86caf4]  VMThread::run()+0x84
V  [libjvm.so+0x710b8f]  java_start(Thread*)+0x13f


---------------  P R O C E S S  ---------------

Java Threads: ( => current thread )
  0x00007fd9dc09f000 JavaThread "Low Memory Detector" daemon [_thread_blocked, id=12579, stack(0x00007fd9e0d9b000,0x00007fd9e0e9c000)]
  0x00007fd9dc09b000 JavaThread "C2 CompilerThread1" daemon [_thread_blocked, id=12578, stack(0x00007fd9e0e9c000,0x00007fd9e0f9d000)]
  0x00007fd9dc098000 JavaThread "C2 CompilerThread0" daemon [_thread_blocked, id=12577, stack(0x00007fd9e0f9d000,0x00007fd9e109e000)]
  0x00007fd9dc096000 JavaThread "Signal Dispatcher" daemon [_thread_blocked, id=12576, stack(0x00007fd9e109e000,0x00007fd9e119f000)]
  0x00007fd9dc07a000 JavaThread "Finalizer" daemon [_thread_blocked, id=12575, stack(0x00007fd9e119f000,0x00007fd9e12a0000)]
  0x00007fd9dc078000 JavaThread "Reference Handler" daemon [_thread_blocked, id=12574, stack(0x00007fd9e12a0000,0x00007fd9e13a1000)]

Other Threads:
=>0x00007fd9dc071800 VMThread [stack: 0x00007fd9e13a1000,0x00007fd9e14a2000] [id=12573]

VM state:at safepoint (normal execution)

VM Mutex/Monitor currently owned by a thread:  ([mutex/lock_event])
[0x00007fd9dc004b10] Safepoint_lock - owner thread: 0x00007fd9dc071800
[0x00007fd9dc004b90] Threads_lock - owner thread: 0x00007fd9dc071800
[0x00007fd9dc005090] Heap_lock - owner thread: 0x00007fd9dc007000

Heap
 PSYoungGen      total 26688K, used 916K [0x00000000e2360000, 0x00000000e4120000, 0x0000000100000000)
  eden space 22912K, 4% used [0x00000000e2360000,0x00000000e2445260,0x00000000e39c0000)
  from space 3776K, 0% used [0x00000000e3d70000,0x00000000e3d70000,0x00000000e4120000)
  to   space 3776K, 0% used [0x00000000e39c0000,0x00000000e39c0000,0x00000000e3d70000)
 PSOldGen        total 60992K, used 0K [0x00000000a6a00000, 0x00000000aa590000, 0x00000000e2360000)
  object space 60992K, 0% used [0x00000000a6a00000,0x00000000a6a00000,0x00000000aa590000)
 PSPermGen       total 21248K, used 2848K [0x00000000a1800000, 0x00000000a2cc0000, 0x00000000a6a00000)
  object space 21248K, 13% used [0x00000000a1800000,0x00000000a1ac8118,0x00000000a2cc0000)

Code Cache  [0x00007fd9d9000000, 0x00007fd9d9270000, 0x00007fd9dc000000)
 total_blobs=154 nmethods=0 adapters=122 free_code_cache=49952128 largest_free_block=0

Dynamic libraries:
40000000-40009000 r-xp 00000000 08:06 395485                             /home/chenjw/software/jdk1.6.0_29/bin/java
40108000-4010a000 rwxp 00008000 08:06 395485                             /home/chenjw/software/jdk1.6.0_29/bin/java
41add000-41afe000 rwxp 00000000 00:00 0                                  [heap]
a1800000-a2cc0000 rwxp 00000000 00:00 0 
a2cc0000-a6a00000 rwxp 00000000 00:00 0 
a6a00000-aa590000 rwxp 00000000 00:00 0 
aa590000-e2360000 rwxp 00000000 00:00 0 
e2360000-e4120000 rwxp 00000000 00:00 0 
e4120000-100000000 rwxp 00000000 00:00 0 
3148400000-3148420000 r-xp 00000000 08:06 4706                           /lib64/ld-2.12.so
314861f000-3148620000 r-xp 0001f000 08:06 4706                           /lib64/ld-2.12.so
3148620000-3148621000 rwxp 00020000 08:06 4706                           /lib64/ld-2.12.so
3148621000-3148622000 rwxp 00000000 00:00 0 
3148800000-3148989000 r-xp 00000000 08:06 4757                           /lib64/libc-2.12.so
3148989000-3148b89000 ---p 00189000 08:06 4757                           /lib64/libc-2.12.so
3148b89000-3148b8d000 r-xp 00189000 08:06 4757                           /lib64/libc-2.12.so
3148b8d000-3148b8e000 rwxp 0018d000 08:06 4757                           /lib64/libc-2.12.so
3148b8e000-3148b93000 rwxp 00000000 00:00 0 
3148c00000-3148c17000 r-xp 00000000 08:06 5240                           /lib64/libpthread-2.12.so
3148c17000-3148e17000 ---p 00017000 08:06 5240                           /lib64/libpthread-2.12.so
3148e17000-3148e18000 r-xp 00017000 08:06 5240                           /lib64/libpthread-2.12.so
3148e18000-3148e19000 rwxp 00018000 08:06 5240                           /lib64/libpthread-2.12.so
3148e19000-3148e1d000 rwxp 00000000 00:00 0 
3149000000-3149002000 r-xp 00000000 08:06 71859                          /lib64/libdl-2.12.so
3149002000-3149202000 ---p 00002000 08:06 71859                          /lib64/libdl-2.12.so
3149202000-3149203000 r-xp 00002000 08:06 71859                          /lib64/libdl-2.12.so
3149203000-3149204000 rwxp 00003000 08:06 71859                          /lib64/libdl-2.12.so
3149400000-3149483000 r-xp 00000000 08:06 35302                          /lib64/libm-2.12.so
3149483000-3149682000 ---p 00083000 08:06 35302                          /lib64/libm-2.12.so
3149682000-3149683000 r-xp 00082000 08:06 35302                          /lib64/libm-2.12.so
3149683000-3149684000 rwxp 00083000 08:06 35302                          /lib64/libm-2.12.so
3149800000-3149807000 r-xp 00000000 08:06 6812                           /lib64/librt-2.12.so
3149807000-3149a06000 ---p 00007000 08:06 6812                           /lib64/librt-2.12.so
3149a06000-3149a07000 r-xp 00006000 08:06 6812                           /lib64/librt-2.12.so
3149a07000-3149a08000 rwxp 00007000 08:06 6812                           /lib64/librt-2.12.so
3157c00000-3157c16000 r-xp 00000000 08:06 73879                          /lib64/libnsl-2.12.so
3157c16000-3157e15000 ---p 00016000 08:06 73879                          /lib64/libnsl-2.12.so
3157e15000-3157e16000 r-xp 00015000 08:06 73879                          /lib64/libnsl-2.12.so
3157e16000-3157e17000 rwxp 00016000 08:06 73879                          /lib64/libnsl-2.12.so
3157e17000-3157e19000 rwxp 00000000 00:00 0 
7fd9a0000000-7fd9a0021000 rwxp 00000000 00:00 0 
7fd9a0021000-7fd9a4000000 ---p 00000000 00:00 0 
7fd9a4000000-7fd9a4021000 rwxp 00000000 00:00 0 
7fd9a4021000-7fd9a8000000 ---p 00000000 00:00 0 
7fd9a8000000-7fd9a8021000 rwxp 00000000 00:00 0 
7fd9a8021000-7fd9ac000000 ---p 00000000 00:00 0 
7fd9ac000000-7fd9ac021000 rwxp 00000000 00:00 0 
7fd9ac021000-7fd9b0000000 ---p 00000000 00:00 0 
7fd9b0000000-7fd9b0021000 rwxp 00000000 00:00 0 
7fd9b0021000-7fd9b4000000 ---p 00000000 00:00 0 
7fd9b616f000-7fd9bc000000 r-xp 00000000 08:06 76576                      /usr/lib/locale/locale-archive
7fd9bc000000-7fd9bc021000 rwxp 00000000 00:00 0 
7fd9bc021000-7fd9c0000000 ---p 00000000 00:00 0 
7fd9c0000000-7fd9c0021000 rwxp 00000000 00:00 0 
7fd9c0021000-7fd9c4000000 ---p 00000000 00:00 0 
7fd9c4000000-7fd9c4021000 rwxp 00000000 00:00 0 
7fd9c4021000-7fd9c8000000 ---p 00000000 00:00 0 
7fd9c8000000-7fd9c8021000 rwxp 00000000 00:00 0 
7fd9c8021000-7fd9cc000000 ---p 00000000 00:00 0 
7fd9cc000000-7fd9cc021000 rwxp 00000000 00:00 0 
7fd9cc021000-7fd9d0000000 ---p 00000000 00:00 0 
7fd9d0000000-7fd9d0021000 rwxp 00000000 00:00 0 
7fd9d0021000-7fd9d4000000 ---p 00000000 00:00 0 
7fd9d4000000-7fd9d4021000 rwxp 00000000 00:00 0 
7fd9d4021000-7fd9d8000000 ---p 00000000 00:00 0 
7fd9d9000000-7fd9d9270000 rwxp 00000000 00:00 0 
7fd9d9270000-7fd9dc0c2000 rwxp 00000000 00:00 0 
7fd9dc0c2000-7fd9e0000000 ---p 00000000 00:00 0 
7fd9e0a93000-7fd9e0a99000 r-xp 00000000 08:06 3810557                    /home/chenjw/my_workspace/knife/native/Default/libnativehelper.so
7fd9e0a99000-7fd9e0c99000 ---p 00006000 08:06 3810557                    /home/chenjw/my_workspace/knife/native/Default/libnativehelper.so
7fd9e0c99000-7fd9e0c9a000 rwxp 00006000 08:06 3810557                    /home/chenjw/my_workspace/knife/native/Default/libnativehelper.so
7fd9e0c9a000-7fd9e0c9b000 ---p 00000000 00:00 0 
7fd9e0c9b000-7fd9e0d9b000 rwxp 00000000 00:00 0 
7fd9e0d9b000-7fd9e0d9e000 ---p 00000000 00:00 0 
7fd9e0d9e000-7fd9e0e9c000 rwxp 00000000 00:00 0 
7fd9e0e9c000-7fd9e0e9f000 ---p 00000000 00:00 0 
7fd9e0e9f000-7fd9e0f9d000 rwxp 00000000 00:00 0 
7fd9e0f9d000-7fd9e0fa0000 ---p 00000000 00:00 0 
7fd9e0fa0000-7fd9e109e000 rwxp 00000000 00:00 0 
7fd9e109e000-7fd9e10a1000 ---p 00000000 00:00 0 
7fd9e10a1000-7fd9e119f000 rwxp 00000000 00:00 0 
7fd9e119f000-7fd9e11a2000 ---p 00000000 00:00 0 
7fd9e11a2000-7fd9e12a0000 rwxp 00000000 00:00 0 
7fd9e12a0000-7fd9e12a3000 ---p 00000000 00:00 0 
7fd9e12a3000-7fd9e13a1000 rwxp 00000000 00:00 0 
7fd9e13a1000-7fd9e13a2000 ---p 00000000 00:00 0 
7fd9e13a2000-7fd9e19de000 rwxp 00000000 00:00 0 
7fd9e19de000-7fd9e1b8c000 r-xs 019e3000 08:06 403118                     /home/chenjw/software/jdk1.6.0_29/jre/lib/rt_debug.jar
7fd9e1b8c000-7fd9e1bb4000 rwxp 00000000 00:00 0 
7fd9e1bb4000-7fd9e1bb5000 ---p 00000000 00:00 0 
7fd9e1bb5000-7fd9e1cb5000 rwxp 00000000 00:00 0 
7fd9e1cb5000-7fd9e1cb6000 ---p 00000000 00:00 0 
7fd9e1cb6000-7fd9e1db6000 rwxp 00000000 00:00 0 
7fd9e1db6000-7fd9e1db7000 ---p 00000000 00:00 0 
7fd9e1db7000-7fd9e1eb7000 rwxp 00000000 00:00 0 
7fd9e1eb7000-7fd9e1eb8000 ---p 00000000 00:00 0 
7fd9e1eb8000-7fd9e1fc3000 rwxp 00000000 00:00 0 
7fd9e1fc3000-7fd9e1fe1000 rwxp 00000000 00:00 0 
7fd9e1fe1000-7fd9e1fff000 rwxp 00000000 00:00 0 
7fd9e1fff000-7fd9e21be000 rwxp 00000000 00:00 0 
7fd9e21be000-7fd9e21c9000 rwxp 00000000 00:00 0 
7fd9e21c9000-7fd9e21e7000 rwxp 00000000 00:00 0 
7fd9e21e7000-7fd9e2205000 rwxp 00000000 00:00 0 
7fd9e2205000-7fd9e23c3000 rwxp 00000000 00:00 0 
7fd9e23c3000-7fd9e23d3000 rwxp 00000000 00:00 0 
7fd9e23d3000-7fd9e24b2000 rwxp 00000000 00:00 0 
7fd9e24b2000-7fd9e24bd000 rwxp 00000000 00:00 0 
7fd9e24bd000-7fd9e2573000 rwxp 00000000 00:00 0 
7fd9e2573000-7fd9e2581000 r-xp 00000000 08:06 396134                     /home/chenjw/software/jdk1.6.0_29/jre/lib/amd64/libzip.so
7fd9e2581000-7fd9e2683000 ---p 0000e000 08:06 396134                     /home/chenjw/software/jdk1.6.0_29/jre/lib/amd64/libzip.so
7fd9e2683000-7fd9e2686000 rwxp 00010000 08:06 396134                     /home/chenjw/software/jdk1.6.0_29/jre/lib/amd64/libzip.so
7fd9e2686000-7fd9e2687000 rwxp 00000000 00:00 0 
7fd9e2687000-7fd9e2693000 r-xp 00000000 08:06 37321                      /lib64/libnss_files-2.12.so
7fd9e2693000-7fd9e2893000 ---p 0000c000 08:06 37321                      /lib64/libnss_files-2.12.so
7fd9e2893000-7fd9e2894000 r-xp 0000c000 08:06 37321                      /lib64/libnss_files-2.12.so
7fd9e2894000-7fd9e2895000 rwxp 0000d000 08:06 37321                      /lib64/libnss_files-2.12.so
7fd9e28ac000-7fd9e28d5000 r-xp 00000000 08:06 396147                     /home/chenjw/software/jdk1.6.0_29/jre/lib/amd64/libjava.so
7fd9e28d5000-7fd9e29d4000 ---p 00029000 08:06 396147                     /home/chenjw/software/jdk1.6.0_29/jre/lib/amd64/libjava.so
7fd9e29d4000-7fd9e29db000 rwxp 00028000 08:06 396147                     /home/chenjw/software/jdk1.6.0_29/jre/lib/amd64/libjava.so
7fd9e29db000-7fd9e29e8000 r-xp 00000000 08:06 396129                     /home/chenjw/software/jdk1.6.0_29/jre/lib/amd64/libverify.so
7fd9e29e8000-7fd9e2ae7000 ---p 0000d000 08:06 396129                     /home/chenjw/software/jdk1.6.0_29/jre/lib/amd64/libverify.so
7fd9e2ae7000-7fd9e2aea000 rwxp 0000c000 08:06 396129                     /home/chenjw/software/jdk1.6.0_29/jre/lib/amd64/libverify.so
7fd9e2aea000-7fd9e2aed000 ---p 00000000 00:00 0 
7fd9e2aed000-7fd9e2beb000 rwxp 00000000 00:00 0 
7fd9e2beb000-7fd9e3505000 r-xp 00000000 08:06 396154                     /home/chenjw/software/jdk1.6.0_29/jre/lib/amd64/server/libjvm.so
7fd9e3505000-7fd9e3607000 ---p 0091a000 08:06 396154                     /home/chenjw/software/jdk1.6.0_29/jre/lib/amd64/server/libjvm.so
7fd9e3607000-7fd9e37bc000 rwxp 0091c000 08:06 396154                     /home/chenjw/software/jdk1.6.0_29/jre/lib/amd64/server/libjvm.so
7fd9e37bc000-7fd9e37f9000 rwxp 00000000 00:00 0 
7fd9e37f9000-7fd9e3800000 r-xp 00000000 08:06 396119                     /home/chenjw/software/jdk1.6.0_29/jre/lib/amd64/jli/libjli.so
7fd9e3800000-7fd9e3901000 ---p 00007000 08:06 396119                     /home/chenjw/software/jdk1.6.0_29/jre/lib/amd64/jli/libjli.so
7fd9e3901000-7fd9e3903000 rwxp 00008000 08:06 396119                     /home/chenjw/software/jdk1.6.0_29/jre/lib/amd64/jli/libjli.so
7fd9e3903000-7fd9e3904000 rwxp 00000000 00:00 0 
7fd9e3911000-7fd9e3919000 rwxs 00000000 08:06 3939343                    /tmp/hsperfdata_chenjw/12563
7fd9e3919000-7fd9e391a000 rwxp 00000000 00:00 0 
7fd9e391a000-7fd9e391b000 ---p 00000000 00:00 0 
7fd9e391b000-7fd9e391c000 rwxp 00000000 00:00 0 
7fff3b142000-7fff3b157000 rwxp 00000000 00:00 0                          [stack]
7fff3b1a7000-7fff3b1a8000 r-xp 00000000 00:00 0                          [vdso]
ffffffffff600000-ffffffffff601000 r-xp 00000000 00:00 0                  [vsyscall]

VM Arguments:
jvm_args: -Dfile.encoding=UTF-8 
java_command: com.chenjw.knife.agent.utils.NativeHelper
Launcher Type: SUN_STANDARD

Environment Variables:
JAVA_HOME=/home/chenjw/software/jdk1.6.0_34
CLASSPATH=.:/home/chenjw/software/jdk1.6.0_34/lib:
PATH=/home/chenjw/software/jdk1.6.0_34/bin:/home/chenjw/software/apache-maven-2.2.1/bin:/home/chenjw/software/apache-ant-1.8.3/bin:/usr/lib64/qt-3.3/bin:/usr/local/bin:/usr/bin:/bin:/usr/local/sbin:/usr/sbin:/sbin:/home/chenjw/workspace_go/go/bin:/home/chenjw/bin
USERNAME=chenjw
LD_LIBRARY_PATH=/home/chenjw/software/jdk1.6.0_29/jre/lib/amd64/server:/home/chenjw/software/jdk1.6.0_29/jre/lib/amd64:/home/chenjw/software/jdk1.6.0_29/jre/../lib/amd64:/home/chenjw/software/jdk1.6.0_34/jre/lib/amd64/server:/home/chenjw/software/jdk1.6.0_34/jre/lib/amd64:/home/chenjw/software/jdk1.6.0_34/jre/../lib/amd64
SHELL=/bin/bash
DISPLAY=:0.0

Signal Handlers:
SIGSEGV: [libjvm.so+0x85f780], sa_mask[0]=0x7ffbfeff, sa_flags=0x10000004
SIGBUS: [libjvm.so+0x85f780], sa_mask[0]=0x7ffbfeff, sa_flags=0x10000004
SIGFPE: [libjvm.so+0x70e3b0], sa_mask[0]=0x7ffbfeff, sa_flags=0x10000004
SIGPIPE: [libjvm.so+0x70e3b0], sa_mask[0]=0x7ffbfeff, sa_flags=0x10000004
SIGXFSZ: [libjvm.so+0x70e3b0], sa_mask[0]=0x7ffbfeff, sa_flags=0x10000004
SIGILL: [libjvm.so+0x70e3b0], sa_mask[0]=0x7ffbfeff, sa_flags=0x10000004
SIGUSR1: SIG_DFL, sa_mask[0]=0x00000000, sa_flags=0x00000000
SIGUSR2: [libjvm.so+0x7111c0], sa_mask[0]=0x00000004, sa_flags=0x10000004
SIGHUP: [libjvm.so+0x710dc0], sa_mask[0]=0x7ffbfeff, sa_flags=0x10000004
SIGINT: [libjvm.so+0x710dc0], sa_mask[0]=0x7ffbfeff, sa_flags=0x10000004
SIGTERM: [libjvm.so+0x710dc0], sa_mask[0]=0x7ffbfeff, sa_flags=0x10000004
SIGQUIT: [libjvm.so+0x710dc0], sa_mask[0]=0x7ffbfeff, sa_flags=0x10000004


---------------  S Y S T E M  ---------------

OS:CentOS release 6.2 (Final)

uname:Linux 2.6.32-220.4.1.el6.x86_64 #1 SMP Tue Jan 24 02:13:44 GMT 2012 x86_64
libc:glibc 2.12 NPTL 2.12 
rlimit: STACK 10240k, CORE 0k, NPROC 1024, NOFILE 1024, AS infinity
load average:0.05 0.07 0.09

/proc/meminfo:
MemTotal:        5851108 kB
MemFree:         1957548 kB
Buffers:          386116 kB
Cached:          1358468 kB
SwapCached:            0 kB
Active:          2269172 kB
Inactive:        1309680 kB
Active(anon):    1834920 kB
Inactive(anon):    11516 kB
Active(file):     434252 kB
Inactive(file):  1298164 kB
Unevictable:           0 kB
Mlocked:               0 kB
SwapTotal:       9375736 kB
SwapFree:        9375736 kB
Dirty:              1136 kB
Writeback:             0 kB
AnonPages:       1830188 kB
Mapped:           165160 kB
Shmem:             12172 kB
Slab:             162748 kB
SReclaimable:      79704 kB
SUnreclaim:        83044 kB
KernelStack:        3920 kB
PageTables:        41640 kB
NFS_Unstable:          0 kB
Bounce:                0 kB
WritebackTmp:          0 kB
CommitLimit:    12301288 kB
Committed_AS:    3272888 kB
VmallocTotal:   34359738367 kB
VmallocUsed:      299700 kB
VmallocChunk:   34359312420 kB
HardwareCorrupted:     0 kB
AnonHugePages:   1112064 kB
HugePages_Total:       0
HugePages_Free:        0
HugePages_Rsvd:        0
HugePages_Surp:        0
Hugepagesize:       2048 kB
DirectMap4k:        6144 kB
DirectMap2M:     6211584 kB


CPU:total 4 (2 cores per cpu, 2 threads per core) family 6 model 37 stepping 5, cmov, cx8, fxsr, mmx, sse, sse2, sse3, ssse3, sse4.1, sse4.2, popcnt, ht

/proc/cpuinfo:
processor	: 0
vendor_id	: GenuineIntel
cpu family	: 6
model		: 37
model name	: Intel(R) Core(TM) i3 CPU       M 380  @ 2.53GHz
stepping	: 5
cpu MHz		: 933.000
cache size	: 3072 KB
physical id	: 0
siblings	: 4
core id		: 0
cpu cores	: 2
apicid		: 0
initial apicid	: 0
fpu		: yes
fpu_exception	: yes
cpuid level	: 11
wp		: yes
flags		: fpu vme de pse tsc msr pae mce cx8 apic mtrr pge mca cmov pat pse36 clflush dts acpi mmx fxsr sse sse2 ss ht tm pbe syscall nx rdtscp lm constant_tsc arch_perfmon pebs bts rep_good xtopology nonstop_tsc aperfmperf pni dtes64 monitor ds_cpl vmx est tm2 ssse3 cx16 xtpr pdcm sse4_1 sse4_2 popcnt lahf_lm arat dts tpr_shadow vnmi flexpriority ept vpid
bogomips	: 5054.30
clflush size	: 64
cache_alignment	: 64
address sizes	: 36 bits physical, 48 bits virtual
power management:

processor	: 1
vendor_id	: GenuineIntel
cpu family	: 6
model		: 37
model name	: Intel(R) Core(TM) i3 CPU       M 380  @ 2.53GHz
stepping	: 5
cpu MHz		: 2533.000
cache size	: 3072 KB
physical id	: 0
siblings	: 4
core id		: 2
cpu cores	: 2
apicid		: 4
initial apicid	: 4
fpu		: yes
fpu_exception	: yes
cpuid level	: 11
wp		: yes
flags		: fpu vme de pse tsc msr pae mce cx8 apic mtrr pge mca cmov pat pse36 clflush dts acpi mmx fxsr sse sse2 ss ht tm pbe syscall nx rdtscp lm constant_tsc arch_perfmon pebs bts rep_good xtopology nonstop_tsc aperfmperf pni dtes64 monitor ds_cpl vmx est tm2 ssse3 cx16 xtpr pdcm sse4_1 sse4_2 popcnt lahf_lm arat dts tpr_shadow vnmi flexpriority ept vpid
bogomips	: 5053.74
clflush size	: 64
cache_alignment	: 64
address sizes	: 36 bits physical, 48 bits virtual
power management:

processor	: 2
vendor_id	: GenuineIntel
cpu family	: 6
model		: 37
model name	: Intel(R) Core(TM) i3 CPU       M 380  @ 2.53GHz
stepping	: 5
cpu MHz		: 933.000
cache size	: 3072 KB
physical id	: 0
siblings	: 4
core id		: 0
cpu cores	: 2
apicid		: 1
initial apicid	: 1
fpu		: yes
fpu_exception	: yes
cpuid level	: 11
wp		: yes
flags		: fpu vme de pse tsc msr pae mce cx8 apic mtrr pge mca cmov pat pse36 clflush dts acpi mmx fxsr sse sse2 ss ht tm pbe syscall nx rdtscp lm constant_tsc arch_perfmon pebs bts rep_good xtopology nonstop_tsc aperfmperf pni dtes64 monitor ds_cpl vmx est tm2 ssse3 cx16 xtpr pdcm sse4_1 sse4_2 popcnt lahf_lm arat dts tpr_shadow vnmi flexpriority ept vpid
bogomips	: 5053.73
clflush size	: 64
cache_alignment	: 64
address sizes	: 36 bits physical, 48 bits virtual
power management:

processor	: 3
vendor_id	: GenuineIntel
cpu family	: 6
model		: 37
model name	: Intel(R) Core(TM) i3 CPU       M 380  @ 2.53GHz
stepping	: 5
cpu MHz		: 2533.000
cache size	: 3072 KB
physical id	: 0
siblings	: 4
core id		: 2
cpu cores	: 2
apicid		: 5
initial apicid	: 5
fpu		: yes
fpu_exception	: yes
cpuid level	: 11
wp		: yes
flags		: fpu vme de pse tsc msr pae mce cx8 apic mtrr pge mca cmov pat pse36 clflush dts acpi mmx fxsr sse sse2 ss ht tm pbe syscall nx rdtscp lm constant_tsc arch_perfmon pebs bts rep_good xtopology nonstop_tsc aperfmperf pni dtes64 monitor ds_cpl vmx est tm2 ssse3 cx16 xtpr pdcm sse4_1 sse4_2 popcnt lahf_lm arat dts tpr_shadow vnmi flexpriority ept vpid
bogomips	: 5053.73
clflush size	: 64
cache_alignment	: 64
address sizes	: 36 bits physical, 48 bits virtual
power management:



Memory: 4k page, physical 5851108k(1957548k free), swap 9375736k(9375736k free)

vm_info: Java HotSpot(TM) 64-Bit Server VM (20.4-b02) for linux-amd64 JRE (1.6.0_29-b11), built on Oct  3 2011 01:19:20 by "java_re" with gcc 3.2.2 (SuSE Linux)

time: Mon Dec 10 01:35:27 2012
elapsed time: 0 seconds

