#
# A fatal error has been detected by the Java Runtime Environment:
#
#  SIGSEGV (0xb) at pc=0x00007f4e12ab2c8e, pid=10881, tid=139973292320512
#
# JRE version: 6.0_29-b11
# Java VM: Java HotSpot(TM) 64-Bit Server VM (20.4-b02 mixed mode linux-amd64 compressed oops)
# Problematic frame:
# V  [libjvm.so+0x4d3c8e]  InterpreterRuntime::_new(JavaThread*, constantPoolOopDesc*, int)+0x10e
#
# If you would like to submit a bug report, please visit:
#   http://java.sun.com/webapps/bugreport/crash.jsp
#

---------------  T H R E A D  ---------------

Current thread (0x00007f4e0c007000):  JavaThread "main" [_thread_in_vm, id=10886, stack(0x00007f4e124de000,0x00007f4e125df000)]

siginfo:si_signo=SIGSEGV: si_errno=0, si_code=128 (), si_addr=0x0000000000000000

Registers:
RAX=0x00000000e23a8e40, RBX=0x00007f4e125dda60, RCX=0x00007f4e0c007000, RDX=0x0000000000000000
RSP=0x00007f4e125dde20, RBP=0x00007f4e125dde60, RSI=0x00007f4e13079000, RDI=0x00007f4e0c0077f0
R8 =0x0000000000000001, R9 =0x00007f4e0c0077f0, R10=0x00000000a18d3c08, R11=0x00000000a1aaf500
R12=0x64647f4e0c005f60, R13=0x00007f4e0c007908, R14=0x00007f4e125dd8f8, R15=0x00007f4e0c007000
RIP=0x00007f4e12ab2c8e, EFLAGS=0x0000000000010246, CSGSFS=0x0000000000000033, ERR=0x0000000000000000
  TRAPNO=0x000000000000000d

Top of Stack: (sp=0x00007f4e125dde20)
0x00007f4e125dde20:   00007f4e0c007000 00007f4e0c06cec0
0x00007f4e125dde30:   00007f4e0c007000 0000000000000000
0x00007f4e125dde40:   00007f4e0c06ceb8 00000000000000bb
0x00007f4e125dde50:   0000000000000000 00000000a1ab9771
0x00007f4e125dde60:   00007f4e125dd8c0 00007f4e0901c5dd
0x00007f4e125dde70:   00007f4e0901c59b 00007f4e12af9510
0x00007f4e125dde80:   00007f4e125dedb8 0000000000000000
0x00007f4e125dde90:   0000000000000000 00007fff62445b40
0x00007f4e125ddea0:   00007f4e125de9c0 0000000000000004
0x00007f4e125ddeb0:   0000000000000007 0000003148c07851
0x00007f4e125ddec0:   00007f4e125de700 0000000000000000
0x00007f4e125dded0:   0000000000000000 0000000000000000
0x00007f4e125ddee0:   0000000000000000 0000000000000000
0x00007f4e125ddef0:   0000000000000000 0000000000000000
0x00007f4e125ddf00:   0000000000000000 0000000000000000
0x00007f4e125ddf10:   0000000000000000 0000000000000000
0x00007f4e125ddf20:   0000000000000000 0000000000000000
0x00007f4e125ddf30:   0000000000000000 0000000000000000
0x00007f4e125ddf40:   0000000000000000 0000000000000000
0x00007f4e125ddf50:   00007f4e125de700 25bbb0ef8e4dba9e
0x00007f4e125ddf60:   00007fff62445b40 00007f4e125de9c0
0x00007f4e125ddf70:   0000000000000004 0000000000000007
0x00007f4e125ddf80:   db27945433cdba9e 25d9216f7e7dba9e
0x00007f4e125ddf90:   0000000000000000 0000000000000000
0x00007f4e125ddfa0:   0000000000000000 0000000000000000
0x00007f4e125ddfb0:   0000000000000000 0000000000000000
0x00007f4e125ddfc0:   0000000000000000 00007f4e125de700
0x00007f4e125ddfd0:   0000000000000000 00007fff62445b40
0x00007f4e125ddfe0:   00007f4e125de9c0 0000000000000004
0x00007f4e125ddff0:   0000000000000007 00000031488e811d
0x00007f4e125de000:   0000000000000000 0000000000000000
0x00007f4e125de010:   0000000000000000 0000000000000000 

Instructions: (pc=0x00007f4e12ab2c8e)
0x00007f4e12ab2c6e:   59 48 48 8b 7b 10 4c 8b 63 08 48 83 3f 00 74 05
0x00007f4e12ab2c7e:   e8 7d 1e d5 ff 4c 8b 4b 10 48 8b 35 5a 59 6f 00
0x00007f4e12ab2c8e:   4d 89 4c 24 08 4c 8b 43 18 4d 89 44 24 10 48 8b
0x00007f4e12ab2c9e:   7b 20 49 89 7c 24 18 48 8b 5d d0 4c 8d 65 d0 c7 

Register to memory mapping:

RAX=0x00000000e23a8e40 is an oop
java.util.HashMap 
 - klass: 'java/util/HashMap'
RBX=0x00007f4e125dda60 is pointing into the stack for thread: 0x00007f4e0c007000
RCX=0x00007f4e0c007000 is a thread
RDX=0x0000000000000000 is an unknown value
RSP=0x00007f4e125dde20 is pointing into the stack for thread: 0x00007f4e0c007000
RBP=0x00007f4e125dde60 is pointing into the stack for thread: 0x00007f4e0c007000
RSI=0x00007f4e13079000: <offset 0xa9a000> in /home/chenjw/software/jdk1.6.0_29/jre/lib/amd64/server/libjvm.so at 0x00007f4e125df000
RDI=0x00007f4e0c0077f0 is an unknown value
R8 =0x0000000000000001 is an unknown value
R9 =0x00007f4e0c0077f0 is an unknown value
R10=0x00000000a18d3c08 is an oop
{instance class} 
 - klass: {other class}
R11=0x00000000a1aaf500 is an oop
{object array class} 
 - klass: {other class}
R12=0x64647f4e0c005f60 is an unknown value
R13=0x00007f4e0c007908 is an unknown value
R14=0x00007f4e125dd8f8 is pointing into the stack for thread: 0x00007f4e0c007000
R15=0x00007f4e0c007000 is a thread


Stack: [0x00007f4e124de000,0x00007f4e125df000],  sp=0x00007f4e125dde20,  free space=1023k
Native frames: (J=compiled Java code, j=interpreted, Vv=VM code, C=native code)
V  [libjvm.so+0x4d3c8e]  InterpreterRuntime::_new(JavaThread*, constantPoolOopDesc*, int)+0x10e

Java frames: (J=compiled Java code, j=interpreted, Vv=VM code)
j  0x00007f4e0901c59b

[error occurred during error reporting (printing Java stack), id 0xb]


---------------  P R O C E S S  ---------------

Java Threads: ( => current thread )
  0x00007f4e0c09f000 JavaThread "Low Memory Detector" daemon [_thread_blocked, id=10897, stack(0x00007f4e1078f000,0x00007f4e10890000)]
  0x00007f4e0c09b000 JavaThread "C2 CompilerThread1" daemon [_thread_blocked, id=10896, stack(0x00007f4e10890000,0x00007f4e10991000)]
  0x00007f4e0c098000 JavaThread "C2 CompilerThread0" daemon [_thread_blocked, id=10895, stack(0x00007f4e10991000,0x00007f4e10a92000)]
  0x00007f4e0c096000 JavaThread "Signal Dispatcher" daemon [_thread_blocked, id=10894, stack(0x00007f4e10a92000,0x00007f4e10b93000)]
  0x00007f4e0c07a000 JavaThread "Finalizer" daemon [_thread_blocked, id=10893, stack(0x00007f4e10b93000,0x00007f4e10c94000)]
  0x00007f4e0c078000 JavaThread "Reference Handler" daemon [_thread_blocked, id=10892, stack(0x00007f4e10c94000,0x00007f4e10d95000)]
=>0x00007f4e0c007000 JavaThread "main" [_thread_in_vm, id=10886, stack(0x00007f4e124de000,0x00007f4e125df000)]

Other Threads:
  0x00007f4e0c071800 VMThread [stack: 0x00007f4e10d95000,0x00007f4e10e96000] [id=10891]
  0x00007f4e0c0a1800 WatcherThread [stack: 0x00007f4e1068e000,0x00007f4e1078f000] [id=10898]

VM state:not at safepoint (normal execution)

VM Mutex/Monitor currently owned by a thread: None

Heap
 PSYoungGen      total 26688K, used 458K [0x00000000e2360000, 0x00000000e4120000, 0x0000000100000000)
  eden space 22912K, 2% used [0x00000000e2360000,0x00000000e23d2900,0x00000000e39c0000)
  from space 3776K, 0% used [0x00000000e3d70000,0x00000000e3d70000,0x00000000e4120000)
  to   space 3776K, 0% used [0x00000000e39c0000,0x00000000e39c0000,0x00000000e3d70000)
 PSOldGen        total 60992K, used 0K [0x00000000a6a00000, 0x00000000aa590000, 0x00000000e2360000)
  object space 60992K, 0% used [0x00000000a6a00000,0x00000000a6a00000,0x00000000aa590000)
 PSPermGen       total 21248K, used 2804K [0x00000000a1800000, 0x00000000a2cc0000, 0x00000000a6a00000)
  object space 21248K, 13% used [0x00000000a1800000,0x00000000a1abd028,0x00000000a2cc0000)

Code Cache  [0x00007f4e09000000, 0x00007f4e09270000, 0x00007f4e0c000000)
 total_blobs=154 nmethods=0 adapters=122 free_code_cache=49952128 largest_free_block=0

Dynamic libraries:
40000000-40009000 r-xp 00000000 08:06 395485                             /home/chenjw/software/jdk1.6.0_29/bin/java
40108000-4010a000 rwxp 00008000 08:06 395485                             /home/chenjw/software/jdk1.6.0_29/bin/java
403c1000-403e2000 rwxp 00000000 00:00 0                                  [heap]
a1800000-a2cc0000 rwxp 00000000 00:00 0 
a2cc0000-a6a00000 rwxp 00000000 00:00 0 
a6a00000-aa590000 rwxp 00000000 00:00 0 
aa590000-e2360000 rwxp 00000000 00:00 0 
e2360000-e4120000 rwxp 00000000 00:00 0 
e4120000-100000000 rwxp 00000000 00:00 0 
3148400000-3148420000 r-xp 00000000 08:06 4706                           /lib64/ld-2.12.so
314861f000-3148620000 r-xp 0001f000 08:06 4706                           /lib64/ld-2.12.so
3148620000-3148621000 rwxp 00020000 08:06 4706                           /lib64/ld-2.12.so
3148621000-3148622000 rwxp 00000000 00:00 0 
3148800000-3148989000 r-xp 00000000 08:06 4757                           /lib64/libc-2.12.so
3148989000-3148b89000 ---p 00189000 08:06 4757                           /lib64/libc-2.12.so
3148b89000-3148b8d000 r-xp 00189000 08:06 4757                           /lib64/libc-2.12.so
3148b8d000-3148b8e000 rwxp 0018d000 08:06 4757                           /lib64/libc-2.12.so
3148b8e000-3148b93000 rwxp 00000000 00:00 0 
3148c00000-3148c17000 r-xp 00000000 08:06 5240                           /lib64/libpthread-2.12.so
3148c17000-3148e17000 ---p 00017000 08:06 5240                           /lib64/libpthread-2.12.so
3148e17000-3148e18000 r-xp 00017000 08:06 5240                           /lib64/libpthread-2.12.so
3148e18000-3148e19000 rwxp 00018000 08:06 5240                           /lib64/libpthread-2.12.so
3148e19000-3148e1d000 rwxp 00000000 00:00 0 
3149000000-3149002000 r-xp 00000000 08:06 71859                          /lib64/libdl-2.12.so
3149002000-3149202000 ---p 00002000 08:06 71859                          /lib64/libdl-2.12.so
3149202000-3149203000 r-xp 00002000 08:06 71859                          /lib64/libdl-2.12.so
3149203000-3149204000 rwxp 00003000 08:06 71859                          /lib64/libdl-2.12.so
3149400000-3149483000 r-xp 00000000 08:06 35302                          /lib64/libm-2.12.so
3149483000-3149682000 ---p 00083000 08:06 35302                          /lib64/libm-2.12.so
3149682000-3149683000 r-xp 00082000 08:06 35302                          /lib64/libm-2.12.so
3149683000-3149684000 rwxp 00083000 08:06 35302                          /lib64/libm-2.12.so
3149800000-3149807000 r-xp 00000000 08:06 6812                           /lib64/librt-2.12.so
3149807000-3149a06000 ---p 00007000 08:06 6812                           /lib64/librt-2.12.so
3149a06000-3149a07000 r-xp 00006000 08:06 6812                           /lib64/librt-2.12.so
3149a07000-3149a08000 rwxp 00007000 08:06 6812                           /lib64/librt-2.12.so
3157c00000-3157c16000 r-xp 00000000 08:06 73879                          /lib64/libnsl-2.12.so
3157c16000-3157e15000 ---p 00016000 08:06 73879                          /lib64/libnsl-2.12.so
3157e15000-3157e16000 r-xp 00015000 08:06 73879                          /lib64/libnsl-2.12.so
3157e16000-3157e17000 rwxp 00016000 08:06 73879                          /lib64/libnsl-2.12.so
3157e17000-3157e19000 rwxp 00000000 00:00 0 
7f4dd0000000-7f4dd0021000 rwxp 00000000 00:00 0 
7f4dd0021000-7f4dd4000000 ---p 00000000 00:00 0 
7f4dd4000000-7f4dd4021000 rwxp 00000000 00:00 0 
7f4dd4021000-7f4dd8000000 ---p 00000000 00:00 0 
7f4dd8000000-7f4dd8021000 rwxp 00000000 00:00 0 
7f4dd8021000-7f4ddc000000 ---p 00000000 00:00 0 
7f4ddc000000-7f4ddc021000 rwxp 00000000 00:00 0 
7f4ddc021000-7f4de0000000 ---p 00000000 00:00 0 
7f4de0000000-7f4de0021000 rwxp 00000000 00:00 0 
7f4de0021000-7f4de4000000 ---p 00000000 00:00 0 
7f4de616f000-7f4dec000000 r-xp 00000000 08:06 76576                      /usr/lib/locale/locale-archive
7f4dec000000-7f4dec021000 rwxp 00000000 00:00 0 
7f4dec021000-7f4df0000000 ---p 00000000 00:00 0 
7f4df0000000-7f4df0021000 rwxp 00000000 00:00 0 
7f4df0021000-7f4df4000000 ---p 00000000 00:00 0 
7f4df4000000-7f4df4021000 rwxp 00000000 00:00 0 
7f4df4021000-7f4df8000000 ---p 00000000 00:00 0 
7f4df8000000-7f4df8021000 rwxp 00000000 00:00 0 
7f4df8021000-7f4dfc000000 ---p 00000000 00:00 0 
7f4dfc000000-7f4dfc021000 rwxp 00000000 00:00 0 
7f4dfc021000-7f4e00000000 ---p 00000000 00:00 0 
7f4e00000000-7f4e00021000 rwxp 00000000 00:00 0 
7f4e00021000-7f4e04000000 ---p 00000000 00:00 0 
7f4e04000000-7f4e04021000 rwxp 00000000 00:00 0 
7f4e04021000-7f4e08000000 ---p 00000000 00:00 0 
7f4e09000000-7f4e09270000 rwxp 00000000 00:00 0 
7f4e09270000-7f4e0c0d2000 rwxp 00000000 00:00 0 
7f4e0c0d2000-7f4e10000000 ---p 00000000 00:00 0 
7f4e10487000-7f4e1048d000 r-xp 00000000 08:06 3810557                    /home/chenjw/my_workspace/knife/native/Default/libnativehelper.so
7f4e1048d000-7f4e1068d000 ---p 00006000 08:06 3810557                    /home/chenjw/my_workspace/knife/native/Default/libnativehelper.so
7f4e1068d000-7f4e1068e000 rwxp 00006000 08:06 3810557                    /home/chenjw/my_workspace/knife/native/Default/libnativehelper.so
7f4e1068e000-7f4e1068f000 ---p 00000000 00:00 0 
7f4e1068f000-7f4e1078f000 rwxp 00000000 00:00 0 
7f4e1078f000-7f4e10792000 ---p 00000000 00:00 0 
7f4e10792000-7f4e10890000 rwxp 00000000 00:00 0 
7f4e10890000-7f4e10893000 ---p 00000000 00:00 0 
7f4e10893000-7f4e10991000 rwxp 00000000 00:00 0 
7f4e10991000-7f4e10994000 ---p 00000000 00:00 0 
7f4e10994000-7f4e10a92000 rwxp 00000000 00:00 0 
7f4e10a92000-7f4e10a95000 ---p 00000000 00:00 0 
7f4e10a95000-7f4e10b93000 rwxp 00000000 00:00 0 
7f4e10b93000-7f4e10b96000 ---p 00000000 00:00 0 
7f4e10b96000-7f4e10c94000 rwxp 00000000 00:00 0 
7f4e10c94000-7f4e10c97000 ---p 00000000 00:00 0 
7f4e10c97000-7f4e10d95000 rwxp 00000000 00:00 0 
7f4e10d95000-7f4e10d96000 ---p 00000000 00:00 0 
7f4e10d96000-7f4e113d2000 rwxp 00000000 00:00 0 
7f4e113d2000-7f4e11580000 r-xs 019e3000 08:06 403118                     /home/chenjw/software/jdk1.6.0_29/jre/lib/rt_debug.jar
7f4e11580000-7f4e115a8000 rwxp 00000000 00:00 0 
7f4e115a8000-7f4e115a9000 ---p 00000000 00:00 0 
7f4e115a9000-7f4e116a9000 rwxp 00000000 00:00 0 
7f4e116a9000-7f4e116aa000 ---p 00000000 00:00 0 
7f4e116aa000-7f4e117aa000 rwxp 00000000 00:00 0 
7f4e117aa000-7f4e117ab000 ---p 00000000 00:00 0 
7f4e117ab000-7f4e118ab000 rwxp 00000000 00:00 0 
7f4e118ab000-7f4e118ac000 ---p 00000000 00:00 0 
7f4e118ac000-7f4e119b7000 rwxp 00000000 00:00 0 
7f4e119b7000-7f4e119d5000 rwxp 00000000 00:00 0 
7f4e119d5000-7f4e119f3000 rwxp 00000000 00:00 0 
7f4e119f3000-7f4e11bb2000 rwxp 00000000 00:00 0 
7f4e11bb2000-7f4e11bbd000 rwxp 00000000 00:00 0 
7f4e11bbd000-7f4e11bdb000 rwxp 00000000 00:00 0 
7f4e11bdb000-7f4e11bf9000 rwxp 00000000 00:00 0 
7f4e11bf9000-7f4e11db7000 rwxp 00000000 00:00 0 
7f4e11db7000-7f4e11dc7000 rwxp 00000000 00:00 0 
7f4e11dc7000-7f4e11ea6000 rwxp 00000000 00:00 0 
7f4e11ea6000-7f4e11eb1000 rwxp 00000000 00:00 0 
7f4e11eb1000-7f4e11f67000 rwxp 00000000 00:00 0 
7f4e11f67000-7f4e11f75000 r-xp 00000000 08:06 396134                     /home/chenjw/software/jdk1.6.0_29/jre/lib/amd64/libzip.so
7f4e11f75000-7f4e12077000 ---p 0000e000 08:06 396134                     /home/chenjw/software/jdk1.6.0_29/jre/lib/amd64/libzip.so
7f4e12077000-7f4e1207a000 rwxp 00010000 08:06 396134                     /home/chenjw/software/jdk1.6.0_29/jre/lib/amd64/libzip.so
7f4e1207a000-7f4e1207b000 rwxp 00000000 00:00 0 
7f4e1207b000-7f4e12087000 r-xp 00000000 08:06 37321                      /lib64/libnss_files-2.12.so
7f4e12087000-7f4e12287000 ---p 0000c000 08:06 37321                      /lib64/libnss_files-2.12.so
7f4e12287000-7f4e12288000 r-xp 0000c000 08:06 37321                      /lib64/libnss_files-2.12.so
7f4e12288000-7f4e12289000 rwxp 0000d000 08:06 37321                      /lib64/libnss_files-2.12.so
7f4e122a0000-7f4e122c9000 r-xp 00000000 08:06 396147                     /home/chenjw/software/jdk1.6.0_29/jre/lib/amd64/libjava.so
7f4e122c9000-7f4e123c8000 ---p 00029000 08:06 396147                     /home/chenjw/software/jdk1.6.0_29/jre/lib/amd64/libjava.so
7f4e123c8000-7f4e123cf000 rwxp 00028000 08:06 396147                     /home/chenjw/software/jdk1.6.0_29/jre/lib/amd64/libjava.so
7f4e123cf000-7f4e123dc000 r-xp 00000000 08:06 396129                     /home/chenjw/software/jdk1.6.0_29/jre/lib/amd64/libverify.so
7f4e123dc000-7f4e124db000 ---p 0000d000 08:06 396129                     /home/chenjw/software/jdk1.6.0_29/jre/lib/amd64/libverify.so
7f4e124db000-7f4e124de000 rwxp 0000c000 08:06 396129                     /home/chenjw/software/jdk1.6.0_29/jre/lib/amd64/libverify.so
7f4e124de000-7f4e124e1000 ---p 00000000 00:00 0 
7f4e124e1000-7f4e125df000 rwxp 00000000 00:00 0 
7f4e125df000-7f4e12ef9000 r-xp 00000000 08:06 396154                     /home/chenjw/software/jdk1.6.0_29/jre/lib/amd64/server/libjvm.so
7f4e12ef9000-7f4e12ffb000 ---p 0091a000 08:06 396154                     /home/chenjw/software/jdk1.6.0_29/jre/lib/amd64/server/libjvm.so
7f4e12ffb000-7f4e131b0000 rwxp 0091c000 08:06 396154                     /home/chenjw/software/jdk1.6.0_29/jre/lib/amd64/server/libjvm.so
7f4e131b0000-7f4e131ed000 rwxp 00000000 00:00 0 
7f4e131ed000-7f4e131f4000 r-xp 00000000 08:06 396119                     /home/chenjw/software/jdk1.6.0_29/jre/lib/amd64/jli/libjli.so
7f4e131f4000-7f4e132f5000 ---p 00007000 08:06 396119                     /home/chenjw/software/jdk1.6.0_29/jre/lib/amd64/jli/libjli.so
7f4e132f5000-7f4e132f7000 rwxp 00008000 08:06 396119                     /home/chenjw/software/jdk1.6.0_29/jre/lib/amd64/jli/libjli.so
7f4e132f7000-7f4e132f8000 rwxp 00000000 00:00 0 
7f4e13305000-7f4e1330d000 rwxs 00000000 08:06 3939343                    /tmp/hsperfdata_chenjw/10881
7f4e1330d000-7f4e1330e000 rwxp 00000000 00:00 0 
7f4e1330e000-7f4e1330f000 r-xp 00000000 00:00 0 
7f4e1330f000-7f4e13310000 rwxp 00000000 00:00 0 
7fff62435000-7fff6244a000 rwxp 00000000 00:00 0                          [stack]
7fff625ff000-7fff62600000 r-xp 00000000 00:00 0                          [vdso]
ffffffffff600000-ffffffffff601000 r-xp 00000000 00:00 0                  [vsyscall]

VM Arguments:
jvm_args: -Dfile.encoding=UTF-8 
java_command: com.chenjw.knife.agent.utils.NativeHelper
Launcher Type: SUN_STANDARD

Environment Variables:
JAVA_HOME=/home/chenjw/software/jdk1.6.0_34
CLASSPATH=.:/home/chenjw/software/jdk1.6.0_34/lib:
PATH=/home/chenjw/software/jdk1.6.0_34/bin:/home/chenjw/software/apache-maven-2.2.1/bin:/home/chenjw/software/apache-ant-1.8.3/bin:/usr/lib64/qt-3.3/bin:/usr/local/bin:/usr/bin:/bin:/usr/local/sbin:/usr/sbin:/sbin:/home/chenjw/workspace_go/go/bin:/home/chenjw/bin
USERNAME=chenjw
LD_LIBRARY_PATH=/home/chenjw/software/jdk1.6.0_29/jre/lib/amd64/server:/home/chenjw/software/jdk1.6.0_29/jre/lib/amd64:/home/chenjw/software/jdk1.6.0_29/jre/../lib/amd64:/home/chenjw/software/jdk1.6.0_34/jre/lib/amd64/server:/home/chenjw/software/jdk1.6.0_34/jre/lib/amd64:/home/chenjw/software/jdk1.6.0_34/jre/../lib/amd64
SHELL=/bin/bash
DISPLAY=:0.0

Signal Handlers:
SIGSEGV: [libjvm.so+0x85f780], sa_mask[0]=0x7ffbfeff, sa_flags=0x10000004
SIGBUS: [libjvm.so+0x85f780], sa_mask[0]=0x7ffbfeff, sa_flags=0x10000004
SIGFPE: [libjvm.so+0x70e3b0], sa_mask[0]=0x7ffbfeff, sa_flags=0x10000004
SIGPIPE: [libjvm.so+0x70e3b0], sa_mask[0]=0x7ffbfeff, sa_flags=0x10000004
SIGXFSZ: [libjvm.so+0x70e3b0], sa_mask[0]=0x7ffbfeff, sa_flags=0x10000004
SIGILL: [libjvm.so+0x70e3b0], sa_mask[0]=0x7ffbfeff, sa_flags=0x10000004
SIGUSR1: SIG_DFL, sa_mask[0]=0x00000000, sa_flags=0x00000000
SIGUSR2: [libjvm.so+0x7111c0], sa_mask[0]=0x00000004, sa_flags=0x10000004
SIGHUP: [libjvm.so+0x710dc0], sa_mask[0]=0x7ffbfeff, sa_flags=0x10000004
SIGINT: [libjvm.so+0x710dc0], sa_mask[0]=0x7ffbfeff, sa_flags=0x10000004
SIGTERM: [libjvm.so+0x710dc0], sa_mask[0]=0x7ffbfeff, sa_flags=0x10000004
SIGQUIT: [libjvm.so+0x710dc0], sa_mask[0]=0x7ffbfeff, sa_flags=0x10000004


---------------  S Y S T E M  ---------------

OS:CentOS release 6.2 (Final)

uname:Linux 2.6.32-220.4.1.el6.x86_64 #1 SMP Tue Jan 24 02:13:44 GMT 2012 x86_64
libc:glibc 2.12 NPTL 2.12 
rlimit: STACK 10240k, CORE 0k, NPROC 1024, NOFILE 1024, AS infinity
load average:0.52 0.22 0.19

/proc/meminfo:
MemTotal:        5851108 kB
MemFree:         1946064 kB
Buffers:          383380 kB
Cached:          1356716 kB
SwapCached:            0 kB
Active:          2284452 kB
Inactive:        1306852 kB
Active(anon):    1851532 kB
Inactive(anon):    11004 kB
Active(file):     432920 kB
Inactive(file):  1295848 kB
Unevictable:           0 kB
Mlocked:               0 kB
SwapTotal:       9375736 kB
SwapFree:        9375736 kB
Dirty:              1104 kB
Writeback:             0 kB
AnonPages:       1845364 kB
Mapped:           165012 kB
Shmem:             11332 kB
Slab:             162612 kB
SReclaimable:      79488 kB
SUnreclaim:        83124 kB
KernelStack:        3960 kB
PageTables:        41632 kB
NFS_Unstable:          0 kB
Bounce:                0 kB
WritebackTmp:          0 kB
CommitLimit:    12301288 kB
Committed_AS:    3305468 kB
VmallocTotal:   34359738367 kB
VmallocUsed:      299700 kB
VmallocChunk:   34359312420 kB
HardwareCorrupted:     0 kB
AnonHugePages:   1124352 kB
HugePages_Total:       0
HugePages_Free:        0
HugePages_Rsvd:        0
HugePages_Surp:        0
Hugepagesize:       2048 kB
DirectMap4k:        6144 kB
DirectMap2M:     6211584 kB


CPU:total 4 (2 cores per cpu, 2 threads per core) family 6 model 37 stepping 5, cmov, cx8, fxsr, mmx, sse, sse2, sse3, ssse3, sse4.1, sse4.2, popcnt, ht

/proc/cpuinfo:
processor	: 0
vendor_id	: GenuineIntel
cpu family	: 6
model		: 37
model name	: Intel(R) Core(TM) i3 CPU       M 380  @ 2.53GHz
stepping	: 5
cpu MHz		: 933.000
cache size	: 3072 KB
physical id	: 0
siblings	: 4
core id		: 0
cpu cores	: 2
apicid		: 0
initial apicid	: 0
fpu		: yes
fpu_exception	: yes
cpuid level	: 11
wp		: yes
flags		: fpu vme de pse tsc msr pae mce cx8 apic mtrr pge mca cmov pat pse36 clflush dts acpi mmx fxsr sse sse2 ss ht tm pbe syscall nx rdtscp lm constant_tsc arch_perfmon pebs bts rep_good xtopology nonstop_tsc aperfmperf pni dtes64 monitor ds_cpl vmx est tm2 ssse3 cx16 xtpr pdcm sse4_1 sse4_2 popcnt lahf_lm arat dts tpr_shadow vnmi flexpriority ept vpid
bogomips	: 5054.30
clflush size	: 64
cache_alignment	: 64
address sizes	: 36 bits physical, 48 bits virtual
power management:

processor	: 1
vendor_id	: GenuineIntel
cpu family	: 6
model		: 37
model name	: Intel(R) Core(TM) i3 CPU       M 380  @ 2.53GHz
stepping	: 5
cpu MHz		: 2533.000
cache size	: 3072 KB
physical id	: 0
siblings	: 4
core id		: 2
cpu cores	: 2
apicid		: 4
initial apicid	: 4
fpu		: yes
fpu_exception	: yes
cpuid level	: 11
wp		: yes
flags		: fpu vme de pse tsc msr pae mce cx8 apic mtrr pge mca cmov pat pse36 clflush dts acpi mmx fxsr sse sse2 ss ht tm pbe syscall nx rdtscp lm constant_tsc arch_perfmon pebs bts rep_good xtopology nonstop_tsc aperfmperf pni dtes64 monitor ds_cpl vmx est tm2 ssse3 cx16 xtpr pdcm sse4_1 sse4_2 popcnt lahf_lm arat dts tpr_shadow vnmi flexpriority ept vpid
bogomips	: 5053.74
clflush size	: 64
cache_alignment	: 64
address sizes	: 36 bits physical, 48 bits virtual
power management:

processor	: 2
vendor_id	: GenuineIntel
cpu family	: 6
model		: 37
model name	: Intel(R) Core(TM) i3 CPU       M 380  @ 2.53GHz
stepping	: 5
cpu MHz		: 933.000
cache size	: 3072 KB
physical id	: 0
siblings	: 4
core id		: 0
cpu cores	: 2
apicid		: 1
initial apicid	: 1
fpu		: yes
fpu_exception	: yes
cpuid level	: 11
wp		: yes
flags		: fpu vme de pse tsc msr pae mce cx8 apic mtrr pge mca cmov pat pse36 clflush dts acpi mmx fxsr sse sse2 ss ht tm pbe syscall nx rdtscp lm constant_tsc arch_perfmon pebs bts rep_good xtopology nonstop_tsc aperfmperf pni dtes64 monitor ds_cpl vmx est tm2 ssse3 cx16 xtpr pdcm sse4_1 sse4_2 popcnt lahf_lm arat dts tpr_shadow vnmi flexpriority ept vpid
bogomips	: 5053.73
clflush size	: 64
cache_alignment	: 64
address sizes	: 36 bits physical, 48 bits virtual
power management:

processor	: 3
vendor_id	: GenuineIntel
cpu family	: 6
model		: 37
model name	: Intel(R) Core(TM) i3 CPU       M 380  @ 2.53GHz
stepping	: 5
cpu MHz		: 933.000
cache size	: 3072 KB
physical id	: 0
siblings	: 4
core id		: 2
cpu cores	: 2
apicid		: 5
initial apicid	: 5
fpu		: yes
fpu_exception	: yes
cpuid level	: 11
wp		: yes
flags		: fpu vme de pse tsc msr pae mce cx8 apic mtrr pge mca cmov pat pse36 clflush dts acpi mmx fxsr sse sse2 ss ht tm pbe syscall nx rdtscp lm constant_tsc arch_perfmon pebs bts rep_good xtopology nonstop_tsc aperfmperf pni dtes64 monitor ds_cpl vmx est tm2 ssse3 cx16 xtpr pdcm sse4_1 sse4_2 popcnt lahf_lm arat dts tpr_shadow vnmi flexpriority ept vpid
bogomips	: 5053.73
clflush size	: 64
cache_alignment	: 64
address sizes	: 36 bits physical, 48 bits virtual
power management:



Memory: 4k page, physical 5851108k(1946064k free), swap 9375736k(9375736k free)

vm_info: Java HotSpot(TM) 64-Bit Server VM (20.4-b02) for linux-amd64 JRE (1.6.0_29-b11), built on Oct  3 2011 01:19:20 by "java_re" with gcc 3.2.2 (SuSE Linux)

time: Mon Dec 10 01:16:02 2012
elapsed time: 0 seconds

