#
# A fatal error has been detected by the Java Runtime Environment:
#
#  SIGSEGV (0xb) at pc=0x00007f3b1bfa9c8e, pid=12174, tid=139891844142848
#
# JRE version: 6.0_29-b11
# Java VM: Java HotSpot(TM) 64-Bit Server VM (20.4-b02 mixed mode linux-amd64 compressed oops)
# Problematic frame:
# V  [libjvm.so+0x4d3c8e]  InterpreterRuntime::_new(JavaThread*, constantPoolOopDesc*, int)+0x10e
#
# If you would like to submit a bug report, please visit:
#   http://java.sun.com/webapps/bugreport/crash.jsp
#

---------------  T H R E A D  ---------------

Current thread (0x00007f3b14007000):  JavaThread "main" [_thread_in_vm, id=12179, stack(0x00007f3b1b9d5000,0x00007f3b1bad6000)]

siginfo:si_signo=SIGSEGV: si_errno=0, si_code=128 (), si_addr=0x0000000000000000

Registers:
RAX=0x00000000e23a8ea0, RBX=0x00007f3b1bad4a60, RCX=0x00007f3b14007000, RDX=0x0000000000000000
RSP=0x00007f3b1bad4e20, RBP=0x00007f3b1bad4e60, RSI=0x00007f3b1c570000, RDI=0x00007f3b140077f0
R8 =0x0000000000000001, R9 =0x00007f3b140077f0, R10=0x00000000a18d3c08, R11=0x00000000a1aaf500
R12=0x64647f3b14005f60, R13=0x00007f3b14007908, R14=0x00007f3b1bad48f8, R15=0x00007f3b14007000
RIP=0x00007f3b1bfa9c8e, EFLAGS=0x0000000000010246, CSGSFS=0x0000000000000033, ERR=0x0000000000000000
  TRAPNO=0x000000000000000d

Top of Stack: (sp=0x00007f3b1bad4e20)
0x00007f3b1bad4e20:   00007f3b14007000 00007f3b1406cec0
0x00007f3b1bad4e30:   00007f3b14007000 0000000000000000
0x00007f3b1bad4e40:   00007f3b1406ceb8 00000000000000bb
0x00007f3b1bad4e50:   0000000000000000 00000000a1ab97bd
0x00007f3b1bad4e60:   00007f3b1bad48c0 00007f3b1847a5dd
0x00007f3b1bad4e70:   00007f3b1847a59b 00007f3b1bff0510
0x00007f3b1bad4e80:   00007f3b1bad5db8 0000000000000000
0x00007f3b1bad4e90:   0000000000000000 00007fff4ca3ebf0
0x00007f3b1bad4ea0:   00007f3b1bad59c0 0000000000000004
0x00007f3b1bad4eb0:   0000000000000007 0000003148c07851
0x00007f3b1bad4ec0:   00007f3b1bad5700 0000000000000000
0x00007f3b1bad4ed0:   0000000000000000 0000000000000000
0x00007f3b1bad4ee0:   0000000000000000 0000000000000000
0x00007f3b1bad4ef0:   0000000000000000 0000000000000000
0x00007f3b1bad4f00:   0000000000000000 0000000000000000
0x00007f3b1bad4f10:   0000000000000000 0000000000000000
0x00007f3b1bad4f20:   0000000000000000 0000000000000000
0x00007f3b1bad4f30:   0000000000000000 0000000000000000
0x00007f3b1bad4f40:   0000000000000000 0000000000000000
0x00007f3b1bad4f50:   00007f3b1bad5700 b5f2a3cdade1cfa1
0x00007f3b1bad4f60:   00007fff4ca3ebf0 00007f3b1bad59c0
0x00007f3b1bad4f70:   0000000000000004 0000000000000007
0x00007f3b1bad4f80:   4b8494973061cfa1 b590324d5dd1cfa1
0x00007f3b1bad4f90:   0000000000000000 0000000000000000
0x00007f3b1bad4fa0:   0000000000000000 0000000000000000
0x00007f3b1bad4fb0:   0000000000000000 0000000000000000
0x00007f3b1bad4fc0:   0000000000000000 00007f3b1bad5700
0x00007f3b1bad4fd0:   0000000000000000 00007fff4ca3ebf0
0x00007f3b1bad4fe0:   00007f3b1bad59c0 0000000000000004
0x00007f3b1bad4ff0:   0000000000000007 00000031488e811d
0x00007f3b1bad5000:   0000000000000000 0000000000000000
0x00007f3b1bad5010:   0000000000000000 0000000000000000 

Instructions: (pc=0x00007f3b1bfa9c8e)
0x00007f3b1bfa9c6e:   59 48 48 8b 7b 10 4c 8b 63 08 48 83 3f 00 74 05
0x00007f3b1bfa9c7e:   e8 7d 1e d5 ff 4c 8b 4b 10 48 8b 35 5a 59 6f 00
0x00007f3b1bfa9c8e:   4d 89 4c 24 08 4c 8b 43 18 4d 89 44 24 10 48 8b
0x00007f3b1bfa9c9e:   7b 20 49 89 7c 24 18 48 8b 5d d0 4c 8d 65 d0 c7 

Register to memory mapping:

RAX=0x00000000e23a8ea0 is an oop
java.util.HashMap 
 - klass: 'java/util/HashMap'
RBX=0x00007f3b1bad4a60 is pointing into the stack for thread: 0x00007f3b14007000
RCX=0x00007f3b14007000 is a thread
RDX=0x0000000000000000 is an unknown value
RSP=0x00007f3b1bad4e20 is pointing into the stack for thread: 0x00007f3b14007000
RBP=0x00007f3b1bad4e60 is pointing into the stack for thread: 0x00007f3b14007000
RSI=0x00007f3b1c570000: <offset 0xa9a000> in /home/chenjw/software/jdk1.6.0_29/jre/lib/amd64/server/libjvm.so at 0x00007f3b1bad6000
RDI=0x00007f3b140077f0 is an unknown value
R8 =0x0000000000000001 is an unknown value
R9 =0x00007f3b140077f0 is an unknown value
R10=0x00000000a18d3c08 is an oop
{instance class} 
 - klass: {other class}
R11=0x00000000a1aaf500 is an oop
{object array class} 
 - klass: {other class}
R12=0x64647f3b14005f60 is an unknown value
R13=0x00007f3b14007908 is an unknown value
R14=0x00007f3b1bad48f8 is pointing into the stack for thread: 0x00007f3b14007000
R15=0x00007f3b14007000 is a thread


Stack: [0x00007f3b1b9d5000,0x00007f3b1bad6000],  sp=0x00007f3b1bad4e20,  free space=1023k
Native frames: (J=compiled Java code, j=interpreted, Vv=VM code, C=native code)
V  [libjvm.so+0x4d3c8e]  InterpreterRuntime::_new(JavaThread*, constantPoolOopDesc*, int)+0x10e

Java frames: (J=compiled Java code, j=interpreted, Vv=VM code)
j  0x00007f3b1847a59b

[error occurred during error reporting (printing Java stack), id 0xb]


---------------  P R O C E S S  ---------------

Java Threads: ( => current thread )
  0x00007f3b1409f000 JavaThread "Low Memory Detector" daemon [_thread_blocked, id=12190, stack(0x00007f3b12c65000,0x00007f3b12d66000)]
  0x00007f3b1409b000 JavaThread "C2 CompilerThread1" daemon [_thread_blocked, id=12189, stack(0x00007f3b12d66000,0x00007f3b12e67000)]
  0x00007f3b14098000 JavaThread "C2 CompilerThread0" daemon [_thread_blocked, id=12188, stack(0x00007f3b12e67000,0x00007f3b12f68000)]
  0x00007f3b14096000 JavaThread "Signal Dispatcher" daemon [_thread_blocked, id=12187, stack(0x00007f3b12f68000,0x00007f3b13069000)]
  0x00007f3b1407a000 JavaThread "Finalizer" daemon [_thread_blocked, id=12186, stack(0x00007f3b13069000,0x00007f3b1316a000)]
  0x00007f3b14078000 JavaThread "Reference Handler" daemon [_thread_blocked, id=12185, stack(0x00007f3b1316a000,0x00007f3b1326b000)]
=>0x00007f3b14007000 JavaThread "main" [_thread_in_vm, id=12179, stack(0x00007f3b1b9d5000,0x00007f3b1bad6000)]

Other Threads:
  0x00007f3b14071800 VMThread [stack: 0x00007f3b1326b000,0x00007f3b1336c000] [id=12184]
  0x00007f3b140aa000 WatcherThread [stack: 0x00007f3b12b64000,0x00007f3b12c65000] [id=12191]

VM state:not at safepoint (normal execution)

VM Mutex/Monitor currently owned by a thread: None

Heap
 PSYoungGen      total 26688K, used 458K [0x00000000e2360000, 0x00000000e4120000, 0x0000000100000000)
  eden space 22912K, 2% used [0x00000000e2360000,0x00000000e23d2900,0x00000000e39c0000)
  from space 3776K, 0% used [0x00000000e3d70000,0x00000000e3d70000,0x00000000e4120000)
  to   space 3776K, 0% used [0x00000000e39c0000,0x00000000e39c0000,0x00000000e3d70000)
 PSOldGen        total 60992K, used 0K [0x00000000a6a00000, 0x00000000aa590000, 0x00000000e2360000)
  object space 60992K, 0% used [0x00000000a6a00000,0x00000000a6a00000,0x00000000aa590000)
 PSPermGen       total 21248K, used 2804K [0x00000000a1800000, 0x00000000a2cc0000, 0x00000000a6a00000)
  object space 21248K, 13% used [0x00000000a1800000,0x00000000a1abd0a8,0x00000000a2cc0000)

Code Cache  [0x00007f3b1845e000, 0x00007f3b186ce000, 0x00007f3b1b45e000)
 total_blobs=154 nmethods=0 adapters=122 free_code_cache=49952128 largest_free_block=0

Dynamic libraries:
40000000-40009000 r-xp 00000000 08:06 395485                             /home/chenjw/software/jdk1.6.0_29/bin/java
40108000-4010a000 rwxp 00008000 08:06 395485                             /home/chenjw/software/jdk1.6.0_29/bin/java
41595000-415b6000 rwxp 00000000 00:00 0                                  [heap]
a1800000-a2cc0000 rwxp 00000000 00:00 0 
a2cc0000-a6a00000 rwxp 00000000 00:00 0 
a6a00000-aa590000 rwxp 00000000 00:00 0 
aa590000-e2360000 rwxp 00000000 00:00 0 
e2360000-e4120000 rwxp 00000000 00:00 0 
e4120000-100000000 rwxp 00000000 00:00 0 
3148400000-3148420000 r-xp 00000000 08:06 4706                           /lib64/ld-2.12.so
314861f000-3148620000 r-xp 0001f000 08:06 4706                           /lib64/ld-2.12.so
3148620000-3148621000 rwxp 00020000 08:06 4706                           /lib64/ld-2.12.so
3148621000-3148622000 rwxp 00000000 00:00 0 
3148800000-3148989000 r-xp 00000000 08:06 4757                           /lib64/libc-2.12.so
3148989000-3148b89000 ---p 00189000 08:06 4757                           /lib64/libc-2.12.so
3148b89000-3148b8d000 r-xp 00189000 08:06 4757                           /lib64/libc-2.12.so
3148b8d000-3148b8e000 rwxp 0018d000 08:06 4757                           /lib64/libc-2.12.so
3148b8e000-3148b93000 rwxp 00000000 00:00 0 
3148c00000-3148c17000 r-xp 00000000 08:06 5240                           /lib64/libpthread-2.12.so
3148c17000-3148e17000 ---p 00017000 08:06 5240                           /lib64/libpthread-2.12.so
3148e17000-3148e18000 r-xp 00017000 08:06 5240                           /lib64/libpthread-2.12.so
3148e18000-3148e19000 rwxp 00018000 08:06 5240                           /lib64/libpthread-2.12.so
3148e19000-3148e1d000 rwxp 00000000 00:00 0 
3149000000-3149002000 r-xp 00000000 08:06 71859                          /lib64/libdl-2.12.so
3149002000-3149202000 ---p 00002000 08:06 71859                          /lib64/libdl-2.12.so
3149202000-3149203000 r-xp 00002000 08:06 71859                          /lib64/libdl-2.12.so
3149203000-3149204000 rwxp 00003000 08:06 71859                          /lib64/libdl-2.12.so
3149400000-3149483000 r-xp 00000000 08:06 35302                          /lib64/libm-2.12.so
3149483000-3149682000 ---p 00083000 08:06 35302                          /lib64/libm-2.12.so
3149682000-3149683000 r-xp 00082000 08:06 35302                          /lib64/libm-2.12.so
3149683000-3149684000 rwxp 00083000 08:06 35302                          /lib64/libm-2.12.so
3149800000-3149807000 r-xp 00000000 08:06 6812                           /lib64/librt-2.12.so
3149807000-3149a06000 ---p 00007000 08:06 6812                           /lib64/librt-2.12.so
3149a06000-3149a07000 r-xp 00006000 08:06 6812                           /lib64/librt-2.12.so
3149a07000-3149a08000 rwxp 00007000 08:06 6812                           /lib64/librt-2.12.so
3157c00000-3157c16000 r-xp 00000000 08:06 73879                          /lib64/libnsl-2.12.so
3157c16000-3157e15000 ---p 00016000 08:06 73879                          /lib64/libnsl-2.12.so
3157e15000-3157e16000 r-xp 00015000 08:06 73879                          /lib64/libnsl-2.12.so
3157e16000-3157e17000 rwxp 00016000 08:06 73879                          /lib64/libnsl-2.12.so
3157e17000-3157e19000 rwxp 00000000 00:00 0 
7f3ad8000000-7f3ad8021000 rwxp 00000000 00:00 0 
7f3ad8021000-7f3adc000000 ---p 00000000 00:00 0 
7f3adc000000-7f3adc021000 rwxp 00000000 00:00 0 
7f3adc021000-7f3ae0000000 ---p 00000000 00:00 0 
7f3ae0000000-7f3ae0021000 rwxp 00000000 00:00 0 
7f3ae0021000-7f3ae4000000 ---p 00000000 00:00 0 
7f3ae4000000-7f3ae4021000 rwxp 00000000 00:00 0 
7f3ae4021000-7f3ae8000000 ---p 00000000 00:00 0 
7f3ae8000000-7f3ae8021000 rwxp 00000000 00:00 0 
7f3ae8021000-7f3aec000000 ---p 00000000 00:00 0 
7f3aee16f000-7f3af4000000 r-xp 00000000 08:06 76576                      /usr/lib/locale/locale-archive
7f3af4000000-7f3af4021000 rwxp 00000000 00:00 0 
7f3af4021000-7f3af8000000 ---p 00000000 00:00 0 
7f3af8000000-7f3af8021000 rwxp 00000000 00:00 0 
7f3af8021000-7f3afc000000 ---p 00000000 00:00 0 
7f3afc000000-7f3afc021000 rwxp 00000000 00:00 0 
7f3afc021000-7f3b00000000 ---p 00000000 00:00 0 
7f3b00000000-7f3b00021000 rwxp 00000000 00:00 0 
7f3b00021000-7f3b04000000 ---p 00000000 00:00 0 
7f3b04000000-7f3b04021000 rwxp 00000000 00:00 0 
7f3b04021000-7f3b08000000 ---p 00000000 00:00 0 
7f3b08000000-7f3b08021000 rwxp 00000000 00:00 0 
7f3b08021000-7f3b0c000000 ---p 00000000 00:00 0 
7f3b0c000000-7f3b0c021000 rwxp 00000000 00:00 0 
7f3b0c021000-7f3b10000000 ---p 00000000 00:00 0 
7f3b1295d000-7f3b12963000 r-xp 00000000 08:06 3810557                    /home/chenjw/my_workspace/knife/native/Default/libnativehelper.so
7f3b12963000-7f3b12b63000 ---p 00006000 08:06 3810557                    /home/chenjw/my_workspace/knife/native/Default/libnativehelper.so
7f3b12b63000-7f3b12b64000 rwxp 00006000 08:06 3810557                    /home/chenjw/my_workspace/knife/native/Default/libnativehelper.so
7f3b12b64000-7f3b12b65000 ---p 00000000 00:00 0 
7f3b12b65000-7f3b12c65000 rwxp 00000000 00:00 0 
7f3b12c65000-7f3b12c68000 ---p 00000000 00:00 0 
7f3b12c68000-7f3b12d66000 rwxp 00000000 00:00 0 
7f3b12d66000-7f3b12d69000 ---p 00000000 00:00 0 
7f3b12d69000-7f3b12e67000 rwxp 00000000 00:00 0 
7f3b12e67000-7f3b12e6a000 ---p 00000000 00:00 0 
7f3b12e6a000-7f3b12f68000 rwxp 00000000 00:00 0 
7f3b12f68000-7f3b12f6b000 ---p 00000000 00:00 0 
7f3b12f6b000-7f3b13069000 rwxp 00000000 00:00 0 
7f3b13069000-7f3b1306c000 ---p 00000000 00:00 0 
7f3b1306c000-7f3b1316a000 rwxp 00000000 00:00 0 
7f3b1316a000-7f3b1316d000 ---p 00000000 00:00 0 
7f3b1316d000-7f3b1326b000 rwxp 00000000 00:00 0 
7f3b1326b000-7f3b1326c000 ---p 00000000 00:00 0 
7f3b1326c000-7f3b13871000 rwxp 00000000 00:00 0 
7f3b13871000-7f3b13a1f000 r-xs 019e3000 08:06 403118                     /home/chenjw/software/jdk1.6.0_29/jre/lib/rt_debug.jar
7f3b13a1f000-7f3b13a20000 ---p 00000000 00:00 0 
7f3b13a20000-7f3b13b20000 rwxp 00000000 00:00 0 
7f3b13b20000-7f3b13b21000 ---p 00000000 00:00 0 
7f3b13b21000-7f3b13c21000 rwxp 00000000 00:00 0 
7f3b13c21000-7f3b13c22000 ---p 00000000 00:00 0 
7f3b13c22000-7f3b13d22000 rwxp 00000000 00:00 0 
7f3b13d22000-7f3b13d23000 ---p 00000000 00:00 0 
7f3b13d23000-7f3b13e41000 rwxp 00000000 00:00 0 
7f3b13e41000-7f3b140d2000 rwxp 00000000 00:00 0 
7f3b140d2000-7f3b18000000 ---p 00000000 00:00 0 
7f3b18021000-7f3b1808b000 rwxp 00000000 00:00 0 
7f3b1808b000-7f3b180a9000 rwxp 00000000 00:00 0 
7f3b180a9000-7f3b180b4000 rwxp 00000000 00:00 0 
7f3b180b4000-7f3b180d2000 rwxp 00000000 00:00 0 
7f3b180d2000-7f3b180f0000 rwxp 00000000 00:00 0 
7f3b180f0000-7f3b182ae000 rwxp 00000000 00:00 0 
7f3b182ae000-7f3b182be000 rwxp 00000000 00:00 0 
7f3b182be000-7f3b1839d000 rwxp 00000000 00:00 0 
7f3b1839d000-7f3b183a8000 rwxp 00000000 00:00 0 
7f3b183a8000-7f3b1845e000 rwxp 00000000 00:00 0 
7f3b1845e000-7f3b186ce000 rwxp 00000000 00:00 0 
7f3b186ce000-7f3b1b45e000 rwxp 00000000 00:00 0 
7f3b1b45e000-7f3b1b46c000 r-xp 00000000 08:06 396134                     /home/chenjw/software/jdk1.6.0_29/jre/lib/amd64/libzip.so
7f3b1b46c000-7f3b1b56e000 ---p 0000e000 08:06 396134                     /home/chenjw/software/jdk1.6.0_29/jre/lib/amd64/libzip.so
7f3b1b56e000-7f3b1b571000 rwxp 00010000 08:06 396134                     /home/chenjw/software/jdk1.6.0_29/jre/lib/amd64/libzip.so
7f3b1b571000-7f3b1b572000 rwxp 00000000 00:00 0 
7f3b1b572000-7f3b1b57e000 r-xp 00000000 08:06 37321                      /lib64/libnss_files-2.12.so
7f3b1b57e000-7f3b1b77e000 ---p 0000c000 08:06 37321                      /lib64/libnss_files-2.12.so
7f3b1b77e000-7f3b1b77f000 r-xp 0000c000 08:06 37321                      /lib64/libnss_files-2.12.so
7f3b1b77f000-7f3b1b780000 rwxp 0000d000 08:06 37321                      /lib64/libnss_files-2.12.so
7f3b1b797000-7f3b1b7c0000 r-xp 00000000 08:06 396147                     /home/chenjw/software/jdk1.6.0_29/jre/lib/amd64/libjava.so
7f3b1b7c0000-7f3b1b8bf000 ---p 00029000 08:06 396147                     /home/chenjw/software/jdk1.6.0_29/jre/lib/amd64/libjava.so
7f3b1b8bf000-7f3b1b8c6000 rwxp 00028000 08:06 396147                     /home/chenjw/software/jdk1.6.0_29/jre/lib/amd64/libjava.so
7f3b1b8c6000-7f3b1b8d3000 r-xp 00000000 08:06 396129                     /home/chenjw/software/jdk1.6.0_29/jre/lib/amd64/libverify.so
7f3b1b8d3000-7f3b1b9d2000 ---p 0000d000 08:06 396129                     /home/chenjw/software/jdk1.6.0_29/jre/lib/amd64/libverify.so
7f3b1b9d2000-7f3b1b9d5000 rwxp 0000c000 08:06 396129                     /home/chenjw/software/jdk1.6.0_29/jre/lib/amd64/libverify.so
7f3b1b9d5000-7f3b1b9d8000 ---p 00000000 00:00 0 
7f3b1b9d8000-7f3b1bad6000 rwxp 00000000 00:00 0 
7f3b1bad6000-7f3b1c3f0000 r-xp 00000000 08:06 396154                     /home/chenjw/software/jdk1.6.0_29/jre/lib/amd64/server/libjvm.so
7f3b1c3f0000-7f3b1c4f2000 ---p 0091a000 08:06 396154                     /home/chenjw/software/jdk1.6.0_29/jre/lib/amd64/server/libjvm.so
7f3b1c4f2000-7f3b1c6a7000 rwxp 0091c000 08:06 396154                     /home/chenjw/software/jdk1.6.0_29/jre/lib/amd64/server/libjvm.so
7f3b1c6a7000-7f3b1c6e4000 rwxp 00000000 00:00 0 
7f3b1c6e4000-7f3b1c6eb000 r-xp 00000000 08:06 396119                     /home/chenjw/software/jdk1.6.0_29/jre/lib/amd64/jli/libjli.so
7f3b1c6eb000-7f3b1c7ec000 ---p 00007000 08:06 396119                     /home/chenjw/software/jdk1.6.0_29/jre/lib/amd64/jli/libjli.so
7f3b1c7ec000-7f3b1c7ee000 rwxp 00008000 08:06 396119                     /home/chenjw/software/jdk1.6.0_29/jre/lib/amd64/jli/libjli.so
7f3b1c7ee000-7f3b1c7ef000 rwxp 00000000 00:00 0 
7f3b1c7fc000-7f3b1c804000 rwxs 00000000 08:06 3939343                    /tmp/hsperfdata_chenjw/12174
7f3b1c804000-7f3b1c805000 rwxp 00000000 00:00 0 
7f3b1c805000-7f3b1c806000 r-xp 00000000 00:00 0 
7f3b1c806000-7f3b1c807000 rwxp 00000000 00:00 0 
7fff4ca2e000-7fff4ca43000 rwxp 00000000 00:00 0                          [stack]
7fff4cb14000-7fff4cb15000 r-xp 00000000 00:00 0                          [vdso]
ffffffffff600000-ffffffffff601000 r-xp 00000000 00:00 0                  [vsyscall]

VM Arguments:
jvm_args: -Dfile.encoding=UTF-8 
java_command: com.chenjw.knife.agent.utils.NativeHelper
Launcher Type: SUN_STANDARD

Environment Variables:
JAVA_HOME=/home/chenjw/software/jdk1.6.0_34
CLASSPATH=.:/home/chenjw/software/jdk1.6.0_34/lib:
PATH=/home/chenjw/software/jdk1.6.0_34/bin:/home/chenjw/software/apache-maven-2.2.1/bin:/home/chenjw/software/apache-ant-1.8.3/bin:/usr/lib64/qt-3.3/bin:/usr/local/bin:/usr/bin:/bin:/usr/local/sbin:/usr/sbin:/sbin:/home/chenjw/workspace_go/go/bin:/home/chenjw/bin
USERNAME=chenjw
LD_LIBRARY_PATH=/home/chenjw/software/jdk1.6.0_29/jre/lib/amd64/server:/home/chenjw/software/jdk1.6.0_29/jre/lib/amd64:/home/chenjw/software/jdk1.6.0_29/jre/../lib/amd64:/home/chenjw/software/jdk1.6.0_34/jre/lib/amd64/server:/home/chenjw/software/jdk1.6.0_34/jre/lib/amd64:/home/chenjw/software/jdk1.6.0_34/jre/../lib/amd64
SHELL=/bin/bash
DISPLAY=:0.0

Signal Handlers:
SIGSEGV: [libjvm.so+0x85f780], sa_mask[0]=0x7ffbfeff, sa_flags=0x10000004
SIGBUS: [libjvm.so+0x85f780], sa_mask[0]=0x7ffbfeff, sa_flags=0x10000004
SIGFPE: [libjvm.so+0x70e3b0], sa_mask[0]=0x7ffbfeff, sa_flags=0x10000004
SIGPIPE: [libjvm.so+0x70e3b0], sa_mask[0]=0x7ffbfeff, sa_flags=0x10000004
SIGXFSZ: [libjvm.so+0x70e3b0], sa_mask[0]=0x7ffbfeff, sa_flags=0x10000004
SIGILL: [libjvm.so+0x70e3b0], sa_mask[0]=0x7ffbfeff, sa_flags=0x10000004
SIGUSR1: SIG_DFL, sa_mask[0]=0x00000000, sa_flags=0x00000000
SIGUSR2: [libjvm.so+0x7111c0], sa_mask[0]=0x00000004, sa_flags=0x10000004
SIGHUP: [libjvm.so+0x710dc0], sa_mask[0]=0x7ffbfeff, sa_flags=0x10000004
SIGINT: [libjvm.so+0x710dc0], sa_mask[0]=0x7ffbfeff, sa_flags=0x10000004
SIGTERM: [libjvm.so+0x710dc0], sa_mask[0]=0x7ffbfeff, sa_flags=0x10000004
SIGQUIT: [libjvm.so+0x710dc0], sa_mask[0]=0x7ffbfeff, sa_flags=0x10000004


---------------  S Y S T E M  ---------------

OS:CentOS release 6.2 (Final)

uname:Linux 2.6.32-220.4.1.el6.x86_64 #1 SMP Tue Jan 24 02:13:44 GMT 2012 x86_64
libc:glibc 2.12 NPTL 2.12 
rlimit: STACK 10240k, CORE 0k, NPROC 1024, NOFILE 1024, AS infinity
load average:0.03 0.10 0.12

/proc/meminfo:
MemTotal:        5851108 kB
MemFree:         1952816 kB
Buffers:          385600 kB
Cached:          1358304 kB
SwapCached:            0 kB
Active:          2274428 kB
Inactive:        1309184 kB
Active(anon):    1840360 kB
Inactive(anon):    11488 kB
Active(file):     434068 kB
Inactive(file):  1297696 kB
Unevictable:           0 kB
Mlocked:               0 kB
SwapTotal:       9375736 kB
SwapFree:        9375736 kB
Dirty:              1072 kB
Writeback:             0 kB
AnonPages:       1835800 kB
Mapped:           166140 kB
Shmem:             12144 kB
Slab:             162688 kB
SReclaimable:      79640 kB
SUnreclaim:        83048 kB
KernelStack:        3944 kB
PageTables:        41924 kB
NFS_Unstable:          0 kB
Bounce:                0 kB
WritebackTmp:          0 kB
CommitLimit:    12301288 kB
Committed_AS:    3279552 kB
VmallocTotal:   34359738367 kB
VmallocUsed:      299700 kB
VmallocChunk:   34359312420 kB
HardwareCorrupted:     0 kB
AnonHugePages:   1114112 kB
HugePages_Total:       0
HugePages_Free:        0
HugePages_Rsvd:        0
HugePages_Surp:        0
Hugepagesize:       2048 kB
DirectMap4k:        6144 kB
DirectMap2M:     6211584 kB


CPU:total 4 (2 cores per cpu, 2 threads per core) family 6 model 37 stepping 5, cmov, cx8, fxsr, mmx, sse, sse2, sse3, ssse3, sse4.1, sse4.2, popcnt, ht

/proc/cpuinfo:
processor	: 0
vendor_id	: GenuineIntel
cpu family	: 6
model		: 37
model name	: Intel(R) Core(TM) i3 CPU       M 380  @ 2.53GHz
stepping	: 5
cpu MHz		: 933.000
cache size	: 3072 KB
physical id	: 0
siblings	: 4
core id		: 0
cpu cores	: 2
apicid		: 0
initial apicid	: 0
fpu		: yes
fpu_exception	: yes
cpuid level	: 11
wp		: yes
flags		: fpu vme de pse tsc msr pae mce cx8 apic mtrr pge mca cmov pat pse36 clflush dts acpi mmx fxsr sse sse2 ss ht tm pbe syscall nx rdtscp lm constant_tsc arch_perfmon pebs bts rep_good xtopology nonstop_tsc aperfmperf pni dtes64 monitor ds_cpl vmx est tm2 ssse3 cx16 xtpr pdcm sse4_1 sse4_2 popcnt lahf_lm arat dts tpr_shadow vnmi flexpriority ept vpid
bogomips	: 5054.30
clflush size	: 64
cache_alignment	: 64
address sizes	: 36 bits physical, 48 bits virtual
power management:

processor	: 1
vendor_id	: GenuineIntel
cpu family	: 6
model		: 37
model name	: Intel(R) Core(TM) i3 CPU       M 380  @ 2.53GHz
stepping	: 5
cpu MHz		: 2533.000
cache size	: 3072 KB
physical id	: 0
siblings	: 4
core id		: 2
cpu cores	: 2
apicid		: 4
initial apicid	: 4
fpu		: yes
fpu_exception	: yes
cpuid level	: 11
wp		: yes
flags		: fpu vme de pse tsc msr pae mce cx8 apic mtrr pge mca cmov pat pse36 clflush dts acpi mmx fxsr sse sse2 ss ht tm pbe syscall nx rdtscp lm constant_tsc arch_perfmon pebs bts rep_good xtopology nonstop_tsc aperfmperf pni dtes64 monitor ds_cpl vmx est tm2 ssse3 cx16 xtpr pdcm sse4_1 sse4_2 popcnt lahf_lm arat dts tpr_shadow vnmi flexpriority ept vpid
bogomips	: 5053.74
clflush size	: 64
cache_alignment	: 64
address sizes	: 36 bits physical, 48 bits virtual
power management:

processor	: 2
vendor_id	: GenuineIntel
cpu family	: 6
model		: 37
model name	: Intel(R) Core(TM) i3 CPU       M 380  @ 2.53GHz
stepping	: 5
cpu MHz		: 933.000
cache size	: 3072 KB
physical id	: 0
siblings	: 4
core id		: 0
cpu cores	: 2
apicid		: 1
initial apicid	: 1
fpu		: yes
fpu_exception	: yes
cpuid level	: 11
wp		: yes
flags		: fpu vme de pse tsc msr pae mce cx8 apic mtrr pge mca cmov pat pse36 clflush dts acpi mmx fxsr sse sse2 ss ht tm pbe syscall nx rdtscp lm constant_tsc arch_perfmon pebs bts rep_good xtopology nonstop_tsc aperfmperf pni dtes64 monitor ds_cpl vmx est tm2 ssse3 cx16 xtpr pdcm sse4_1 sse4_2 popcnt lahf_lm arat dts tpr_shadow vnmi flexpriority ept vpid
bogomips	: 5053.73
clflush size	: 64
cache_alignment	: 64
address sizes	: 36 bits physical, 48 bits virtual
power management:

processor	: 3
vendor_id	: GenuineIntel
cpu family	: 6
model		: 37
model name	: Intel(R) Core(TM) i3 CPU       M 380  @ 2.53GHz
stepping	: 5
cpu MHz		: 933.000
cache size	: 3072 KB
physical id	: 0
siblings	: 4
core id		: 2
cpu cores	: 2
apicid		: 5
initial apicid	: 5
fpu		: yes
fpu_exception	: yes
cpuid level	: 11
wp		: yes
flags		: fpu vme de pse tsc msr pae mce cx8 apic mtrr pge mca cmov pat pse36 clflush dts acpi mmx fxsr sse sse2 ss ht tm pbe syscall nx rdtscp lm constant_tsc arch_perfmon pebs bts rep_good xtopology nonstop_tsc aperfmperf pni dtes64 monitor ds_cpl vmx est tm2 ssse3 cx16 xtpr pdcm sse4_1 sse4_2 popcnt lahf_lm arat dts tpr_shadow vnmi flexpriority ept vpid
bogomips	: 5053.73
clflush size	: 64
cache_alignment	: 64
address sizes	: 36 bits physical, 48 bits virtual
power management:



Memory: 4k page, physical 5851108k(1952816k free), swap 9375736k(9375736k free)

vm_info: Java HotSpot(TM) 64-Bit Server VM (20.4-b02) for linux-amd64 JRE (1.6.0_29-b11), built on Oct  3 2011 01:19:20 by "java_re" with gcc 3.2.2 (SuSE Linux)

time: Mon Dec 10 01:31:16 2012
elapsed time: 0 seconds

