#
# A fatal error has been detected by the Java Runtime Environment:
#
#  SIGSEGV (0xb) at pc=0x0000000101010100, pid=11839, tid=140420416886528
#
# JRE version: 6.0_29-b11
# Java VM: Java HotSpot(TM) 64-Bit Server VM (20.4-b02 mixed mode linux-amd64 compressed oops)
# Problematic frame:
# C  0x0000000101010100
#
# If you would like to submit a bug report, please visit:
#   http://java.sun.com/webapps/bugreport/crash.jsp
#

---------------  T H R E A D  ---------------

Current thread (0x00007fb628007000):  JavaThread "main" [_thread_in_Java, id=11844, stack(0x00007fb62d015000,0x00007fb62d116000)]

siginfo:si_signo=SIGSEGV: si_errno=0, si_code=1 (SEGV_MAPERR), si_addr=0x0000000101010100

Registers:
RAX=0x0000000000000001, RBX=0x00000000a1ab9678, RCX=0x0000000000000700, RDX=0x0000000000000001
RSP=0x00007fb62d114808, RBP=0x00007fb62d114858, RSI=0x00007fb62dbaffe8, RDI=0x00007fb62dbb3e58
R8 =0x00007fb628007bd8, R9 =0x00007fb628007820, R10=0x0000000000000000, R11=0x0000000101010100
R12=0x0000000000000000, R13=0x00000000a1ab9678, R14=0x00007fb62d114878, R15=0x00007fb628007000
RIP=0x0000000101010100, EFLAGS=0x0000000000010202, CSGSFS=0x0000000000000033, ERR=0x0000000000000014
  TRAPNO=0x000000000000000e

Top of Stack: (sp=0x00007fb62d114808)
0x00007fb62d114808:   00007fb62501127f 00007fb628007000
0x00007fb62d114818:   00007fb62d114818 00000000a1ab9678
0x00007fb62d114828:   00007fb62d114878 00000000a1abacb8
0x00007fb62d114838:   0000000000000000 00000000a1ab9678
0x00007fb62d114848:   0000000000000000 00007fb62d114878
0x00007fb62d114858:   00007fb62d1148c0 00007fb625005a82
0x00007fb62d114868:   0100000101000001 0000000101010100
0x00007fb62d114878:   0101010100000000 0101010101010000
0x00007fb62d114888:   0101010101000001 00007fb62d114801
0x00007fb62d114898:   00000000a1abacb8 0000000000000000
0x00007fb62d1148a8:   00000000a1ab9840 00007fb62d114878
0x00007fb62d1148b8:   00007fb62d114900 00007fb62d114940
0x00007fb62d1148c8:   00007fb625005929 0000000000000000
0x00007fb62d1148d8:   0000000000000000 0000000000000000
0x00007fb62d1148e8:   0000000000000000 0000000000000000
0x00007fb62d1148f8:   00000000e23a8c48 00007fb62d114900
0x00007fb62d114908:   00000000a1ab9f00 00007fb62d114960
0x00007fb62d114918:   00000000a1abacb8 0000000000000000
0x00007fb62d114928:   00000000a1ab9f78 00007fb62d114900
0x00007fb62d114938:   00007fb62d114968 00007fb62d1149a8
0x00007fb62d114948:   00007fb625005a82 0000000000000000
0x00007fb62d114958:   0000000000000000 0000000000000000
0x00007fb62d114968:   00007fb62d114968 00000000a1aba288
0x00007fb62d114978:   00007fb62d1149b8 00000000a1abacb8
0x00007fb62d114988:   0000000000000000 00000000a1aba2b8
0x00007fb62d114998:   00007fb62d114968 00007fb62d1149b8
0x00007fb62d1149a8:   00007fb62d114a20 00007fb625000438
0x00007fb62d1149b8:   00000000e23a8c38 00007fb600001fa0
0x00007fb62d1149c8:   00007fb62d114a60 00007fb62dbb5498
0x00007fb62d1149d8:   00007fb62d114bf9 00007fb628007000
0x00007fb62d1149e8:   00007fb6250003af 00007fb62d114a90
0x00007fb62d1149f8:   00007fb62d114cf8 00007fb60000000a 

Instructions: (pc=0x0000000101010100)
0x00000001010100e0:   
[error occurred during error reporting (printing registers, top of stack, instructions near pc), id 0xb]

Register to memory mapping:

RAX=0x0000000000000001 is an unknown value
RBX=0x00000000a1ab9678 is an oop
{method} 
 - klass: {other class}
RCX=0x0000000000000700 is an unknown value
RDX=0x0000000000000001 is an unknown value
RSP=0x00007fb62d114808 is pointing into the stack for thread: 0x00007fb628007000
RBP=0x00007fb62d114858 is pointing into the stack for thread: 0x00007fb628007000
RSI=0x00007fb62dbaffe8: <offset 0xa99fe8> in /home/chenjw/software/jdk1.6.0_29/jre/lib/amd64/server/libjvm.so at 0x00007fb62d116000
RDI=0x00007fb62dbb3e58: <offset 0xa9de58> in /home/chenjw/software/jdk1.6.0_29/jre/lib/amd64/server/libjvm.so at 0x00007fb62d116000
R8 =0x00007fb628007bd8 is an unknown value
R9 =0x00007fb628007820 is an unknown value
R10=0x0000000000000000 is an unknown value
R11=0x0000000101010100 is an unknown value
R12=0x0000000000000000 is an unknown value
R13=0x00000000a1ab9678 is an oop
{method} 
 - klass: {other class}
R14=0x00007fb62d114878 is pointing into the stack for thread: 0x00007fb628007000
R15=0x00007fb628007000 is a thread


Stack: [0x00007fb62d015000,0x00007fb62d116000],  sp=0x00007fb62d114808,  free space=1022k
Native frames: (J=compiled Java code, j=interpreted, Vv=VM code, C=native code)
C  0x0000000101010100
j  com.chenjw.knife.agent.utils.NativeHelper.checkCapabilities()Ljava/util/Map;+1599367281
j  com.chenjw.knife.agent.utils.NativeHelper.do4()V+0
j  com.chenjw.knife.agent.utils.NativeHelper.main([Ljava/lang/String;)V+0
v  ~StubRoutines::call_stub
V  [libjvm.so+0x4df400]  JavaCalls::call_helper(JavaValue*, methodHandle*, JavaCallArguments*, Thread*)+0x1e0
V  [libjvm.so+0x70f6d9]  os::os_exception_wrapper(void (*)(JavaValue*, methodHandle*, JavaCallArguments*, Thread*), JavaValue*, methodHandle*, JavaCallArguments*, Thread*)+0x19
V  [libjvm.so+0x4df215]  JavaCalls::call(JavaValue*, methodHandle, JavaCallArguments*, Thread*)+0x25
V  [libjvm.so+0x51ac67]  jni_invoke_static(JNIEnv_*, JavaValue*, _jobject*, JNICallType, _jmethodID*, JNI_ArgumentPusher*, Thread*)+0x147
V  [libjvm.so+0x5083ff]  unsigned+0x20f


---------------  P R O C E S S  ---------------

Java Threads: ( => current thread )
  0x00007fb62809f000 JavaThread "Low Memory Detector" daemon [_thread_blocked, id=11855, stack(0x00007fb62420f000,0x00007fb624310000)]
  0x00007fb62809b000 JavaThread "C2 CompilerThread1" daemon [_thread_blocked, id=11854, stack(0x00007fb624310000,0x00007fb624411000)]
  0x00007fb628098000 JavaThread "C2 CompilerThread0" daemon [_thread_blocked, id=11853, stack(0x00007fb624411000,0x00007fb624512000)]
  0x00007fb628096000 JavaThread "Signal Dispatcher" daemon [_thread_blocked, id=11852, stack(0x00007fb624512000,0x00007fb624613000)]
  0x00007fb62807a000 JavaThread "Finalizer" daemon [_thread_blocked, id=11851, stack(0x00007fb624613000,0x00007fb624714000)]
  0x00007fb628078000 JavaThread "Reference Handler" daemon [_thread_blocked, id=11850, stack(0x00007fb624714000,0x00007fb624815000)]
=>0x00007fb628007000 JavaThread "main" [_thread_in_Java, id=11844, stack(0x00007fb62d015000,0x00007fb62d116000)]

Other Threads:
  0x00007fb628071800 VMThread [stack: 0x00007fb624815000,0x00007fb624916000] [id=11849]
  0x00007fb6280a2000 WatcherThread [stack: 0x00007fb62410e000,0x00007fb62420f000] [id=11856]

VM state:not at safepoint (normal execution)

VM Mutex/Monitor currently owned by a thread: None

Heap
 PSYoungGen      total 26688K, used 458K [0x00000000e2360000, 0x00000000e4120000, 0x0000000100000000)
  eden space 22912K, 2% used [0x00000000e2360000,0x00000000e23d2900,0x00000000e39c0000)
  from space 3776K, 0% used [0x00000000e3d70000,0x00000000e3d70000,0x00000000e4120000)
  to   space 3776K, 0% used [0x00000000e39c0000,0x00000000e39c0000,0x00000000e3d70000)
 PSOldGen        total 60992K, used 0K [0x00000000a6a00000, 0x00000000aa590000, 0x00000000e2360000)
  object space 60992K, 0% used [0x00000000a6a00000,0x00000000a6a00000,0x00000000aa590000)
 PSPermGen       total 21248K, used 2804K [0x00000000a1800000, 0x00000000a2cc0000, 0x00000000a6a00000)
  object space 21248K, 13% used [0x00000000a1800000,0x00000000a1abd0a8,0x00000000a2cc0000)

Code Cache  [0x00007fb625000000, 0x00007fb625270000, 0x00007fb628000000)
 total_blobs=154 nmethods=0 adapters=122 free_code_cache=49952128 largest_free_block=0

Dynamic libraries:
40000000-40009000 r-xp 00000000 08:06 395485                             /home/chenjw/software/jdk1.6.0_29/bin/java
40108000-4010a000 rwxp 00008000 08:06 395485                             /home/chenjw/software/jdk1.6.0_29/bin/java
419b6000-419d7000 rwxp 00000000 00:00 0                                  [heap]
a1800000-a2cc0000 rwxp 00000000 00:00 0 
a2cc0000-a6a00000 rwxp 00000000 00:00 0 
a6a00000-aa590000 rwxp 00000000 00:00 0 
aa590000-e2360000 rwxp 00000000 00:00 0 
e2360000-e4120000 rwxp 00000000 00:00 0 
e4120000-100000000 rwxp 00000000 00:00 0 
3148400000-3148420000 r-xp 00000000 08:06 4706                           /lib64/ld-2.12.so
314861f000-3148620000 r-xp 0001f000 08:06 4706                           /lib64/ld-2.12.so
3148620000-3148621000 rwxp 00020000 08:06 4706                           /lib64/ld-2.12.so
3148621000-3148622000 rwxp 00000000 00:00 0 
3148800000-3148989000 r-xp 00000000 08:06 4757                           /lib64/libc-2.12.so
3148989000-3148b89000 ---p 00189000 08:06 4757                           /lib64/libc-2.12.so
3148b89000-3148b8d000 r-xp 00189000 08:06 4757                           /lib64/libc-2.12.so
3148b8d000-3148b8e000 rwxp 0018d000 08:06 4757                           /lib64/libc-2.12.so
3148b8e000-3148b93000 rwxp 00000000 00:00 0 
3148c00000-3148c17000 r-xp 00000000 08:06 5240                           /lib64/libpthread-2.12.so
3148c17000-3148e17000 ---p 00017000 08:06 5240                           /lib64/libpthread-2.12.so
3148e17000-3148e18000 r-xp 00017000 08:06 5240                           /lib64/libpthread-2.12.so
3148e18000-3148e19000 rwxp 00018000 08:06 5240                           /lib64/libpthread-2.12.so
3148e19000-3148e1d000 rwxp 00000000 00:00 0 
3149000000-3149002000 r-xp 00000000 08:06 71859                          /lib64/libdl-2.12.so
3149002000-3149202000 ---p 00002000 08:06 71859                          /lib64/libdl-2.12.so
3149202000-3149203000 r-xp 00002000 08:06 71859                          /lib64/libdl-2.12.so
3149203000-3149204000 rwxp 00003000 08:06 71859                          /lib64/libdl-2.12.so
3149400000-3149483000 r-xp 00000000 08:06 35302                          /lib64/libm-2.12.so
3149483000-3149682000 ---p 00083000 08:06 35302                          /lib64/libm-2.12.so
3149682000-3149683000 r-xp 00082000 08:06 35302                          /lib64/libm-2.12.so
3149683000-3149684000 rwxp 00083000 08:06 35302                          /lib64/libm-2.12.so
3149800000-3149807000 r-xp 00000000 08:06 6812                           /lib64/librt-2.12.so
3149807000-3149a06000 ---p 00007000 08:06 6812                           /lib64/librt-2.12.so
3149a06000-3149a07000 r-xp 00006000 08:06 6812                           /lib64/librt-2.12.so
3149a07000-3149a08000 rwxp 00007000 08:06 6812                           /lib64/librt-2.12.so
3157c00000-3157c16000 r-xp 00000000 08:06 73879                          /lib64/libnsl-2.12.so
3157c16000-3157e15000 ---p 00016000 08:06 73879                          /lib64/libnsl-2.12.so
3157e15000-3157e16000 r-xp 00015000 08:06 73879                          /lib64/libnsl-2.12.so
3157e16000-3157e17000 rwxp 00016000 08:06 73879                          /lib64/libnsl-2.12.so
3157e17000-3157e19000 rwxp 00000000 00:00 0 
7fb5ec000000-7fb5ec021000 rwxp 00000000 00:00 0 
7fb5ec021000-7fb5f0000000 ---p 00000000 00:00 0 
7fb5f0000000-7fb5f0021000 rwxp 00000000 00:00 0 
7fb5f0021000-7fb5f4000000 ---p 00000000 00:00 0 
7fb5f4000000-7fb5f4021000 rwxp 00000000 00:00 0 
7fb5f4021000-7fb5f8000000 ---p 00000000 00:00 0 
7fb5f8000000-7fb5f8021000 rwxp 00000000 00:00 0 
7fb5f8021000-7fb5fc000000 ---p 00000000 00:00 0 
7fb5fc000000-7fb5fc021000 rwxp 00000000 00:00 0 
7fb5fc021000-7fb600000000 ---p 00000000 00:00 0 
7fb601f68000-7fb601f6e000 r-xp 00000000 08:06 3810557                    /home/chenjw/my_workspace/knife/native/Default/libnativehelper.so
7fb601f6e000-7fb60216e000 ---p 00006000 08:06 3810557                    /home/chenjw/my_workspace/knife/native/Default/libnativehelper.so
7fb60216e000-7fb60216f000 rwxp 00006000 08:06 3810557                    /home/chenjw/my_workspace/knife/native/Default/libnativehelper.so
7fb60216f000-7fb608000000 r-xp 00000000 08:06 76576                      /usr/lib/locale/locale-archive
7fb608000000-7fb608021000 rwxp 00000000 00:00 0 
7fb608021000-7fb60c000000 ---p 00000000 00:00 0 
7fb60c000000-7fb60c021000 rwxp 00000000 00:00 0 
7fb60c021000-7fb610000000 ---p 00000000 00:00 0 
7fb610000000-7fb610021000 rwxp 00000000 00:00 0 
7fb610021000-7fb614000000 ---p 00000000 00:00 0 
7fb614000000-7fb614021000 rwxp 00000000 00:00 0 
7fb614021000-7fb618000000 ---p 00000000 00:00 0 
7fb618000000-7fb618021000 rwxp 00000000 00:00 0 
7fb618021000-7fb61c000000 ---p 00000000 00:00 0 
7fb61c000000-7fb61c021000 rwxp 00000000 00:00 0 
7fb61c021000-7fb620000000 ---p 00000000 00:00 0 
7fb620000000-7fb620021000 rwxp 00000000 00:00 0 
7fb620021000-7fb624000000 ---p 00000000 00:00 0 
7fb62410e000-7fb62410f000 ---p 00000000 00:00 0 
7fb62410f000-7fb62420f000 rwxp 00000000 00:00 0 
7fb62420f000-7fb624212000 ---p 00000000 00:00 0 
7fb624212000-7fb624310000 rwxp 00000000 00:00 0 
7fb624310000-7fb624313000 ---p 00000000 00:00 0 
7fb624313000-7fb624411000 rwxp 00000000 00:00 0 
7fb624411000-7fb624414000 ---p 00000000 00:00 0 
7fb624414000-7fb624512000 rwxp 00000000 00:00 0 
7fb624512000-7fb624515000 ---p 00000000 00:00 0 
7fb624515000-7fb624613000 rwxp 00000000 00:00 0 
7fb624613000-7fb624616000 ---p 00000000 00:00 0 
7fb624616000-7fb624714000 rwxp 00000000 00:00 0 
7fb624714000-7fb624717000 ---p 00000000 00:00 0 
7fb624717000-7fb624815000 rwxp 00000000 00:00 0 
7fb624815000-7fb624816000 ---p 00000000 00:00 0 
7fb624816000-7fb624e52000 rwxp 00000000 00:00 0 
7fb624e52000-7fb625000000 r-xs 019e3000 08:06 403118                     /home/chenjw/software/jdk1.6.0_29/jre/lib/rt_debug.jar
7fb625000000-7fb625270000 rwxp 00000000 00:00 0 
7fb625270000-7fb6280d2000 rwxp 00000000 00:00 0 
7fb6280d2000-7fb62c000000 ---p 00000000 00:00 0 
7fb62c0b7000-7fb62c0df000 rwxp 00000000 00:00 0 
7fb62c0df000-7fb62c0e0000 ---p 00000000 00:00 0 
7fb62c0e0000-7fb62c1e0000 rwxp 00000000 00:00 0 
7fb62c1e0000-7fb62c1e1000 ---p 00000000 00:00 0 
7fb62c1e1000-7fb62c2e1000 rwxp 00000000 00:00 0 
7fb62c2e1000-7fb62c2e2000 ---p 00000000 00:00 0 
7fb62c2e2000-7fb62c3e2000 rwxp 00000000 00:00 0 
7fb62c3e2000-7fb62c3e3000 ---p 00000000 00:00 0 
7fb62c3e3000-7fb62c4ee000 rwxp 00000000 00:00 0 
7fb62c4ee000-7fb62c50c000 rwxp 00000000 00:00 0 
7fb62c50c000-7fb62c52a000 rwxp 00000000 00:00 0 
7fb62c52a000-7fb62c6e9000 rwxp 00000000 00:00 0 
7fb62c6e9000-7fb62c6f4000 rwxp 00000000 00:00 0 
7fb62c6f4000-7fb62c712000 rwxp 00000000 00:00 0 
7fb62c712000-7fb62c730000 rwxp 00000000 00:00 0 
7fb62c730000-7fb62c8ee000 rwxp 00000000 00:00 0 
7fb62c8ee000-7fb62c8fe000 rwxp 00000000 00:00 0 
7fb62c8fe000-7fb62c9dd000 rwxp 00000000 00:00 0 
7fb62c9dd000-7fb62c9e8000 rwxp 00000000 00:00 0 
7fb62c9e8000-7fb62ca9e000 rwxp 00000000 00:00 0 
7fb62ca9e000-7fb62caac000 r-xp 00000000 08:06 396134                     /home/chenjw/software/jdk1.6.0_29/jre/lib/amd64/libzip.so
7fb62caac000-7fb62cbae000 ---p 0000e000 08:06 396134                     /home/chenjw/software/jdk1.6.0_29/jre/lib/amd64/libzip.so
7fb62cbae000-7fb62cbb1000 rwxp 00010000 08:06 396134                     /home/chenjw/software/jdk1.6.0_29/jre/lib/amd64/libzip.so
7fb62cbb1000-7fb62cbb2000 rwxp 00000000 00:00 0 
7fb62cbb2000-7fb62cbbe000 r-xp 00000000 08:06 37321                      /lib64/libnss_files-2.12.so
7fb62cbbe000-7fb62cdbe000 ---p 0000c000 08:06 37321                      /lib64/libnss_files-2.12.so
7fb62cdbe000-7fb62cdbf000 r-xp 0000c000 08:06 37321                      /lib64/libnss_files-2.12.so
7fb62cdbf000-7fb62cdc0000 rwxp 0000d000 08:06 37321                      /lib64/libnss_files-2.12.so
7fb62cdd7000-7fb62ce00000 r-xp 00000000 08:06 396147                     /home/chenjw/software/jdk1.6.0_29/jre/lib/amd64/libjava.so
7fb62ce00000-7fb62ceff000 ---p 00029000 08:06 396147                     /home/chenjw/software/jdk1.6.0_29/jre/lib/amd64/libjava.so
7fb62ceff000-7fb62cf06000 rwxp 00028000 08:06 396147                     /home/chenjw/software/jdk1.6.0_29/jre/lib/amd64/libjava.so
7fb62cf06000-7fb62cf13000 r-xp 00000000 08:06 396129                     /home/chenjw/software/jdk1.6.0_29/jre/lib/amd64/libverify.so
7fb62cf13000-7fb62d012000 ---p 0000d000 08:06 396129                     /home/chenjw/software/jdk1.6.0_29/jre/lib/amd64/libverify.so
7fb62d012000-7fb62d015000 rwxp 0000c000 08:06 396129                     /home/chenjw/software/jdk1.6.0_29/jre/lib/amd64/libverify.so
7fb62d015000-7fb62d018000 ---p 00000000 00:00 0 
7fb62d018000-7fb62d116000 rwxp 00000000 00:00 0 
7fb62d116000-7fb62da30000 r-xp 00000000 08:06 396154                     /home/chenjw/software/jdk1.6.0_29/jre/lib/amd64/server/libjvm.so
7fb62da30000-7fb62db32000 ---p 0091a000 08:06 396154                     /home/chenjw/software/jdk1.6.0_29/jre/lib/amd64/server/libjvm.so
7fb62db32000-7fb62dce7000 rwxp 0091c000 08:06 396154                     /home/chenjw/software/jdk1.6.0_29/jre/lib/amd64/server/libjvm.so
7fb62dce7000-7fb62dd24000 rwxp 00000000 00:00 0 
7fb62dd24000-7fb62dd2b000 r-xp 00000000 08:06 396119                     /home/chenjw/software/jdk1.6.0_29/jre/lib/amd64/jli/libjli.so
7fb62dd2b000-7fb62de2c000 ---p 00007000 08:06 396119                     /home/chenjw/software/jdk1.6.0_29/jre/lib/amd64/jli/libjli.so
7fb62de2c000-7fb62de2e000 rwxp 00008000 08:06 396119                     /home/chenjw/software/jdk1.6.0_29/jre/lib/amd64/jli/libjli.so
7fb62de2e000-7fb62de2f000 rwxp 00000000 00:00 0 
7fb62de3c000-7fb62de44000 rwxs 00000000 08:06 3939343                    /tmp/hsperfdata_chenjw/11839
7fb62de44000-7fb62de45000 rwxp 00000000 00:00 0 
7fb62de45000-7fb62de46000 r-xp 00000000 00:00 0 
7fb62de46000-7fb62de47000 rwxp 00000000 00:00 0 
7fff24da6000-7fff24dbb000 rwxp 00000000 00:00 0                          [stack]
7fff24dff000-7fff24e00000 r-xp 00000000 00:00 0                          [vdso]
ffffffffff600000-ffffffffff601000 r-xp 00000000 00:00 0                  [vsyscall]

VM Arguments:
jvm_args: -Dfile.encoding=UTF-8 
java_command: com.chenjw.knife.agent.utils.NativeHelper
Launcher Type: SUN_STANDARD

Environment Variables:
JAVA_HOME=/home/chenjw/software/jdk1.6.0_34
CLASSPATH=.:/home/chenjw/software/jdk1.6.0_34/lib:
PATH=/home/chenjw/software/jdk1.6.0_34/bin:/home/chenjw/software/apache-maven-2.2.1/bin:/home/chenjw/software/apache-ant-1.8.3/bin:/usr/lib64/qt-3.3/bin:/usr/local/bin:/usr/bin:/bin:/usr/local/sbin:/usr/sbin:/sbin:/home/chenjw/workspace_go/go/bin:/home/chenjw/bin
USERNAME=chenjw
LD_LIBRARY_PATH=/home/chenjw/software/jdk1.6.0_29/jre/lib/amd64/server:/home/chenjw/software/jdk1.6.0_29/jre/lib/amd64:/home/chenjw/software/jdk1.6.0_29/jre/../lib/amd64:/home/chenjw/software/jdk1.6.0_34/jre/lib/amd64/server:/home/chenjw/software/jdk1.6.0_34/jre/lib/amd64:/home/chenjw/software/jdk1.6.0_34/jre/../lib/amd64
SHELL=/bin/bash
DISPLAY=:0.0

Signal Handlers:
SIGSEGV: [libjvm.so+0x85f780], sa_mask[0]=0x7ffbfeff, sa_flags=0x10000004
SIGBUS: [libjvm.so+0x85f780], sa_mask[0]=0x7ffbfeff, sa_flags=0x10000004
SIGFPE: [libjvm.so+0x70e3b0], sa_mask[0]=0x7ffbfeff, sa_flags=0x10000004
SIGPIPE: [libjvm.so+0x70e3b0], sa_mask[0]=0x7ffbfeff, sa_flags=0x10000004
SIGXFSZ: [libjvm.so+0x70e3b0], sa_mask[0]=0x7ffbfeff, sa_flags=0x10000004
SIGILL: [libjvm.so+0x70e3b0], sa_mask[0]=0x7ffbfeff, sa_flags=0x10000004
SIGUSR1: SIG_DFL, sa_mask[0]=0x00000000, sa_flags=0x00000000
SIGUSR2: [libjvm.so+0x7111c0], sa_mask[0]=0x00000004, sa_flags=0x10000004
SIGHUP: [libjvm.so+0x710dc0], sa_mask[0]=0x7ffbfeff, sa_flags=0x10000004
SIGINT: [libjvm.so+0x710dc0], sa_mask[0]=0x7ffbfeff, sa_flags=0x10000004
SIGTERM: [libjvm.so+0x710dc0], sa_mask[0]=0x7ffbfeff, sa_flags=0x10000004
SIGQUIT: [libjvm.so+0x710dc0], sa_mask[0]=0x7ffbfeff, sa_flags=0x10000004


---------------  S Y S T E M  ---------------

OS:CentOS release 6.2 (Final)

uname:Linux 2.6.32-220.4.1.el6.x86_64 #1 SMP Tue Jan 24 02:13:44 GMT 2012 x86_64
libc:glibc 2.12 NPTL 2.12 
rlimit: STACK 10240k, CORE 0k, NPROC 1024, NOFILE 1024, AS infinity
load average:0.15 0.14 0.14

/proc/meminfo:
MemTotal:        5851108 kB
MemFree:         1948556 kB
Buffers:          384836 kB
Cached:          1358036 kB
SwapCached:            0 kB
Active:          2279568 kB
Inactive:        1308324 kB
Active(anon):    1845672 kB
Inactive(anon):    11432 kB
Active(file):     433896 kB
Inactive(file):  1296892 kB
Unevictable:           0 kB
Mlocked:               0 kB
SwapTotal:       9375736 kB
SwapFree:        9375736 kB
Dirty:              1048 kB
Writeback:             0 kB
AnonPages:       1838840 kB
Mapped:           165076 kB
Shmem:             12088 kB
Slab:             162884 kB
SReclaimable:      79664 kB
SUnreclaim:        83220 kB
KernelStack:        3952 kB
PageTables:        41648 kB
NFS_Unstable:          0 kB
Bounce:                0 kB
WritebackTmp:          0 kB
CommitLimit:    12301288 kB
Committed_AS:    3283980 kB
VmallocTotal:   34359738367 kB
VmallocUsed:      299700 kB
VmallocChunk:   34359312420 kB
HardwareCorrupted:     0 kB
AnonHugePages:   1122304 kB
HugePages_Total:       0
HugePages_Free:        0
HugePages_Rsvd:        0
HugePages_Surp:        0
Hugepagesize:       2048 kB
DirectMap4k:        6144 kB
DirectMap2M:     6211584 kB


CPU:total 4 (2 cores per cpu, 2 threads per core) family 6 model 37 stepping 5, cmov, cx8, fxsr, mmx, sse, sse2, sse3, ssse3, sse4.1, sse4.2, popcnt, ht

/proc/cpuinfo:
processor	: 0
vendor_id	: GenuineIntel
cpu family	: 6
model		: 37
model name	: Intel(R) Core(TM) i3 CPU       M 380  @ 2.53GHz
stepping	: 5
cpu MHz		: 933.000
cache size	: 3072 KB
physical id	: 0
siblings	: 4
core id		: 0
cpu cores	: 2
apicid		: 0
initial apicid	: 0
fpu		: yes
fpu_exception	: yes
cpuid level	: 11
wp		: yes
flags		: fpu vme de pse tsc msr pae mce cx8 apic mtrr pge mca cmov pat pse36 clflush dts acpi mmx fxsr sse sse2 ss ht tm pbe syscall nx rdtscp lm constant_tsc arch_perfmon pebs bts rep_good xtopology nonstop_tsc aperfmperf pni dtes64 monitor ds_cpl vmx est tm2 ssse3 cx16 xtpr pdcm sse4_1 sse4_2 popcnt lahf_lm arat dts tpr_shadow vnmi flexpriority ept vpid
bogomips	: 5054.30
clflush size	: 64
cache_alignment	: 64
address sizes	: 36 bits physical, 48 bits virtual
power management:

processor	: 1
vendor_id	: GenuineIntel
cpu family	: 6
model		: 37
model name	: Intel(R) Core(TM) i3 CPU       M 380  @ 2.53GHz
stepping	: 5
cpu MHz		: 2533.000
cache size	: 3072 KB
physical id	: 0
siblings	: 4
core id		: 2
cpu cores	: 2
apicid		: 4
initial apicid	: 4
fpu		: yes
fpu_exception	: yes
cpuid level	: 11
wp		: yes
flags		: fpu vme de pse tsc msr pae mce cx8 apic mtrr pge mca cmov pat pse36 clflush dts acpi mmx fxsr sse sse2 ss ht tm pbe syscall nx rdtscp lm constant_tsc arch_perfmon pebs bts rep_good xtopology nonstop_tsc aperfmperf pni dtes64 monitor ds_cpl vmx est tm2 ssse3 cx16 xtpr pdcm sse4_1 sse4_2 popcnt lahf_lm arat dts tpr_shadow vnmi flexpriority ept vpid
bogomips	: 5053.74
clflush size	: 64
cache_alignment	: 64
address sizes	: 36 bits physical, 48 bits virtual
power management:

processor	: 2
vendor_id	: GenuineIntel
cpu family	: 6
model		: 37
model name	: Intel(R) Core(TM) i3 CPU       M 380  @ 2.53GHz
stepping	: 5
cpu MHz		: 2533.000
cache size	: 3072 KB
physical id	: 0
siblings	: 4
core id		: 0
cpu cores	: 2
apicid		: 1
initial apicid	: 1
fpu		: yes
fpu_exception	: yes
cpuid level	: 11
wp		: yes
flags		: fpu vme de pse tsc msr pae mce cx8 apic mtrr pge mca cmov pat pse36 clflush dts acpi mmx fxsr sse sse2 ss ht tm pbe syscall nx rdtscp lm constant_tsc arch_perfmon pebs bts rep_good xtopology nonstop_tsc aperfmperf pni dtes64 monitor ds_cpl vmx est tm2 ssse3 cx16 xtpr pdcm sse4_1 sse4_2 popcnt lahf_lm arat dts tpr_shadow vnmi flexpriority ept vpid
bogomips	: 5053.73
clflush size	: 64
cache_alignment	: 64
address sizes	: 36 bits physical, 48 bits virtual
power management:

processor	: 3
vendor_id	: GenuineIntel
cpu family	: 6
model		: 37
model name	: Intel(R) Core(TM) i3 CPU       M 380  @ 2.53GHz
stepping	: 5
cpu MHz		: 2533.000
cache size	: 3072 KB
physical id	: 0
siblings	: 4
core id		: 2
cpu cores	: 2
apicid		: 5
initial apicid	: 5
fpu		: yes
fpu_exception	: yes
cpuid level	: 11
wp		: yes
flags		: fpu vme de pse tsc msr pae mce cx8 apic mtrr pge mca cmov pat pse36 clflush dts acpi mmx fxsr sse sse2 ss ht tm pbe syscall nx rdtscp lm constant_tsc arch_perfmon pebs bts rep_good xtopology nonstop_tsc aperfmperf pni dtes64 monitor ds_cpl vmx est tm2 ssse3 cx16 xtpr pdcm sse4_1 sse4_2 popcnt lahf_lm arat dts tpr_shadow vnmi flexpriority ept vpid
bogomips	: 5053.73
clflush size	: 64
cache_alignment	: 64
address sizes	: 36 bits physical, 48 bits virtual
power management:



Memory: 4k page, physical 5851108k(1948556k free), swap 9375736k(9375736k free)

vm_info: Java HotSpot(TM) 64-Bit Server VM (20.4-b02) for linux-amd64 JRE (1.6.0_29-b11), built on Oct  3 2011 01:19:20 by "java_re" with gcc 3.2.2 (SuSE Linux)

time: Mon Dec 10 01:28:29 2012
elapsed time: 0 seconds

