#
# A fatal error has been detected by the Java Runtime Environment:
#
#  SIGSEGV (0xb) at pc=0x00007f80e4d31440, pid=4803, tid=140191425742592
#
# JRE version: 6.0_29-b11
# Java VM: Java HotSpot(TM) 64-Bit Server VM (20.4-b02 mixed mode linux-amd64 compressed oops)
# Problematic frame:
# V  [libjvm.so+0x39b440]  _GLOBAL__I__ZN17CompilationPolicy7_policyE+0x20
#
# If you would like to submit a bug report, please visit:
#   http://java.sun.com/webapps/bugreport/crash.jsp
#

---------------  T H R E A D  ---------------

Current thread (0x00007f80e0071800):  VMThread [stack: 0x00007f80dc11c000,0x00007f80dc21d000] [id=4813]

siginfo:si_signo=SIGSEGV: si_errno=0, si_code=1 (SEGV_MAPERR), si_addr=0x0000000000b10044

Registers:
RAX=0x0000000000000010, RBX=0x0000000000000001, RCX=0x0000000000000000, RDX=0x0000000000b10000
RSP=0x00007f80dc21b928, RBP=0x00007f80dc21b960, RSI=0x0000000000000000, RDI=0x0000000000b10000
R8 =0x00007f80e5437ee0, R9 =0x00007f80e00286c0, R10=0x00007f80e5417260, R11=0x0000000000000080
R12=0x0000000000780000, R13=0x00000000a1aba8f8, R14=0x00007f80e4d31440, R15=0x00007f80e542e578
RIP=0x00007f80e4d31440, EFLAGS=0x0000000000010202, CSGSFS=0x0000000000000033, ERR=0x0000000000000004
  TRAPNO=0x000000000000000e

Top of Stack: (sp=0x00007f80dc21b928)
0x00007f80dc21b928:   00007f80e4e455c7 00007f80dc21b960
0x00007f80dc21b938:   0000000000000002 00007f80e541bc68
0x00007f80dc21b948:   00007f80e5433e78 00007f80e5430000
0x00007f80dc21b958:   00007f80e542e578 00007f80dc21b980
0x00007f80dc21b968:   00007f80e4d305f4 401b666666666666
0x00007f80dc21b978:   00007f80dc21b9a0 00007f80dc21b990
0x00007f80dc21b988:   00007f80e4d3062e 00007f80dc21b9e0
0x00007f80dc21b998:   00007f80e5119964 00007f80dc010100
0x00007f80dc21b9a8:   0000000000000000 0000000000000006
0x00007f80dc21b9b8:   00007f80e0009700 00007f80dc21b9e0
0x00007f80dc21b9c8:   00007f80e00008c0 00007f80e5433e5c
0x00007f80dc21b9d8:   00007f80e5433e58 00007f80dc21ba80
0x00007f80dc21b9e8:   00007f80e51194a5 0000000000000007
0x00007f80dc21b9f8:   000000314887a141 0000000000000130
0x00007f80dc21ba08:   00007f80dc21ba30 0000000000000130
0x00007f80dc21ba18:   00000004e509e288 00007f80dc21ba60
0x00007f80dc21ba28:   00000006e0008100 00007f80e0004b10
0x00007f80dc21ba38:   00007f80e50a6458 00007f80e0004c10
0x00007f80dc21ba48:   00007f80e542e650 00007f80e0071800
0x00007f80dc21ba58:   00007f80e556fd40 00007f80e0071800
0x00007f80dc21ba68:   00007f80e0072900 00007f80e0071800
0x00007f80dc21ba78:   0000000000000007 00007f80dc21bae0
0x00007f80dc21ba88:   00007f80e5202af4 00007f80dc21bac0
0x00007f80dc21ba98:   00007f80e5077a32 00007f80e0071800
0x00007f80dc21baa8:   00007f80e00729e0 00007f80e00729e0
0x00007f80dc21bab8:   00007f80e5431250 00007f80e0004e90
0x00007f80dc21bac8:   00007f80e0072900 00007f80e5431250
0x00007f80dc21bad8:   00007f80e00729e0 00007f80dc21beb0
0x00007f80dc21bae8:   00007f80e50a6b8f 0000000000000000
0x00007f80dc21baf8:   0000000000000000 0000000000000000
0x00007f80dc21bb08:   0000000000000000 0000000000000000
0x00007f80dc21bb18:   0000000000000000 0000000000000000 

Instructions: (pc=0x00007f80e4d31440)
0x00007f80e4d31420:   55 be ff ff 00 00 bf 01 00 00 00 48 89 e5 c9 e9
0x00007f80e4d31430:   dc ec ff ff 66 66 66 90 66 66 66 90 66 66 66 90
0x00007f80e4d31440:   8b 77 44 55 48 89 e5 89 f2 c1 ea 03 89 d1 d1 f9
0x00007f80e4d31450:   85 d2 7e 0a 85 c9 b8 01 00 00 00 0f 44 c8 89 f0 

Register to memory mapping:

RAX=0x0000000000000010 is an unknown value
RBX=0x0000000000000001 is an unknown value
RCX=0x0000000000000000 is an unknown value
RDX=0x0000000000b10000 is an unknown value
RSP=0x00007f80dc21b928 is an unknown value
RBP=0x00007f80dc21b960 is an unknown value
RSI=0x0000000000000000 is an unknown value
RDI=0x0000000000b10000 is an unknown value
R8 =0x00007f80e5437ee0: <offset 0xaa1ee0> in /home/chenjw/software/jdk1.6.0_29/jre/lib/amd64/server/libjvm.so at 0x00007f80e4996000
R9 =0x00007f80e00286c0 is an unknown value
R10=0x00007f80e5417260: <offset 0xa81260> in /home/chenjw/software/jdk1.6.0_29/jre/lib/amd64/server/libjvm.so at 0x00007f80e4996000
R11=0x0000000000000080 is an unknown value
R12=0x0000000000780000 is an unknown value
R13=0x00000000a1aba8f8 is an oop
{instance class} 
 - klass: {other class}
R14=0x00007f80e4d31440: <offset 0x39b440> in /home/chenjw/software/jdk1.6.0_29/jre/lib/amd64/server/libjvm.so at 0x00007f80e4996000
R15=0x00007f80e542e578: <offset 0xa98578> in /home/chenjw/software/jdk1.6.0_29/jre/lib/amd64/server/libjvm.so at 0x00007f80e4996000


Stack: [0x00007f80dc11c000,0x00007f80dc21d000],  sp=0x00007f80dc21b928,  free space=1022k
Native frames: (J=compiled Java code, j=interpreted, Vv=VM code, C=native code)
V  [libjvm.so+0x39b440]  _GLOBAL__I__ZN17CompilationPolicy7_policyE+0x20
V  [libjvm.so+0x39a5f4]  CounterDecay::decay()+0x84
V  [libjvm.so+0x39a62e]  NonTieredCompPolicy::do_safepoint_work()+0x2e
V  [libjvm.so+0x783964]  SafepointSynchronize::do_cleanup_tasks()+0x94
V  [libjvm.so+0x7834a5]  SafepointSynchronize::begin()+0x385
V  [libjvm.so+0x86caf4]  VMThread::run()+0x84
V  [libjvm.so+0x710b8f]  java_start(Thread*)+0x13f


---------------  P R O C E S S  ---------------

Java Threads: ( => current thread )
  0x00007f80e009f000 JavaThread "Low Memory Detector" daemon [_thread_blocked, id=4820, stack(0x00007f80c7afb000,0x00007f80c7bfc000)]
  0x00007f80e009b000 JavaThread "C2 CompilerThread1" daemon [_thread_blocked, id=4819, stack(0x00007f80c7bfc000,0x00007f80c7cfd000)]
  0x00007f80e0098000 JavaThread "C2 CompilerThread0" daemon [_thread_blocked, id=4818, stack(0x00007f80c7cfd000,0x00007f80c7dfe000)]
  0x00007f80e0096000 JavaThread "Signal Dispatcher" daemon [_thread_blocked, id=4817, stack(0x00007f80c7dfe000,0x00007f80c7eff000)]
  0x00007f80e007a000 JavaThread "Finalizer" daemon [_thread_blocked, id=4815, stack(0x00007f80c7eff000,0x00007f80c8000000)]
  0x00007f80e0078000 JavaThread "Reference Handler" daemon [_thread_blocked, id=4814, stack(0x00007f80dc01b000,0x00007f80dc11c000)]

Other Threads:
=>0x00007f80e0071800 VMThread [stack: 0x00007f80dc11c000,0x00007f80dc21d000] [id=4813]

VM state:at safepoint (normal execution)

VM Mutex/Monitor currently owned by a thread:  ([mutex/lock_event])
[0x00007f80e0004b10] Safepoint_lock - owner thread: 0x00007f80e0071800
[0x00007f80e0004b90] Threads_lock - owner thread: 0x00007f80e0071800
[0x00007f80e0005090] Heap_lock - owner thread: 0x00007f80e0007000

Heap
 PSYoungGen      total 26688K, used 1374K [0x00000000e2360000, 0x00000000e4120000, 0x0000000100000000)
  eden space 22912K, 6% used [0x00000000e2360000,0x00000000e24b7bb0,0x00000000e39c0000)
  from space 3776K, 0% used [0x00000000e3d70000,0x00000000e3d70000,0x00000000e4120000)
  to   space 3776K, 0% used [0x00000000e39c0000,0x00000000e39c0000,0x00000000e3d70000)
 PSOldGen        total 60992K, used 0K [0x00000000a6a00000, 0x00000000aa590000, 0x00000000e2360000)
  object space 60992K, 0% used [0x00000000a6a00000,0x00000000a6a00000,0x00000000aa590000)
 PSPermGen       total 21248K, used 3292K [0x00000000a1800000, 0x00000000a2cc0000, 0x00000000a6a00000)
  object space 21248K, 15% used [0x00000000a1800000,0x00000000a1b370d0,0x00000000a2cc0000)

Code Cache  [0x00007f80dd000000, 0x00007f80dd270000, 0x00007f80e0000000)
 total_blobs=173 nmethods=2 adapters=126 free_code_cache=49942144 largest_free_block=14208

Dynamic libraries:
40000000-40009000 r-xp 00000000 08:06 395485                             /home/chenjw/software/jdk1.6.0_29/bin/java
40108000-4010a000 rwxp 00008000 08:06 395485                             /home/chenjw/software/jdk1.6.0_29/bin/java
406db000-406fc000 rwxp 00000000 00:00 0                                  [heap]
a1800000-a2cc0000 rwxp 00000000 00:00 0 
a2cc0000-a6a00000 rwxp 00000000 00:00 0 
a6a00000-aa590000 rwxp 00000000 00:00 0 
aa590000-e2360000 rwxp 00000000 00:00 0 
e2360000-e4120000 rwxp 00000000 00:00 0 
e4120000-100000000 rwxp 00000000 00:00 0 
3148400000-3148420000 r-xp 00000000 08:06 4706                           /lib64/ld-2.12.so
314861f000-3148620000 r-xp 0001f000 08:06 4706                           /lib64/ld-2.12.so
3148620000-3148621000 rwxp 00020000 08:06 4706                           /lib64/ld-2.12.so
3148621000-3148622000 rwxp 00000000 00:00 0 
3148800000-3148989000 r-xp 00000000 08:06 4757                           /lib64/libc-2.12.so
3148989000-3148b89000 ---p 00189000 08:06 4757                           /lib64/libc-2.12.so
3148b89000-3148b8d000 r-xp 00189000 08:06 4757                           /lib64/libc-2.12.so
3148b8d000-3148b8e000 rwxp 0018d000 08:06 4757                           /lib64/libc-2.12.so
3148b8e000-3148b93000 rwxp 00000000 00:00 0 
3148c00000-3148c17000 r-xp 00000000 08:06 5240                           /lib64/libpthread-2.12.so
3148c17000-3148e17000 ---p 00017000 08:06 5240                           /lib64/libpthread-2.12.so
3148e17000-3148e18000 r-xp 00017000 08:06 5240                           /lib64/libpthread-2.12.so
3148e18000-3148e19000 rwxp 00018000 08:06 5240                           /lib64/libpthread-2.12.so
3148e19000-3148e1d000 rwxp 00000000 00:00 0 
3149000000-3149002000 r-xp 00000000 08:06 71859                          /lib64/libdl-2.12.so
3149002000-3149202000 ---p 00002000 08:06 71859                          /lib64/libdl-2.12.so
3149202000-3149203000 r-xp 00002000 08:06 71859                          /lib64/libdl-2.12.so
3149203000-3149204000 rwxp 00003000 08:06 71859                          /lib64/libdl-2.12.so
3149400000-3149483000 r-xp 00000000 08:06 35302                          /lib64/libm-2.12.so
3149483000-3149682000 ---p 00083000 08:06 35302                          /lib64/libm-2.12.so
3149682000-3149683000 r-xp 00082000 08:06 35302                          /lib64/libm-2.12.so
3149683000-3149684000 rwxp 00083000 08:06 35302                          /lib64/libm-2.12.so
3149800000-3149807000 r-xp 00000000 08:06 6812                           /lib64/librt-2.12.so
3149807000-3149a06000 ---p 00007000 08:06 6812                           /lib64/librt-2.12.so
3149a06000-3149a07000 r-xp 00006000 08:06 6812                           /lib64/librt-2.12.so
3149a07000-3149a08000 rwxp 00007000 08:06 6812                           /lib64/librt-2.12.so
3157c00000-3157c16000 r-xp 00000000 08:06 73879                          /lib64/libnsl-2.12.so
3157c16000-3157e15000 ---p 00016000 08:06 73879                          /lib64/libnsl-2.12.so
3157e15000-3157e16000 r-xp 00015000 08:06 73879                          /lib64/libnsl-2.12.so
3157e16000-3157e17000 rwxp 00016000 08:06 73879                          /lib64/libnsl-2.12.so
3157e17000-3157e19000 rwxp 00000000 00:00 0 
7f80a0000000-7f80a0021000 rwxp 00000000 00:00 0 
7f80a0021000-7f80a4000000 ---p 00000000 00:00 0 
7f80a4000000-7f80a4021000 rwxp 00000000 00:00 0 
7f80a4021000-7f80a8000000 ---p 00000000 00:00 0 
7f80a8000000-7f80a806d000 rwxp 00000000 00:00 0 
7f80a806d000-7f80ac000000 ---p 00000000 00:00 0 
7f80ac000000-7f80ac0e4000 rwxp 00000000 00:00 0 
7f80ac0e4000-7f80b0000000 ---p 00000000 00:00 0 
7f80b0000000-7f80b0021000 rwxp 00000000 00:00 0 
7f80b0021000-7f80b4000000 ---p 00000000 00:00 0 
7f80b616f000-7f80bc000000 r-xp 00000000 08:06 76576                      /usr/lib/locale/locale-archive
7f80bc000000-7f80bc021000 rwxp 00000000 00:00 0 
7f80bc021000-7f80c0000000 ---p 00000000 00:00 0 
7f80c0000000-7f80c0021000 rwxp 00000000 00:00 0 
7f80c0021000-7f80c4000000 ---p 00000000 00:00 0 
7f80c77f3000-7f80c77f9000 r-xp 00000000 08:06 140142                     /tmp/libnativehelper8531871893544212847.so (deleted)
7f80c77f9000-7f80c79f9000 ---p 00006000 08:06 140142                     /tmp/libnativehelper8531871893544212847.so (deleted)
7f80c79f9000-7f80c79fa000 rwxp 00006000 08:06 140142                     /tmp/libnativehelper8531871893544212847.so (deleted)
7f80c79fa000-7f80c79fb000 ---p 00000000 00:00 0 
7f80c79fb000-7f80c7afb000 rwxp 00000000 00:00 0 
7f80c7afb000-7f80c7afe000 ---p 00000000 00:00 0 
7f80c7afe000-7f80c7bfc000 rwxp 00000000 00:00 0 
7f80c7bfc000-7f80c7bff000 ---p 00000000 00:00 0 
7f80c7bff000-7f80c7cfd000 rwxp 00000000 00:00 0 
7f80c7cfd000-7f80c7d00000 ---p 00000000 00:00 0 
7f80c7d00000-7f80c7dfe000 rwxp 00000000 00:00 0 
7f80c7dfe000-7f80c7e01000 ---p 00000000 00:00 0 
7f80c7e01000-7f80c7eff000 rwxp 00000000 00:00 0 
7f80c7eff000-7f80c7f02000 ---p 00000000 00:00 0 
7f80c7f02000-7f80c8000000 rwxp 00000000 00:00 0 
7f80c8000000-7f80c8021000 rwxp 00000000 00:00 0 
7f80c8021000-7f80cc000000 ---p 00000000 00:00 0 
7f80cc000000-7f80cc021000 rwxp 00000000 00:00 0 
7f80cc021000-7f80d0000000 ---p 00000000 00:00 0 
7f80d0000000-7f80d0021000 rwxp 00000000 00:00 0 
7f80d0021000-7f80d4000000 ---p 00000000 00:00 0 
7f80d4000000-7f80d4021000 rwxp 00000000 00:00 0 
7f80d4021000-7f80d8000000 ---p 00000000 00:00 0 
7f80d8000000-7f80d8021000 rwxp 00000000 00:00 0 
7f80d8021000-7f80dc000000 ---p 00000000 00:00 0 
7f80dc01b000-7f80dc01e000 ---p 00000000 00:00 0 
7f80dc01e000-7f80dc11c000 rwxp 00000000 00:00 0 
7f80dc11c000-7f80dc11d000 ---p 00000000 00:00 0 
7f80dc11d000-7f80dc759000 rwxp 00000000 00:00 0 
7f80dc759000-7f80dc907000 r-xs 019e3000 08:06 403118                     /home/chenjw/software/jdk1.6.0_29/jre/lib/rt_debug.jar
7f80dc907000-7f80dc908000 ---p 00000000 00:00 0 
7f80dc908000-7f80dca08000 rwxp 00000000 00:00 0 
7f80dca08000-7f80dca09000 ---p 00000000 00:00 0 
7f80dca09000-7f80dcb09000 rwxp 00000000 00:00 0 
7f80dcb09000-7f80dcb0a000 ---p 00000000 00:00 0 
7f80dcb0a000-7f80dcc0a000 rwxp 00000000 00:00 0 
7f80dcc0a000-7f80dcc0b000 ---p 00000000 00:00 0 
7f80dcc0b000-7f80dcd16000 rwxp 00000000 00:00 0 
7f80dcd16000-7f80dcd34000 rwxp 00000000 00:00 0 
7f80dcd34000-7f80dcd52000 rwxp 00000000 00:00 0 
7f80dcd52000-7f80dcf10000 rwxp 00000000 00:00 0 
7f80dcf10000-7f80dcf20000 rwxp 00000000 00:00 0 
7f80dcf20000-7f80dcfff000 rwxp 00000000 00:00 0 
7f80dcfff000-7f80dd270000 rwxp 00000000 00:00 0 
7f80dd270000-7f80e00d1000 rwxp 00000000 00:00 0 
7f80e00d1000-7f80e4000000 ---p 00000000 00:00 0 
7f80e4030000-7f80e4063000 rwxp 00000000 00:00 0 
7f80e4063000-7f80e4081000 rwxp 00000000 00:00 0 
7f80e4081000-7f80e409f000 rwxp 00000000 00:00 0 
7f80e409f000-7f80e425e000 rwxp 00000000 00:00 0 
7f80e425e000-7f80e4268000 rwxp 00000000 00:00 0 
7f80e4268000-7f80e431e000 rwxp 00000000 00:00 0 
7f80e431e000-7f80e432c000 r-xp 00000000 08:06 396134                     /home/chenjw/software/jdk1.6.0_29/jre/lib/amd64/libzip.so
7f80e432c000-7f80e442e000 ---p 0000e000 08:06 396134                     /home/chenjw/software/jdk1.6.0_29/jre/lib/amd64/libzip.so
7f80e442e000-7f80e4431000 rwxp 00010000 08:06 396134                     /home/chenjw/software/jdk1.6.0_29/jre/lib/amd64/libzip.so
7f80e4431000-7f80e4432000 rwxp 00000000 00:00 0 
7f80e4432000-7f80e443e000 r-xp 00000000 08:06 37321                      /lib64/libnss_files-2.12.so
7f80e443e000-7f80e463e000 ---p 0000c000 08:06 37321                      /lib64/libnss_files-2.12.so
7f80e463e000-7f80e463f000 r-xp 0000c000 08:06 37321                      /lib64/libnss_files-2.12.so
7f80e463f000-7f80e4640000 rwxp 0000d000 08:06 37321                      /lib64/libnss_files-2.12.so
7f80e4657000-7f80e4680000 r-xp 00000000 08:06 396147                     /home/chenjw/software/jdk1.6.0_29/jre/lib/amd64/libjava.so
7f80e4680000-7f80e477f000 ---p 00029000 08:06 396147                     /home/chenjw/software/jdk1.6.0_29/jre/lib/amd64/libjava.so
7f80e477f000-7f80e4786000 rwxp 00028000 08:06 396147                     /home/chenjw/software/jdk1.6.0_29/jre/lib/amd64/libjava.so
7f80e4786000-7f80e4793000 r-xp 00000000 08:06 396129                     /home/chenjw/software/jdk1.6.0_29/jre/lib/amd64/libverify.so
7f80e4793000-7f80e4892000 ---p 0000d000 08:06 396129                     /home/chenjw/software/jdk1.6.0_29/jre/lib/amd64/libverify.so
7f80e4892000-7f80e4895000 rwxp 0000c000 08:06 396129                     /home/chenjw/software/jdk1.6.0_29/jre/lib/amd64/libverify.so
7f80e4895000-7f80e4898000 ---p 00000000 00:00 0 
7f80e4898000-7f80e4996000 rwxp 00000000 00:00 0 
7f80e4996000-7f80e52b0000 r-xp 00000000 08:06 396154                     /home/chenjw/software/jdk1.6.0_29/jre/lib/amd64/server/libjvm.so
7f80e52b0000-7f80e53b2000 ---p 0091a000 08:06 396154                     /home/chenjw/software/jdk1.6.0_29/jre/lib/amd64/server/libjvm.so
7f80e53b2000-7f80e5567000 rwxp 0091c000 08:06 396154                     /home/chenjw/software/jdk1.6.0_29/jre/lib/amd64/server/libjvm.so
7f80e5567000-7f80e55a4000 rwxp 00000000 00:00 0 
7f80e55a4000-7f80e55ab000 r-xp 00000000 08:06 396119                     /home/chenjw/software/jdk1.6.0_29/jre/lib/amd64/jli/libjli.so
7f80e55ab000-7f80e56ac000 ---p 00007000 08:06 396119                     /home/chenjw/software/jdk1.6.0_29/jre/lib/amd64/jli/libjli.so
7f80e56ac000-7f80e56ae000 rwxp 00008000 08:06 396119                     /home/chenjw/software/jdk1.6.0_29/jre/lib/amd64/jli/libjli.so
7f80e56ae000-7f80e56af000 rwxp 00000000 00:00 0 
7f80e56bb000-7f80e56bc000 rwxp 00000000 00:00 0 
7f80e56bc000-7f80e56c4000 rwxs 00000000 08:06 4988051                    /tmp/hsperfdata_chenjw/4803
7f80e56c4000-7f80e56c5000 rwxp 00000000 00:00 0 
7f80e56c5000-7f80e56c6000 ---p 00000000 00:00 0 
7f80e56c6000-7f80e56c7000 rwxp 00000000 00:00 0 
7fffa78cd000-7fffa78e2000 rwxp 00000000 00:00 0                          [stack]
7fffa79ff000-7fffa7a00000 r-xp 00000000 00:00 0                          [vdso]
ffffffffff600000-ffffffffff601000 r-xp 00000000 00:00 0                  [vsyscall]

VM Arguments:
jvm_args: -Dfile.encoding=UTF-8 
java_command: com.chenjw.knife.agent.utils.NativeHelper
Launcher Type: SUN_STANDARD

Environment Variables:
JAVA_HOME=/home/chenjw/software/jdk1.6.0_34
CLASSPATH=.:/home/chenjw/software/jdk1.6.0_34/lib:
PATH=/home/chenjw/software/jdk1.6.0_34/bin:/home/chenjw/software/apache-maven-2.2.1/bin:/home/chenjw/software/apache-ant-1.8.3/bin:/usr/lib64/qt-3.3/bin:/usr/local/bin:/usr/bin:/bin:/usr/local/sbin:/usr/sbin:/sbin:/home/chenjw/workspace_go/go/bin:/home/chenjw/bin
USERNAME=chenjw
LD_LIBRARY_PATH=/home/chenjw/software/jdk1.6.0_29/jre/lib/amd64/server:/home/chenjw/software/jdk1.6.0_29/jre/lib/amd64:/home/chenjw/software/jdk1.6.0_29/jre/../lib/amd64:/home/chenjw/software/jdk1.6.0_34/jre/lib/amd64/server:/home/chenjw/software/jdk1.6.0_34/jre/lib/amd64:/home/chenjw/software/jdk1.6.0_34/jre/../lib/amd64
SHELL=/bin/bash
DISPLAY=:0.0

Signal Handlers:
SIGSEGV: [libjvm.so+0x85f780], sa_mask[0]=0x7ffbfeff, sa_flags=0x10000004
SIGBUS: [libjvm.so+0x85f780], sa_mask[0]=0x7ffbfeff, sa_flags=0x10000004
SIGFPE: [libjvm.so+0x70e3b0], sa_mask[0]=0x7ffbfeff, sa_flags=0x10000004
SIGPIPE: [libjvm.so+0x70e3b0], sa_mask[0]=0x7ffbfeff, sa_flags=0x10000004
SIGXFSZ: [libjvm.so+0x70e3b0], sa_mask[0]=0x7ffbfeff, sa_flags=0x10000004
SIGILL: [libjvm.so+0x70e3b0], sa_mask[0]=0x7ffbfeff, sa_flags=0x10000004
SIGUSR1: SIG_DFL, sa_mask[0]=0x00000000, sa_flags=0x00000000
SIGUSR2: [libjvm.so+0x7111c0], sa_mask[0]=0x00000004, sa_flags=0x10000004
SIGHUP: [libjvm.so+0x710dc0], sa_mask[0]=0x7ffbfeff, sa_flags=0x10000004
SIGINT: [libjvm.so+0x710dc0], sa_mask[0]=0x7ffbfeff, sa_flags=0x10000004
SIGTERM: [libjvm.so+0x710dc0], sa_mask[0]=0x7ffbfeff, sa_flags=0x10000004
SIGQUIT: [libjvm.so+0x710dc0], sa_mask[0]=0x7ffbfeff, sa_flags=0x10000004


---------------  S Y S T E M  ---------------

OS:CentOS release 6.2 (Final)

uname:Linux 2.6.32-220.4.1.el6.x86_64 #1 SMP Tue Jan 24 02:13:44 GMT 2012 x86_64
libc:glibc 2.12 NPTL 2.12 
rlimit: STACK 10240k, CORE 0k, NPROC 1024, NOFILE 1024, AS infinity
load average:0.33 0.22 0.15

/proc/meminfo:
MemTotal:        5851108 kB
MemFree:         1799696 kB
Buffers:          657904 kB
Cached:          1092692 kB
SwapCached:            0 kB
Active:          2359396 kB
Inactive:        1158524 kB
Active(anon):    1767720 kB
Inactive(anon):    14508 kB
Active(file):     591676 kB
Inactive(file):  1144016 kB
Unevictable:           0 kB
Mlocked:               0 kB
SwapTotal:       9375736 kB
SwapFree:        9375736 kB
Dirty:               972 kB
Writeback:             0 kB
AnonPages:       1759156 kB
Mapped:           167372 kB
Shmem:             14836 kB
Slab:             385800 kB
SReclaimable:     234304 kB
SUnreclaim:       151496 kB
KernelStack:        4088 kB
PageTables:        39556 kB
NFS_Unstable:          0 kB
Bounce:                0 kB
WritebackTmp:          0 kB
CommitLimit:    12301288 kB
Committed_AS:    3373548 kB
VmallocTotal:   34359738367 kB
VmallocUsed:      299688 kB
VmallocChunk:   34359431116 kB
HardwareCorrupted:     0 kB
AnonHugePages:    958464 kB
HugePages_Total:       0
HugePages_Free:        0
HugePages_Rsvd:        0
HugePages_Surp:        0
Hugepagesize:       2048 kB
DirectMap4k:        6144 kB
DirectMap2M:     6211584 kB


CPU:total 4 (2 cores per cpu, 2 threads per core) family 6 model 37 stepping 5, cmov, cx8, fxsr, mmx, sse, sse2, sse3, ssse3, sse4.1, sse4.2, popcnt, ht

/proc/cpuinfo:
processor	: 0
vendor_id	: GenuineIntel
cpu family	: 6
model		: 37
model name	: Intel(R) Core(TM) i3 CPU       M 380  @ 2.53GHz
stepping	: 5
cpu MHz		: 2533.000
cache size	: 3072 KB
physical id	: 0
siblings	: 4
core id		: 0
cpu cores	: 2
apicid		: 0
initial apicid	: 0
fpu		: yes
fpu_exception	: yes
cpuid level	: 11
wp		: yes
flags		: fpu vme de pse tsc msr pae mce cx8 apic mtrr pge mca cmov pat pse36 clflush dts acpi mmx fxsr sse sse2 ss ht tm pbe syscall nx rdtscp lm constant_tsc arch_perfmon pebs bts rep_good xtopology nonstop_tsc aperfmperf pni dtes64 monitor ds_cpl vmx est tm2 ssse3 cx16 xtpr pdcm sse4_1 sse4_2 popcnt lahf_lm arat dts tpr_shadow vnmi flexpriority ept vpid
bogomips	: 5053.12
clflush size	: 64
cache_alignment	: 64
address sizes	: 36 bits physical, 48 bits virtual
power management:

processor	: 1
vendor_id	: GenuineIntel
cpu family	: 6
model		: 37
model name	: Intel(R) Core(TM) i3 CPU       M 380  @ 2.53GHz
stepping	: 5
cpu MHz		: 933.000
cache size	: 3072 KB
physical id	: 0
siblings	: 4
core id		: 2
cpu cores	: 2
apicid		: 4
initial apicid	: 4
fpu		: yes
fpu_exception	: yes
cpuid level	: 11
wp		: yes
flags		: fpu vme de pse tsc msr pae mce cx8 apic mtrr pge mca cmov pat pse36 clflush dts acpi mmx fxsr sse sse2 ss ht tm pbe syscall nx rdtscp lm constant_tsc arch_perfmon pebs bts rep_good xtopology nonstop_tsc aperfmperf pni dtes64 monitor ds_cpl vmx est tm2 ssse3 cx16 xtpr pdcm sse4_1 sse4_2 popcnt lahf_lm arat dts tpr_shadow vnmi flexpriority ept vpid
bogomips	: 5053.73
clflush size	: 64
cache_alignment	: 64
address sizes	: 36 bits physical, 48 bits virtual
power management:

processor	: 2
vendor_id	: GenuineIntel
cpu family	: 6
model		: 37
model name	: Intel(R) Core(TM) i3 CPU       M 380  @ 2.53GHz
stepping	: 5
cpu MHz		: 933.000
cache size	: 3072 KB
physical id	: 0
siblings	: 4
core id		: 0
cpu cores	: 2
apicid		: 1
initial apicid	: 1
fpu		: yes
fpu_exception	: yes
cpuid level	: 11
wp		: yes
flags		: fpu vme de pse tsc msr pae mce cx8 apic mtrr pge mca cmov pat pse36 clflush dts acpi mmx fxsr sse sse2 ss ht tm pbe syscall nx rdtscp lm constant_tsc arch_perfmon pebs bts rep_good xtopology nonstop_tsc aperfmperf pni dtes64 monitor ds_cpl vmx est tm2 ssse3 cx16 xtpr pdcm sse4_1 sse4_2 popcnt lahf_lm arat dts tpr_shadow vnmi flexpriority ept vpid
bogomips	: 5053.73
clflush size	: 64
cache_alignment	: 64
address sizes	: 36 bits physical, 48 bits virtual
power management:

processor	: 3
vendor_id	: GenuineIntel
cpu family	: 6
model		: 37
model name	: Intel(R) Core(TM) i3 CPU       M 380  @ 2.53GHz
stepping	: 5
cpu MHz		: 933.000
cache size	: 3072 KB
physical id	: 0
siblings	: 4
core id		: 2
cpu cores	: 2
apicid		: 5
initial apicid	: 5
fpu		: yes
fpu_exception	: yes
cpuid level	: 11
wp		: yes
flags		: fpu vme de pse tsc msr pae mce cx8 apic mtrr pge mca cmov pat pse36 clflush dts acpi mmx fxsr sse sse2 ss ht tm pbe syscall nx rdtscp lm constant_tsc arch_perfmon pebs bts rep_good xtopology nonstop_tsc aperfmperf pni dtes64 monitor ds_cpl vmx est tm2 ssse3 cx16 xtpr pdcm sse4_1 sse4_2 popcnt lahf_lm arat dts tpr_shadow vnmi flexpriority ept vpid
bogomips	: 5053.73
clflush size	: 64
cache_alignment	: 64
address sizes	: 36 bits physical, 48 bits virtual
power management:



Memory: 4k page, physical 5851108k(1799696k free), swap 9375736k(9375736k free)

vm_info: Java HotSpot(TM) 64-Bit Server VM (20.4-b02) for linux-amd64 JRE (1.6.0_29-b11), built on Oct  3 2011 01:19:20 by "java_re" with gcc 3.2.2 (SuSE Linux)

time: Sun Dec 16 18:28:03 2012
elapsed time: 0 seconds

