#
# A fatal error has been detected by the Java Runtime Environment:
#
#  SIGSEGV (0xb) at pc=0x00007f92206a69d2, pid=24600, tid=140265581745920
#
# JRE version: 6.0_29-b11
# Java VM: Java HotSpot(TM) 64-Bit Server VM (20.4-b02 mixed mode linux-amd64 compressed oops)
# Problematic frame:
# V  [libjvm.so+0x3dc9d2]  constantPoolOopDesc::klass_at_impl(constantPoolHandle, int, Thread*)+0x42
#
# If you would like to submit a bug report, please visit:
#   http://java.sun.com/webapps/bugreport/crash.jsp
#

---------------  T H R E A D  ---------------

Current thread (0x00007f921c007000):  JavaThread "main" [_thread_in_vm, id=24605, stack(0x00007f92201c9000,0x00007f92202ca000)]

siginfo:si_signo=SIGSEGV: si_errno=0, si_code=1 (SEGV_MAPERR), si_addr=0x0000000000000008

Registers:
RAX=0x00007f921c007828, RBX=0x0000000000000000, RCX=0xfffffffffffffff7, RDX=0x00007f9220d4f530
RSP=0x00007f92202c8170, RBP=0x00007f92202c85b0, RSI=0x00007f9220d6bee0, RDI=0x00007f921c007828
R8 =0x000000000000005e, R9 =0x000000000000005e, R10=0x000000000000005e, R11=0x00007f921c007820
R12=0x0000000000000000, R13=0x00007f921c007828, R14=0x00007f921c007000, R15=0x0000000000000000
RIP=0x00007f92206a69d2, EFLAGS=0x0000000000010202, CSGSFS=0x0000000000000033, ERR=0x0000000000000004
  TRAPNO=0x000000000000000e

Top of Stack: (sp=0x00007f92202c8170)
0x00007f92202c8170:   00007f92202c8230 00007f9220ab2ece
0x00007f92202c8180:   00007f921c007000 00007f921c007000
0x00007f92202c8190:   00007f92202c81c0 00007f921c007838
0x00007f92202c81a0:   00007f921c007840 00007f921c0078e0
0x00007f92202c81b0:   00007f921c0078c0 00007f921c0078b8
0x00007f92202c81c0:   00007f92202c8230 00007f9220ab78f9
0x00007f92202c81d0:   00007f92202c81e8 000001ba3b3d4a79
0x00007f92202c81e0:   00007f921c004310 00007f921c0078b0
0x00007f92202c81f0:   00007f920000000e 00007f9200000000
0x00007f92202c8200:   00007f921c007838 00007f9220d69fe0
0x00007f92202c8210:   00007f9220d593d0 00000000a18d3c08
0x00007f92202c8220:   00007f92202c8230 00007f9220ab0297
0x00007f92202c8230:   00007f92202c8330 00007f9220ab37d1
0x00007f92202c8240:   00007f921c007000 00007f921c007000
0x00007f92202c8250:   00007f92202c82a8 00000000a19c35a8
0x00007f92202c8260:   0000000000000000 00007f921c0078a0
0x00007f92202c8270:   0000000000000000 00007f92202c82e0
0x00007f92202c8280:   00007f921c007840 3b3d4a79000001ba
0x00007f92202c8290:   3b3d4a79000001ba 00007f921c007838
0x00007f92202c82a0:   00007f920b0ee6c0 00007f921c007840
0x00007f92202c82b0:   00007f921c004310 0000000000000000
0x00007f92202c82c0:   0000000000000001 0000000000000000
0x00007f92202c82d0:   00007f92202c8380 00007f922053c105
0x00007f92202c82e0:   00007f921c007000 00007f921c007820
0x00007f92202c82f0:   00000012360be001 00007f92202c8301
0x00007f92202c8300:   00007f921c0078f8 00007f921c007900
0x00007f92202c8310:   00007f921c007000 00007f921c0078f8
0x00007f92202c8320:   00007f92202c8380 00007f922091b06d
0x00007f92202c8330:   00007f92202c8370 00007f9220ab2681
0x00007f92202c8340:   00000000e2392ff0 00007f921c005f60
0x00007f92202c8350:   00000000000001d4 00007f921c007000
0x00007f92202c8360:   00007f921c007838 00007f921c007820 

Instructions: (pc=0x00007f92206a69d2)
0x00007f92206a69b2:   17 48 83 c2 40 4a 8b 1c e2 48 8b 15 1e e9 7e 00
0x00007f92206a69c2:   80 3a 00 0f 84 35 0e 00 00 48 8b 35 ee cc 7e 00
0x00007f92206a69d2:   8b 53 08 8b 4e 08 48 d3 e2 48 03 16 48 8b 42 10
0x00007f92206a69e2:   48 8d 7a 10 ff 90 10 01 00 00 48 89 da 84 c0 74 

Register to memory mapping:

RAX=0x00007f921c007828 is an unknown value
RBX=0x0000000000000000 is an unknown value
RCX=0xfffffffffffffff7 is an unknown value
RDX=0x00007f9220d4f530: <offset 0xa85530> in /home/chenjw/software/jdk1.6.0_29/jre/lib/amd64/server/libjvm.so at 0x00007f92202ca000
RSP=0x00007f92202c8170 is pointing into the stack for thread: 0x00007f921c007000
RBP=0x00007f92202c85b0 is pointing into the stack for thread: 0x00007f921c007000
RSI=0x00007f9220d6bee0: <offset 0xaa1ee0> in /home/chenjw/software/jdk1.6.0_29/jre/lib/amd64/server/libjvm.so at 0x00007f92202ca000
RDI=0x00007f921c007828 is an unknown value
R8 =0x000000000000005e is an unknown value
R9 =0x000000000000005e is an unknown value
R10=0x000000000000005e is an unknown value
R11=0x00007f921c007820 is an unknown value
R12=0x0000000000000000 is an unknown value
R13=0x00007f921c007828 is an unknown value
R14=0x00007f921c007000 is a thread
R15=0x0000000000000000 is an unknown value


Stack: [0x00007f92201c9000,0x00007f92202ca000],  sp=0x00007f92202c8170,  free space=1020k
Native frames: (J=compiled Java code, j=interpreted, Vv=VM code, C=native code)
V  [libjvm.so+0x3dc9d2]  constantPoolOopDesc::klass_at_impl(constantPoolHandle, int, Thread*)+0x42
V  [libjvm.so+0x3de2be]  constantPoolOopDesc::klass_ref_at(int, Thread*)+0x4e
V  [libjvm.so+0x65115b]  LinkResolver::resolve_klass(KlassHandle&, constantPoolHandle, int, Thread*)+0x2b
V  [libjvm.so+0x655755]  LinkResolver::resolve_pool(KlassHandle&, symbolHandle&, symbolHandle&, KlassHandle&, constantPoolHandle, int, Thread*)+0x35
V  [libjvm.so+0x6559f5]  LinkResolver::resolve_invokespecial(CallInfo&, constantPoolHandle, int, Thread*)+0x55
V  [libjvm.so+0x6556fd]  LinkResolver::resolve_invoke(CallInfo&, Handle, constantPoolHandle, int, Bytecodes::Code, Thread*)+0x5d
V  [libjvm.so+0x4d7932]  InterpreterRuntime::resolve_invoke(JavaThread*, Bytecodes::Code)+0x202
j  com.chenjw.knife.agent.utils.NativeHelper.checkCapabilities()Ljava/util/Map;+49
j  com.chenjw.knife.agent.utils.NativeHelper.do4()V+0
j  com.chenjw.knife.agent.utils.NativeHelper.main([Ljava/lang/String;)V+0
v  ~StubRoutines::call_stub
V  [libjvm.so+0x4df400]  JavaCalls::call_helper(JavaValue*, methodHandle*, JavaCallArguments*, Thread*)+0x1e0
V  [libjvm.so+0x70f6d9]  os::os_exception_wrapper(void (*)(JavaValue*, methodHandle*, JavaCallArguments*, Thread*), JavaValue*, methodHandle*, JavaCallArguments*, Thread*)+0x19
V  [libjvm.so+0x4df215]  JavaCalls::call(JavaValue*, methodHandle, JavaCallArguments*, Thread*)+0x25
V  [libjvm.so+0x51ac67]  jni_invoke_static(JNIEnv_*, JavaValue*, _jobject*, JNICallType, _jmethodID*, JNI_ArgumentPusher*, Thread*)+0x147
V  [libjvm.so+0x5083ff]  unsigned+0x20f

Java frames: (J=compiled Java code, j=interpreted, Vv=VM code)
j  com.chenjw.knife.agent.utils.NativeHelper.checkCapabilities()Ljava/util/Map;+49
j  com.chenjw.knife.agent.utils.NativeHelper.do4()V+0
j  com.chenjw.knife.agent.utils.NativeHelper.main([Ljava/lang/String;)V+0
v  ~StubRoutines::call_stub

---------------  P R O C E S S  ---------------

Java Threads: ( => current thread )
  0x00007f921c09f000 JavaThread "Low Memory Detector" daemon [_thread_blocked, id=24617, stack(0x00007f920b3f4000,0x00007f920b4f5000)]
  0x00007f921c09b000 JavaThread "C2 CompilerThread1" daemon [_thread_blocked, id=24616, stack(0x00007f920b4f5000,0x00007f920b5f6000)]
  0x00007f921c098000 JavaThread "C2 CompilerThread0" daemon [_thread_blocked, id=24615, stack(0x00007f920b5f6000,0x00007f920b6f7000)]
  0x00007f921c096000 JavaThread "Signal Dispatcher" daemon [_thread_blocked, id=24614, stack(0x00007f920b6f7000,0x00007f920b7f8000)]
  0x00007f921c07a000 JavaThread "Finalizer" daemon [_thread_blocked, id=24612, stack(0x00007f920b7f8000,0x00007f920b8f9000)]
  0x00007f921c078000 JavaThread "Reference Handler" daemon [_thread_blocked, id=24611, stack(0x00007f920b8f9000,0x00007f920b9fa000)]
=>0x00007f921c007000 JavaThread "main" [_thread_in_vm, id=24605, stack(0x00007f92201c9000,0x00007f92202ca000)]

Other Threads:
  0x00007f921c071800 VMThread [stack: 0x00007f920b9fa000,0x00007f920bafb000] [id=24610]
  0x00007f921c0aa000 WatcherThread [stack: 0x00007f920b2f3000,0x00007f920b3f4000] [id=24618]

VM state:not at safepoint (normal execution)

VM Mutex/Monitor currently owned by a thread: None

Heap
 PSYoungGen      total 26688K, used 458K [0x00000000e2360000, 0x00000000e4120000, 0x0000000100000000)
  eden space 22912K, 2% used [0x00000000e2360000,0x00000000e23d2900,0x00000000e39c0000)
  from space 3776K, 0% used [0x00000000e3d70000,0x00000000e3d70000,0x00000000e4120000)
  to   space 3776K, 0% used [0x00000000e39c0000,0x00000000e39c0000,0x00000000e3d70000)
 PSOldGen        total 60992K, used 0K [0x00000000a6a00000, 0x00000000aa590000, 0x00000000e2360000)
  object space 60992K, 0% used [0x00000000a6a00000,0x00000000a6a00000,0x00000000aa590000)
 PSPermGen       total 21248K, used 2804K [0x00000000a1800000, 0x00000000a2cc0000, 0x00000000a6a00000)
  object space 21248K, 13% used [0x00000000a1800000,0x00000000a1abd0a8,0x00000000a2cc0000)

Code Cache  [0x00007f9218baf000, 0x00007f9218e1f000, 0x00007f921bbaf000)
 total_blobs=154 nmethods=0 adapters=122 free_code_cache=49952128 largest_free_block=0

Dynamic libraries:
40000000-40009000 r-xp 00000000 08:06 395485                             /home/chenjw/software/jdk1.6.0_29/bin/java
40108000-4010a000 rwxp 00008000 08:06 395485                             /home/chenjw/software/jdk1.6.0_29/bin/java
4139d000-413be000 rwxp 00000000 00:00 0                                  [heap]
a1800000-a2cc0000 rwxp 00000000 00:00 0 
a2cc0000-a6a00000 rwxp 00000000 00:00 0 
a6a00000-aa590000 rwxp 00000000 00:00 0 
aa590000-e2360000 rwxp 00000000 00:00 0 
e2360000-e4120000 rwxp 00000000 00:00 0 
e4120000-100000000 rwxp 00000000 00:00 0 
3148400000-3148420000 r-xp 00000000 08:06 4706                           /lib64/ld-2.12.so
314861f000-3148620000 r-xp 0001f000 08:06 4706                           /lib64/ld-2.12.so
3148620000-3148621000 rwxp 00020000 08:06 4706                           /lib64/ld-2.12.so
3148621000-3148622000 rwxp 00000000 00:00 0 
3148800000-3148989000 r-xp 00000000 08:06 4757                           /lib64/libc-2.12.so
3148989000-3148b89000 ---p 00189000 08:06 4757                           /lib64/libc-2.12.so
3148b89000-3148b8d000 r-xp 00189000 08:06 4757                           /lib64/libc-2.12.so
3148b8d000-3148b8e000 rwxp 0018d000 08:06 4757                           /lib64/libc-2.12.so
3148b8e000-3148b93000 rwxp 00000000 00:00 0 
3148c00000-3148c17000 r-xp 00000000 08:06 5240                           /lib64/libpthread-2.12.so
3148c17000-3148e17000 ---p 00017000 08:06 5240                           /lib64/libpthread-2.12.so
3148e17000-3148e18000 r-xp 00017000 08:06 5240                           /lib64/libpthread-2.12.so
3148e18000-3148e19000 rwxp 00018000 08:06 5240                           /lib64/libpthread-2.12.so
3148e19000-3148e1d000 rwxp 00000000 00:00 0 
3149000000-3149002000 r-xp 00000000 08:06 71859                          /lib64/libdl-2.12.so
3149002000-3149202000 ---p 00002000 08:06 71859                          /lib64/libdl-2.12.so
3149202000-3149203000 r-xp 00002000 08:06 71859                          /lib64/libdl-2.12.so
3149203000-3149204000 rwxp 00003000 08:06 71859                          /lib64/libdl-2.12.so
3149400000-3149483000 r-xp 00000000 08:06 35302                          /lib64/libm-2.12.so
3149483000-3149682000 ---p 00083000 08:06 35302                          /lib64/libm-2.12.so
3149682000-3149683000 r-xp 00082000 08:06 35302                          /lib64/libm-2.12.so
3149683000-3149684000 rwxp 00083000 08:06 35302                          /lib64/libm-2.12.so
3149800000-3149807000 r-xp 00000000 08:06 6812                           /lib64/librt-2.12.so
3149807000-3149a06000 ---p 00007000 08:06 6812                           /lib64/librt-2.12.so
3149a06000-3149a07000 r-xp 00006000 08:06 6812                           /lib64/librt-2.12.so
3149a07000-3149a08000 rwxp 00007000 08:06 6812                           /lib64/librt-2.12.so
3157c00000-3157c16000 r-xp 00000000 08:06 73879                          /lib64/libnsl-2.12.so
3157c16000-3157e15000 ---p 00016000 08:06 73879                          /lib64/libnsl-2.12.so
3157e15000-3157e16000 r-xp 00015000 08:06 73879                          /lib64/libnsl-2.12.so
3157e16000-3157e17000 rwxp 00016000 08:06 73879                          /lib64/libnsl-2.12.so
3157e17000-3157e19000 rwxp 00000000 00:00 0 
7f91dc000000-7f91dc021000 rwxp 00000000 00:00 0 
7f91dc021000-7f91e0000000 ---p 00000000 00:00 0 
7f91e0000000-7f91e0021000 rwxp 00000000 00:00 0 
7f91e0021000-7f91e4000000 ---p 00000000 00:00 0 
7f91e4000000-7f91e4021000 rwxp 00000000 00:00 0 
7f91e4021000-7f91e8000000 ---p 00000000 00:00 0 
7f91e8000000-7f91e8021000 rwxp 00000000 00:00 0 
7f91e8021000-7f91ec000000 ---p 00000000 00:00 0 
7f91ec000000-7f91ec021000 rwxp 00000000 00:00 0 
7f91ec021000-7f91f0000000 ---p 00000000 00:00 0 
7f91f216f000-7f91f8000000 r-xp 00000000 08:06 76576                      /usr/lib/locale/locale-archive
7f91f8000000-7f91f8021000 rwxp 00000000 00:00 0 
7f91f8021000-7f91fc000000 ---p 00000000 00:00 0 
7f91fc000000-7f91fc021000 rwxp 00000000 00:00 0 
7f91fc021000-7f9200000000 ---p 00000000 00:00 0 
7f9200000000-7f9200021000 rwxp 00000000 00:00 0 
7f9200021000-7f9204000000 ---p 00000000 00:00 0 
7f9204000000-7f9204021000 rwxp 00000000 00:00 0 
7f9204021000-7f9208000000 ---p 00000000 00:00 0 
7f920b0ec000-7f920b0f2000 r-xp 00000000 08:06 3807944                    /home/chenjw/my_workspace/knife/native/Default/libnativehelper.so
7f920b0f2000-7f920b2f2000 ---p 00006000 08:06 3807944                    /home/chenjw/my_workspace/knife/native/Default/libnativehelper.so
7f920b2f2000-7f920b2f3000 rwxp 00006000 08:06 3807944                    /home/chenjw/my_workspace/knife/native/Default/libnativehelper.so
7f920b2f3000-7f920b2f4000 ---p 00000000 00:00 0 
7f920b2f4000-7f920b3f4000 rwxp 00000000 00:00 0 
7f920b3f4000-7f920b3f7000 ---p 00000000 00:00 0 
7f920b3f7000-7f920b4f5000 rwxp 00000000 00:00 0 
7f920b4f5000-7f920b4f8000 ---p 00000000 00:00 0 
7f920b4f8000-7f920b5f6000 rwxp 00000000 00:00 0 
7f920b5f6000-7f920b5f9000 ---p 00000000 00:00 0 
7f920b5f9000-7f920b6f7000 rwxp 00000000 00:00 0 
7f920b6f7000-7f920b6fa000 ---p 00000000 00:00 0 
7f920b6fa000-7f920b7f8000 rwxp 00000000 00:00 0 
7f920b7f8000-7f920b7fb000 ---p 00000000 00:00 0 
7f920b7fb000-7f920b8f9000 rwxp 00000000 00:00 0 
7f920b8f9000-7f920b8fc000 ---p 00000000 00:00 0 
7f920b8fc000-7f920b9fa000 rwxp 00000000 00:00 0 
7f920b9fa000-7f920b9fb000 ---p 00000000 00:00 0 
7f920b9fb000-7f920c000000 rwxp 00000000 00:00 0 
7f920c000000-7f920c021000 rwxp 00000000 00:00 0 
7f920c021000-7f9210000000 ---p 00000000 00:00 0 
7f9210000000-7f9210021000 rwxp 00000000 00:00 0 
7f9210021000-7f9214000000 ---p 00000000 00:00 0 
7f9214000000-7f9214021000 rwxp 00000000 00:00 0 
7f9214021000-7f9218000000 ---p 00000000 00:00 0 
7f921806b000-7f9218219000 r-xs 019e3000 08:06 403118                     /home/chenjw/software/jdk1.6.0_29/jre/lib/rt_debug.jar
7f9218219000-7f921821a000 ---p 00000000 00:00 0 
7f921821a000-7f921831a000 rwxp 00000000 00:00 0 
7f921831a000-7f921831b000 ---p 00000000 00:00 0 
7f921831b000-7f921841b000 rwxp 00000000 00:00 0 
7f921841b000-7f921841c000 ---p 00000000 00:00 0 
7f921841c000-7f921851c000 rwxp 00000000 00:00 0 
7f921851c000-7f921851d000 ---p 00000000 00:00 0 
7f921851d000-7f921863b000 rwxp 00000000 00:00 0 
7f921863b000-7f92187fa000 rwxp 00000000 00:00 0 
7f92187fa000-7f9218805000 rwxp 00000000 00:00 0 
7f9218805000-7f9218823000 rwxp 00000000 00:00 0 
7f9218823000-7f9218841000 rwxp 00000000 00:00 0 
7f9218841000-7f92189ff000 rwxp 00000000 00:00 0 
7f92189ff000-7f9218a0f000 rwxp 00000000 00:00 0 
7f9218a0f000-7f9218aee000 rwxp 00000000 00:00 0 
7f9218aee000-7f9218af9000 rwxp 00000000 00:00 0 
7f9218af9000-7f9218baf000 rwxp 00000000 00:00 0 
7f9218baf000-7f9218e1f000 rwxp 00000000 00:00 0 
7f9218e1f000-7f921bbaf000 rwxp 00000000 00:00 0 
7f921bbaf000-7f921bbbd000 r-xp 00000000 08:06 396134                     /home/chenjw/software/jdk1.6.0_29/jre/lib/amd64/libzip.so
7f921bbbd000-7f921bcbf000 ---p 0000e000 08:06 396134                     /home/chenjw/software/jdk1.6.0_29/jre/lib/amd64/libzip.so
7f921bcbf000-7f921bcc2000 rwxp 00010000 08:06 396134                     /home/chenjw/software/jdk1.6.0_29/jre/lib/amd64/libzip.so
7f921bcc2000-7f921bcc3000 rwxp 00000000 00:00 0 
7f921bcc3000-7f921bccf000 r-xp 00000000 08:06 37321                      /lib64/libnss_files-2.12.so
7f921bccf000-7f921becf000 ---p 0000c000 08:06 37321                      /lib64/libnss_files-2.12.so
7f921becf000-7f921bed0000 r-xp 0000c000 08:06 37321                      /lib64/libnss_files-2.12.so
7f921bed0000-7f921bed1000 rwxp 0000d000 08:06 37321                      /lib64/libnss_files-2.12.so
7f921bed1000-7f921befa000 r-xp 00000000 08:06 396147                     /home/chenjw/software/jdk1.6.0_29/jre/lib/amd64/libjava.so
7f921befa000-7f921bff9000 ---p 00029000 08:06 396147                     /home/chenjw/software/jdk1.6.0_29/jre/lib/amd64/libjava.so
7f921bff9000-7f921c000000 rwxp 00028000 08:06 396147                     /home/chenjw/software/jdk1.6.0_29/jre/lib/amd64/libjava.so
7f921c000000-7f921c0d2000 rwxp 00000000 00:00 0 
7f921c0d2000-7f9220000000 ---p 00000000 00:00 0 
7f9220032000-7f922009c000 rwxp 00000000 00:00 0 
7f922009c000-7f92200ba000 rwxp 00000000 00:00 0 
7f92200ba000-7f92200c7000 r-xp 00000000 08:06 396129                     /home/chenjw/software/jdk1.6.0_29/jre/lib/amd64/libverify.so
7f92200c7000-7f92201c6000 ---p 0000d000 08:06 396129                     /home/chenjw/software/jdk1.6.0_29/jre/lib/amd64/libverify.so
7f92201c6000-7f92201c9000 rwxp 0000c000 08:06 396129                     /home/chenjw/software/jdk1.6.0_29/jre/lib/amd64/libverify.so
7f92201c9000-7f92201cc000 ---p 00000000 00:00 0 
7f92201cc000-7f92202ca000 rwxp 00000000 00:00 0 
7f92202ca000-7f9220be4000 r-xp 00000000 08:06 396154                     /home/chenjw/software/jdk1.6.0_29/jre/lib/amd64/server/libjvm.so
7f9220be4000-7f9220ce6000 ---p 0091a000 08:06 396154                     /home/chenjw/software/jdk1.6.0_29/jre/lib/amd64/server/libjvm.so
7f9220ce6000-7f9220e9b000 rwxp 0091c000 08:06 396154                     /home/chenjw/software/jdk1.6.0_29/jre/lib/amd64/server/libjvm.so
7f9220e9b000-7f9220ed8000 rwxp 00000000 00:00 0 
7f9220ed8000-7f9220edf000 r-xp 00000000 08:06 396119                     /home/chenjw/software/jdk1.6.0_29/jre/lib/amd64/jli/libjli.so
7f9220edf000-7f9220fe0000 ---p 00007000 08:06 396119                     /home/chenjw/software/jdk1.6.0_29/jre/lib/amd64/jli/libjli.so
7f9220fe0000-7f9220fe2000 rwxp 00008000 08:06 396119                     /home/chenjw/software/jdk1.6.0_29/jre/lib/amd64/jli/libjli.so
7f9220fe2000-7f9220fe3000 rwxp 00000000 00:00 0 
7f9220fef000-7f9220ff0000 rwxp 00000000 00:00 0 
7f9220ff0000-7f9220ff8000 rwxs 00000000 08:06 4988039                    /tmp/hsperfdata_chenjw/24600
7f9220ff8000-7f9220ff9000 rwxp 00000000 00:00 0 
7f9220ff9000-7f9220ffa000 r-xp 00000000 00:00 0 
7f9220ffa000-7f9220ffb000 rwxp 00000000 00:00 0 
7fff9cdfd000-7fff9ce12000 rwxp 00000000 00:00 0                          [stack]
7fff9cf36000-7fff9cf37000 r-xp 00000000 00:00 0                          [vdso]
ffffffffff600000-ffffffffff601000 r-xp 00000000 00:00 0                  [vsyscall]

VM Arguments:
jvm_args: -Dfile.encoding=UTF-8 
java_command: com.chenjw.knife.agent.utils.NativeHelper
Launcher Type: SUN_STANDARD

Environment Variables:
JAVA_HOME=/home/chenjw/software/jdk1.6.0_34
CLASSPATH=.:/home/chenjw/software/jdk1.6.0_34/lib:
PATH=/home/chenjw/software/jdk1.6.0_34/bin:/home/chenjw/software/apache-maven-2.2.1/bin:/home/chenjw/software/apache-ant-1.8.3/bin:/usr/lib64/qt-3.3/bin:/usr/local/bin:/usr/bin:/bin:/usr/local/sbin:/usr/sbin:/sbin:/home/chenjw/workspace_go/go/bin:/home/chenjw/bin
USERNAME=chenjw
LD_LIBRARY_PATH=/home/chenjw/software/jdk1.6.0_29/jre/lib/amd64/server:/home/chenjw/software/jdk1.6.0_29/jre/lib/amd64:/home/chenjw/software/jdk1.6.0_29/jre/../lib/amd64:/home/chenjw/software/jdk1.6.0_34/jre/lib/amd64/server:/home/chenjw/software/jdk1.6.0_34/jre/lib/amd64:/home/chenjw/software/jdk1.6.0_34/jre/../lib/amd64
SHELL=/bin/bash
DISPLAY=:0.0

Signal Handlers:
SIGSEGV: [libjvm.so+0x85f780], sa_mask[0]=0x7ffbfeff, sa_flags=0x10000004
SIGBUS: [libjvm.so+0x85f780], sa_mask[0]=0x7ffbfeff, sa_flags=0x10000004
SIGFPE: [libjvm.so+0x70e3b0], sa_mask[0]=0x7ffbfeff, sa_flags=0x10000004
SIGPIPE: [libjvm.so+0x70e3b0], sa_mask[0]=0x7ffbfeff, sa_flags=0x10000004
SIGXFSZ: [libjvm.so+0x70e3b0], sa_mask[0]=0x7ffbfeff, sa_flags=0x10000004
SIGILL: [libjvm.so+0x70e3b0], sa_mask[0]=0x7ffbfeff, sa_flags=0x10000004
SIGUSR1: SIG_DFL, sa_mask[0]=0x00000000, sa_flags=0x00000000
SIGUSR2: [libjvm.so+0x7111c0], sa_mask[0]=0x00000004, sa_flags=0x10000004
SIGHUP: [libjvm.so+0x710dc0], sa_mask[0]=0x7ffbfeff, sa_flags=0x10000004
SIGINT: [libjvm.so+0x710dc0], sa_mask[0]=0x7ffbfeff, sa_flags=0x10000004
SIGTERM: [libjvm.so+0x710dc0], sa_mask[0]=0x7ffbfeff, sa_flags=0x10000004
SIGQUIT: [libjvm.so+0x710dc0], sa_mask[0]=0x7ffbfeff, sa_flags=0x10000004


---------------  S Y S T E M  ---------------

OS:CentOS release 6.2 (Final)

uname:Linux 2.6.32-220.4.1.el6.x86_64 #1 SMP Tue Jan 24 02:13:44 GMT 2012 x86_64
libc:glibc 2.12 NPTL 2.12 
rlimit: STACK 10240k, CORE 0k, NPROC 1024, NOFILE 1024, AS infinity
load average:0.31 0.18 0.27

/proc/meminfo:
MemTotal:        5851108 kB
MemFree:         2164112 kB
Buffers:          650960 kB
Cached:           955264 kB
SwapCached:            0 kB
Active:          2086860 kB
Inactive:        1072768 kB
Active(anon):    1553728 kB
Inactive(anon):    10004 kB
Active(file):     533132 kB
Inactive(file):  1062764 kB
Unevictable:           0 kB
Mlocked:               0 kB
SwapTotal:       9375736 kB
SwapFree:        9375736 kB
Dirty:              1320 kB
Writeback:             0 kB
AnonPages:       1547380 kB
Mapped:           160248 kB
Shmem:             10332 kB
Slab:             381320 kB
SReclaimable:     229852 kB
SUnreclaim:       151468 kB
KernelStack:        3960 kB
PageTables:        38000 kB
NFS_Unstable:          0 kB
Bounce:                0 kB
WritebackTmp:          0 kB
CommitLimit:    12301288 kB
Committed_AS:    2981572 kB
VmallocTotal:   34359738367 kB
VmallocUsed:      299688 kB
VmallocChunk:   34359431116 kB
HardwareCorrupted:     0 kB
AnonHugePages:    913408 kB
HugePages_Total:       0
HugePages_Free:        0
HugePages_Rsvd:        0
HugePages_Surp:        0
Hugepagesize:       2048 kB
DirectMap4k:        6144 kB
DirectMap2M:     6211584 kB


CPU:total 4 (2 cores per cpu, 2 threads per core) family 6 model 37 stepping 5, cmov, cx8, fxsr, mmx, sse, sse2, sse3, ssse3, sse4.1, sse4.2, popcnt, ht

/proc/cpuinfo:
processor	: 0
vendor_id	: GenuineIntel
cpu family	: 6
model		: 37
model name	: Intel(R) Core(TM) i3 CPU       M 380  @ 2.53GHz
stepping	: 5
cpu MHz		: 933.000
cache size	: 3072 KB
physical id	: 0
siblings	: 4
core id		: 0
cpu cores	: 2
apicid		: 0
initial apicid	: 0
fpu		: yes
fpu_exception	: yes
cpuid level	: 11
wp		: yes
flags		: fpu vme de pse tsc msr pae mce cx8 apic mtrr pge mca cmov pat pse36 clflush dts acpi mmx fxsr sse sse2 ss ht tm pbe syscall nx rdtscp lm constant_tsc arch_perfmon pebs bts rep_good xtopology nonstop_tsc aperfmperf pni dtes64 monitor ds_cpl vmx est tm2 ssse3 cx16 xtpr pdcm sse4_1 sse4_2 popcnt lahf_lm arat dts tpr_shadow vnmi flexpriority ept vpid
bogomips	: 5053.12
clflush size	: 64
cache_alignment	: 64
address sizes	: 36 bits physical, 48 bits virtual
power management:

processor	: 1
vendor_id	: GenuineIntel
cpu family	: 6
model		: 37
model name	: Intel(R) Core(TM) i3 CPU       M 380  @ 2.53GHz
stepping	: 5
cpu MHz		: 2533.000
cache size	: 3072 KB
physical id	: 0
siblings	: 4
core id		: 2
cpu cores	: 2
apicid		: 4
initial apicid	: 4
fpu		: yes
fpu_exception	: yes
cpuid level	: 11
wp		: yes
flags		: fpu vme de pse tsc msr pae mce cx8 apic mtrr pge mca cmov pat pse36 clflush dts acpi mmx fxsr sse sse2 ss ht tm pbe syscall nx rdtscp lm constant_tsc arch_perfmon pebs bts rep_good xtopology nonstop_tsc aperfmperf pni dtes64 monitor ds_cpl vmx est tm2 ssse3 cx16 xtpr pdcm sse4_1 sse4_2 popcnt lahf_lm arat dts tpr_shadow vnmi flexpriority ept vpid
bogomips	: 5053.73
clflush size	: 64
cache_alignment	: 64
address sizes	: 36 bits physical, 48 bits virtual
power management:

processor	: 2
vendor_id	: GenuineIntel
cpu family	: 6
model		: 37
model name	: Intel(R) Core(TM) i3 CPU       M 380  @ 2.53GHz
stepping	: 5
cpu MHz		: 2533.000
cache size	: 3072 KB
physical id	: 0
siblings	: 4
core id		: 0
cpu cores	: 2
apicid		: 1
initial apicid	: 1
fpu		: yes
fpu_exception	: yes
cpuid level	: 11
wp		: yes
flags		: fpu vme de pse tsc msr pae mce cx8 apic mtrr pge mca cmov pat pse36 clflush dts acpi mmx fxsr sse sse2 ss ht tm pbe syscall nx rdtscp lm constant_tsc arch_perfmon pebs bts rep_good xtopology nonstop_tsc aperfmperf pni dtes64 monitor ds_cpl vmx est tm2 ssse3 cx16 xtpr pdcm sse4_1 sse4_2 popcnt lahf_lm arat dts tpr_shadow vnmi flexpriority ept vpid
bogomips	: 5053.73
clflush size	: 64
cache_alignment	: 64
address sizes	: 36 bits physical, 48 bits virtual
power management:

processor	: 3
vendor_id	: GenuineIntel
cpu family	: 6
model		: 37
model name	: Intel(R) Core(TM) i3 CPU       M 380  @ 2.53GHz
stepping	: 5
cpu MHz		: 2533.000
cache size	: 3072 KB
physical id	: 0
siblings	: 4
core id		: 2
cpu cores	: 2
apicid		: 5
initial apicid	: 5
fpu		: yes
fpu_exception	: yes
cpuid level	: 11
wp		: yes
flags		: fpu vme de pse tsc msr pae mce cx8 apic mtrr pge mca cmov pat pse36 clflush dts acpi mmx fxsr sse sse2 ss ht tm pbe syscall nx rdtscp lm constant_tsc arch_perfmon pebs bts rep_good xtopology nonstop_tsc aperfmperf pni dtes64 monitor ds_cpl vmx est tm2 ssse3 cx16 xtpr pdcm sse4_1 sse4_2 popcnt lahf_lm arat dts tpr_shadow vnmi flexpriority ept vpid
bogomips	: 5053.73
clflush size	: 64
cache_alignment	: 64
address sizes	: 36 bits physical, 48 bits virtual
power management:



Memory: 4k page, physical 5851108k(2164112k free), swap 9375736k(9375736k free)

vm_info: Java HotSpot(TM) 64-Bit Server VM (20.4-b02) for linux-amd64 JRE (1.6.0_29-b11), built on Oct  3 2011 01:19:20 by "java_re" with gcc 3.2.2 (SuSE Linux)

time: Sun Dec 16 17:29:14 2012
elapsed time: 0 seconds

