#
# A fatal error has been detected by the Java Runtime Environment:
#
#  SIGSEGV (0xb) at pc=0x00007f64d8d61c8e, pid=9931, tid=140071106303744
#
# JRE version: 6.0_29-b11
# Java VM: Java HotSpot(TM) 64-Bit Server VM (20.4-b02 mixed mode linux-amd64 compressed oops)
# Problematic frame:
# V  [libjvm.so+0x4d3c8e]  InterpreterRuntime::_new(JavaThread*, constantPoolOopDesc*, int)+0x10e
#
# If you would like to submit a bug report, please visit:
#   http://java.sun.com/webapps/bugreport/crash.jsp
#

---------------  T H R E A D  ---------------

Current thread (0x00007f64d4007000):  JavaThread "main" [_thread_in_vm, id=9936, stack(0x00007f64d878d000,0x00007f64d888e000)]

siginfo:si_signo=SIGSEGV: si_errno=0, si_code=128 (), si_addr=0x0000000000000000

Registers:
RAX=0x00000000e23a8df8, RBX=0x00007f64d888ca60, RCX=0x00007f64d4007000, RDX=0x0000000000000000
RSP=0x00007f64d888ce20, RBP=0x00007f64d888ce60, RSI=0x00007f64d9328000, RDI=0x00007f64d40077f0
R8 =0x0000000000000001, R9 =0x00007f64d40077f0, R10=0x00000000a18d3c08, R11=0x00000000a1aaf500
R12=0x64647f64d4005f60, R13=0x00007f64d4007908, R14=0x00007f64d888c8f8, R15=0x00007f64d4007000
RIP=0x00007f64d8d61c8e, EFLAGS=0x0000000000010246, CSGSFS=0x0000000000000033, ERR=0x0000000000000000
  TRAPNO=0x000000000000000d

Top of Stack: (sp=0x00007f64d888ce20)
0x00007f64d888ce20:   00007f64d4007000 00007f64d406cec0
0x00007f64d888ce30:   00007f64d4007000 0000000000000000
0x00007f64d888ce40:   00007f64d406ceb8 00000000000000bb
0x00007f64d888ce50:   0000000000000000 00000000a1ab976c
0x00007f64d888ce60:   00007f64d888c8c0 00007f64d101c5cf
0x00007f64d888ce70:   00007f64d8da8570 00007f64d101c59b
0x00007f64d888ce80:   00007f64d888ddb8 0000000000000000
0x00007f64d888ce90:   0000000000000000 00007fffd3dc60a0
0x00007f64d888cea0:   00007f64d888d9c0 0000000000000004
0x00007f64d888ceb0:   0000000000000007 0000003148c07851
0x00007f64d888cec0:   00007f64d888d700 0000000000000000
0x00007f64d888ced0:   0000000000000000 0000000000000000
0x00007f64d888cee0:   0000000000000000 0000000000000000
0x00007f64d888cef0:   0000000000000000 0000000000000000
0x00007f64d888cf00:   0000000000000000 0000000000000000
0x00007f64d888cf10:   0000000000000000 0000000000000000
0x00007f64d888cf20:   0000000000000000 0000000000000000
0x00007f64d888cf30:   0000000000000000 0000000000000000
0x00007f64d888cf40:   0000000000000000 0000000000000000
0x00007f64d888cf50:   00007f64d888d700 d34e58e1e7b99d11
0x00007f64d888cf60:   00007fffd3dc60a0 00007f64d888d9c0
0x00007f64d888cf70:   0000000000000004 0000000000000007
0x00007f64d888cf80:   2d87e9f07a399d11 d32cc96117899d11
0x00007f64d888cf90:   0000000000000000 0000000000000000
0x00007f64d888cfa0:   0000000000000000 0000000000000000
0x00007f64d888cfb0:   0000000000000000 0000000000000000
0x00007f64d888cfc0:   0000000000000000 00007f64d888d700
0x00007f64d888cfd0:   0000000000000000 00007fffd3dc60a0
0x00007f64d888cfe0:   00007f64d888d9c0 0000000000000004
0x00007f64d888cff0:   0000000000000007 00000031488e811d
0x00007f64d888d000:   0000000000000000 0000000000000000
0x00007f64d888d010:   0000000000000000 0000000000000000 

Instructions: (pc=0x00007f64d8d61c8e)
0x00007f64d8d61c6e:   59 48 48 8b 7b 10 4c 8b 63 08 48 83 3f 00 74 05
0x00007f64d8d61c7e:   e8 7d 1e d5 ff 4c 8b 4b 10 48 8b 35 5a 59 6f 00
0x00007f64d8d61c8e:   4d 89 4c 24 08 4c 8b 43 18 4d 89 44 24 10 48 8b
0x00007f64d8d61c9e:   7b 20 49 89 7c 24 18 48 8b 5d d0 4c 8d 65 d0 c7 

Register to memory mapping:

RAX=0x00000000e23a8df8 is an oop
java.util.HashMap 
 - klass: 'java/util/HashMap'
RBX=0x00007f64d888ca60 is pointing into the stack for thread: 0x00007f64d4007000
RCX=0x00007f64d4007000 is a thread
RDX=0x0000000000000000 is an unknown value
RSP=0x00007f64d888ce20 is pointing into the stack for thread: 0x00007f64d4007000
RBP=0x00007f64d888ce60 is pointing into the stack for thread: 0x00007f64d4007000
RSI=0x00007f64d9328000: <offset 0xa9a000> in /home/chenjw/software/jdk1.6.0_29/jre/lib/amd64/server/libjvm.so at 0x00007f64d888e000
RDI=0x00007f64d40077f0 is an unknown value
R8 =0x0000000000000001 is an unknown value
R9 =0x00007f64d40077f0 is an unknown value
R10=0x00000000a18d3c08 is an oop
{instance class} 
 - klass: {other class}
R11=0x00000000a1aaf500 is an oop
{object array class} 
 - klass: {other class}
R12=0x64647f64d4005f60 is an unknown value
R13=0x00007f64d4007908 is an unknown value
R14=0x00007f64d888c8f8 is pointing into the stack for thread: 0x00007f64d4007000
R15=0x00007f64d4007000 is a thread


Stack: [0x00007f64d878d000,0x00007f64d888e000],  sp=0x00007f64d888ce20,  free space=1023k
Native frames: (J=compiled Java code, j=interpreted, Vv=VM code, C=native code)
V  [libjvm.so+0x4d3c8e]  InterpreterRuntime::_new(JavaThread*, constantPoolOopDesc*, int)+0x10e

Java frames: (J=compiled Java code, j=interpreted, Vv=VM code)
j  0x00007f64d101c59b

[error occurred during error reporting (printing Java stack), id 0xb]


---------------  P R O C E S S  ---------------

Java Threads: ( => current thread )
  0x00007f64d409f000 JavaThread "Low Memory Detector" daemon [_thread_blocked, id=9947, stack(0x00007f64bb9fa000,0x00007f64bbafb000)]
  0x00007f64d409b000 JavaThread "C2 CompilerThread1" daemon [_thread_blocked, id=9946, stack(0x00007f64bbafb000,0x00007f64bbbfc000)]
  0x00007f64d4098000 JavaThread "C2 CompilerThread0" daemon [_thread_blocked, id=9945, stack(0x00007f64bbbfc000,0x00007f64bbcfd000)]
  0x00007f64d4096000 JavaThread "Signal Dispatcher" daemon [_thread_blocked, id=9944, stack(0x00007f64bbcfd000,0x00007f64bbdfe000)]
  0x00007f64d407a000 JavaThread "Finalizer" daemon [_thread_blocked, id=9943, stack(0x00007f64bbdfe000,0x00007f64bbeff000)]
  0x00007f64d4078000 JavaThread "Reference Handler" daemon [_thread_blocked, id=9942, stack(0x00007f64bbeff000,0x00007f64bc000000)]
=>0x00007f64d4007000 JavaThread "main" [_thread_in_vm, id=9936, stack(0x00007f64d878d000,0x00007f64d888e000)]

Other Threads:
  0x00007f64d4071800 VMThread [stack: 0x00007f64d0040000,0x00007f64d0141000] [id=9941]
  0x00007f64d40a2000 WatcherThread [stack: 0x00007f64bb8f9000,0x00007f64bb9fa000] [id=9948]

VM state:not at safepoint (normal execution)

VM Mutex/Monitor currently owned by a thread: None

Heap
 PSYoungGen      total 26688K, used 458K [0x00000000e2360000, 0x00000000e4120000, 0x0000000100000000)
  eden space 22912K, 2% used [0x00000000e2360000,0x00000000e23d2900,0x00000000e39c0000)
  from space 3776K, 0% used [0x00000000e3d70000,0x00000000e3d70000,0x00000000e4120000)
  to   space 3776K, 0% used [0x00000000e39c0000,0x00000000e39c0000,0x00000000e3d70000)
 PSOldGen        total 60992K, used 0K [0x00000000a6a00000, 0x00000000aa590000, 0x00000000e2360000)
  object space 60992K, 0% used [0x00000000a6a00000,0x00000000a6a00000,0x00000000aa590000)
 PSPermGen       total 21248K, used 2804K [0x00000000a1800000, 0x00000000a2cc0000, 0x00000000a6a00000)
  object space 21248K, 13% used [0x00000000a1800000,0x00000000a1abd020,0x00000000a2cc0000)

Code Cache  [0x00007f64d1000000, 0x00007f64d1270000, 0x00007f64d4000000)
 total_blobs=154 nmethods=0 adapters=122 free_code_cache=49952128 largest_free_block=0

Dynamic libraries:
40000000-40009000 r-xp 00000000 08:06 395485                             /home/chenjw/software/jdk1.6.0_29/bin/java
40108000-4010a000 rwxp 00008000 08:06 395485                             /home/chenjw/software/jdk1.6.0_29/bin/java
40b4a000-40b6b000 rwxp 00000000 00:00 0                                  [heap]
a1800000-a2cc0000 rwxp 00000000 00:00 0 
a2cc0000-a6a00000 rwxp 00000000 00:00 0 
a6a00000-aa590000 rwxp 00000000 00:00 0 
aa590000-e2360000 rwxp 00000000 00:00 0 
e2360000-e4120000 rwxp 00000000 00:00 0 
e4120000-100000000 rwxp 00000000 00:00 0 
3148400000-3148420000 r-xp 00000000 08:06 4706                           /lib64/ld-2.12.so
314861f000-3148620000 r-xp 0001f000 08:06 4706                           /lib64/ld-2.12.so
3148620000-3148621000 rwxp 00020000 08:06 4706                           /lib64/ld-2.12.so
3148621000-3148622000 rwxp 00000000 00:00 0 
3148800000-3148989000 r-xp 00000000 08:06 4757                           /lib64/libc-2.12.so
3148989000-3148b89000 ---p 00189000 08:06 4757                           /lib64/libc-2.12.so
3148b89000-3148b8d000 r-xp 00189000 08:06 4757                           /lib64/libc-2.12.so
3148b8d000-3148b8e000 rwxp 0018d000 08:06 4757                           /lib64/libc-2.12.so
3148b8e000-3148b93000 rwxp 00000000 00:00 0 
3148c00000-3148c17000 r-xp 00000000 08:06 5240                           /lib64/libpthread-2.12.so
3148c17000-3148e17000 ---p 00017000 08:06 5240                           /lib64/libpthread-2.12.so
3148e17000-3148e18000 r-xp 00017000 08:06 5240                           /lib64/libpthread-2.12.so
3148e18000-3148e19000 rwxp 00018000 08:06 5240                           /lib64/libpthread-2.12.so
3148e19000-3148e1d000 rwxp 00000000 00:00 0 
3149000000-3149002000 r-xp 00000000 08:06 71859                          /lib64/libdl-2.12.so
3149002000-3149202000 ---p 00002000 08:06 71859                          /lib64/libdl-2.12.so
3149202000-3149203000 r-xp 00002000 08:06 71859                          /lib64/libdl-2.12.so
3149203000-3149204000 rwxp 00003000 08:06 71859                          /lib64/libdl-2.12.so
3149400000-3149483000 r-xp 00000000 08:06 35302                          /lib64/libm-2.12.so
3149483000-3149682000 ---p 00083000 08:06 35302                          /lib64/libm-2.12.so
3149682000-3149683000 r-xp 00082000 08:06 35302                          /lib64/libm-2.12.so
3149683000-3149684000 rwxp 00083000 08:06 35302                          /lib64/libm-2.12.so
3149800000-3149807000 r-xp 00000000 08:06 6812                           /lib64/librt-2.12.so
3149807000-3149a06000 ---p 00007000 08:06 6812                           /lib64/librt-2.12.so
3149a06000-3149a07000 r-xp 00006000 08:06 6812                           /lib64/librt-2.12.so
3149a07000-3149a08000 rwxp 00007000 08:06 6812                           /lib64/librt-2.12.so
3157c00000-3157c16000 r-xp 00000000 08:06 73879                          /lib64/libnsl-2.12.so
3157c16000-3157e15000 ---p 00016000 08:06 73879                          /lib64/libnsl-2.12.so
3157e15000-3157e16000 r-xp 00015000 08:06 73879                          /lib64/libnsl-2.12.so
3157e16000-3157e17000 rwxp 00016000 08:06 73879                          /lib64/libnsl-2.12.so
3157e17000-3157e19000 rwxp 00000000 00:00 0 
7f6490000000-7f6490021000 rwxp 00000000 00:00 0 
7f6490021000-7f6494000000 ---p 00000000 00:00 0 
7f6498000000-7f6498021000 rwxp 00000000 00:00 0 
7f6498021000-7f649c000000 ---p 00000000 00:00 0 
7f649c000000-7f649c021000 rwxp 00000000 00:00 0 
7f649c021000-7f64a0000000 ---p 00000000 00:00 0 
7f64a0000000-7f64a0021000 rwxp 00000000 00:00 0 
7f64a0021000-7f64a4000000 ---p 00000000 00:00 0 
7f64a616f000-7f64ac000000 r-xp 00000000 08:06 76576                      /usr/lib/locale/locale-archive
7f64ac000000-7f64ac021000 rwxp 00000000 00:00 0 
7f64ac021000-7f64b0000000 ---p 00000000 00:00 0 
7f64b0000000-7f64b0021000 rwxp 00000000 00:00 0 
7f64b0021000-7f64b4000000 ---p 00000000 00:00 0 
7f64b4000000-7f64b4021000 rwxp 00000000 00:00 0 
7f64b4021000-7f64b8000000 ---p 00000000 00:00 0 
7f64bb6f2000-7f64bb6f8000 r-xp 00000000 08:06 3806023                    /home/chenjw/my_workspace/knife/native/Default/libnativehelper.so
7f64bb6f8000-7f64bb8f8000 ---p 00006000 08:06 3806023                    /home/chenjw/my_workspace/knife/native/Default/libnativehelper.so
7f64bb8f8000-7f64bb8f9000 rwxp 00006000 08:06 3806023                    /home/chenjw/my_workspace/knife/native/Default/libnativehelper.so
7f64bb8f9000-7f64bb8fa000 ---p 00000000 00:00 0 
7f64bb8fa000-7f64bb9fa000 rwxp 00000000 00:00 0 
7f64bb9fa000-7f64bb9fd000 ---p 00000000 00:00 0 
7f64bb9fd000-7f64bbafb000 rwxp 00000000 00:00 0 
7f64bbafb000-7f64bbafe000 ---p 00000000 00:00 0 
7f64bbafe000-7f64bbbfc000 rwxp 00000000 00:00 0 
7f64bbbfc000-7f64bbbff000 ---p 00000000 00:00 0 
7f64bbbff000-7f64bbcfd000 rwxp 00000000 00:00 0 
7f64bbcfd000-7f64bbd00000 ---p 00000000 00:00 0 
7f64bbd00000-7f64bbdfe000 rwxp 00000000 00:00 0 
7f64bbdfe000-7f64bbe01000 ---p 00000000 00:00 0 
7f64bbe01000-7f64bbeff000 rwxp 00000000 00:00 0 
7f64bbeff000-7f64bbf02000 ---p 00000000 00:00 0 
7f64bbf02000-7f64bc000000 rwxp 00000000 00:00 0 
7f64bc000000-7f64bc021000 rwxp 00000000 00:00 0 
7f64bc021000-7f64c0000000 ---p 00000000 00:00 0 
7f64c0000000-7f64c0021000 rwxp 00000000 00:00 0 
7f64c0021000-7f64c4000000 ---p 00000000 00:00 0 
7f64c4000000-7f64c4021000 rwxp 00000000 00:00 0 
7f64c4021000-7f64c8000000 ---p 00000000 00:00 0 
7f64c8000000-7f64c8021000 rwxp 00000000 00:00 0 
7f64c8021000-7f64cc000000 ---p 00000000 00:00 0 
7f64cc000000-7f64cc021000 rwxp 00000000 00:00 0 
7f64cc021000-7f64d0000000 ---p 00000000 00:00 0 
7f64d0040000-7f64d0041000 ---p 00000000 00:00 0 
7f64d0041000-7f64d067d000 rwxp 00000000 00:00 0 
7f64d067d000-7f64d082b000 r-xs 019e3000 08:06 403118                     /home/chenjw/software/jdk1.6.0_29/jre/lib/rt_debug.jar
7f64d082b000-7f64d082c000 ---p 00000000 00:00 0 
7f64d082c000-7f64d092c000 rwxp 00000000 00:00 0 
7f64d092c000-7f64d092d000 ---p 00000000 00:00 0 
7f64d092d000-7f64d0a2d000 rwxp 00000000 00:00 0 
7f64d0a2d000-7f64d0a2e000 ---p 00000000 00:00 0 
7f64d0a2e000-7f64d0b4c000 rwxp 00000000 00:00 0 
7f64d0b4c000-7f64d0d0b000 rwxp 00000000 00:00 0 
7f64d0d0b000-7f64d0d16000 rwxp 00000000 00:00 0 
7f64d0d16000-7f64d0d34000 rwxp 00000000 00:00 0 
7f64d0d34000-7f64d0d52000 rwxp 00000000 00:00 0 
7f64d0d52000-7f64d0f10000 rwxp 00000000 00:00 0 
7f64d0f10000-7f64d0f20000 rwxp 00000000 00:00 0 
7f64d0f20000-7f64d0fff000 rwxp 00000000 00:00 0 
7f64d0fff000-7f64d1270000 rwxp 00000000 00:00 0 
7f64d1270000-7f64d40d2000 rwxp 00000000 00:00 0 
7f64d40d2000-7f64d8000000 ---p 00000000 00:00 0 
7f64d8004000-7f64d802c000 rwxp 00000000 00:00 0 
7f64d802c000-7f64d802d000 ---p 00000000 00:00 0 
7f64d802d000-7f64d8138000 rwxp 00000000 00:00 0 
7f64d8138000-7f64d8156000 rwxp 00000000 00:00 0 
7f64d8156000-7f64d8160000 rwxp 00000000 00:00 0 
7f64d8160000-7f64d8216000 rwxp 00000000 00:00 0 
7f64d8216000-7f64d8224000 r-xp 00000000 08:06 396134                     /home/chenjw/software/jdk1.6.0_29/jre/lib/amd64/libzip.so
7f64d8224000-7f64d8326000 ---p 0000e000 08:06 396134                     /home/chenjw/software/jdk1.6.0_29/jre/lib/amd64/libzip.so
7f64d8326000-7f64d8329000 rwxp 00010000 08:06 396134                     /home/chenjw/software/jdk1.6.0_29/jre/lib/amd64/libzip.so
7f64d8329000-7f64d832a000 rwxp 00000000 00:00 0 
7f64d832a000-7f64d8336000 r-xp 00000000 08:06 37321                      /lib64/libnss_files-2.12.so
7f64d8336000-7f64d8536000 ---p 0000c000 08:06 37321                      /lib64/libnss_files-2.12.so
7f64d8536000-7f64d8537000 r-xp 0000c000 08:06 37321                      /lib64/libnss_files-2.12.so
7f64d8537000-7f64d8538000 rwxp 0000d000 08:06 37321                      /lib64/libnss_files-2.12.so
7f64d854f000-7f64d8578000 r-xp 00000000 08:06 396147                     /home/chenjw/software/jdk1.6.0_29/jre/lib/amd64/libjava.so
7f64d8578000-7f64d8677000 ---p 00029000 08:06 396147                     /home/chenjw/software/jdk1.6.0_29/jre/lib/amd64/libjava.so
7f64d8677000-7f64d867e000 rwxp 00028000 08:06 396147                     /home/chenjw/software/jdk1.6.0_29/jre/lib/amd64/libjava.so
7f64d867e000-7f64d868b000 r-xp 00000000 08:06 396129                     /home/chenjw/software/jdk1.6.0_29/jre/lib/amd64/libverify.so
7f64d868b000-7f64d878a000 ---p 0000d000 08:06 396129                     /home/chenjw/software/jdk1.6.0_29/jre/lib/amd64/libverify.so
7f64d878a000-7f64d878d000 rwxp 0000c000 08:06 396129                     /home/chenjw/software/jdk1.6.0_29/jre/lib/amd64/libverify.so
7f64d878d000-7f64d8790000 ---p 00000000 00:00 0 
7f64d8790000-7f64d888e000 rwxp 00000000 00:00 0 
7f64d888e000-7f64d91a8000 r-xp 00000000 08:06 396154                     /home/chenjw/software/jdk1.6.0_29/jre/lib/amd64/server/libjvm.so
7f64d91a8000-7f64d92aa000 ---p 0091a000 08:06 396154                     /home/chenjw/software/jdk1.6.0_29/jre/lib/amd64/server/libjvm.so
7f64d92aa000-7f64d945f000 rwxp 0091c000 08:06 396154                     /home/chenjw/software/jdk1.6.0_29/jre/lib/amd64/server/libjvm.so
7f64d945f000-7f64d949c000 rwxp 00000000 00:00 0 
7f64d949c000-7f64d94a3000 r-xp 00000000 08:06 396119                     /home/chenjw/software/jdk1.6.0_29/jre/lib/amd64/jli/libjli.so
7f64d94a3000-7f64d95a4000 ---p 00007000 08:06 396119                     /home/chenjw/software/jdk1.6.0_29/jre/lib/amd64/jli/libjli.so
7f64d95a4000-7f64d95a6000 rwxp 00008000 08:06 396119                     /home/chenjw/software/jdk1.6.0_29/jre/lib/amd64/jli/libjli.so
7f64d95a6000-7f64d95a7000 rwxp 00000000 00:00 0 
7f64d95b4000-7f64d95bc000 rwxs 00000000 08:06 3939343                    /tmp/hsperfdata_chenjw/9931
7f64d95bc000-7f64d95bd000 rwxp 00000000 00:00 0 
7f64d95bd000-7f64d95be000 r-xp 00000000 00:00 0 
7f64d95be000-7f64d95bf000 rwxp 00000000 00:00 0 
7fffd3db6000-7fffd3dcb000 rwxp 00000000 00:00 0                          [stack]
7fffd3dff000-7fffd3e00000 r-xp 00000000 00:00 0                          [vdso]
ffffffffff600000-ffffffffff601000 r-xp 00000000 00:00 0                  [vsyscall]

VM Arguments:
jvm_args: -Dfile.encoding=UTF-8 
java_command: com.chenjw.knife.agent.utils.NativeHelper
Launcher Type: SUN_STANDARD

Environment Variables:
JAVA_HOME=/home/chenjw/software/jdk1.6.0_34
CLASSPATH=.:/home/chenjw/software/jdk1.6.0_34/lib:
PATH=/home/chenjw/software/jdk1.6.0_34/bin:/home/chenjw/software/apache-maven-2.2.1/bin:/home/chenjw/software/apache-ant-1.8.3/bin:/usr/lib64/qt-3.3/bin:/usr/local/bin:/usr/bin:/bin:/usr/local/sbin:/usr/sbin:/sbin:/home/chenjw/workspace_go/go/bin:/home/chenjw/bin
USERNAME=chenjw
LD_LIBRARY_PATH=/home/chenjw/software/jdk1.6.0_29/jre/lib/amd64/server:/home/chenjw/software/jdk1.6.0_29/jre/lib/amd64:/home/chenjw/software/jdk1.6.0_29/jre/../lib/amd64:/home/chenjw/software/jdk1.6.0_34/jre/lib/amd64/server:/home/chenjw/software/jdk1.6.0_34/jre/lib/amd64:/home/chenjw/software/jdk1.6.0_34/jre/../lib/amd64
SHELL=/bin/bash
DISPLAY=:0.0

Signal Handlers:
SIGSEGV: [libjvm.so+0x85f780], sa_mask[0]=0x7ffbfeff, sa_flags=0x10000004
SIGBUS: [libjvm.so+0x85f780], sa_mask[0]=0x7ffbfeff, sa_flags=0x10000004
SIGFPE: [libjvm.so+0x70e3b0], sa_mask[0]=0x7ffbfeff, sa_flags=0x10000004
SIGPIPE: [libjvm.so+0x70e3b0], sa_mask[0]=0x7ffbfeff, sa_flags=0x10000004
SIGXFSZ: [libjvm.so+0x70e3b0], sa_mask[0]=0x7ffbfeff, sa_flags=0x10000004
SIGILL: [libjvm.so+0x70e3b0], sa_mask[0]=0x7ffbfeff, sa_flags=0x10000004
SIGUSR1: SIG_DFL, sa_mask[0]=0x00000000, sa_flags=0x00000000
SIGUSR2: [libjvm.so+0x7111c0], sa_mask[0]=0x00000004, sa_flags=0x10000004
SIGHUP: [libjvm.so+0x710dc0], sa_mask[0]=0x7ffbfeff, sa_flags=0x10000004
SIGINT: [libjvm.so+0x710dc0], sa_mask[0]=0x7ffbfeff, sa_flags=0x10000004
SIGTERM: [libjvm.so+0x710dc0], sa_mask[0]=0x7ffbfeff, sa_flags=0x10000004
SIGQUIT: [libjvm.so+0x710dc0], sa_mask[0]=0x7ffbfeff, sa_flags=0x10000004


---------------  S Y S T E M  ---------------

OS:CentOS release 6.2 (Final)

uname:Linux 2.6.32-220.4.1.el6.x86_64 #1 SMP Tue Jan 24 02:13:44 GMT 2012 x86_64
libc:glibc 2.12 NPTL 2.12 
rlimit: STACK 10240k, CORE 0k, NPROC 1024, NOFILE 1024, AS infinity
load average:1.61 0.54 0.25

/proc/meminfo:
MemTotal:        5851108 kB
MemFree:         1999556 kB
Buffers:          382168 kB
Cached:          1355956 kB
SwapCached:            0 kB
Active:          2230740 kB
Inactive:        1307552 kB
Active(anon):    1798944 kB
Inactive(anon):    12480 kB
Active(file):     431796 kB
Inactive(file):  1295072 kB
Unevictable:           0 kB
Mlocked:               0 kB
SwapTotal:       9375736 kB
SwapFree:        9375736 kB
Dirty:               464 kB
Writeback:             0 kB
AnonPages:       1794044 kB
Mapped:           151840 kB
Shmem:             11276 kB
Slab:             162920 kB
SReclaimable:      79296 kB
SUnreclaim:        83624 kB
KernelStack:        3872 kB
PageTables:        40932 kB
NFS_Unstable:          0 kB
Bounce:                0 kB
WritebackTmp:          0 kB
CommitLimit:    12301288 kB
Committed_AS:    3215824 kB
VmallocTotal:   34359738367 kB
VmallocUsed:      299700 kB
VmallocChunk:   34359312420 kB
HardwareCorrupted:     0 kB
AnonHugePages:    909312 kB
HugePages_Total:       0
HugePages_Free:        0
HugePages_Rsvd:        0
HugePages_Surp:        0
Hugepagesize:       2048 kB
DirectMap4k:        6144 kB
DirectMap2M:     6211584 kB


CPU:total 4 (2 cores per cpu, 2 threads per core) family 6 model 37 stepping 5, cmov, cx8, fxsr, mmx, sse, sse2, sse3, ssse3, sse4.1, sse4.2, popcnt, ht

/proc/cpuinfo:
processor	: 0
vendor_id	: GenuineIntel
cpu family	: 6
model		: 37
model name	: Intel(R) Core(TM) i3 CPU       M 380  @ 2.53GHz
stepping	: 5
cpu MHz		: 933.000
cache size	: 3072 KB
physical id	: 0
siblings	: 4
core id		: 0
cpu cores	: 2
apicid		: 0
initial apicid	: 0
fpu		: yes
fpu_exception	: yes
cpuid level	: 11
wp		: yes
flags		: fpu vme de pse tsc msr pae mce cx8 apic mtrr pge mca cmov pat pse36 clflush dts acpi mmx fxsr sse sse2 ss ht tm pbe syscall nx rdtscp lm constant_tsc arch_perfmon pebs bts rep_good xtopology nonstop_tsc aperfmperf pni dtes64 monitor ds_cpl vmx est tm2 ssse3 cx16 xtpr pdcm sse4_1 sse4_2 popcnt lahf_lm arat dts tpr_shadow vnmi flexpriority ept vpid
bogomips	: 5054.30
clflush size	: 64
cache_alignment	: 64
address sizes	: 36 bits physical, 48 bits virtual
power management:

processor	: 1
vendor_id	: GenuineIntel
cpu family	: 6
model		: 37
model name	: Intel(R) Core(TM) i3 CPU       M 380  @ 2.53GHz
stepping	: 5
cpu MHz		: 933.000
cache size	: 3072 KB
physical id	: 0
siblings	: 4
core id		: 2
cpu cores	: 2
apicid		: 4
initial apicid	: 4
fpu		: yes
fpu_exception	: yes
cpuid level	: 11
wp		: yes
flags		: fpu vme de pse tsc msr pae mce cx8 apic mtrr pge mca cmov pat pse36 clflush dts acpi mmx fxsr sse sse2 ss ht tm pbe syscall nx rdtscp lm constant_tsc arch_perfmon pebs bts rep_good xtopology nonstop_tsc aperfmperf pni dtes64 monitor ds_cpl vmx est tm2 ssse3 cx16 xtpr pdcm sse4_1 sse4_2 popcnt lahf_lm arat dts tpr_shadow vnmi flexpriority ept vpid
bogomips	: 5053.74
clflush size	: 64
cache_alignment	: 64
address sizes	: 36 bits physical, 48 bits virtual
power management:

processor	: 2
vendor_id	: GenuineIntel
cpu family	: 6
model		: 37
model name	: Intel(R) Core(TM) i3 CPU       M 380  @ 2.53GHz
stepping	: 5
cpu MHz		: 2533.000
cache size	: 3072 KB
physical id	: 0
siblings	: 4
core id		: 0
cpu cores	: 2
apicid		: 1
initial apicid	: 1
fpu		: yes
fpu_exception	: yes
cpuid level	: 11
wp		: yes
flags		: fpu vme de pse tsc msr pae mce cx8 apic mtrr pge mca cmov pat pse36 clflush dts acpi mmx fxsr sse sse2 ss ht tm pbe syscall nx rdtscp lm constant_tsc arch_perfmon pebs bts rep_good xtopology nonstop_tsc aperfmperf pni dtes64 monitor ds_cpl vmx est tm2 ssse3 cx16 xtpr pdcm sse4_1 sse4_2 popcnt lahf_lm arat dts tpr_shadow vnmi flexpriority ept vpid
bogomips	: 5053.73
clflush size	: 64
cache_alignment	: 64
address sizes	: 36 bits physical, 48 bits virtual
power management:

processor	: 3
vendor_id	: GenuineIntel
cpu family	: 6
model		: 37
model name	: Intel(R) Core(TM) i3 CPU       M 380  @ 2.53GHz
stepping	: 5
cpu MHz		: 2533.000
cache size	: 3072 KB
physical id	: 0
siblings	: 4
core id		: 2
cpu cores	: 2
apicid		: 5
initial apicid	: 5
fpu		: yes
fpu_exception	: yes
cpuid level	: 11
wp		: yes
flags		: fpu vme de pse tsc msr pae mce cx8 apic mtrr pge mca cmov pat pse36 clflush dts acpi mmx fxsr sse sse2 ss ht tm pbe syscall nx rdtscp lm constant_tsc arch_perfmon pebs bts rep_good xtopology nonstop_tsc aperfmperf pni dtes64 monitor ds_cpl vmx est tm2 ssse3 cx16 xtpr pdcm sse4_1 sse4_2 popcnt lahf_lm arat dts tpr_shadow vnmi flexpriority ept vpid
bogomips	: 5053.73
clflush size	: 64
cache_alignment	: 64
address sizes	: 36 bits physical, 48 bits virtual
power management:



Memory: 4k page, physical 5851108k(1999556k free), swap 9375736k(9375736k free)

vm_info: Java HotSpot(TM) 64-Bit Server VM (20.4-b02) for linux-amd64 JRE (1.6.0_29-b11), built on Oct  3 2011 01:19:20 by "java_re" with gcc 3.2.2 (SuSE Linux)

time: Mon Dec 10 01:03:35 2012
elapsed time: 0 seconds

