#
# A fatal error has been detected by the Java Runtime Environment:
#
#  SIGSEGV (0xb) at pc=0x00007fc3c85619d2, pid=11943, tid=140478852384512
#
# JRE version: 6.0_29-b11
# Java VM: Java HotSpot(TM) 64-Bit Server VM (20.4-b02 mixed mode linux-amd64 compressed oops)
# Problematic frame:
# V  [libjvm.so+0x3dc9d2]  constantPoolOopDesc::klass_at_impl(constantPoolHandle, int, Thread*)+0x42
#
# If you would like to submit a bug report, please visit:
#   http://java.sun.com/webapps/bugreport/crash.jsp
#

---------------  T H R E A D  ---------------

Current thread (0x00007fc3c4007000):  JavaThread "main" [_thread_in_vm, id=11948, stack(0x00007fc3c8084000,0x00007fc3c8185000)]

siginfo:si_signo=SIGSEGV: si_errno=0, si_code=1 (SEGV_MAPERR), si_addr=0x0000000000000008

Registers:
RAX=0x00007fc3c4007828, RBX=0x0000000000000000, RCX=0xfffffffffffffff7, RDX=0x00007fc3c8c0a530
RSP=0x00007fc3c8183170, RBP=0x00007fc3c81835b0, RSI=0x00007fc3c8c26ee0, RDI=0x00007fc3c4007828
R8 =0x000000000000005e, R9 =0x000000000000005e, R10=0x000000000000005e, R11=0x00007fc3c4007820
R12=0x0000000000000000, R13=0x00007fc3c4007828, R14=0x00007fc3c4007000, R15=0x0000000000000000
RIP=0x00007fc3c85619d2, EFLAGS=0x0000000000010202, CSGSFS=0x0000000000000033, ERR=0x0000000000000004
  TRAPNO=0x000000000000000e

Top of Stack: (sp=0x00007fc3c8183170)
0x00007fc3c8183170:   00007fc3c8183230 00007fc3c896dece
0x00007fc3c8183180:   00007fc3c4007000 00007fc3c4007000
0x00007fc3c8183190:   00007fc3c81831c0 00007fc3c4007838
0x00007fc3c81831a0:   00007fc3c4007840 00007fc3c40078e0
0x00007fc3c81831b0:   00007fc3c40078c0 00007fc3c40078b8
0x00007fc3c81831c0:   00007fc3c8183230 00007fc3c89728f9
0x00007fc3c81831d0:   00007fc3c81831e8 000001ba3b3d4a79
0x00007fc3c81831e0:   00007fc3c4004310 00007fc3c40078b0
0x00007fc3c81831f0:   00007fc30000000e 00007fc300000000
0x00007fc3c8183200:   00007fc3c4007838 00007fc3c8c24fe0
0x00007fc3c8183210:   00007fc3c8c143d0 00000000a18d3c08
0x00007fc3c8183220:   00007fc3c8183230 00007fc3c896b297
0x00007fc3c8183230:   00007fc3c8183330 00007fc3c896e7d1
0x00007fc3c8183240:   00007fc3c4007000 00007fc3c4007000
0x00007fc3c8183250:   00007fc3c81832a8 00000000a19c35a8
0x00007fc3c8183260:   0000000000000000 00007fc3c40078a0
0x00007fc3c8183270:   0000000000000000 00007fc3c81832e0
0x00007fc3c8183280:   00007fc3c4007840 3b3d4a79000001ba
0x00007fc3c8183290:   3b3d4a79000001ba 00007fc3c4007838
0x00007fc3c81832a0:   00007fc3b2f40680 00007fc3c4007840
0x00007fc3c81832b0:   00007fc3c4004310 0000000000000000
0x00007fc3c81832c0:   0000000000000001 0000000000000000
0x00007fc3c81832d0:   00007fc3c8183380 00007fc3c83f7105
0x00007fc3c81832e0:   00007fc3c4007000 00007fc3c4007820
0x00007fc3c81832f0:   00000012360be001 00007fc3c8183301
0x00007fc3c8183300:   00007fc3c40078f8 00007fc3c4007900
0x00007fc3c8183310:   00007fc3c4007000 00007fc3c40078f8
0x00007fc3c8183320:   00007fc3c8183380 00007fc3c87d606d
0x00007fc3c8183330:   00007fc3c8183370 00007fc3c896d681
0x00007fc3c8183340:   00000000e2392ff0 00007fc3c4005f60
0x00007fc3c8183350:   00000000000001d4 00007fc3c4007000
0x00007fc3c8183360:   00007fc3c4007838 00007fc3c4007820 

Instructions: (pc=0x00007fc3c85619d2)
0x00007fc3c85619b2:   17 48 83 c2 40 4a 8b 1c e2 48 8b 15 1e e9 7e 00
0x00007fc3c85619c2:   80 3a 00 0f 84 35 0e 00 00 48 8b 35 ee cc 7e 00
0x00007fc3c85619d2:   8b 53 08 8b 4e 08 48 d3 e2 48 03 16 48 8b 42 10
0x00007fc3c85619e2:   48 8d 7a 10 ff 90 10 01 00 00 48 89 da 84 c0 74 

Register to memory mapping:

RAX=0x00007fc3c4007828 is an unknown value
RBX=0x0000000000000000 is an unknown value
RCX=0xfffffffffffffff7 is an unknown value
RDX=0x00007fc3c8c0a530: <offset 0xa85530> in /home/chenjw/software/jdk1.6.0_29/jre/lib/amd64/server/libjvm.so at 0x00007fc3c8185000
RSP=0x00007fc3c8183170 is pointing into the stack for thread: 0x00007fc3c4007000
RBP=0x00007fc3c81835b0 is pointing into the stack for thread: 0x00007fc3c4007000
RSI=0x00007fc3c8c26ee0: <offset 0xaa1ee0> in /home/chenjw/software/jdk1.6.0_29/jre/lib/amd64/server/libjvm.so at 0x00007fc3c8185000
RDI=0x00007fc3c4007828 is an unknown value
R8 =0x000000000000005e is an unknown value
R9 =0x000000000000005e is an unknown value
R10=0x000000000000005e is an unknown value
R11=0x00007fc3c4007820 is an unknown value
R12=0x0000000000000000 is an unknown value
R13=0x00007fc3c4007828 is an unknown value
R14=0x00007fc3c4007000 is a thread
R15=0x0000000000000000 is an unknown value


Stack: [0x00007fc3c8084000,0x00007fc3c8185000],  sp=0x00007fc3c8183170,  free space=1020k
Native frames: (J=compiled Java code, j=interpreted, Vv=VM code, C=native code)
V  [libjvm.so+0x3dc9d2]  constantPoolOopDesc::klass_at_impl(constantPoolHandle, int, Thread*)+0x42
V  [libjvm.so+0x3de2be]  constantPoolOopDesc::klass_ref_at(int, Thread*)+0x4e
V  [libjvm.so+0x65115b]  LinkResolver::resolve_klass(KlassHandle&, constantPoolHandle, int, Thread*)+0x2b
V  [libjvm.so+0x655755]  LinkResolver::resolve_pool(KlassHandle&, symbolHandle&, symbolHandle&, KlassHandle&, constantPoolHandle, int, Thread*)+0x35
V  [libjvm.so+0x6559f5]  LinkResolver::resolve_invokespecial(CallInfo&, constantPoolHandle, int, Thread*)+0x55
V  [libjvm.so+0x6556fd]  LinkResolver::resolve_invoke(CallInfo&, Handle, constantPoolHandle, int, Bytecodes::Code, Thread*)+0x5d
V  [libjvm.so+0x4d7932]  InterpreterRuntime::resolve_invoke(JavaThread*, Bytecodes::Code)+0x202
j  com.chenjw.knife.agent.utils.NativeHelper.checkCapabilities()Ljava/util/Map;+49
j  com.chenjw.knife.agent.utils.NativeHelper.do4()V+0
j  com.chenjw.knife.agent.utils.NativeHelper.main([Ljava/lang/String;)V+0
v  ~StubRoutines::call_stub
V  [libjvm.so+0x4df400]  JavaCalls::call_helper(JavaValue*, methodHandle*, JavaCallArguments*, Thread*)+0x1e0
V  [libjvm.so+0x70f6d9]  os::os_exception_wrapper(void (*)(JavaValue*, methodHandle*, JavaCallArguments*, Thread*), JavaValue*, methodHandle*, JavaCallArguments*, Thread*)+0x19
V  [libjvm.so+0x4df215]  JavaCalls::call(JavaValue*, methodHandle, JavaCallArguments*, Thread*)+0x25
V  [libjvm.so+0x51ac67]  jni_invoke_static(JNIEnv_*, JavaValue*, _jobject*, JNICallType, _jmethodID*, JNI_ArgumentPusher*, Thread*)+0x147
V  [libjvm.so+0x5083ff]  unsigned+0x20f

Java frames: (J=compiled Java code, j=interpreted, Vv=VM code)
j  com.chenjw.knife.agent.utils.NativeHelper.checkCapabilities()Ljava/util/Map;+49
j  com.chenjw.knife.agent.utils.NativeHelper.do4()V+0
j  com.chenjw.knife.agent.utils.NativeHelper.main([Ljava/lang/String;)V+0
v  ~StubRoutines::call_stub

---------------  P R O C E S S  ---------------

Java Threads: ( => current thread )
  0x00007fc3c409f000 JavaThread "Low Memory Detector" daemon [_thread_blocked, id=11959, stack(0x00007fc3b3246000,0x00007fc3b3347000)]
  0x00007fc3c409b000 JavaThread "C2 CompilerThread1" daemon [_thread_blocked, id=11958, stack(0x00007fc3b3347000,0x00007fc3b3448000)]
  0x00007fc3c4098000 JavaThread "C2 CompilerThread0" daemon [_thread_blocked, id=11957, stack(0x00007fc3b3448000,0x00007fc3b3549000)]
  0x00007fc3c4096000 JavaThread "Signal Dispatcher" daemon [_thread_blocked, id=11956, stack(0x00007fc3b3549000,0x00007fc3b364a000)]
  0x00007fc3c407a000 JavaThread "Finalizer" daemon [_thread_blocked, id=11955, stack(0x00007fc3b364a000,0x00007fc3b374b000)]
  0x00007fc3c4078000 JavaThread "Reference Handler" daemon [_thread_blocked, id=11954, stack(0x00007fc3b374b000,0x00007fc3b384c000)]
=>0x00007fc3c4007000 JavaThread "main" [_thread_in_vm, id=11948, stack(0x00007fc3c8084000,0x00007fc3c8185000)]

Other Threads:
  0x00007fc3c4071800 VMThread [stack: 0x00007fc3b384c000,0x00007fc3b394d000] [id=11953]
  0x00007fc3c40aa000 WatcherThread [stack: 0x00007fc3b3145000,0x00007fc3b3246000] [id=11960]

VM state:not at safepoint (normal execution)

VM Mutex/Monitor currently owned by a thread: None

Heap
 PSYoungGen      total 26688K, used 458K [0x00000000e2360000, 0x00000000e4120000, 0x0000000100000000)
  eden space 22912K, 2% used [0x00000000e2360000,0x00000000e23d2900,0x00000000e39c0000)
  from space 3776K, 0% used [0x00000000e3d70000,0x00000000e3d70000,0x00000000e4120000)
  to   space 3776K, 0% used [0x00000000e39c0000,0x00000000e39c0000,0x00000000e3d70000)
 PSOldGen        total 60992K, used 0K [0x00000000a6a00000, 0x00000000aa590000, 0x00000000e2360000)
  object space 60992K, 0% used [0x00000000a6a00000,0x00000000a6a00000,0x00000000aa590000)
 PSPermGen       total 21248K, used 2804K [0x00000000a1800000, 0x00000000a2cc0000, 0x00000000a6a00000)
  object space 21248K, 13% used [0x00000000a1800000,0x00000000a1abd0a8,0x00000000a2cc0000)

Code Cache  [0x00007fc3c0aa0000, 0x00007fc3c0d10000, 0x00007fc3c3aa0000)
 total_blobs=154 nmethods=0 adapters=122 free_code_cache=49952128 largest_free_block=0

Dynamic libraries:
40000000-40009000 r-xp 00000000 08:06 395485                             /home/chenjw/software/jdk1.6.0_29/bin/java
40108000-4010a000 rwxp 00008000 08:06 395485                             /home/chenjw/software/jdk1.6.0_29/bin/java
40ed1000-40ef2000 rwxp 00000000 00:00 0                                  [heap]
a1800000-a2cc0000 rwxp 00000000 00:00 0 
a2cc0000-a6a00000 rwxp 00000000 00:00 0 
a6a00000-aa590000 rwxp 00000000 00:00 0 
aa590000-e2360000 rwxp 00000000 00:00 0 
e2360000-e4120000 rwxp 00000000 00:00 0 
e4120000-100000000 rwxp 00000000 00:00 0 
3148400000-3148420000 r-xp 00000000 08:06 4706                           /lib64/ld-2.12.so
314861f000-3148620000 r-xp 0001f000 08:06 4706                           /lib64/ld-2.12.so
3148620000-3148621000 rwxp 00020000 08:06 4706                           /lib64/ld-2.12.so
3148621000-3148622000 rwxp 00000000 00:00 0 
3148800000-3148989000 r-xp 00000000 08:06 4757                           /lib64/libc-2.12.so
3148989000-3148b89000 ---p 00189000 08:06 4757                           /lib64/libc-2.12.so
3148b89000-3148b8d000 r-xp 00189000 08:06 4757                           /lib64/libc-2.12.so
3148b8d000-3148b8e000 rwxp 0018d000 08:06 4757                           /lib64/libc-2.12.so
3148b8e000-3148b93000 rwxp 00000000 00:00 0 
3148c00000-3148c17000 r-xp 00000000 08:06 5240                           /lib64/libpthread-2.12.so
3148c17000-3148e17000 ---p 00017000 08:06 5240                           /lib64/libpthread-2.12.so
3148e17000-3148e18000 r-xp 00017000 08:06 5240                           /lib64/libpthread-2.12.so
3148e18000-3148e19000 rwxp 00018000 08:06 5240                           /lib64/libpthread-2.12.so
3148e19000-3148e1d000 rwxp 00000000 00:00 0 
3149000000-3149002000 r-xp 00000000 08:06 71859                          /lib64/libdl-2.12.so
3149002000-3149202000 ---p 00002000 08:06 71859                          /lib64/libdl-2.12.so
3149202000-3149203000 r-xp 00002000 08:06 71859                          /lib64/libdl-2.12.so
3149203000-3149204000 rwxp 00003000 08:06 71859                          /lib64/libdl-2.12.so
3149400000-3149483000 r-xp 00000000 08:06 35302                          /lib64/libm-2.12.so
3149483000-3149682000 ---p 00083000 08:06 35302                          /lib64/libm-2.12.so
3149682000-3149683000 r-xp 00082000 08:06 35302                          /lib64/libm-2.12.so
3149683000-3149684000 rwxp 00083000 08:06 35302                          /lib64/libm-2.12.so
3149800000-3149807000 r-xp 00000000 08:06 6812                           /lib64/librt-2.12.so
3149807000-3149a06000 ---p 00007000 08:06 6812                           /lib64/librt-2.12.so
3149a06000-3149a07000 r-xp 00006000 08:06 6812                           /lib64/librt-2.12.so
3149a07000-3149a08000 rwxp 00007000 08:06 6812                           /lib64/librt-2.12.so
3157c00000-3157c16000 r-xp 00000000 08:06 73879                          /lib64/libnsl-2.12.so
3157c16000-3157e15000 ---p 00016000 08:06 73879                          /lib64/libnsl-2.12.so
3157e15000-3157e16000 r-xp 00015000 08:06 73879                          /lib64/libnsl-2.12.so
3157e16000-3157e17000 rwxp 00016000 08:06 73879                          /lib64/libnsl-2.12.so
3157e17000-3157e19000 rwxp 00000000 00:00 0 
7fc384000000-7fc384021000 rwxp 00000000 00:00 0 
7fc384021000-7fc388000000 ---p 00000000 00:00 0 
7fc388000000-7fc388021000 rwxp 00000000 00:00 0 
7fc388021000-7fc38c000000 ---p 00000000 00:00 0 
7fc38c000000-7fc38c021000 rwxp 00000000 00:00 0 
7fc38c021000-7fc390000000 ---p 00000000 00:00 0 
7fc390000000-7fc390021000 rwxp 00000000 00:00 0 
7fc390021000-7fc394000000 ---p 00000000 00:00 0 
7fc394000000-7fc394021000 rwxp 00000000 00:00 0 
7fc394021000-7fc398000000 ---p 00000000 00:00 0 
7fc39a16f000-7fc3a0000000 r-xp 00000000 08:06 76576                      /usr/lib/locale/locale-archive
7fc3a0000000-7fc3a0021000 rwxp 00000000 00:00 0 
7fc3a0021000-7fc3a4000000 ---p 00000000 00:00 0 
7fc3a4000000-7fc3a4021000 rwxp 00000000 00:00 0 
7fc3a4021000-7fc3a8000000 ---p 00000000 00:00 0 
7fc3a8000000-7fc3a8021000 rwxp 00000000 00:00 0 
7fc3a8021000-7fc3ac000000 ---p 00000000 00:00 0 
7fc3ac000000-7fc3ac021000 rwxp 00000000 00:00 0 
7fc3ac021000-7fc3b0000000 ---p 00000000 00:00 0 
7fc3b2f3e000-7fc3b2f44000 r-xp 00000000 08:06 3810557                    /home/chenjw/my_workspace/knife/native/Default/libnativehelper.so
7fc3b2f44000-7fc3b3144000 ---p 00006000 08:06 3810557                    /home/chenjw/my_workspace/knife/native/Default/libnativehelper.so
7fc3b3144000-7fc3b3145000 rwxp 00006000 08:06 3810557                    /home/chenjw/my_workspace/knife/native/Default/libnativehelper.so
7fc3b3145000-7fc3b3146000 ---p 00000000 00:00 0 
7fc3b3146000-7fc3b3246000 rwxp 00000000 00:00 0 
7fc3b3246000-7fc3b3249000 ---p 00000000 00:00 0 
7fc3b3249000-7fc3b3347000 rwxp 00000000 00:00 0 
7fc3b3347000-7fc3b334a000 ---p 00000000 00:00 0 
7fc3b334a000-7fc3b3448000 rwxp 00000000 00:00 0 
7fc3b3448000-7fc3b344b000 ---p 00000000 00:00 0 
7fc3b344b000-7fc3b3549000 rwxp 00000000 00:00 0 
7fc3b3549000-7fc3b354c000 ---p 00000000 00:00 0 
7fc3b354c000-7fc3b364a000 rwxp 00000000 00:00 0 
7fc3b364a000-7fc3b364d000 ---p 00000000 00:00 0 
7fc3b364d000-7fc3b374b000 rwxp 00000000 00:00 0 
7fc3b374b000-7fc3b374e000 ---p 00000000 00:00 0 
7fc3b374e000-7fc3b384c000 rwxp 00000000 00:00 0 
7fc3b384c000-7fc3b384d000 ---p 00000000 00:00 0 
7fc3b384d000-7fc3b3e52000 rwxp 00000000 00:00 0 
7fc3b3e52000-7fc3b4000000 r-xs 019e3000 08:06 403118                     /home/chenjw/software/jdk1.6.0_29/jre/lib/rt_debug.jar
7fc3b4000000-7fc3b4021000 rwxp 00000000 00:00 0 
7fc3b4021000-7fc3b8000000 ---p 00000000 00:00 0 
7fc3b8000000-7fc3b8021000 rwxp 00000000 00:00 0 
7fc3b8021000-7fc3bc000000 ---p 00000000 00:00 0 
7fc3bc000000-7fc3bc021000 rwxp 00000000 00:00 0 
7fc3bc021000-7fc3c0000000 ---p 00000000 00:00 0 
7fc3c00d3000-7fc3c010a000 rwxp 00000000 00:00 0 
7fc3c010a000-7fc3c010b000 ---p 00000000 00:00 0 
7fc3c010b000-7fc3c020b000 rwxp 00000000 00:00 0 
7fc3c020b000-7fc3c020c000 ---p 00000000 00:00 0 
7fc3c020c000-7fc3c030c000 rwxp 00000000 00:00 0 
7fc3c030c000-7fc3c030d000 ---p 00000000 00:00 0 
7fc3c030d000-7fc3c040d000 rwxp 00000000 00:00 0 
7fc3c040d000-7fc3c040e000 ---p 00000000 00:00 0 
7fc3c040e000-7fc3c052c000 rwxp 00000000 00:00 0 
7fc3c052c000-7fc3c06eb000 rwxp 00000000 00:00 0 
7fc3c06eb000-7fc3c06f6000 rwxp 00000000 00:00 0 
7fc3c06f6000-7fc3c0714000 rwxp 00000000 00:00 0 
7fc3c0714000-7fc3c0732000 rwxp 00000000 00:00 0 
7fc3c0732000-7fc3c08f0000 rwxp 00000000 00:00 0 
7fc3c08f0000-7fc3c0900000 rwxp 00000000 00:00 0 
7fc3c0900000-7fc3c09df000 rwxp 00000000 00:00 0 
7fc3c09df000-7fc3c09ea000 rwxp 00000000 00:00 0 
7fc3c09ea000-7fc3c0aa0000 rwxp 00000000 00:00 0 
7fc3c0aa0000-7fc3c0d10000 rwxp 00000000 00:00 0 
7fc3c0d10000-7fc3c3aa0000 rwxp 00000000 00:00 0 
7fc3c3aa0000-7fc3c3aae000 r-xp 00000000 08:06 396134                     /home/chenjw/software/jdk1.6.0_29/jre/lib/amd64/libzip.so
7fc3c3aae000-7fc3c3bb0000 ---p 0000e000 08:06 396134                     /home/chenjw/software/jdk1.6.0_29/jre/lib/amd64/libzip.so
7fc3c3bb0000-7fc3c3bb3000 rwxp 00010000 08:06 396134                     /home/chenjw/software/jdk1.6.0_29/jre/lib/amd64/libzip.so
7fc3c3bb3000-7fc3c3bb4000 rwxp 00000000 00:00 0 
7fc3c3bb4000-7fc3c3bc0000 r-xp 00000000 08:06 37321                      /lib64/libnss_files-2.12.so
7fc3c3bc0000-7fc3c3dc0000 ---p 0000c000 08:06 37321                      /lib64/libnss_files-2.12.so
7fc3c3dc0000-7fc3c3dc1000 r-xp 0000c000 08:06 37321                      /lib64/libnss_files-2.12.so
7fc3c3dc1000-7fc3c3dc2000 rwxp 0000d000 08:06 37321                      /lib64/libnss_files-2.12.so
7fc3c3dc2000-7fc3c3deb000 r-xp 00000000 08:06 396147                     /home/chenjw/software/jdk1.6.0_29/jre/lib/amd64/libjava.so
7fc3c3deb000-7fc3c3eea000 ---p 00029000 08:06 396147                     /home/chenjw/software/jdk1.6.0_29/jre/lib/amd64/libjava.so
7fc3c3eea000-7fc3c3ef1000 rwxp 00028000 08:06 396147                     /home/chenjw/software/jdk1.6.0_29/jre/lib/amd64/libjava.so
7fc3c3ef1000-7fc3c3efe000 r-xp 00000000 08:06 396129                     /home/chenjw/software/jdk1.6.0_29/jre/lib/amd64/libverify.so
7fc3c3efe000-7fc3c3ffd000 ---p 0000d000 08:06 396129                     /home/chenjw/software/jdk1.6.0_29/jre/lib/amd64/libverify.so
7fc3c3ffd000-7fc3c4000000 rwxp 0000c000 08:06 396129                     /home/chenjw/software/jdk1.6.0_29/jre/lib/amd64/libverify.so
7fc3c4000000-7fc3c40d2000 rwxp 00000000 00:00 0 
7fc3c40d2000-7fc3c8000000 ---p 00000000 00:00 0 
7fc3c8033000-7fc3c8066000 rwxp 00000000 00:00 0 
7fc3c8066000-7fc3c8084000 rwxp 00000000 00:00 0 
7fc3c8084000-7fc3c8087000 ---p 00000000 00:00 0 
7fc3c8087000-7fc3c8185000 rwxp 00000000 00:00 0 
7fc3c8185000-7fc3c8a9f000 r-xp 00000000 08:06 396154                     /home/chenjw/software/jdk1.6.0_29/jre/lib/amd64/server/libjvm.so
7fc3c8a9f000-7fc3c8ba1000 ---p 0091a000 08:06 396154                     /home/chenjw/software/jdk1.6.0_29/jre/lib/amd64/server/libjvm.so
7fc3c8ba1000-7fc3c8d56000 rwxp 0091c000 08:06 396154                     /home/chenjw/software/jdk1.6.0_29/jre/lib/amd64/server/libjvm.so
7fc3c8d56000-7fc3c8d93000 rwxp 00000000 00:00 0 
7fc3c8d93000-7fc3c8d9a000 r-xp 00000000 08:06 396119                     /home/chenjw/software/jdk1.6.0_29/jre/lib/amd64/jli/libjli.so
7fc3c8d9a000-7fc3c8e9b000 ---p 00007000 08:06 396119                     /home/chenjw/software/jdk1.6.0_29/jre/lib/amd64/jli/libjli.so
7fc3c8e9b000-7fc3c8e9d000 rwxp 00008000 08:06 396119                     /home/chenjw/software/jdk1.6.0_29/jre/lib/amd64/jli/libjli.so
7fc3c8e9d000-7fc3c8e9e000 rwxp 00000000 00:00 0 
7fc3c8eab000-7fc3c8eb3000 rwxs 00000000 08:06 3939343                    /tmp/hsperfdata_chenjw/11943
7fc3c8eb3000-7fc3c8eb4000 rwxp 00000000 00:00 0 
7fc3c8eb4000-7fc3c8eb5000 r-xp 00000000 00:00 0 
7fc3c8eb5000-7fc3c8eb6000 rwxp 00000000 00:00 0 
7fff4272d000-7fff42742000 rwxp 00000000 00:00 0                          [stack]
7fff427ff000-7fff42800000 r-xp 00000000 00:00 0                          [vdso]
ffffffffff600000-ffffffffff601000 r-xp 00000000 00:00 0                  [vsyscall]

VM Arguments:
jvm_args: -Dfile.encoding=UTF-8 
java_command: com.chenjw.knife.agent.utils.NativeHelper
Launcher Type: SUN_STANDARD

Environment Variables:
JAVA_HOME=/home/chenjw/software/jdk1.6.0_34
CLASSPATH=.:/home/chenjw/software/jdk1.6.0_34/lib:
PATH=/home/chenjw/software/jdk1.6.0_34/bin:/home/chenjw/software/apache-maven-2.2.1/bin:/home/chenjw/software/apache-ant-1.8.3/bin:/usr/lib64/qt-3.3/bin:/usr/local/bin:/usr/bin:/bin:/usr/local/sbin:/usr/sbin:/sbin:/home/chenjw/workspace_go/go/bin:/home/chenjw/bin
USERNAME=chenjw
LD_LIBRARY_PATH=/home/chenjw/software/jdk1.6.0_29/jre/lib/amd64/server:/home/chenjw/software/jdk1.6.0_29/jre/lib/amd64:/home/chenjw/software/jdk1.6.0_29/jre/../lib/amd64:/home/chenjw/software/jdk1.6.0_34/jre/lib/amd64/server:/home/chenjw/software/jdk1.6.0_34/jre/lib/amd64:/home/chenjw/software/jdk1.6.0_34/jre/../lib/amd64
SHELL=/bin/bash
DISPLAY=:0.0

Signal Handlers:
SIGSEGV: [libjvm.so+0x85f780], sa_mask[0]=0x7ffbfeff, sa_flags=0x10000004
SIGBUS: [libjvm.so+0x85f780], sa_mask[0]=0x7ffbfeff, sa_flags=0x10000004
SIGFPE: [libjvm.so+0x70e3b0], sa_mask[0]=0x7ffbfeff, sa_flags=0x10000004
SIGPIPE: [libjvm.so+0x70e3b0], sa_mask[0]=0x7ffbfeff, sa_flags=0x10000004
SIGXFSZ: [libjvm.so+0x70e3b0], sa_mask[0]=0x7ffbfeff, sa_flags=0x10000004
SIGILL: [libjvm.so+0x70e3b0], sa_mask[0]=0x7ffbfeff, sa_flags=0x10000004
SIGUSR1: SIG_DFL, sa_mask[0]=0x00000000, sa_flags=0x00000000
SIGUSR2: [libjvm.so+0x7111c0], sa_mask[0]=0x00000004, sa_flags=0x10000004
SIGHUP: [libjvm.so+0x710dc0], sa_mask[0]=0x7ffbfeff, sa_flags=0x10000004
SIGINT: [libjvm.so+0x710dc0], sa_mask[0]=0x7ffbfeff, sa_flags=0x10000004
SIGTERM: [libjvm.so+0x710dc0], sa_mask[0]=0x7ffbfeff, sa_flags=0x10000004
SIGQUIT: [libjvm.so+0x710dc0], sa_mask[0]=0x7ffbfeff, sa_flags=0x10000004


---------------  S Y S T E M  ---------------

OS:CentOS release 6.2 (Final)

uname:Linux 2.6.32-220.4.1.el6.x86_64 #1 SMP Tue Jan 24 02:13:44 GMT 2012 x86_64
libc:glibc 2.12 NPTL 2.12 
rlimit: STACK 10240k, CORE 0k, NPROC 1024, NOFILE 1024, AS infinity
load average:0.08 0.12 0.14

/proc/meminfo:
MemTotal:        5851108 kB
MemFree:         1954240 kB
Buffers:          385280 kB
Cached:          1358144 kB
SwapCached:            0 kB
Active:          2273344 kB
Inactive:        1308792 kB
Active(anon):    1839364 kB
Inactive(anon):    11432 kB
Active(file):     433980 kB
Inactive(file):  1297360 kB
Unevictable:           0 kB
Mlocked:               0 kB
SwapTotal:       9375736 kB
SwapFree:        9375736 kB
Dirty:              1168 kB
Writeback:             0 kB
AnonPages:       1838704 kB
Mapped:           165300 kB
Shmem:             12088 kB
Slab:             162908 kB
SReclaimable:      79684 kB
SUnreclaim:        83224 kB
KernelStack:        4096 kB
PageTables:        41664 kB
NFS_Unstable:          0 kB
Bounce:                0 kB
WritebackTmp:          0 kB
CommitLimit:    12301288 kB
Committed_AS:    3282088 kB
VmallocTotal:   34359738367 kB
VmallocUsed:      299700 kB
VmallocChunk:   34359312420 kB
HardwareCorrupted:     0 kB
AnonHugePages:   1122304 kB
HugePages_Total:       0
HugePages_Free:        0
HugePages_Rsvd:        0
HugePages_Surp:        0
Hugepagesize:       2048 kB
DirectMap4k:        6144 kB
DirectMap2M:     6211584 kB


CPU:total 4 (2 cores per cpu, 2 threads per core) family 6 model 37 stepping 5, cmov, cx8, fxsr, mmx, sse, sse2, sse3, ssse3, sse4.1, sse4.2, popcnt, ht

/proc/cpuinfo:
processor	: 0
vendor_id	: GenuineIntel
cpu family	: 6
model		: 37
model name	: Intel(R) Core(TM) i3 CPU       M 380  @ 2.53GHz
stepping	: 5
cpu MHz		: 933.000
cache size	: 3072 KB
physical id	: 0
siblings	: 4
core id		: 0
cpu cores	: 2
apicid		: 0
initial apicid	: 0
fpu		: yes
fpu_exception	: yes
cpuid level	: 11
wp		: yes
flags		: fpu vme de pse tsc msr pae mce cx8 apic mtrr pge mca cmov pat pse36 clflush dts acpi mmx fxsr sse sse2 ss ht tm pbe syscall nx rdtscp lm constant_tsc arch_perfmon pebs bts rep_good xtopology nonstop_tsc aperfmperf pni dtes64 monitor ds_cpl vmx est tm2 ssse3 cx16 xtpr pdcm sse4_1 sse4_2 popcnt lahf_lm arat dts tpr_shadow vnmi flexpriority ept vpid
bogomips	: 5054.30
clflush size	: 64
cache_alignment	: 64
address sizes	: 36 bits physical, 48 bits virtual
power management:

processor	: 1
vendor_id	: GenuineIntel
cpu family	: 6
model		: 37
model name	: Intel(R) Core(TM) i3 CPU       M 380  @ 2.53GHz
stepping	: 5
cpu MHz		: 933.000
cache size	: 3072 KB
physical id	: 0
siblings	: 4
core id		: 2
cpu cores	: 2
apicid		: 4
initial apicid	: 4
fpu		: yes
fpu_exception	: yes
cpuid level	: 11
wp		: yes
flags		: fpu vme de pse tsc msr pae mce cx8 apic mtrr pge mca cmov pat pse36 clflush dts acpi mmx fxsr sse sse2 ss ht tm pbe syscall nx rdtscp lm constant_tsc arch_perfmon pebs bts rep_good xtopology nonstop_tsc aperfmperf pni dtes64 monitor ds_cpl vmx est tm2 ssse3 cx16 xtpr pdcm sse4_1 sse4_2 popcnt lahf_lm arat dts tpr_shadow vnmi flexpriority ept vpid
bogomips	: 5053.74
clflush size	: 64
cache_alignment	: 64
address sizes	: 36 bits physical, 48 bits virtual
power management:

processor	: 2
vendor_id	: GenuineIntel
cpu family	: 6
model		: 37
model name	: Intel(R) Core(TM) i3 CPU       M 380  @ 2.53GHz
stepping	: 5
cpu MHz		: 933.000
cache size	: 3072 KB
physical id	: 0
siblings	: 4
core id		: 0
cpu cores	: 2
apicid		: 1
initial apicid	: 1
fpu		: yes
fpu_exception	: yes
cpuid level	: 11
wp		: yes
flags		: fpu vme de pse tsc msr pae mce cx8 apic mtrr pge mca cmov pat pse36 clflush dts acpi mmx fxsr sse sse2 ss ht tm pbe syscall nx rdtscp lm constant_tsc arch_perfmon pebs bts rep_good xtopology nonstop_tsc aperfmperf pni dtes64 monitor ds_cpl vmx est tm2 ssse3 cx16 xtpr pdcm sse4_1 sse4_2 popcnt lahf_lm arat dts tpr_shadow vnmi flexpriority ept vpid
bogomips	: 5053.73
clflush size	: 64
cache_alignment	: 64
address sizes	: 36 bits physical, 48 bits virtual
power management:

processor	: 3
vendor_id	: GenuineIntel
cpu family	: 6
model		: 37
model name	: Intel(R) Core(TM) i3 CPU       M 380  @ 2.53GHz
stepping	: 5
cpu MHz		: 2533.000
cache size	: 3072 KB
physical id	: 0
siblings	: 4
core id		: 2
cpu cores	: 2
apicid		: 5
initial apicid	: 5
fpu		: yes
fpu_exception	: yes
cpuid level	: 11
wp		: yes
flags		: fpu vme de pse tsc msr pae mce cx8 apic mtrr pge mca cmov pat pse36 clflush dts acpi mmx fxsr sse sse2 ss ht tm pbe syscall nx rdtscp lm constant_tsc arch_perfmon pebs bts rep_good xtopology nonstop_tsc aperfmperf pni dtes64 monitor ds_cpl vmx est tm2 ssse3 cx16 xtpr pdcm sse4_1 sse4_2 popcnt lahf_lm arat dts tpr_shadow vnmi flexpriority ept vpid
bogomips	: 5053.73
clflush size	: 64
cache_alignment	: 64
address sizes	: 36 bits physical, 48 bits virtual
power management:



Memory: 4k page, physical 5851108k(1954240k free), swap 9375736k(9375736k free)

vm_info: Java HotSpot(TM) 64-Bit Server VM (20.4-b02) for linux-amd64 JRE (1.6.0_29-b11), built on Oct  3 2011 01:19:20 by "java_re" with gcc 3.2.2 (SuSE Linux)

time: Mon Dec 10 01:29:04 2012
elapsed time: 0 seconds

