This file contains any messages produced by compilers while
running configure, to aid debugging if configure makes a mistake.

It was created by agent configure 0.0.1, which was
generated by GNU Autoconf 2.63.  Invocation command line was

  $ ./configure 

## --------- ##
## Platform. ##
## --------- ##

hostname = localhost.localdomain
uname -m = x86_64
uname -r = 2.6.32-220.4.1.el6.x86_64
uname -s = Linux
uname -v = #1 SMP Tue Jan 24 02:13:44 GMT 2012

/usr/bin/uname -p = unknown
/bin/uname -X     = unknown

/bin/arch              = x86_64
/usr/bin/arch -k       = unknown
/usr/convex/getsysinfo = unknown
/usr/bin/hostinfo      = unknown
/bin/machine           = unknown
/usr/bin/oslevel       = unknown
/bin/universe          = unknown

PATH: /home/chenjw/software/jdk1.6.0_29/bin
PATH: /home/chenjw/software/apache-maven-2.2.1/bin
PATH: /home/chenjw/software/apache-ant-1.8.3/bin
PATH: /usr/lib64/qt-3.3/bin
PATH: /usr/local/bin
PATH: /usr/bin
PATH: /bin
PATH: /usr/local/sbin
PATH: /usr/sbin
PATH: /sbin
PATH: /home/chenjw/bin


## ----------- ##
## Core tests. ##
## ----------- ##

configure:2083: checking for a BSD-compatible install
configure:2151: result: /usr/bin/install -c
configure:2162: checking whether build environment is sane
configure:2222: result: yes
configure:2363: checking for a thread-safe mkdir -p
configure:2402: result: /bin/mkdir -p
configure:2415: checking for gawk
configure:2431: found /usr/bin/gawk
configure:2442: result: gawk
configure:2453: checking whether make sets $(MAKE)
configure:2475: result: yes
configure:2609: checking for gcc
configure:2625: found /usr/bin/gcc
configure:2636: result: gcc
configure:2868: checking for C compiler version
configure:2876: gcc --version >&5
gcc (GCC) 4.4.6 20110731 (Red Hat 4.4.6-3)
Copyright (C) 2010 Free Software Foundation, Inc.
This is free software; see the source for copying conditions.  There is NO
warranty; not even for MERCHANTABILITY or FITNESS FOR A PARTICULAR PURPOSE.

configure:2880: $? = 0
configure:2887: gcc -v >&5
Using built-in specs.
Target: x86_64-redhat-linux
Configured with: ../configure --prefix=/usr --mandir=/usr/share/man --infodir=/usr/share/info --with-bugurl=http://bugzilla.redhat.com/bugzilla --enable-bootstrap --enable-shared --enable-threads=posix --enable-checking=release --with-system-zlib --enable-__cxa_atexit --disable-libunwind-exceptions --enable-gnu-unique-object --enable-languages=c,c++,objc,obj-c++,java,fortran,ada --enable-java-awt=gtk --disable-dssi --with-java-home=/usr/lib/jvm/java-1.5.0-gcj-1.5.0.0/jre --enable-libgcj-multifile --enable-java-maintainer-mode --with-ecj-jar=/usr/share/java/eclipse-ecj.jar --disable-libjava-multilib --with-ppl --with-cloog --with-tune=generic --with-arch_32=i686 --build=x86_64-redhat-linux
Thread model: posix
gcc version 4.4.6 20110731 (Red Hat 4.4.6-3) (GCC) 
configure:2891: $? = 0
configure:2898: gcc -V >&5
gcc: '-V' option must have argument
configure:2902: $? = 1
configure:2925: checking for C compiler default output file name
configure:2947: gcc    conftest.c  >&5
configure:2951: $? = 0
configure:2989: result: a.out
configure:3008: checking whether the C compiler works
configure:3018: ./a.out
configure:3022: $? = 0
configure:3041: result: yes
configure:3048: checking whether we are cross compiling
configure:3050: result: no
configure:3053: checking for suffix of executables
configure:3060: gcc -o conftest    conftest.c  >&5
configure:3064: $? = 0
configure:3090: result: 
configure:3096: checking for suffix of object files
configure:3122: gcc -c   conftest.c >&5
configure:3126: $? = 0
configure:3151: result: o
configure:3155: checking whether we are using the GNU C compiler
configure:3184: gcc -c   conftest.c >&5
configure:3191: $? = 0
configure:3208: result: yes
configure:3217: checking whether gcc accepts -g
configure:3247: gcc -c -g  conftest.c >&5
configure:3254: $? = 0
configure:3355: result: yes
configure:3372: checking for gcc option to accept ISO C89
configure:3446: gcc  -c -g -O2  conftest.c >&5
configure:3453: $? = 0
configure:3476: result: none needed
configure:3505: checking for style of include used by make
configure:3533: result: GNU
configure:3558: checking dependency style of gcc
configure:3668: result: gcc3
configure:3741: checking for g++
configure:3757: found /usr/bin/g++
configure:3768: result: g++
configure:3795: checking for C++ compiler version
configure:3803: g++ --version >&5
g++ (GCC) 4.4.6 20110731 (Red Hat 4.4.6-3)
Copyright (C) 2010 Free Software Foundation, Inc.
This is free software; see the source for copying conditions.  There is NO
warranty; not even for MERCHANTABILITY or FITNESS FOR A PARTICULAR PURPOSE.

configure:3807: $? = 0
configure:3814: g++ -v >&5
Using built-in specs.
Target: x86_64-redhat-linux
Configured with: ../configure --prefix=/usr --mandir=/usr/share/man --infodir=/usr/share/info --with-bugurl=http://bugzilla.redhat.com/bugzilla --enable-bootstrap --enable-shared --enable-threads=posix --enable-checking=release --with-system-zlib --enable-__cxa_atexit --disable-libunwind-exceptions --enable-gnu-unique-object --enable-languages=c,c++,objc,obj-c++,java,fortran,ada --enable-java-awt=gtk --disable-dssi --with-java-home=/usr/lib/jvm/java-1.5.0-gcj-1.5.0.0/jre --enable-libgcj-multifile --enable-java-maintainer-mode --with-ecj-jar=/usr/share/java/eclipse-ecj.jar --disable-libjava-multilib --with-ppl --with-cloog --with-tune=generic --with-arch_32=i686 --build=x86_64-redhat-linux
Thread model: posix
gcc version 4.4.6 20110731 (Red Hat 4.4.6-3) (GCC) 
configure:3818: $? = 0
configure:3825: g++ -V >&5
g++: '-V' option must have argument
configure:3829: $? = 1
configure:3832: checking whether we are using the GNU C++ compiler
configure:3861: g++ -c   conftest.cpp >&5
configure:3868: $? = 0
configure:3885: result: yes
configure:3894: checking whether g++ accepts -g
configure:3924: g++ -c -g  conftest.cpp >&5
configure:3931: $? = 0
configure:4032: result: yes
configure:4057: checking dependency style of g++
configure:4167: result: gcc3
configure:4213: checking build system type
configure:4231: result: x86_64-unknown-linux-gnu
configure:4253: checking host system type
configure:4268: result: x86_64-unknown-linux-gnu
configure:4290: checking for a sed that does not truncate output
configure:4356: result: /bin/sed
configure:4374: checking for grep that handles long lines and -e
configure:4434: result: /bin/grep
configure:4439: checking for egrep
configure:4503: result: /bin/grep -E
configure:4508: checking for fgrep
configure:4572: result: /bin/grep -F
configure:4607: checking for ld used by gcc
configure:4674: result: /usr/bin/ld
configure:4683: checking if the linker (/usr/bin/ld) is GNU ld
configure:4698: result: yes
configure:4710: checking for BSD- or MS-compatible name lister (nm)
configure:4759: result: /usr/bin/nm -B
configure:4877: checking the name lister (/usr/bin/nm -B) interface
configure:4884: gcc -c -g -O2  conftest.c >&5
configure:4887: /usr/bin/nm -B "conftest.o"
configure:4890: output
0000000000000000 B some_variable
configure:4897: result: BSD nm
configure:4900: checking whether ln -s works
configure:4904: result: yes
configure:4912: checking the maximum length of command line arguments
configure:5032: result: 1966080
configure:5049: checking whether the shell understands some XSI constructs
configure:5059: result: yes
configure:5063: checking whether the shell understands "+="
configure:5069: result: yes
configure:5104: checking for /usr/bin/ld option to reload object files
configure:5111: result: -r
configure:5180: checking for objdump
configure:5196: found /usr/bin/objdump
configure:5207: result: objdump
configure:5239: checking how to recognize dependent libraries
configure:5435: result: pass_all
configure:5495: checking for ar
configure:5511: found /usr/bin/ar
configure:5522: result: ar
configure:5600: checking for strip
configure:5616: found /usr/bin/strip
configure:5627: result: strip
configure:5699: checking for ranlib
configure:5715: found /usr/bin/ranlib
configure:5726: result: ranlib
configure:5816: checking command to parse /usr/bin/nm -B output from gcc object
configure:5934: gcc -c -g -O2  conftest.c >&5
configure:5937: $? = 0
configure:5941: /usr/bin/nm -B conftest.o \| sed -n -e 's/^.*[	 ]\([ABCDGIRSTW][ABCDGIRSTW]*\)[	 ][	 ]*\([_A-Za-z][_A-Za-z0-9]*\)$/\1 \2 \2/p' \> conftest.nm
configure:5944: $? = 0
configure:5998: gcc -o conftest -g -O2   conftest.c conftstm.o >&5
configure:6001: $? = 0
configure:6039: result: ok
configure:6135: gcc -c -g -O2  conftest.c >&5
configure:6138: $? = 0
configure:6906: checking how to run the C preprocessor
configure:6946: gcc -E  conftest.c
configure:6953: $? = 0
configure:6984: gcc -E  conftest.c
conftest.c:10:28: error: ac_nonexistent.h: No such file or directory
configure:6991: $? = 1
configure: failed program was:
| /* confdefs.h.  */
| #define PACKAGE_NAME "agent"
| #define PACKAGE_TARNAME "agent"
| #define PACKAGE_VERSION "0.0.1"
| #define PACKAGE_STRING "agent 0.0.1"
| #define PACKAGE_BUGREPORT "cjw1983@gmail.com"
| #define PACKAGE "agent"
| #define VERSION "0.0.1"
| /* end confdefs.h.  */
| #include <ac_nonexistent.h>
configure:7024: result: gcc -E
configure:7053: gcc -E  conftest.c
configure:7060: $? = 0
configure:7091: gcc -E  conftest.c
conftest.c:10:28: error: ac_nonexistent.h: No such file or directory
configure:7098: $? = 1
configure: failed program was:
| /* confdefs.h.  */
| #define PACKAGE_NAME "agent"
| #define PACKAGE_TARNAME "agent"
| #define PACKAGE_VERSION "0.0.1"
| #define PACKAGE_STRING "agent 0.0.1"
| #define PACKAGE_BUGREPORT "cjw1983@gmail.com"
| #define PACKAGE "agent"
| #define VERSION "0.0.1"
| /* end confdefs.h.  */
| #include <ac_nonexistent.h>
configure:7138: checking for ANSI C header files
configure:7168: gcc -c -g -O2  conftest.c >&5
configure:7175: $? = 0
configure:7274: gcc -o conftest -g -O2   conftest.c  >&5
configure:7278: $? = 0
configure:7284: ./conftest
configure:7288: $? = 0
configure:7306: result: yes
configure:7330: checking for sys/types.h
configure:7351: gcc -c -g -O2  conftest.c >&5
configure:7358: $? = 0
configure:7375: result: yes
configure:7330: checking for sys/stat.h
configure:7351: gcc -c -g -O2  conftest.c >&5
configure:7358: $? = 0
configure:7375: result: yes
configure:7330: checking for stdlib.h
configure:7351: gcc -c -g -O2  conftest.c >&5
configure:7358: $? = 0
configure:7375: result: yes
configure:7330: checking for string.h
configure:7351: gcc -c -g -O2  conftest.c >&5
configure:7358: $? = 0
configure:7375: result: yes
configure:7330: checking for memory.h
configure:7351: gcc -c -g -O2  conftest.c >&5
configure:7358: $? = 0
configure:7375: result: yes
configure:7330: checking for strings.h
configure:7351: gcc -c -g -O2  conftest.c >&5
configure:7358: $? = 0
configure:7375: result: yes
configure:7330: checking for inttypes.h
configure:7351: gcc -c -g -O2  conftest.c >&5
configure:7358: $? = 0
configure:7375: result: yes
configure:7330: checking for stdint.h
configure:7351: gcc -c -g -O2  conftest.c >&5
configure:7358: $? = 0
configure:7375: result: yes
configure:7330: checking for unistd.h
configure:7351: gcc -c -g -O2  conftest.c >&5
configure:7358: $? = 0
configure:7375: result: yes
configure:7393: checking for dlfcn.h
configure:7414: gcc -c -g -O2  conftest.c >&5
configure:7421: $? = 0
configure:7438: result: yes
configure:7565: checking for C++ compiler version
configure:7573: g++ --version >&5
g++ (GCC) 4.4.6 20110731 (Red Hat 4.4.6-3)
Copyright (C) 2010 Free Software Foundation, Inc.
This is free software; see the source for copying conditions.  There is NO
warranty; not even for MERCHANTABILITY or FITNESS FOR A PARTICULAR PURPOSE.

configure:7577: $? = 0
configure:7584: g++ -v >&5
Using built-in specs.
Target: x86_64-redhat-linux
Configured with: ../configure --prefix=/usr --mandir=/usr/share/man --infodir=/usr/share/info --with-bugurl=http://bugzilla.redhat.com/bugzilla --enable-bootstrap --enable-shared --enable-threads=posix --enable-checking=release --with-system-zlib --enable-__cxa_atexit --disable-libunwind-exceptions --enable-gnu-unique-object --enable-languages=c,c++,objc,obj-c++,java,fortran,ada --enable-java-awt=gtk --disable-dssi --with-java-home=/usr/lib/jvm/java-1.5.0-gcj-1.5.0.0/jre --enable-libgcj-multifile --enable-java-maintainer-mode --with-ecj-jar=/usr/share/java/eclipse-ecj.jar --disable-libjava-multilib --with-ppl --with-cloog --with-tune=generic --with-arch_32=i686 --build=x86_64-redhat-linux
Thread model: posix
gcc version 4.4.6 20110731 (Red Hat 4.4.6-3) (GCC) 
configure:7588: $? = 0
configure:7595: g++ -V >&5
g++: '-V' option must have argument
configure:7599: $? = 1
configure:7602: checking whether we are using the GNU C++ compiler
configure:7655: result: yes
configure:7664: checking whether g++ accepts -g
configure:7802: result: yes
configure:7827: checking dependency style of g++
configure:7937: result: gcc3
configure:7960: checking how to run the C++ preprocessor
configure:7996: g++ -E  conftest.cpp
configure:8003: $? = 0
configure:8034: g++ -E  conftest.cpp
conftest.cpp:21:28: error: ac_nonexistent.h: No such file or directory
configure:8041: $? = 1
configure: failed program was:
| /* confdefs.h.  */
| #define PACKAGE_NAME "agent"
| #define PACKAGE_TARNAME "agent"
| #define PACKAGE_VERSION "0.0.1"
| #define PACKAGE_STRING "agent 0.0.1"
| #define PACKAGE_BUGREPORT "cjw1983@gmail.com"
| #define PACKAGE "agent"
| #define VERSION "0.0.1"
| #define STDC_HEADERS 1
| #define HAVE_SYS_TYPES_H 1
| #define HAVE_SYS_STAT_H 1
| #define HAVE_STDLIB_H 1
| #define HAVE_STRING_H 1
| #define HAVE_MEMORY_H 1
| #define HAVE_STRINGS_H 1
| #define HAVE_INTTYPES_H 1
| #define HAVE_STDINT_H 1
| #define HAVE_UNISTD_H 1
| #define HAVE_DLFCN_H 1
| /* end confdefs.h.  */
| #include <ac_nonexistent.h>
configure:8074: result: g++ -E
configure:8103: g++ -E  conftest.cpp
configure:8110: $? = 0
configure:8141: g++ -E  conftest.cpp
conftest.cpp:21:28: error: ac_nonexistent.h: No such file or directory
configure:8148: $? = 1
configure: failed program was:
| /* confdefs.h.  */
| #define PACKAGE_NAME "agent"
| #define PACKAGE_TARNAME "agent"
| #define PACKAGE_VERSION "0.0.1"
| #define PACKAGE_STRING "agent 0.0.1"
| #define PACKAGE_BUGREPORT "cjw1983@gmail.com"
| #define PACKAGE "agent"
| #define VERSION "0.0.1"
| #define STDC_HEADERS 1
| #define HAVE_SYS_TYPES_H 1
| #define HAVE_SYS_STAT_H 1
| #define HAVE_STDLIB_H 1
| #define HAVE_STRING_H 1
| #define HAVE_MEMORY_H 1
| #define HAVE_STRINGS_H 1
| #define HAVE_INTTYPES_H 1
| #define HAVE_STDINT_H 1
| #define HAVE_UNISTD_H 1
| #define HAVE_DLFCN_H 1
| /* end confdefs.h.  */
| #include <ac_nonexistent.h>
configure:8362: checking for objdir
configure:8377: result: .libs
configure:8669: checking if gcc supports -fno-rtti -fno-exceptions
configure:8687: gcc -c -g -O2  -fno-rtti -fno-exceptions conftest.c >&5
cc1: warning: command line option "-fno-rtti" is valid for C++/ObjC++ but not for C
configure:8691: $? = 0
configure:8704: result: no
configure:8724: checking for gcc option to produce PIC
configure:8996: result: -fPIC -DPIC
configure:9008: checking if gcc PIC flag -fPIC -DPIC works
configure:9026: gcc -c -g -O2  -fPIC -DPIC -DPIC conftest.c >&5
configure:9030: $? = 0
configure:9043: result: yes
configure:9067: checking if gcc static flag -static works
configure:9095: result: no
configure:9110: checking if gcc supports -c -o file.o
configure:9131: gcc -c -g -O2  -o out/conftest2.o conftest.c >&5
configure:9135: $? = 0
configure:9157: result: yes
configure:9165: checking if gcc supports -c -o file.o
configure:9212: result: yes
configure:9245: checking whether the gcc linker (/usr/bin/ld -m elf_x86_64) supports shared libraries
configure:10319: result: yes
configure:10356: checking whether -lc should be explicitly linked in
configure:10361: gcc -c -g -O2  conftest.c >&5
configure:10364: $? = 0
configure:10379: gcc -shared conftest.o  -v -Wl,-soname -Wl,conftest -o conftest 2\>\&1 \| /bin/grep  -lc  \>/dev/null 2\>\&1
configure:10382: $? = 0
configure:10394: result: no
configure:10558: checking dynamic linker characteristics
configure:11001: gcc -o conftest -g -O2   -Wl,-rpath -Wl,/foo conftest.c  >&5
configure:11008: $? = 0
configure:11244: result: GNU/Linux ld.so
configure:11346: checking how to hardcode library paths into programs
configure:11371: result: immediate
configure:12204: checking whether stripping libraries is possible
configure:12209: result: yes
configure:12244: checking if libtool supports shared libraries
configure:12246: result: yes
configure:12249: checking whether to build shared libraries
configure:12270: result: yes
configure:12273: checking whether to build static libraries
configure:12277: result: yes
configure:12427: checking for ld used by g++
configure:12494: result: /usr/bin/ld -m elf_x86_64
configure:12503: checking if the linker (/usr/bin/ld -m elf_x86_64) is GNU ld
configure:12518: result: yes
configure:12573: checking whether the g++ linker (/usr/bin/ld -m elf_x86_64) supports shared libraries
configure:13548: result: yes
configure:13576: g++ -c -g -O2  conftest.cpp >&5
configure:13579: $? = 0
configure:13761: checking for g++ option to produce PIC
configure:14078: result: -fPIC -DPIC
configure:14087: checking if g++ PIC flag -fPIC -DPIC works
configure:14105: g++ -c -g -O2  -fPIC -DPIC -DPIC conftest.cpp >&5
configure:14109: $? = 0
configure:14122: result: yes
configure:14143: checking if g++ static flag -static works
configure:14171: result: no
configure:14183: checking if g++ supports -c -o file.o
configure:14204: g++ -c -g -O2  -o out/conftest2.o conftest.cpp >&5
configure:14208: $? = 0
configure:14230: result: yes
configure:14235: checking if g++ supports -c -o file.o
configure:14282: result: yes
configure:14312: checking whether the g++ linker (/usr/bin/ld -m elf_x86_64) supports shared libraries
configure:14338: result: yes
configure:14475: checking dynamic linker characteristics
configure:14866: g++ -o conftest -g -O2   -Wl,-rpath -Wl,/foo conftest.cpp  >&5
configure:14873: $? = 0
configure:15109: result: GNU/Linux ld.so
configure:15160: checking how to hardcode library paths into programs
configure:15185: result: immediate
configure:15395: creating ./config.status

## ---------------------- ##
## Running config.status. ##
## ---------------------- ##

This file was extended by agent config.status 0.0.1, which was
generated by GNU Autoconf 2.63.  Invocation command line was

  CONFIG_FILES    = 
  CONFIG_HEADERS  = 
  CONFIG_LINKS    = 
  CONFIG_COMMANDS = 
  $ ./config.status 

on localhost.localdomain

config.status:1047: creating Makefile
config.status:1047: creating src/Makefile
config.status:1047: creating config.h
config.status:1269: config.h is unchanged
config.status:1321: executing depfiles commands
config.status:1321: executing libtool commands
configure:17952: === configuring in src (/home/chenjw/workspace/jvmtitest/src)
configure:18041: WARNING: no configuration information is in src

## ---------------- ##
## Cache variables. ##
## ---------------- ##

ac_cv_build=x86_64-unknown-linux-gnu
ac_cv_c_compiler_gnu=yes
ac_cv_cxx_compiler_gnu=yes
ac_cv_env_CCC_set=
ac_cv_env_CCC_value=
ac_cv_env_CC_set=
ac_cv_env_CC_value=
ac_cv_env_CFLAGS_set=
ac_cv_env_CFLAGS_value=
ac_cv_env_CPPFLAGS_set=
ac_cv_env_CPPFLAGS_value=
ac_cv_env_CPP_set=
ac_cv_env_CPP_value=
ac_cv_env_CXXCPP_set=
ac_cv_env_CXXCPP_value=
ac_cv_env_CXXFLAGS_set=
ac_cv_env_CXXFLAGS_value=
ac_cv_env_CXX_set=
ac_cv_env_CXX_value=
ac_cv_env_LDFLAGS_set=
ac_cv_env_LDFLAGS_value=
ac_cv_env_LIBS_set=
ac_cv_env_LIBS_value=
ac_cv_env_build_alias_set=
ac_cv_env_build_alias_value=
ac_cv_env_host_alias_set=
ac_cv_env_host_alias_value=
ac_cv_env_target_alias_set=
ac_cv_env_target_alias_value=
ac_cv_header_dlfcn_h=yes
ac_cv_header_inttypes_h=yes
ac_cv_header_memory_h=yes
ac_cv_header_stdc=yes
ac_cv_header_stdint_h=yes
ac_cv_header_stdlib_h=yes
ac_cv_header_string_h=yes
ac_cv_header_strings_h=yes
ac_cv_header_sys_stat_h=yes
ac_cv_header_sys_types_h=yes
ac_cv_header_unistd_h=yes
ac_cv_host=x86_64-unknown-linux-gnu
ac_cv_objext=o
ac_cv_path_EGREP='/bin/grep -E'
ac_cv_path_FGREP='/bin/grep -F'
ac_cv_path_GREP=/bin/grep
ac_cv_path_SED=/bin/sed
ac_cv_path_install='/usr/bin/install -c'
ac_cv_path_mkdir=/bin/mkdir
ac_cv_prog_AWK=gawk
ac_cv_prog_CPP='gcc -E'
ac_cv_prog_CXXCPP='g++ -E'
ac_cv_prog_ac_ct_AR=ar
ac_cv_prog_ac_ct_CC=gcc
ac_cv_prog_ac_ct_CXX=g++
ac_cv_prog_ac_ct_OBJDUMP=objdump
ac_cv_prog_ac_ct_RANLIB=ranlib
ac_cv_prog_ac_ct_STRIP=strip
ac_cv_prog_cc_c89=
ac_cv_prog_cc_g=yes
ac_cv_prog_cxx_g=yes
ac_cv_prog_make_make_set=yes
am_cv_CC_dependencies_compiler_type=gcc3
am_cv_CXX_dependencies_compiler_type=gcc3
lt_cv_deplibs_check_method=pass_all
lt_cv_file_magic_cmd='$MAGIC_CMD'
lt_cv_file_magic_test_file=
lt_cv_ld_reload_flag=-r
lt_cv_nm_interface='BSD nm'
lt_cv_objdir=.libs
lt_cv_path_LD=/usr/bin/ld
lt_cv_path_LDCXX='/usr/bin/ld -m elf_x86_64'
lt_cv_path_NM='/usr/bin/nm -B'
lt_cv_prog_compiler_c_o=yes
lt_cv_prog_compiler_c_o_CXX=yes
lt_cv_prog_compiler_pic_works=yes
lt_cv_prog_compiler_pic_works_CXX=yes
lt_cv_prog_compiler_rtti_exceptions=no
lt_cv_prog_compiler_static_works=no
lt_cv_prog_compiler_static_works_CXX=no
lt_cv_prog_gnu_ld=yes
lt_cv_prog_gnu_ldcxx=yes
lt_cv_sys_global_symbol_pipe='sed -n -e '\''s/^.*[	 ]\([ABCDGIRSTW][ABCDGIRSTW]*\)[	 ][	 ]*\([_A-Za-z][_A-Za-z0-9]*\)$/\1 \2 \2/p'\'''
lt_cv_sys_global_symbol_to_c_name_address='sed -n -e '\''s/^: \([^ ]*\) $/  {\"\1\", (void *) 0},/p'\'' -e '\''s/^[ABCDGIRSTW]* \([^ ]*\) \([^ ]*\)$/  {"\2", (void *) \&\2},/p'\'''
lt_cv_sys_global_symbol_to_c_name_address_lib_prefix='sed -n -e '\''s/^: \([^ ]*\) $/  {\"\1\", (void *) 0},/p'\'' -e '\''s/^[ABCDGIRSTW]* \([^ ]*\) \(lib[^ ]*\)$/  {"\2", (void *) \&\2},/p'\'' -e '\''s/^[ABCDGIRSTW]* \([^ ]*\) \([^ ]*\)$/  {"lib\2", (void *) \&\2},/p'\'''
lt_cv_sys_global_symbol_to_cdecl='sed -n -e '\''s/^T .* \(.*\)$/extern int \1();/p'\'' -e '\''s/^[ABCDGIRSTW]* .* \(.*\)$/extern char \1;/p'\'''
lt_cv_sys_max_cmd_len=1966080

## ----------------- ##
## Output variables. ##
## ----------------- ##

ACLOCAL='${SHELL} /home/chenjw/workspace/jvmtitest/missing --run aclocal-1.11'
AMDEPBACKSLASH='\'
AMDEP_FALSE='#'
AMDEP_TRUE=''
AMTAR='${SHELL} /home/chenjw/workspace/jvmtitest/missing --run tar'
AR='ar'
AUTOCONF='${SHELL} /home/chenjw/workspace/jvmtitest/missing --run autoconf'
AUTOHEADER='${SHELL} /home/chenjw/workspace/jvmtitest/missing --run autoheader'
AUTOMAKE='${SHELL} /home/chenjw/workspace/jvmtitest/missing --run automake-1.11'
AWK='gawk'
CC='gcc'
CCDEPMODE='depmode=gcc3'
CFLAGS='-g -O2'
CPP='gcc -E'
CPPFLAGS=''
CXX='g++'
CXXCPP='g++ -E'
CXXDEPMODE='depmode=gcc3'
CXXFLAGS='-g -O2'
CYGPATH_W='echo'
DEFS='-DHAVE_CONFIG_H'
DEPDIR='.deps'
DSYMUTIL=''
DUMPBIN=''
ECHO_C=''
ECHO_N='-n'
ECHO_T=''
EGREP='/bin/grep -E'
EXEEXT=''
FGREP='/bin/grep -F'
GREP='/bin/grep'
INSTALL_DATA='${INSTALL} -m 644'
INSTALL_PROGRAM='${INSTALL}'
INSTALL_SCRIPT='${INSTALL}'
INSTALL_STRIP_PROGRAM='$(install_sh) -c -s'
LD='/usr/bin/ld -m elf_x86_64'
LDFLAGS=''
LIBOBJS=''
LIBS=''
LIBTOOL='$(SHELL) $(top_builddir)/libtool'
LIPO=''
LN_S='ln -s'
LTLIBOBJS=''
MAKEINFO='${SHELL} /home/chenjw/workspace/jvmtitest/missing --run makeinfo'
MKDIR_P='/bin/mkdir -p'
NM='/usr/bin/nm -B'
NMEDIT=''
OBJDUMP='objdump'
OBJEXT='o'
OTOOL64=''
OTOOL=''
PACKAGE='agent'
PACKAGE_BUGREPORT='cjw1983@gmail.com'
PACKAGE_NAME='agent'
PACKAGE_STRING='agent 0.0.1'
PACKAGE_TARNAME='agent'
PACKAGE_VERSION='0.0.1'
PATH_SEPARATOR=':'
RANLIB='ranlib'
SED='/bin/sed'
SET_MAKE=''
SHELL='/bin/sh'
STRIP='strip'
VERSION='0.0.1'
ac_ct_CC='gcc'
ac_ct_CXX='g++'
ac_ct_DUMPBIN=''
am__EXEEXT_FALSE=''
am__EXEEXT_TRUE='#'
am__fastdepCC_FALSE='#'
am__fastdepCC_TRUE=''
am__fastdepCXX_FALSE='#'
am__fastdepCXX_TRUE=''
am__include='include'
am__isrc=''
am__leading_dot='.'
am__quote=''
am__tar='${AMTAR} chof - "$$tardir"'
am__untar='${AMTAR} xf -'
bindir='${exec_prefix}/bin'
build='x86_64-unknown-linux-gnu'
build_alias=''
build_cpu='x86_64'
build_os='linux-gnu'
build_vendor='unknown'
datadir='${datarootdir}'
datarootdir='${prefix}/share'
docdir='${datarootdir}/doc/${PACKAGE_TARNAME}'
dvidir='${docdir}'
exec_prefix='${prefix}'
host='x86_64-unknown-linux-gnu'
host_alias=''
host_cpu='x86_64'
host_os='linux-gnu'
host_vendor='unknown'
htmldir='${docdir}'
includedir='${prefix}/include'
infodir='${datarootdir}/info'
install_sh='${SHELL} /home/chenjw/workspace/jvmtitest/install-sh'
libdir='${exec_prefix}/lib'
libexecdir='${exec_prefix}/libexec'
localedir='${datarootdir}/locale'
localstatedir='${prefix}/var'
lt_ECHO='echo'
mandir='${datarootdir}/man'
mkdir_p='/bin/mkdir -p'
oldincludedir='/usr/include'
pdfdir='${docdir}'
prefix='/usr/local'
program_transform_name='s,x,x,'
psdir='${docdir}'
sbindir='${exec_prefix}/sbin'
sharedstatedir='${prefix}/com'
subdirs=' src'
sysconfdir='${prefix}/etc'
target_alias=''

## ----------- ##
## confdefs.h. ##
## ----------- ##

#define PACKAGE_NAME "agent"
#define PACKAGE_TARNAME "agent"
#define PACKAGE_VERSION "0.0.1"
#define PACKAGE_STRING "agent 0.0.1"
#define PACKAGE_BUGREPORT "cjw1983@gmail.com"
#define PACKAGE "agent"
#define VERSION "0.0.1"
#define STDC_HEADERS 1
#define HAVE_SYS_TYPES_H 1
#define HAVE_SYS_STAT_H 1
#define HAVE_STDLIB_H 1
#define HAVE_STRING_H 1
#define HAVE_MEMORY_H 1
#define HAVE_STRINGS_H 1
#define HAVE_INTTYPES_H 1
#define HAVE_STDINT_H 1
#define HAVE_UNISTD_H 1
#define HAVE_DLFCN_H 1
#define LT_OBJDIR ".libs/"

configure: exit 0
