knife>0. 500 
knife>1. 494 
knife>input [0-1] to choose vm! 
knife>connected!
knife>start sampling wait 5 seconds...
knife>---top cpu cost threads---
knife>线程：org.eclipse.jdt.internal.ui.text.JavaReconciler
knife>org.eclipse.jface.text.reconciler.AbstractReconciler$BackgroundThread.run => 100% 0%
knife>--java.lang.Object.wait => 100% 0%
knife>--自用 => 0% 0%
knife>自用 => 0% 0%
knife>
knife>线程：Active Thread: Equinox Container: 5e92a8a2-f698-4925-9576-3bbd810b8d1a
knife>java.lang.Thread.run => 100% 0%
knife>--java.util.concurrent.ThreadPoolExecutor$Worker.run => 100% 0%
knife>----java.util.concurrent.ThreadPoolExecutor.runWorker => 100% 0%
knife>------java.util.concurrent.ThreadPoolExecutor.getTask => 100% 0%
knife>--------java.util.concurrent.ScheduledThreadPoolExecutor$DelayedWorkQueue.take => 100% 0%
knife>----------java.util.concurrent.ScheduledThreadPoolExecutor$DelayedWorkQueue.take => 100% 0%
knife>------------java.util.concurrent.locks.AbstractQueuedSynchronizer$ConditionObject.awaitNanos => 100% 0%
knife>--------------java.util.concurrent.locks.LockSupport.parkNanos => 100% 0%
knife>----------------sun.misc.Unsafe.park => 100% 0%
knife>----------------自用 => 0% 0%
knife>--------------自用 => 0% 0%
knife>------------自用 => 0% 0%
knife>----------自用 => 0% 0%
knife>--------自用 => 0% 0%
knife>------自用 => 0% 0%
knife>----自用 => 0% 0%
knife>--自用 => 0% 0%
knife>自用 => 0% 0%
knife>
knife>线程：main
knife>org.eclipse.equinox.launcher.Main.run => 100% 100%
knife>--org.eclipse.equinox.launcher.Main.basicRun => 100% 100%
knife>----org.eclipse.equinox.launcher.Main.invokeFramework => 100% 100%
knife>------java.lang.reflect.Method.invoke => 100% 100%
knife>--------sun.reflect.DelegatingMethodAccessorImpl.invoke => 100% 100%
knife>----------sun.reflect.NativeMethodAccessorImpl.invoke => 100% 100%
knife>------------sun.reflect.NativeMethodAccessorImpl.invoke0 => 100% 100%
knife>--------------org.eclipse.core.runtime.adaptor.EclipseStarter.run => 100% 100%
knife>----------------org.eclipse.core.runtime.adaptor.EclipseStarter.run => 100% 100%
knife>------------------org.eclipse.core.runtime.internal.adaptor.EclipseAppLauncher.start => 100% 100%
knife>--------------------org.eclipse.core.runtime.internal.adaptor.EclipseAppLauncher.runApplication => 100% 100%
knife>----------------------org.eclipse.equinox.internal.app.EclipseAppHandle.run => 100% 100%
knife>------------------------org.eclipse.ui.internal.ide.application.IDEApplication.start => 100% 100%
knife>--------------------------org.eclipse.ui.PlatformUI.createAndRunWorkbench => 100% 100%
knife>----------------------------org.eclipse.ui.internal.Workbench.createAndRunWorkbench => 100% 100%
knife>------------------------------org.eclipse.core.databinding.observable.Realm.runWithDefault => 100% 100%
knife>--------------------------------org.eclipse.ui.internal.Workbench$$Lambda$68/1881218549.run => 100% 100%
knife>----------------------------------org.eclipse.ui.internal.Workbench.lambda$3 => 100% 100%
knife>------------------------------------org.eclipse.e4.ui.internal.workbench.E4Workbench.createAndRunUI => 100% 100%
knife>--------------------------------------org.eclipse.e4.ui.internal.workbench.swt.PartRenderingEngine.run => 100% 100%
knife>----------------------------------------org.eclipse.core.databinding.observable.Realm.runWithDefault => 100% 100%
knife>------------------------------------------org.eclipse.e4.ui.internal.workbench.swt.PartRenderingEngine$5.run => 100% 100%
knife>--------------------------------------------org.eclipse.ui.internal.Workbench$1.eventLoopIdle => 100% 100%
knife>----------------------------------------------org.eclipse.ui.internal.ide.application.IDEWorkbenchAdvisor.eventLoopIdle => 100% 100%
knife>------------------------------------------------org.eclipse.ui.application.WorkbenchAdvisor.eventLoopIdle => 100% 100%
knife>--------------------------------------------------org.eclipse.swt.widgets.Display.sleep => 100% 100%
knife>----------------------------------------------------org.eclipse.swt.internal.cocoa.NSRunLoop.runMode => 100% 100%
knife>------------------------------------------------------org.eclipse.swt.internal.cocoa.OS.objc_msgSend_bool => 100% 100%
knife>--------------------------------------------------------org.eclipse.swt.widgets.Display.windowProc => 2% 2%
knife>----------------------------------------------------------org.eclipse.swt.widgets.Display.timerProc => 2% 2%
knife>------------------------------------------------------------org.eclipse.swt.internal.cocoa.NSNumber.intValue => 2% 2%
knife>--------------------------------------------------------------org.eclipse.swt.internal.cocoa.OS.objc_msgSend => 2% 2%
knife>--------------------------------------------------------------自用 => 0% 0%
knife>------------------------------------------------------------自用 => 0% 0%
knife>----------------------------------------------------------自用 => 0% 0%
knife>--------------------------------------------------------自用 => 98% 98%
knife>------------------------------------------------------自用 => 0% 0%
knife>----------------------------------------------------自用 => 0% 0%
knife>--------------------------------------------------自用 => 0% 0%
knife>------------------------------------------------自用 => 0% 0%
knife>----------------------------------------------自用 => 0% 0%
knife>--------------------------------------------自用 => 0% 0%
knife>------------------------------------------自用 => 0% 0%
knife>----------------------------------------自用 => 0% 0%
knife>--------------------------------------自用 => 0% 0%
knife>------------------------------------自用 => 0% 0%
knife>----------------------------------自用 => 0% 0%
knife>--------------------------------自用 => 0% 0%
knife>------------------------------自用 => 0% 0%
knife>----------------------------自用 => 0% 0%
knife>--------------------------自用 => 0% 0%
knife>------------------------自用 => 0% 0%
knife>----------------------自用 => 0% 0%
knife>--------------------自用 => 0% 0%
knife>------------------自用 => 0% 0%
knife>----------------自用 => 0% 0%
knife>--------------自用 => 0% 0%
knife>------------自用 => 0% 0%
knife>----------自用 => 0% 0%
knife>--------自用 => 0% 0%
knife>------自用 => 0% 0%
knife>----自用 => 0% 0%
knife>--自用 => 0% 0%
knife>自用 => 0% 0%
knife>
knife>线程：Framework Event Dispatcher: org.eclipse.osgi.internal.framework.EquinoxEventPublisher@369c9bb
knife>org.eclipse.osgi.framework.eventmgr.EventManager$EventThread.run => 100% 0%
knife>--org.eclipse.osgi.framework.eventmgr.EventManager$EventThread.getNextEvent => 100% 0%
knife>----java.lang.Object.wait => 100% 0%
knife>------java.lang.Object.wait => 100% 0%
knife>------自用 => 0% 0%
knife>----自用 => 0% 0%
knife>--自用 => 0% 0%
knife>自用 => 0% 0%
knife>
knife>线程：Reference Handler
knife>java.lang.ref.Reference$ReferenceHandler.run => 100% 0%
knife>--java.lang.ref.Reference.tryHandlePending => 100% 0%
knife>----java.lang.Object.wait => 100% 0%
knife>------java.lang.Object.wait => 100% 0%
knife>------自用 => 0% 0%
knife>----自用 => 0% 0%
knife>--自用 => 0% 0%
knife>自用 => 0% 0%
knife>
knife>线程：Worker-JM
knife>org.eclipse.core.internal.jobs.InternalWorker.run => 100% 0%
knife>--java.lang.Object.wait => 100% 0%
knife>--自用 => 0% 0%
knife>自用 => 0% 0%
knife>
knife>线程：Bundle File Closer
knife>org.eclipse.osgi.framework.eventmgr.EventManager$EventThread.run => 100% 0%
knife>--org.eclipse.osgi.framework.eventmgr.EventManager$EventThread.getNextEvent => 100% 0%
knife>----java.lang.Object.wait => 100% 0%
knife>------java.lang.Object.wait => 100% 0%
knife>------自用 => 0% 0%
knife>----自用 => 0% 0%
knife>--自用 => 0% 0%
knife>自用 => 0% 0%
knife>
knife>线程：Finalizer
knife>java.lang.ref.Finalizer$FinalizerThread.run => 100% 0%
knife>--java.lang.ref.ReferenceQueue.remove => 100% 0%
knife>----java.lang.ref.ReferenceQueue.remove => 100% 0%
knife>------java.lang.Object.wait => 100% 0%
knife>------自用 => 0% 0%
knife>----自用 => 0% 0%
knife>--自用 => 0% 0%
knife>自用 => 0% 0%
knife>
knife>线程：Java indexing
knife>java.lang.Thread.run => 100% 0%
knife>--org.eclipse.jdt.internal.core.search.processing.JobManager.run => 100% 0%
knife>----java.lang.Object.wait => 100% 0%
knife>------java.lang.Object.wait => 100% 0%
knife>------自用 => 0% 0%
knife>----自用 => 0% 0%
knife>--自用 => 0% 0%
knife>自用 => 0% 0%
knife>
knife>线程：Start Level: Equinox Container: 5e92a8a2-f698-4925-9576-3bbd810b8d1a
knife>org.eclipse.osgi.framework.eventmgr.EventManager$EventThread.run => 100% 0%
knife>--org.eclipse.osgi.framework.eventmgr.EventManager$EventThread.getNextEvent => 100% 0%
knife>----java.lang.Object.wait => 100% 0%
knife>------java.lang.Object.wait => 100% 0%
knife>------自用 => 0% 0%
knife>----自用 => 0% 0%
knife>--自用 => 0% 0%
knife>自用 => 0% 0%
knife>
knife>线程：SCR Component Actor
knife>java.lang.Thread.run => 100% 0%
knife>--org.apache.felix.scr.impl.ComponentActorThread.run => 100% 0%
knife>----java.lang.Object.wait => 100% 0%
knife>------java.lang.Object.wait => 100% 0%
knife>------自用 => 0% 0%
knife>----自用 => 0% 0%
knife>--自用 => 0% 0%
knife>自用 => 0% 0%
knife>
knife>线程：Worker-96
knife>org.eclipse.core.internal.jobs.Worker.run => 100% 0%
knife>--org.eclipse.core.internal.jobs.WorkerPool.startJob => 100% 0%
knife>----org.eclipse.core.internal.jobs.WorkerPool.sleep => 100% 0%
knife>------java.lang.Object.wait => 100% 0%
knife>------自用 => 0% 0%
knife>----自用 => 0% 0%
knife>--自用 => 0% 0%
knife>自用 => 0% 0%
knife>
knife>线程：Signal Dispatcher
knife>
knife>线程：Worker-92
knife>org.eclipse.core.internal.jobs.Worker.run => 100% 0%
knife>--org.eclipse.core.internal.jobs.WorkerPool.startJob => 100% 0%
knife>----org.eclipse.core.internal.jobs.WorkerPool.sleep => 100% 0%
knife>------java.lang.Object.wait => 100% 0%
knife>------自用 => 0% 0%
knife>----自用 => 0% 0%
knife>--自用 => 0% 0%
knife>自用 => 0% 0%
knife>
knife>线程：Worker-93
knife>org.eclipse.core.internal.jobs.Worker.run => 100% 0%
knife>--org.eclipse.core.internal.jobs.WorkerPool.startJob => 100% 0%
knife>----org.eclipse.core.internal.jobs.WorkerPool.sleep => 100% 0%
knife>------java.lang.Object.wait => 100% 0%
knife>------自用 => 0% 0%
knife>----自用 => 0% 0%
knife>--自用 => 0% 0%
knife>自用 => 0% 0%
knife>
knife>线程：Worker-94
knife>org.eclipse.core.internal.jobs.Worker.run => 100% 0%
knife>--org.eclipse.core.internal.jobs.WorkerPool.startJob => 100% 0%
knife>----org.eclipse.core.internal.jobs.WorkerPool.sleep => 100% 0%
knife>------java.lang.Object.wait => 100% 0%
knife>------自用 => 0% 0%
knife>----自用 => 0% 0%
knife>--自用 => 0% 0%
knife>自用 => 0% 0%
knife>
knife>线程：Timer-1
knife>java.util.TimerThread.run => 100% 0%
knife>--java.util.TimerThread.mainLoop => 100% 0%
knife>----java.lang.Object.wait => 100% 0%
knife>----自用 => 0% 0%
knife>--自用 => 0% 0%
knife>自用 => 0% 0%
knife>
knife>线程：Worker-95
knife>org.eclipse.core.internal.jobs.Worker.run => 100% 0%
knife>--org.eclipse.core.internal.jobs.WorkerPool.startJob => 100% 0%
knife>----org.eclipse.core.internal.jobs.WorkerPool.sleep => 100% 0%
knife>------java.lang.Object.wait => 100% 0%
knife>------自用 => 0% 0%
knife>----自用 => 0% 0%
knife>--自用 => 0% 0%
knife>自用 => 0% 0%
knife>
knife>线程：Timer-0
knife>java.util.TimerThread.run => 100% 0%
knife>--java.util.TimerThread.mainLoop => 100% 0%
knife>----java.lang.Object.wait => 100% 0%
knife>----自用 => 0% 0%
knife>--自用 => 0% 0%
knife>自用 => 0% 0%
knife>
knife>线程：Thread-11
knife>org.eclipse.equinox.internal.p2.updatechecker.UpdateChecker$UpdateCheckThread.run => 100% 0%
knife>--java.lang.Thread.sleep => 100% 0%
knife>--自用 => 0% 0%
knife>自用 => 0% 0%
knife>
knife>线程：SVN Kit 1.8 Connector
knife>org.polarion.team.svn.connector.svnkit.SVNKitService$ProgressMonitorThread.run => 100% 0%
knife>--java.lang.Object.wait => 100% 0%
knife>----java.lang.Object.wait => 100% 0%
knife>----自用 => 0% 0%
knife>--自用 => 0% 0%
knife>自用 => 0% 0%
knife>
knife>线程：Provisioning Event Dispatcher
knife>org.eclipse.osgi.framework.eventmgr.EventManager$EventThread.run => 100% 0%
knife>--org.eclipse.osgi.framework.eventmgr.EventManager$EventThread.getNextEvent => 100% 0%
knife>----java.lang.Object.wait => 100% 0%
knife>------java.lang.Object.wait => 100% 0%
knife>------自用 => 0% 0%
knife>----自用 => 0% 0%
knife>--自用 => 0% 0%
knife>自用 => 0% 0%
knife>
knife>线程：EMF Reference Cleaner
knife>org.eclipse.emf.common.util.CommonUtil$1ReferenceClearingQueuePollingThread.run => 100% 0%
knife>--java.lang.ref.ReferenceQueue.remove => 100% 0%
knife>----java.lang.ref.ReferenceQueue.remove => 100% 0%
knife>------java.lang.Object.wait => 100% 0%
knife>------自用 => 0% 0%
knife>----自用 => 0% 0%
knife>--自用 => 0% 0%
knife>自用 => 0% 0%
knife>
knife>线程：agent-server
knife>java.lang.Thread.run => 100% 100%
knife>--com.chenjw.knife.agent.AgentServer.run => 100% 100%
knife>----com.chenjw.knife.agent.AgentPacketHandler.handle => 100% 100%
knife>------com.chenjw.knife.agent.AgentPacketHandler.dispatch => 100% 100%
knife>--------com.chenjw.knife.agent.handler.ThreadCommandHandler.handle => 100% 100%
knife>----------com.chenjw.knife.agent.handler.ThreadCommandHandler.perfThread => 100% 100%
knife>------------sun.management.ThreadImpl.dumpAllThreads => 100% 100%
knife>--------------sun.management.ThreadImpl.dumpThreads0 => 100% 100%
knife>--------------自用 => 0% 0%
knife>------------自用 => 0% 0%
knife>----------自用 => 0% 0%
knife>--------自用 => 0% 0%
knife>------自用 => 0% 0%
knife>----自用 => 0% 0%
knife>--自用 => 0% 0%
knife>自用 => 0% 0%
knife>
knife>线程：EventAdmin Async Event Dispatcher Thread
knife>org.eclipse.osgi.framework.eventmgr.EventManager$EventThread.run => 100% 0%
knife>--org.eclipse.osgi.framework.eventmgr.EventManager$EventThread.getNextEvent => 100% 0%
knife>----java.lang.Object.wait => 100% 0%
knife>------java.lang.Object.wait => 100% 0%
knife>------自用 => 0% 0%
knife>----自用 => 0% 0%
knife>--自用 => 0% 0%
knife>自用 => 0% 0%
knife>
knife>线程：Attach Listener
knife>
knife>finished!
knife>start sampling wait 5 seconds...
knife>---method cpu cost---
knife>java.util.concurrent.ThreadPoolExecutor.getTask => 100% 0%
knife>--java.util.concurrent.ScheduledThreadPoolExecutor$DelayedWorkQueue.take => 100% 0%
knife>----java.util.concurrent.ScheduledThreadPoolExecutor$DelayedWorkQueue.take => 100% 0%
knife>------java.util.concurrent.locks.AbstractQueuedSynchronizer$ConditionObject.awaitNanos => 100% 0%
knife>--------java.util.concurrent.locks.LockSupport.parkNanos => 100% 0%
knife>----------sun.misc.Unsafe.park => 100% 0%
knife>----------自用 => 0% 0%
knife>--------自用 => 0% 0%
knife>------自用 => 0% 0%
knife>----自用 => 0% 0%
knife>--自用 => 0% 0%
knife>自用 => 0% 0%
knife>finished!
