This file contains any messages produced by compilers while
running configure, to aid debugging if configure makes a mistake.

It was created by nativehelper configure 0.0.1, which was
generated by GNU Autoconf 2.63.  Invocation command line was

  $ ./configure --no-create --no-recursion

## --------- ##
## Platform. ##
## --------- ##

hostname = localhost.localdomain
uname -m = x86_64
uname -r = 2.6.32-220.4.1.el6.x86_64
uname -s = Linux
uname -v = #1 SMP Tue Jan 24 02:13:44 GMT 2012

/usr/bin/uname -p = unknown
/bin/uname -X     = unknown

/bin/arch              = x86_64
/usr/bin/arch -k       = unknown
/usr/convex/getsysinfo = unknown
/usr/bin/hostinfo      = unknown
/bin/machine           = unknown
/usr/bin/oslevel       = unknown
/bin/universe          = unknown

PATH: /home/chenjw/software/jdk1.6.0_29/bin
PATH: /home/chenjw/software/apache-maven-2.2.1/bin
PATH: /home/chenjw/software/apache-ant-1.8.3/bin
PATH: /usr/lib64/qt-3.3/bin
PATH: /usr/local/bin
PATH: /usr/bin
PATH: /bin
PATH: /usr/local/sbin
PATH: /usr/sbin
PATH: /sbin
PATH: /home/chenjw/bin


## ----------- ##
## Core tests. ##
## ----------- ##

configure:2083: checking for a BSD-compatible install
configure:2151: result: /usr/bin/install -c
configure:2162: checking whether build environment is sane
configure:2222: result: yes
configure:2363: checking for a thread-safe mkdir -p
configure:2402: result: /bin/mkdir -p
configure:2415: checking for gawk
configure:2431: found /usr/bin/gawk
configure:2442: result: gawk
configure:2453: checking whether make sets $(MAKE)
configure:2475: result: yes
configure:2610: checking for gcc
configure:2626: found /usr/bin/gcc
configure:2637: result: gcc
configure:2869: checking for C compiler version
configure:2877: gcc --version >&5
gcc (GCC) 4.4.6 20110731 (Red Hat 4.4.6-3)
Copyright (C) 2010 Free Software Foundation, Inc.
This is free software; see the source for copying conditions.  There is NO
warranty; not even for MERCHANTABILITY or FITNESS FOR A PARTICULAR PURPOSE.

configure:2881: $? = 0
configure:2888: gcc -v >&5
Using built-in specs.
Target: x86_64-redhat-linux
Configured with: ../configure --prefix=/usr --mandir=/usr/share/man --infodir=/usr/share/info --with-bugurl=http://bugzilla.redhat.com/bugzilla --enable-bootstrap --enable-shared --enable-threads=posix --enable-checking=release --with-system-zlib --enable-__cxa_atexit --disable-libunwind-exceptions --enable-gnu-unique-object --enable-languages=c,c++,objc,obj-c++,java,fortran,ada --enable-java-awt=gtk --disable-dssi --with-java-home=/usr/lib/jvm/java-1.5.0-gcj-1.5.0.0/jre --enable-libgcj-multifile --enable-java-maintainer-mode --with-ecj-jar=/usr/share/java/eclipse-ecj.jar --disable-libjava-multilib --with-ppl --with-cloog --with-tune=generic --with-arch_32=i686 --build=x86_64-redhat-linux
Thread model: posix
gcc version 4.4.6 20110731 (Red Hat 4.4.6-3) (GCC) 
configure:2892: $? = 0
configure:2899: gcc -V >&5
gcc: '-V' option must have argument
configure:2903: $? = 1
configure:2926: checking for C compiler default output file name
configure:2948: gcc    conftest.c  >&5
configure:2952: $? = 0
configure:2990: result: a.out
configure:3009: checking whether the C compiler works
configure:3019: ./a.out
configure:3023: $? = 0
configure:3042: result: yes
configure:3049: checking whether we are cross compiling
configure:3051: result: no
configure:3054: checking for suffix of executables
configure:3061: gcc -o conftest    conftest.c  >&5
configure:3065: $? = 0
configure:3091: result: 
configure:3097: checking for suffix of object files
configure:3123: gcc -c   conftest.c >&5
configure:3127: $? = 0
configure:3152: result: o
configure:3156: checking whether we are using the GNU C compiler
configure:3185: gcc -c   conftest.c >&5
configure:3192: $? = 0
configure:3209: result: yes
configure:3218: checking whether gcc accepts -g
configure:3248: gcc -c -g  conftest.c >&5
configure:3255: $? = 0
configure:3356: result: yes
configure:3373: checking for gcc option to accept ISO C89
configure:3447: gcc  -c -g -O2  conftest.c >&5
configure:3454: $? = 0
configure:3477: result: none needed
configure:3506: checking for style of include used by make
configure:3534: result: GNU
configure:3559: checking dependency style of gcc
configure:3669: result: gcc3
configure:3742: checking for g++
configure:3758: found /usr/bin/g++
configure:3769: result: g++
configure:3796: checking for C++ compiler version
configure:3804: g++ --version >&5
g++ (GCC) 4.4.6 20110731 (Red Hat 4.4.6-3)
Copyright (C) 2010 Free Software Foundation, Inc.
This is free software; see the source for copying conditions.  There is NO
warranty; not even for MERCHANTABILITY or FITNESS FOR A PARTICULAR PURPOSE.

configure:3808: $? = 0
configure:3815: g++ -v >&5
Using built-in specs.
Target: x86_64-redhat-linux
Configured with: ../configure --prefix=/usr --mandir=/usr/share/man --infodir=/usr/share/info --with-bugurl=http://bugzilla.redhat.com/bugzilla --enable-bootstrap --enable-shared --enable-threads=posix --enable-checking=release --with-system-zlib --enable-__cxa_atexit --disable-libunwind-exceptions --enable-gnu-unique-object --enable-languages=c,c++,objc,obj-c++,java,fortran,ada --enable-java-awt=gtk --disable-dssi --with-java-home=/usr/lib/jvm/java-1.5.0-gcj-1.5.0.0/jre --enable-libgcj-multifile --enable-java-maintainer-mode --with-ecj-jar=/usr/share/java/eclipse-ecj.jar --disable-libjava-multilib --with-ppl --with-cloog --with-tune=generic --with-arch_32=i686 --build=x86_64-redhat-linux
Thread model: posix
gcc version 4.4.6 20110731 (Red Hat 4.4.6-3) (GCC) 
configure:3819: $? = 0
configure:3826: g++ -V >&5
g++: '-V' option must have argument
configure:3830: $? = 1
configure:3833: checking whether we are using the GNU C++ compiler
configure:3862: g++ -c   conftest.cpp >&5
configure:3869: $? = 0
configure:3886: result: yes
configure:3895: checking whether g++ accepts -g
configure:3925: g++ -c -g  conftest.cpp >&5
configure:3932: $? = 0
configure:4033: result: yes
configure:4058: checking dependency style of g++
configure:4168: result: gcc3
configure:4214: checking build system type
configure:4232: result: x86_64-unknown-linux-gnu
configure:4254: checking host system type
configure:4269: result: x86_64-unknown-linux-gnu
configure:4291: checking for a sed that does not truncate output
configure:4357: result: /bin/sed
configure:4375: checking for grep that handles long lines and -e
configure:4435: result: /bin/grep
configure:4440: checking for egrep
configure:4504: result: /bin/grep -E
configure:4509: checking for fgrep
configure:4573: result: /bin/grep -F
configure:4608: checking for ld used by gcc
configure:4675: result: /usr/bin/ld
configure:4684: checking if the linker (/usr/bin/ld) is GNU ld
configure:4699: result: yes
configure:4711: checking for BSD- or MS-compatible name lister (nm)
configure:4760: result: /usr/bin/nm -B
configure:4878: checking the name lister (/usr/bin/nm -B) interface
configure:4885: gcc -c -g -O2  conftest.c >&5
configure:4888: /usr/bin/nm -B "conftest.o"
configure:4891: output
0000000000000000 B some_variable
configure:4898: result: BSD nm
configure:4901: checking whether ln -s works
configure:4905: result: yes
configure:4913: checking the maximum length of command line arguments
configure:5033: result: 1966080
configure:5050: checking whether the shell understands some XSI constructs
configure:5060: result: yes
configure:5064: checking whether the shell understands "+="
configure:5070: result: yes
configure:5105: checking for /usr/bin/ld option to reload object files
configure:5112: result: -r
configure:5181: checking for objdump
configure:5197: found /usr/bin/objdump
configure:5208: result: objdump
configure:5240: checking how to recognize dependent libraries
configure:5436: result: pass_all
configure:5496: checking for ar
configure:5512: found /usr/bin/ar
configure:5523: result: ar
configure:5601: checking for strip
configure:5617: found /usr/bin/strip
configure:5628: result: strip
configure:5700: checking for ranlib
configure:5716: found /usr/bin/ranlib
configure:5727: result: ranlib
configure:5817: checking command to parse /usr/bin/nm -B output from gcc object
configure:5935: gcc -c -g -O2  conftest.c >&5
configure:5938: $? = 0
configure:5942: /usr/bin/nm -B conftest.o \| sed -n -e 's/^.*[	 ]\([ABCDGIRSTW][ABCDGIRSTW]*\)[	 ][	 ]*\([_A-Za-z][_A-Za-z0-9]*\)$/\1 \2 \2/p' \> conftest.nm
configure:5945: $? = 0
configure:5999: gcc -o conftest -g -O2   conftest.c conftstm.o >&5
configure:6002: $? = 0
configure:6040: result: ok
configure:6136: gcc -c -g -O2  conftest.c >&5
configure:6139: $? = 0
configure:6907: checking how to run the C preprocessor
configure:6947: gcc -E  conftest.c
configure:6954: $? = 0
configure:6985: gcc -E  conftest.c
conftest.c:10:28: error: ac_nonexistent.h: No such file or directory
configure:6992: $? = 1
configure: failed program was:
| /* confdefs.h.  */
| #define PACKAGE_NAME "nativehelper"
| #define PACKAGE_TARNAME "nativehelper"
| #define PACKAGE_VERSION "0.0.1"
| #define PACKAGE_STRING "nativehelper 0.0.1"
| #define PACKAGE_BUGREPORT "cjw1983@gmail.com"
| #define PACKAGE "nativehelper"
| #define VERSION "0.0.1"
| /* end confdefs.h.  */
| #include <ac_nonexistent.h>
configure:7025: result: gcc -E
configure:7054: gcc -E  conftest.c
configure:7061: $? = 0
configure:7092: gcc -E  conftest.c
conftest.c:10:28: error: ac_nonexistent.h: No such file or directory
configure:7099: $? = 1
configure: failed program was:
| /* confdefs.h.  */
| #define PACKAGE_NAME "nativehelper"
| #define PACKAGE_TARNAME "nativehelper"
| #define PACKAGE_VERSION "0.0.1"
| #define PACKAGE_STRING "nativehelper 0.0.1"
| #define PACKAGE_BUGREPORT "cjw1983@gmail.com"
| #define PACKAGE "nativehelper"
| #define VERSION "0.0.1"
| /* end confdefs.h.  */
| #include <ac_nonexistent.h>
configure:7139: checking for ANSI C header files
configure:7169: gcc -c -g -O2  conftest.c >&5
configure:7176: $? = 0
configure:7275: gcc -o conftest -g -O2   conftest.c  >&5
configure:7279: $? = 0
configure:7285: ./conftest
configure:7289: $? = 0
configure:7307: result: yes
configure:7331: checking for sys/types.h
configure:7352: gcc -c -g -O2  conftest.c >&5
configure:7359: $? = 0
configure:7376: result: yes
configure:7331: checking for sys/stat.h
configure:7352: gcc -c -g -O2  conftest.c >&5
configure:7359: $? = 0
configure:7376: result: yes
configure:7331: checking for stdlib.h
configure:7352: gcc -c -g -O2  conftest.c >&5
configure:7359: $? = 0
configure:7376: result: yes
configure:7331: checking for string.h
configure:7352: gcc -c -g -O2  conftest.c >&5
configure:7359: $? = 0
configure:7376: result: yes
configure:7331: checking for memory.h
configure:7352: gcc -c -g -O2  conftest.c >&5
configure:7359: $? = 0
configure:7376: result: yes
configure:7331: checking for strings.h
configure:7352: gcc -c -g -O2  conftest.c >&5
configure:7359: $? = 0
configure:7376: result: yes
configure:7331: checking for inttypes.h
configure:7352: gcc -c -g -O2  conftest.c >&5
configure:7359: $? = 0
configure:7376: result: yes
configure:7331: checking for stdint.h
configure:7352: gcc -c -g -O2  conftest.c >&5
configure:7359: $? = 0
configure:7376: result: yes
configure:7331: checking for unistd.h
configure:7352: gcc -c -g -O2  conftest.c >&5
configure:7359: $? = 0
configure:7376: result: yes
configure:7394: checking for dlfcn.h
configure:7415: gcc -c -g -O2  conftest.c >&5
configure:7422: $? = 0
configure:7439: result: yes
configure:7566: checking for C++ compiler version
configure:7574: g++ --version >&5
g++ (GCC) 4.4.6 20110731 (Red Hat 4.4.6-3)
Copyright (C) 2010 Free Software Foundation, Inc.
This is free software; see the source for copying conditions.  There is NO
warranty; not even for MERCHANTABILITY or FITNESS FOR A PARTICULAR PURPOSE.

configure:7578: $? = 0
configure:7585: g++ -v >&5
Using built-in specs.
Target: x86_64-redhat-linux
Configured with: ../configure --prefix=/usr --mandir=/usr/share/man --infodir=/usr/share/info --with-bugurl=http://bugzilla.redhat.com/bugzilla --enable-bootstrap --enable-shared --enable-threads=posix --enable-checking=release --with-system-zlib --enable-__cxa_atexit --disable-libunwind-exceptions --enable-gnu-unique-object --enable-languages=c,c++,objc,obj-c++,java,fortran,ada --enable-java-awt=gtk --disable-dssi --with-java-home=/usr/lib/jvm/java-1.5.0-gcj-1.5.0.0/jre --enable-libgcj-multifile --enable-java-maintainer-mode --with-ecj-jar=/usr/share/java/eclipse-ecj.jar --disable-libjava-multilib --with-ppl --with-cloog --with-tune=generic --with-arch_32=i686 --build=x86_64-redhat-linux
Thread model: posix
gcc version 4.4.6 20110731 (Red Hat 4.4.6-3) (GCC) 
configure:7589: $? = 0
configure:7596: g++ -V >&5
g++: '-V' option must have argument
configure:7600: $? = 1
configure:7603: checking whether we are using the GNU C++ compiler
configure:7656: result: yes
configure:7665: checking whether g++ accepts -g
configure:7803: result: yes
configure:7828: checking dependency style of g++
configure:7938: result: gcc3
configure:7961: checking how to run the C++ preprocessor
configure:7997: g++ -E  conftest.cpp
configure:8004: $? = 0
configure:8035: g++ -E  conftest.cpp
conftest.cpp:21:28: error: ac_nonexistent.h: No such file or directory
configure:8042: $? = 1
configure: failed program was:
| /* confdefs.h.  */
| #define PACKAGE_NAME "nativehelper"
| #define PACKAGE_TARNAME "nativehelper"
| #define PACKAGE_VERSION "0.0.1"
| #define PACKAGE_STRING "nativehelper 0.0.1"
| #define PACKAGE_BUGREPORT "cjw1983@gmail.com"
| #define PACKAGE "nativehelper"
| #define VERSION "0.0.1"
| #define STDC_HEADERS 1
| #define HAVE_SYS_TYPES_H 1
| #define HAVE_SYS_STAT_H 1
| #define HAVE_STDLIB_H 1
| #define HAVE_STRING_H 1
| #define HAVE_MEMORY_H 1
| #define HAVE_STRINGS_H 1
| #define HAVE_INTTYPES_H 1
| #define HAVE_STDINT_H 1
| #define HAVE_UNISTD_H 1
| #define HAVE_DLFCN_H 1
| /* end confdefs.h.  */
| #include <ac_nonexistent.h>
configure:8075: result: g++ -E
configure:8104: g++ -E  conftest.cpp
configure:8111: $? = 0
configure:8142: g++ -E  conftest.cpp
conftest.cpp:21:28: error: ac_nonexistent.h: No such file or directory
configure:8149: $? = 1
configure: failed program was:
| /* confdefs.h.  */
| #define PACKAGE_NAME "nativehelper"
| #define PACKAGE_TARNAME "nativehelper"
| #define PACKAGE_VERSION "0.0.1"
| #define PACKAGE_STRING "nativehelper 0.0.1"
| #define PACKAGE_BUGREPORT "cjw1983@gmail.com"
| #define PACKAGE "nativehelper"
| #define VERSION "0.0.1"
| #define STDC_HEADERS 1
| #define HAVE_SYS_TYPES_H 1
| #define HAVE_SYS_STAT_H 1
| #define HAVE_STDLIB_H 1
| #define HAVE_STRING_H 1
| #define HAVE_MEMORY_H 1
| #define HAVE_STRINGS_H 1
| #define HAVE_INTTYPES_H 1
| #define HAVE_STDINT_H 1
| #define HAVE_UNISTD_H 1
| #define HAVE_DLFCN_H 1
| /* end confdefs.h.  */
| #include <ac_nonexistent.h>
configure:8363: checking for objdir
configure:8378: result: .libs
configure:8670: checking if gcc supports -fno-rtti -fno-exceptions
configure:8688: gcc -c -g -O2  -fno-rtti -fno-exceptions conftest.c >&5
cc1: warning: command line option "-fno-rtti" is valid for C++/ObjC++ but not for C
configure:8692: $? = 0
configure:8705: result: no
configure:8725: checking for gcc option to produce PIC
configure:8997: result: -fPIC -DPIC
configure:9009: checking if gcc PIC flag -fPIC -DPIC works
configure:9027: gcc -c -g -O2  -fPIC -DPIC -DPIC conftest.c >&5
configure:9031: $? = 0
configure:9044: result: yes
configure:9068: checking if gcc static flag -static works
configure:9096: result: no
configure:9111: checking if gcc supports -c -o file.o
configure:9132: gcc -c -g -O2  -o out/conftest2.o conftest.c >&5
configure:9136: $? = 0
configure:9158: result: yes
configure:9166: checking if gcc supports -c -o file.o
configure:9213: result: yes
configure:9246: checking whether the gcc linker (/usr/bin/ld -m elf_x86_64) supports shared libraries
configure:10320: result: yes
configure:10357: checking whether -lc should be explicitly linked in
configure:10362: gcc -c -g -O2  conftest.c >&5
configure:10365: $? = 0
configure:10380: gcc -shared conftest.o  -v -Wl,-soname -Wl,conftest -o conftest 2\>\&1 \| /bin/grep  -lc  \>/dev/null 2\>\&1
configure:10383: $? = 0
configure:10395: result: no
configure:10559: checking dynamic linker characteristics
configure:11002: gcc -o conftest -g -O2   -Wl,-rpath -Wl,/foo conftest.c  >&5
configure:11009: $? = 0
configure:11245: result: GNU/Linux ld.so
configure:11347: checking how to hardcode library paths into programs
configure:11372: result: immediate
configure:12205: checking whether stripping libraries is possible
configure:12210: result: yes
configure:12245: checking if libtool supports shared libraries
configure:12247: result: yes
configure:12250: checking whether to build shared libraries
configure:12271: result: yes
configure:12274: checking whether to build static libraries
configure:12278: result: yes
configure:12428: checking for ld used by g++
configure:12495: result: /usr/bin/ld -m elf_x86_64
configure:12504: checking if the linker (/usr/bin/ld -m elf_x86_64) is GNU ld
configure:12519: result: yes
configure:12574: checking whether the g++ linker (/usr/bin/ld -m elf_x86_64) supports shared libraries
configure:13549: result: yes
configure:13577: g++ -c -g -O2  conftest.cpp >&5
configure:13580: $? = 0
configure:13762: checking for g++ option to produce PIC
configure:14079: result: -fPIC -DPIC
configure:14088: checking if g++ PIC flag -fPIC -DPIC works
configure:14106: g++ -c -g -O2  -fPIC -DPIC -DPIC conftest.cpp >&5
configure:14110: $? = 0
configure:14123: result: yes
configure:14144: checking if g++ static flag -static works
configure:14172: result: no
configure:14184: checking if g++ supports -c -o file.o
configure:14205: g++ -c -g -O2  -o out/conftest2.o conftest.cpp >&5
configure:14209: $? = 0
configure:14231: result: yes
configure:14236: checking if g++ supports -c -o file.o
configure:14283: result: yes
configure:14313: checking whether the g++ linker (/usr/bin/ld -m elf_x86_64) supports shared libraries
configure:14339: result: yes
configure:14476: checking dynamic linker characteristics
configure:14867: g++ -o conftest -g -O2   -Wl,-rpath -Wl,/foo conftest.cpp  >&5
configure:14874: $? = 0
configure:15110: result: GNU/Linux ld.so
configure:15161: checking how to hardcode library paths into programs
configure:15186: result: immediate
configure:15397: creating ./config.status

## ---------------- ##
## Cache variables. ##
## ---------------- ##

ac_cv_build=x86_64-unknown-linux-gnu
ac_cv_c_compiler_gnu=yes
ac_cv_cxx_compiler_gnu=yes
ac_cv_env_CCC_set=
ac_cv_env_CCC_value=
ac_cv_env_CC_set=
ac_cv_env_CC_value=
ac_cv_env_CFLAGS_set=
ac_cv_env_CFLAGS_value=
ac_cv_env_CPPFLAGS_set=
ac_cv_env_CPPFLAGS_value=
ac_cv_env_CPP_set=
ac_cv_env_CPP_value=
ac_cv_env_CXXCPP_set=
ac_cv_env_CXXCPP_value=
ac_cv_env_CXXFLAGS_set=
ac_cv_env_CXXFLAGS_value=
ac_cv_env_CXX_set=
ac_cv_env_CXX_value=
ac_cv_env_LDFLAGS_set=
ac_cv_env_LDFLAGS_value=
ac_cv_env_LIBS_set=
ac_cv_env_LIBS_value=
ac_cv_env_build_alias_set=
ac_cv_env_build_alias_value=
ac_cv_env_host_alias_set=
ac_cv_env_host_alias_value=
ac_cv_env_target_alias_set=
ac_cv_env_target_alias_value=
ac_cv_header_dlfcn_h=yes
ac_cv_header_inttypes_h=yes
ac_cv_header_memory_h=yes
ac_cv_header_stdc=yes
ac_cv_header_stdint_h=yes
ac_cv_header_stdlib_h=yes
ac_cv_header_string_h=yes
ac_cv_header_strings_h=yes
ac_cv_header_sys_stat_h=yes
ac_cv_header_sys_types_h=yes
ac_cv_header_unistd_h=yes
ac_cv_host=x86_64-unknown-linux-gnu
ac_cv_objext=o
ac_cv_path_EGREP='/bin/grep -E'
ac_cv_path_FGREP='/bin/grep -F'
ac_cv_path_GREP=/bin/grep
ac_cv_path_SED=/bin/sed
ac_cv_path_install='/usr/bin/install -c'
ac_cv_path_mkdir=/bin/mkdir
ac_cv_prog_AWK=gawk
ac_cv_prog_CPP='gcc -E'
ac_cv_prog_CXXCPP='g++ -E'
ac_cv_prog_ac_ct_AR=ar
ac_cv_prog_ac_ct_CC=gcc
ac_cv_prog_ac_ct_CXX=g++
ac_cv_prog_ac_ct_OBJDUMP=objdump
ac_cv_prog_ac_ct_RANLIB=ranlib
ac_cv_prog_ac_ct_STRIP=strip
ac_cv_prog_cc_c89=
ac_cv_prog_cc_g=yes
ac_cv_prog_cxx_g=yes
ac_cv_prog_make_make_set=yes
am_cv_CC_dependencies_compiler_type=gcc3
am_cv_CXX_dependencies_compiler_type=gcc3
lt_cv_deplibs_check_method=pass_all
lt_cv_file_magic_cmd='$MAGIC_CMD'
lt_cv_file_magic_test_file=
lt_cv_ld_reload_flag=-r
lt_cv_nm_interface='BSD nm'
lt_cv_objdir=.libs
lt_cv_path_LD=/usr/bin/ld
lt_cv_path_LDCXX='/usr/bin/ld -m elf_x86_64'
lt_cv_path_NM='/usr/bin/nm -B'
lt_cv_prog_compiler_c_o=yes
lt_cv_prog_compiler_c_o_CXX=yes
lt_cv_prog_compiler_pic_works=yes
lt_cv_prog_compiler_pic_works_CXX=yes
lt_cv_prog_compiler_rtti_exceptions=no
lt_cv_prog_compiler_static_works=no
lt_cv_prog_compiler_static_works_CXX=no
lt_cv_prog_gnu_ld=yes
lt_cv_prog_gnu_ldcxx=yes
lt_cv_sys_global_symbol_pipe='sed -n -e '\''s/^.*[	 ]\([ABCDGIRSTW][ABCDGIRSTW]*\)[	 ][	 ]*\([_A-Za-z][_A-Za-z0-9]*\)$/\1 \2 \2/p'\'''
lt_cv_sys_global_symbol_to_c_name_address='sed -n -e '\''s/^: \([^ ]*\) $/  {\"\1\", (void *) 0},/p'\'' -e '\''s/^[ABCDGIRSTW]* \([^ ]*\) \([^ ]*\)$/  {"\2", (void *) \&\2},/p'\'''
lt_cv_sys_global_symbol_to_c_name_address_lib_prefix='sed -n -e '\''s/^: \([^ ]*\) $/  {\"\1\", (void *) 0},/p'\'' -e '\''s/^[ABCDGIRSTW]* \([^ ]*\) \(lib[^ ]*\)$/  {"\2", (void *) \&\2},/p'\'' -e '\''s/^[ABCDGIRSTW]* \([^ ]*\) \([^ ]*\)$/  {"lib\2", (void *) \&\2},/p'\'''
lt_cv_sys_global_symbol_to_cdecl='sed -n -e '\''s/^T .* \(.*\)$/extern int \1();/p'\'' -e '\''s/^[ABCDGIRSTW]* .* \(.*\)$/extern char \1;/p'\'''
lt_cv_sys_max_cmd_len=1966080

## ----------------- ##
## Output variables. ##
## ----------------- ##

ACLOCAL='${SHELL} /home/chenjw/my_workspace/knife/native/missing --run aclocal-1.11'
AMDEPBACKSLASH='\'
AMDEP_FALSE='#'
AMDEP_TRUE=''
AMTAR='${SHELL} /home/chenjw/my_workspace/knife/native/missing --run tar'
AR='ar'
AUTOCONF='${SHELL} /home/chenjw/my_workspace/knife/native/missing --run autoconf'
AUTOHEADER='${SHELL} /home/chenjw/my_workspace/knife/native/missing --run autoheader'
AUTOMAKE='${SHELL} /home/chenjw/my_workspace/knife/native/missing --run automake-1.11'
AWK='gawk'
CC='gcc'
CCDEPMODE='depmode=gcc3'
CFLAGS='-g -O2'
CPP='gcc -E'
CPPFLAGS=''
CXX='g++'
CXXCPP='g++ -E'
CXXDEPMODE='depmode=gcc3'
CXXFLAGS='-g -O2'
CYGPATH_W='echo'
DEFS='-DHAVE_CONFIG_H'
DEPDIR='.deps'
DSYMUTIL=''
DUMPBIN=''
ECHO_C=''
ECHO_N='-n'
ECHO_T=''
EGREP='/bin/grep -E'
EXEEXT=''
FGREP='/bin/grep -F'
GREP='/bin/grep'
INSTALL_DATA='${INSTALL} -m 644'
INSTALL_PROGRAM='${INSTALL}'
INSTALL_SCRIPT='${INSTALL}'
INSTALL_STRIP_PROGRAM='$(install_sh) -c -s'
LD='/usr/bin/ld -m elf_x86_64'
LDFLAGS=''
LIBOBJS=''
LIBS=''
LIBTOOL='$(SHELL) $(top_builddir)/libtool'
LIPO=''
LN_S='ln -s'
LTLIBOBJS=''
MAKEINFO='${SHELL} /home/chenjw/my_workspace/knife/native/missing --run makeinfo'
MKDIR_P='/bin/mkdir -p'
NM='/usr/bin/nm -B'
NMEDIT=''
OBJDUMP='objdump'
OBJEXT='o'
OTOOL64=''
OTOOL=''
PACKAGE='nativehelper'
PACKAGE_BUGREPORT='cjw1983@gmail.com'
PACKAGE_NAME='nativehelper'
PACKAGE_STRING='nativehelper 0.0.1'
PACKAGE_TARNAME='nativehelper'
PACKAGE_VERSION='0.0.1'
PATH_SEPARATOR=':'
RANLIB='ranlib'
SED='/bin/sed'
SET_MAKE=''
SHELL='/bin/sh'
STRIP='strip'
VERSION='0.0.1'
ac_ct_CC='gcc'
ac_ct_CXX='g++'
ac_ct_DUMPBIN=''
am__EXEEXT_FALSE=''
am__EXEEXT_TRUE='#'
am__fastdepCC_FALSE='#'
am__fastdepCC_TRUE=''
am__fastdepCXX_FALSE='#'
am__fastdepCXX_TRUE=''
am__include='include'
am__isrc=''
am__leading_dot='.'
am__quote=''
am__tar='${AMTAR} chof - "$$tardir"'
am__untar='${AMTAR} xf -'
bindir='${exec_prefix}/bin'
build='x86_64-unknown-linux-gnu'
build_alias=''
build_cpu='x86_64'
build_os='linux-gnu'
build_vendor='unknown'
datadir='${datarootdir}'
datarootdir='${prefix}/share'
docdir='${datarootdir}/doc/${PACKAGE_TARNAME}'
dvidir='${docdir}'
exec_prefix='${prefix}'
host='x86_64-unknown-linux-gnu'
host_alias=''
host_cpu='x86_64'
host_os='linux-gnu'
host_vendor='unknown'
htmldir='${docdir}'
includedir='${prefix}/include'
infodir='${datarootdir}/info'
install_sh='${SHELL} /home/chenjw/my_workspace/knife/native/install-sh'
libdir='${exec_prefix}/lib'
libexecdir='${exec_prefix}/libexec'
localedir='${datarootdir}/locale'
localstatedir='${prefix}/var'
lt_ECHO='echo'
mandir='${datarootdir}/man'
mkdir_p='/bin/mkdir -p'
oldincludedir='/usr/include'
pdfdir='${docdir}'
prefix='/usr/local'
program_transform_name='s,x,x,'
psdir='${docdir}'
sbindir='${exec_prefix}/sbin'
sharedstatedir='${prefix}/com'
subdirs=' src'
sysconfdir='${prefix}/etc'
target_alias=''

## ----------- ##
## confdefs.h. ##
## ----------- ##

#define PACKAGE_NAME "nativehelper"
#define PACKAGE_TARNAME "nativehelper"
#define PACKAGE_VERSION "0.0.1"
#define PACKAGE_STRING "nativehelper 0.0.1"
#define PACKAGE_BUGREPORT "cjw1983@gmail.com"
#define PACKAGE "nativehelper"
#define VERSION "0.0.1"
#define STDC_HEADERS 1
#define HAVE_SYS_TYPES_H 1
#define HAVE_SYS_STAT_H 1
#define HAVE_STDLIB_H 1
#define HAVE_STRING_H 1
#define HAVE_MEMORY_H 1
#define HAVE_STRINGS_H 1
#define HAVE_INTTYPES_H 1
#define HAVE_STDINT_H 1
#define HAVE_UNISTD_H 1
#define HAVE_DLFCN_H 1
#define LT_OBJDIR ".libs/"

configure: exit 0

## ---------------------- ##
## Running config.status. ##
## ---------------------- ##

This file was extended by nativehelper config.status 0.0.1, which was
generated by GNU Autoconf 2.63.  Invocation command line was

  CONFIG_FILES    = 
  CONFIG_HEADERS  = 
  CONFIG_LINKS    = 
  CONFIG_COMMANDS = 
  $ ./config.status 

on localhost.localdomain

config.status:1047: creating Makefile
config.status:1047: creating src/Makefile
config.status:1047: creating config.h
config.status:1269: config.h is unchanged
config.status:1321: executing depfiles commands
config.status:1321: executing libtool commands

## ---------------------- ##
## Running config.status. ##
## ---------------------- ##

This file was extended by nativehelper config.status 0.0.1, which was
generated by GNU Autoconf 2.63.  Invocation command line was

  CONFIG_FILES    = 
  CONFIG_HEADERS  = 
  CONFIG_LINKS    = 
  CONFIG_COMMANDS = 
  $ ./config.status config.h

on localhost.localdomain

config.status:1047: creating config.h
config.status:1269: config.h is unchanged
